<?xml version="1.0" encoding="UTF-8"?>
<testsuites name="addOpenSchedule" time="671" tests="25" failures="11" errors="0">
   <testsuite name="addOpenSchedule" tests="25" failures="11" errors="0" time="671" timestamp="2018-04-05 11:19:14" hostname="PG-Adul - PG-Adul.mshome.net" id="Test Suites/com/cct/serviceschdule/add/addOpenSchedule">
      <properties>
         <property name="deviceName" value=""/>
         <property name="devicePlatform" value=""/>
         <property name="logFolder" value="D:\\Demo\\Katalon-Demo\\Reports\\com\\cct\\serviceschdule\\add\\addOpenSchedule\\20180405_111912"/>
         <property name="logFiles" value="D:\\Demo\\Katalon-Demo\\Reports\\com\\cct\\serviceschdule\\add\\addOpenSchedule\\20180405_111912\\execution0.log"/>
         <property name="attachments" value="D:\\Demo\\Katalon-Demo\\Reports\\com\\cct\\serviceschdule\\add\\addOpenSchedule\\20180405_111912\\1522902250673.png, D:\\Demo\\Katalon-Demo\\Reports\\com\\cct\\serviceschdule\\add\\addOpenSchedule\\20180405_111912\\D:/testreport/addOpenSchedulet1.png, D:\\Demo\\Katalon-Demo\\Reports\\com\\cct\\serviceschdule\\add\\addOpenSchedule\\20180405_111912\\1522902268374.png, D:\\Demo\\Katalon-Demo\\Reports\\com\\cct\\serviceschdule\\add\\addOpenSchedule\\20180405_111912\\D:/testreport/addOpenSchedulet2.png, D:\\Demo\\Katalon-Demo\\Reports\\com\\cct\\serviceschdule\\add\\addOpenSchedule\\20180405_111912\\1522902285451.png, D:\\Demo\\Katalon-Demo\\Reports\\com\\cct\\serviceschdule\\add\\addOpenSchedule\\20180405_111912\\D:/testreport/addOpenSchedulet3.png, D:\\Demo\\Katalon-Demo\\Reports\\com\\cct\\serviceschdule\\add\\addOpenSchedule\\20180405_111912\\1522902304103.png, D:\\Demo\\Katalon-Demo\\Reports\\com\\cct\\serviceschdule\\add\\addOpenSchedule\\20180405_111912\\D:/testreport/addOpenSchedulet4.png, D:\\Demo\\Katalon-Demo\\Reports\\com\\cct\\serviceschdule\\add\\addOpenSchedule\\20180405_111912\\1522902448708.png, D:\\Demo\\Katalon-Demo\\Reports\\com\\cct\\serviceschdule\\add\\addOpenSchedule\\20180405_111912\\D:/testreport/addOpenSchedule.png, D:\\Demo\\Katalon-Demo\\Reports\\com\\cct\\serviceschdule\\add\\addOpenSchedule\\20180405_111912\\1522902466603.png, D:\\Demo\\Katalon-Demo\\Reports\\com\\cct\\serviceschdule\\add\\addOpenSchedule\\20180405_111912\\D:/testreport/addOpenSchedule.png, D:\\Demo\\Katalon-Demo\\Reports\\com\\cct\\serviceschdule\\add\\addOpenSchedule\\20180405_111912\\1522902483433.png, D:\\Demo\\Katalon-Demo\\Reports\\com\\cct\\serviceschdule\\add\\addOpenSchedule\\20180405_111912\\D:/testreport/addOpenSchedule.png, D:\\Demo\\Katalon-Demo\\Reports\\com\\cct\\serviceschdule\\add\\addOpenSchedule\\20180405_111912\\1522902500822.png, D:\\Demo\\Katalon-Demo\\Reports\\com\\cct\\serviceschdule\\add\\addOpenSchedule\\20180405_111912\\D:/testreport/addOpenSchedule.png, D:\\Demo\\Katalon-Demo\\Reports\\com\\cct\\serviceschdule\\add\\addOpenSchedule\\20180405_111912\\1522902590738.png, D:\\Demo\\Katalon-Demo\\Reports\\com\\cct\\serviceschdule\\add\\addOpenSchedule\\20180405_111912\\D:/testreport/addOpenSchedule.png, D:\\Demo\\Katalon-Demo\\Reports\\com\\cct\\serviceschdule\\add\\addOpenSchedule\\20180405_111912\\1522902608535.png, D:\\Demo\\Katalon-Demo\\Reports\\com\\cct\\serviceschdule\\add\\addOpenSchedule\\20180405_111912\\D:/testreport/addOpenSchedule.png, D:\\Demo\\Katalon-Demo\\Reports\\com\\cct\\serviceschdule\\add\\addOpenSchedule\\20180405_111912\\1522902625496.png, D:\\Demo\\Katalon-Demo\\Reports\\com\\cct\\serviceschdule\\add\\addOpenSchedule\\20180405_111912\\D:/testreport/addOpenSchedule.png"/>
         <property name="hostName" value="PG-Adul - PG-Adul.mshome.net"/>
         <property name="os" value="Windows 10 64bit"/>
         <property name="katalonVersion" value="5.3.1.1"/>
         <property name="browser" value="Firefox 58.0"/>
         <property name="hostAddress" value="172.27.98.17"/>
         <property name="sessionId" value="eaf0c069-5129-4f43-9af4-fa56e754a4bf"/>
         <property name="seleniumVersion" value="3.7.1"/>
         <property name="proxyInformation" value="ProxyInformation{proxyOption=NO_PROXY, proxyServerType=HTTP, password=, proxyServerAddress=, proxyServerPort=0}"/>
         <property name="platform" value="Windows 10"/>
      </properties>
      <testcase name="Test Cases/com/cct/serviceschedule/openschedule/add/FlightNumberFormatFail" classname="Test Cases/com/cct/serviceschedule/openschedule/add/FlightNumberFormatFail" status="PASSED">
         <system-out><![CDATA[2018-04-05 11:19:15 - [TEST_CASE][PASSED] - Test Cases/com/cct/serviceschedule/openschedule/add/FlightNumberFormatFail: Invoke 'com.kms.katalon.core.annotation.AfterTestCase' method: 'NewTestListener.sampleAfterTestCase(...)' completed.

2018-04-05 11:19:15 - [TEST_STEP][PASSED] - Start listener action : sampleBeforeTestCase: Invoke 'com.kms.katalon.core.annotation.BeforeTestCase' method: 'NewTestListener.sampleBeforeTestCase(...)' completed.

2018-04-05 11:19:16 - [TEST_STEP][PASSED] - com.cct.common.security.login.Login.loginDefault: com.cct.common.security.login.Login.loginDefault is PASSED

2018-04-05 11:19:22 - [MESSAGE][PASSED] - Browser is opened with url: 'http://10.100.70.87:8080/cp_cambodia/jsp/security/initLogin.action'

2018-04-05 11:19:22 - [MESSAGE][PASSED] - Wait for page load successfully

2018-04-05 11:19:26 - [MESSAGE][PASSED] - Current window maximized

2018-04-05 11:19:26 - [MESSAGE][PASSED] - Text 'N01' is set on object 'Object Repository/com/cct/security/login/login/input_carrierCode'

2018-04-05 11:19:26 - [MESSAGE][PASSED] - Text 'N01001' is set on object 'Object Repository/com/cct/security/login/login/input_username'

2018-04-05 11:19:26 - [MESSAGE][PASSED] - Text 'Nn@1234' is set on object 'Object Repository/com/cct/security/login/login/input_password'

2018-04-05 11:19:28 - [MESSAGE][PASSED] - Object: 'Object Repository/com/cct/security/login/login/button_Log-in' is clicked on

2018-04-05 11:19:29 - [MESSAGE][PASSED] - Delayed 1 second(s)

2018-04-05 11:19:29 - [MESSAGE][PASSED] - com.cct.common.security.login.Login.loginDefault is PASSED

2018-04-05 11:19:29 - [TEST_STEP][PASSED] - com.cct.common.serviceschedule.addopenschedule.AddOpenSchedule.gotoPage: com.cct.common.serviceschedule.addopenschedule.AddOpenSchedule.gotoPage is PASSED

2018-04-05 11:19:29 - [MESSAGE][PASSED] - Object: 'Object Repository/com/cct/security/mainpage/main/input_btnSubmit Manage Schedule and Individual Check-Ins' is clicked on

2018-04-05 11:19:30 - [MESSAGE][PASSED] - Object: 'Object Repository/com/cct/serviceschedule/openschedule/search/button_open new schedule' is clicked on

2018-04-05 11:19:30 - [MESSAGE][PASSED] - Object: 'Object Repository/com/cct/serviceschedule/openschedule/search/button_Open schedule manually' is clicked on

2018-04-05 11:19:30 - [MESSAGE][PASSED] - com.cct.common.serviceschedule.addopenschedule.AddOpenSchedule.gotoPage is PASSED

2018-04-05 11:19:30 - [TEST_STEP][PASSED] - com.cct.common.serviceschedule.addopenschedule.AddOpenSchedule.setValueToInput: com.cct.common.serviceschedule.addopenschedule.AddOpenSchedule.setValueToInput is PASSED

2018-04-05 11:19:30 - [MESSAGE][PASSED] - Text 'dsadsad' is set on object 'Object Repository/com/cct/serviceschedule/openschedule/add/input_openScManual.serviceNumb'

2018-04-05 11:19:30 - [MESSAGE][PASSED] - Text 'BBK' is set on object 'Object Repository/com/cct/serviceschedule/openschedule/add/input_autocompleteDepturePortN'

2018-04-05 11:19:31 - [MESSAGE][PASSED] - Delayed 1 second(s)

2018-04-05 11:19:31 - [MESSAGE][PASSED] - Text 'QAA' is set on object 'Object Repository/com/cct/serviceschedule/openschedule/add/input_autocompleteArrivalPortN'

2018-04-05 11:19:32 - [MESSAGE][PASSED] - Delayed 1 second(s)

2018-04-05 11:19:33 - [MESSAGE][PASSED] - Keys 'CONTROL + a' sent to object: 'Object Repository/com/cct/serviceschedule/openschedule/add/input_openScManual_depDate_dd_'

2018-04-05 11:19:33 - [MESSAGE][PASSED] - Keys 'CONTROL + a' sent to object: 'Object Repository/com/cct/serviceschedule/openschedule/add/input_openScManual_arrDate_dd_'

2018-04-05 11:19:33 - [MESSAGE][PASSED] - Keys 'CONTROL + a' sent to object: 'Object Repository/com/cct/serviceschedule/openschedule/add/input_openScManual_arrTime_hh_'

2018-04-05 11:19:33 - [MESSAGE][PASSED] - Keys 'CONTROL + a' sent to object: 'Object Repository/com/cct/serviceschedule/openschedule/add/input_openScManual_depTime_hh_'

2018-04-05 11:19:34 - [MESSAGE][PASSED] - Delayed 1 second(s)

2018-04-05 11:19:34 - [MESSAGE][PASSED] - com.cct.common.serviceschedule.addopenschedule.AddOpenSchedule.setValueToInput is PASSED

2018-04-05 11:19:34 - [TEST_STEP][PASSED] - click: Object: 'Object Repository/com/cct/serviceschedule/openschedule/add/button_Open' is clicked on

2018-04-05 11:19:34 - [MESSAGE][PASSED] - Object: 'Object Repository/com/cct/serviceschedule/openschedule/add/button_Open' is clicked on

2018-04-05 11:19:34 - [TEST_STEP][PASSED] - com.cct.util.Verify.isConTrainsText: Pass, Object is Contains Text.

2018-04-05 11:19:34 - [MESSAGE][PASSED] - Object 'Object Repository/com/cct/serviceschedule/openschedule/add/alert message' is visible

2018-04-05 11:19:34 - [MESSAGE][PASSED] - Text of object 'Object Repository/com/cct/serviceschedule/openschedule/add/alert message' is: 'Invalid flight number. Must in the format AA(X)NNNN(X) where : ‘AA’ will be IATA CODE, ‘(X)’ is optional alphabet and ‘N is mandatory numeric.'

2018-04-05 11:19:34 - [MESSAGE][PASSED] - Pass, Object is Contains Text.

2018-04-05 11:19:34 - [TEST_STEP][PASSED] - Start listener action : sampleAfterTestCase: Invoke 'com.kms.katalon.core.annotation.AfterTestCase' method: 'NewTestListener.sampleAfterTestCase(...)' completed.

2018-04-05 11:19:34 - [TEST_STEP][PASSED] - comment: Name: /xl/workbook.xml - Content Type: application/vnd.openxmlformats-officedocument.spreadsheetml.sheet.main+xml

2018-04-05 11:19:34 - [TEST_STEP][PASSED] - comment: null

2018-04-05 11:19:34 - [TEST_STEP][PASSED] - comment: 1

2018-04-05 11:19:34 - [TEST_STEP][PASSED] - comment: com.kms.katalon.core.context.internal.InternalTestCaseContext@5177e388

2018-04-05 11:19:34 - [TEST_STEP][PASSED] - Statement - rowIndex = com.cct.util.exportExcel.createRerportdetail(wb, rowIndex, testCaseContext): Invoke 'com.kms.katalon.core.annotation.AfterTestCase' method: 'NewTestListener.sampleAfterTestCase(...)' completed.]]></system-out>
         <system-err><![CDATA[]]></system-err>
      </testcase>
      <testcase name="Test Cases/com/cct/serviceschedule/openschedule/add/FlightNumberFormatTrue" classname="Test Cases/com/cct/serviceschedule/openschedule/add/FlightNumberFormatTrue" status="PASSED">
         <system-out><![CDATA[2018-04-05 11:19:35 - [TEST_CASE][PASSED] - Test Cases/com/cct/serviceschedule/openschedule/add/FlightNumberFormatTrue: Invoke 'com.kms.katalon.core.annotation.AfterTestCase' method: 'NewTestListener.sampleAfterTestCase(...)' completed.

2018-04-05 11:19:35 - [TEST_STEP][PASSED] - Start listener action : sampleBeforeTestCase: Invoke 'com.kms.katalon.core.annotation.BeforeTestCase' method: 'NewTestListener.sampleBeforeTestCase(...)' completed.

2018-04-05 11:19:35 - [TEST_STEP][PASSED] - com.cct.common.security.login.Login.loginDefault: com.cct.common.security.login.Login.loginDefault is PASSED

2018-04-05 11:19:35 - [MESSAGE][WARNING] - A browser is already opened. Closing browser and opening a new one

2018-04-05 11:19:41 - [MESSAGE][PASSED] - Browser is opened with url: 'http://10.100.70.87:8080/cp_cambodia/jsp/security/initLogin.action'

2018-04-05 11:19:41 - [MESSAGE][PASSED] - Wait for page load successfully

2018-04-05 11:19:45 - [MESSAGE][PASSED] - Current window maximized

2018-04-05 11:19:45 - [MESSAGE][PASSED] - Text 'N01' is set on object 'Object Repository/com/cct/security/login/login/input_carrierCode'

2018-04-05 11:19:45 - [MESSAGE][PASSED] - Text 'N01001' is set on object 'Object Repository/com/cct/security/login/login/input_username'

2018-04-05 11:19:45 - [MESSAGE][PASSED] - Text 'Nn@1234' is set on object 'Object Repository/com/cct/security/login/login/input_password'

2018-04-05 11:19:47 - [MESSAGE][PASSED] - Object: 'Object Repository/com/cct/security/login/login/button_Log-in' is clicked on

2018-04-05 11:19:48 - [MESSAGE][PASSED] - Delayed 1 second(s)

2018-04-05 11:19:48 - [MESSAGE][PASSED] - com.cct.common.security.login.Login.loginDefault is PASSED

2018-04-05 11:19:48 - [TEST_STEP][PASSED] - com.cct.common.serviceschedule.addopenschedule.AddOpenSchedule.gotoPage: com.cct.common.serviceschedule.addopenschedule.AddOpenSchedule.gotoPage is PASSED

2018-04-05 11:19:48 - [MESSAGE][PASSED] - Object: 'Object Repository/com/cct/security/mainpage/main/input_btnSubmit Manage Schedule and Individual Check-Ins' is clicked on

2018-04-05 11:19:49 - [MESSAGE][PASSED] - Object: 'Object Repository/com/cct/serviceschedule/openschedule/search/button_open new schedule' is clicked on

2018-04-05 11:19:49 - [MESSAGE][PASSED] - Object: 'Object Repository/com/cct/serviceschedule/openschedule/search/button_Open schedule manually' is clicked on

2018-04-05 11:19:49 - [MESSAGE][PASSED] - com.cct.common.serviceschedule.addopenschedule.AddOpenSchedule.gotoPage is PASSED

2018-04-05 11:19:49 - [TEST_STEP][PASSED] - com.cct.common.serviceschedule.addopenschedule.AddOpenSchedule.setValueToInput: com.cct.common.serviceschedule.addopenschedule.AddOpenSchedule.setValueToInput is PASSED

2018-04-05 11:19:49 - [MESSAGE][PASSED] - Text 'A1234A' is set on object 'Object Repository/com/cct/serviceschedule/openschedule/add/input_openScManual.serviceNumb'

2018-04-05 11:19:49 - [MESSAGE][PASSED] - Text '' is set on object 'Object Repository/com/cct/serviceschedule/openschedule/add/input_autocompleteDepturePortN'

2018-04-05 11:19:50 - [MESSAGE][PASSED] - Delayed 1 second(s)

2018-04-05 11:19:50 - [MESSAGE][PASSED] - Text '' is set on object 'Object Repository/com/cct/serviceschedule/openschedule/add/input_autocompleteArrivalPortN'

2018-04-05 11:19:51 - [MESSAGE][PASSED] - Delayed 1 second(s)

2018-04-05 11:19:51 - [MESSAGE][PASSED] - Keys 'CONTROL + a' sent to object: 'Object Repository/com/cct/serviceschedule/openschedule/add/input_openScManual_depDate_dd_'

2018-04-05 11:19:51 - [MESSAGE][PASSED] - Keys 'CONTROL + a' sent to object: 'Object Repository/com/cct/serviceschedule/openschedule/add/input_openScManual_arrDate_dd_'

2018-04-05 11:19:52 - [MESSAGE][PASSED] - Keys 'CONTROL + a' sent to object: 'Object Repository/com/cct/serviceschedule/openschedule/add/input_openScManual_arrTime_hh_'

2018-04-05 11:19:52 - [MESSAGE][PASSED] - Keys 'CONTROL + a' sent to object: 'Object Repository/com/cct/serviceschedule/openschedule/add/input_openScManual_depTime_hh_'

2018-04-05 11:19:53 - [MESSAGE][PASSED] - Delayed 1 second(s)

2018-04-05 11:19:53 - [MESSAGE][PASSED] - com.cct.common.serviceschedule.addopenschedule.AddOpenSchedule.setValueToInput is PASSED

2018-04-05 11:19:53 - [TEST_STEP][PASSED] - click: Object: 'Object Repository/com/cct/serviceschedule/openschedule/add/button_Open' is clicked on

2018-04-05 11:19:53 - [MESSAGE][PASSED] - Object: 'Object Repository/com/cct/serviceschedule/openschedule/add/button_Open' is clicked on

2018-04-05 11:19:53 - [TEST_STEP][PASSED] - com.cct.util.Verify.notConTrainsText: Pass, Object is not Contains Text.

2018-04-05 11:19:53 - [MESSAGE][PASSED] - Object 'Object Repository/com/cct/serviceschedule/openschedule/add/alert message' is visible

2018-04-05 11:19:53 - [MESSAGE][PASSED] - Text of object 'Object Repository/com/cct/serviceschedule/openschedule/add/alert message' is: 'Departure port cannot be blank.
Departure date cannot be blank.
Departure time cannot be blank.
Arrival port cannot be blank.
Arrival date cannot be blank.
Arrival time cannot be blank.'

2018-04-05 11:19:53 - [MESSAGE][PASSED] - Pass, Object is not Contains Text.

2018-04-05 11:19:53 - [TEST_STEP][PASSED] - Start listener action : sampleAfterTestCase: Invoke 'com.kms.katalon.core.annotation.AfterTestCase' method: 'NewTestListener.sampleAfterTestCase(...)' completed.

2018-04-05 11:19:53 - [TEST_STEP][PASSED] - comment: Name: /xl/workbook.xml - Content Type: application/vnd.openxmlformats-officedocument.spreadsheetml.sheet.main+xml

2018-04-05 11:19:53 - [TEST_STEP][PASSED] - comment: null

2018-04-05 11:19:53 - [TEST_STEP][PASSED] - comment: 2

2018-04-05 11:19:53 - [TEST_STEP][PASSED] - comment: com.kms.katalon.core.context.internal.InternalTestCaseContext@4f824872

2018-04-05 11:19:53 - [TEST_STEP][PASSED] - Statement - rowIndex = com.cct.util.exportExcel.createRerportdetail(wb, rowIndex, testCaseContext): Invoke 'com.kms.katalon.core.annotation.AfterTestCase' method: 'NewTestListener.sampleAfterTestCase(...)' completed.]]></system-out>
         <system-err><![CDATA[]]></system-err>
      </testcase>
      <testcase name="Test Cases/com/cct/serviceschedule/openschedule/add/FlightNumberFormatTrue" classname="Test Cases/com/cct/serviceschedule/openschedule/add/FlightNumberFormatTrue" status="PASSED">
         <system-out><![CDATA[2018-04-05 11:19:53 - [TEST_CASE][PASSED] - Test Cases/com/cct/serviceschedule/openschedule/add/FlightNumberFormatTrue: Invoke 'com.kms.katalon.core.annotation.AfterTestCase' method: 'NewTestListener.sampleAfterTestCase(...)' completed.

2018-04-05 11:19:53 - [TEST_STEP][PASSED] - Start listener action : sampleBeforeTestCase: Invoke 'com.kms.katalon.core.annotation.BeforeTestCase' method: 'NewTestListener.sampleBeforeTestCase(...)' completed.

2018-04-05 11:19:53 - [TEST_STEP][PASSED] - com.cct.common.security.login.Login.loginDefault: com.cct.common.security.login.Login.loginDefault is PASSED

2018-04-05 11:19:53 - [MESSAGE][WARNING] - A browser is already opened. Closing browser and opening a new one

2018-04-05 11:20:00 - [MESSAGE][PASSED] - Browser is opened with url: 'http://10.100.70.87:8080/cp_cambodia/jsp/security/initLogin.action'

2018-04-05 11:20:00 - [MESSAGE][PASSED] - Wait for page load successfully

2018-04-05 11:20:03 - [MESSAGE][PASSED] - Current window maximized

2018-04-05 11:20:03 - [MESSAGE][PASSED] - Text 'N01' is set on object 'Object Repository/com/cct/security/login/login/input_carrierCode'

2018-04-05 11:20:03 - [MESSAGE][PASSED] - Text 'N01001' is set on object 'Object Repository/com/cct/security/login/login/input_username'

2018-04-05 11:20:03 - [MESSAGE][PASSED] - Text 'Nn@1234' is set on object 'Object Repository/com/cct/security/login/login/input_password'

2018-04-05 11:20:05 - [MESSAGE][PASSED] - Object: 'Object Repository/com/cct/security/login/login/button_Log-in' is clicked on

2018-04-05 11:20:06 - [MESSAGE][PASSED] - Delayed 1 second(s)

2018-04-05 11:20:06 - [MESSAGE][PASSED] - com.cct.common.security.login.Login.loginDefault is PASSED

2018-04-05 11:20:06 - [TEST_STEP][PASSED] - com.cct.common.serviceschedule.addopenschedule.AddOpenSchedule.gotoPage: com.cct.common.serviceschedule.addopenschedule.AddOpenSchedule.gotoPage is PASSED

2018-04-05 11:20:07 - [MESSAGE][PASSED] - Object: 'Object Repository/com/cct/security/mainpage/main/input_btnSubmit Manage Schedule and Individual Check-Ins' is clicked on

2018-04-05 11:20:08 - [MESSAGE][PASSED] - Object: 'Object Repository/com/cct/serviceschedule/openschedule/search/button_open new schedule' is clicked on

2018-04-05 11:20:08 - [MESSAGE][PASSED] - Object: 'Object Repository/com/cct/serviceschedule/openschedule/search/button_Open schedule manually' is clicked on

2018-04-05 11:20:08 - [MESSAGE][PASSED] - com.cct.common.serviceschedule.addopenschedule.AddOpenSchedule.gotoPage is PASSED

2018-04-05 11:20:08 - [TEST_STEP][PASSED] - com.cct.common.serviceschedule.addopenschedule.AddOpenSchedule.setValueToInput: com.cct.common.serviceschedule.addopenschedule.AddOpenSchedule.setValueToInput is PASSED

2018-04-05 11:20:08 - [MESSAGE][PASSED] - Text '1234' is set on object 'Object Repository/com/cct/serviceschedule/openschedule/add/input_openScManual.serviceNumb'

2018-04-05 11:20:08 - [MESSAGE][PASSED] - Text '' is set on object 'Object Repository/com/cct/serviceschedule/openschedule/add/input_autocompleteDepturePortN'

2018-04-05 11:20:09 - [MESSAGE][PASSED] - Delayed 1 second(s)

2018-04-05 11:20:09 - [MESSAGE][PASSED] - Text '' is set on object 'Object Repository/com/cct/serviceschedule/openschedule/add/input_autocompleteArrivalPortN'

2018-04-05 11:20:10 - [MESSAGE][PASSED] - Delayed 1 second(s)

2018-04-05 11:20:11 - [MESSAGE][PASSED] - Keys 'CONTROL + a' sent to object: 'Object Repository/com/cct/serviceschedule/openschedule/add/input_openScManual_depDate_dd_'

2018-04-05 11:20:11 - [MESSAGE][PASSED] - Keys 'CONTROL + a' sent to object: 'Object Repository/com/cct/serviceschedule/openschedule/add/input_openScManual_arrDate_dd_'

2018-04-05 11:20:11 - [MESSAGE][PASSED] - Keys 'CONTROL + a' sent to object: 'Object Repository/com/cct/serviceschedule/openschedule/add/input_openScManual_arrTime_hh_'

2018-04-05 11:20:11 - [MESSAGE][PASSED] - Keys 'CONTROL + a' sent to object: 'Object Repository/com/cct/serviceschedule/openschedule/add/input_openScManual_depTime_hh_'

2018-04-05 11:20:12 - [MESSAGE][PASSED] - Delayed 1 second(s)

2018-04-05 11:20:12 - [MESSAGE][PASSED] - com.cct.common.serviceschedule.addopenschedule.AddOpenSchedule.setValueToInput is PASSED

2018-04-05 11:20:12 - [TEST_STEP][PASSED] - click: Object: 'Object Repository/com/cct/serviceschedule/openschedule/add/button_Open' is clicked on

2018-04-05 11:20:12 - [MESSAGE][PASSED] - Object: 'Object Repository/com/cct/serviceschedule/openschedule/add/button_Open' is clicked on

2018-04-05 11:20:12 - [TEST_STEP][PASSED] - com.cct.util.Verify.notConTrainsText: Pass, Object is not Contains Text.

2018-04-05 11:20:12 - [MESSAGE][PASSED] - Object 'Object Repository/com/cct/serviceschedule/openschedule/add/alert message' is visible

2018-04-05 11:20:12 - [MESSAGE][PASSED] - Text of object 'Object Repository/com/cct/serviceschedule/openschedule/add/alert message' is: 'Departure port cannot be blank.
Departure date cannot be blank.
Departure time cannot be blank.
Arrival port cannot be blank.
Arrival date cannot be blank.
Arrival time cannot be blank.'

2018-04-05 11:20:12 - [MESSAGE][PASSED] - Pass, Object is not Contains Text.

2018-04-05 11:20:12 - [TEST_STEP][PASSED] - Start listener action : sampleAfterTestCase: Invoke 'com.kms.katalon.core.annotation.AfterTestCase' method: 'NewTestListener.sampleAfterTestCase(...)' completed.

2018-04-05 11:20:12 - [TEST_STEP][PASSED] - comment: Name: /xl/workbook.xml - Content Type: application/vnd.openxmlformats-officedocument.spreadsheetml.sheet.main+xml

2018-04-05 11:20:12 - [TEST_STEP][PASSED] - comment: null

2018-04-05 11:20:12 - [TEST_STEP][PASSED] - comment: 3

2018-04-05 11:20:12 - [TEST_STEP][PASSED] - comment: com.kms.katalon.core.context.internal.InternalTestCaseContext@44841b43

2018-04-05 11:20:12 - [TEST_STEP][PASSED] - Statement - rowIndex = com.cct.util.exportExcel.createRerportdetail(wb, rowIndex, testCaseContext): Invoke 'com.kms.katalon.core.annotation.AfterTestCase' method: 'NewTestListener.sampleAfterTestCase(...)' completed.]]></system-out>
         <system-err><![CDATA[]]></system-err>
      </testcase>
      <testcase name="Test Cases/com/cct/serviceschedule/openschedule/add/FlightNumberFormatTrue" classname="Test Cases/com/cct/serviceschedule/openschedule/add/FlightNumberFormatTrue" status="PASSED">
         <system-out><![CDATA[2018-04-05 11:20:12 - [TEST_CASE][PASSED] - Test Cases/com/cct/serviceschedule/openschedule/add/FlightNumberFormatTrue: Invoke 'com.kms.katalon.core.annotation.AfterTestCase' method: 'NewTestListener.sampleAfterTestCase(...)' completed.

2018-04-05 11:20:12 - [TEST_STEP][PASSED] - Start listener action : sampleBeforeTestCase: Invoke 'com.kms.katalon.core.annotation.BeforeTestCase' method: 'NewTestListener.sampleBeforeTestCase(...)' completed.

2018-04-05 11:20:12 - [TEST_STEP][PASSED] - com.cct.common.security.login.Login.loginDefault: com.cct.common.security.login.Login.loginDefault is PASSED

2018-04-05 11:20:12 - [MESSAGE][WARNING] - A browser is already opened. Closing browser and opening a new one

2018-04-05 11:20:18 - [MESSAGE][PASSED] - Browser is opened with url: 'http://10.100.70.87:8080/cp_cambodia/jsp/security/initLogin.action'

2018-04-05 11:20:18 - [MESSAGE][PASSED] - Wait for page load successfully

2018-04-05 11:20:21 - [MESSAGE][PASSED] - Current window maximized

2018-04-05 11:20:22 - [MESSAGE][PASSED] - Text 'N01' is set on object 'Object Repository/com/cct/security/login/login/input_carrierCode'

2018-04-05 11:20:22 - [MESSAGE][PASSED] - Text 'N01001' is set on object 'Object Repository/com/cct/security/login/login/input_username'

2018-04-05 11:20:22 - [MESSAGE][PASSED] - Text 'Nn@1234' is set on object 'Object Repository/com/cct/security/login/login/input_password'

2018-04-05 11:20:24 - [MESSAGE][PASSED] - Object: 'Object Repository/com/cct/security/login/login/button_Log-in' is clicked on

2018-04-05 11:20:25 - [MESSAGE][PASSED] - Delayed 1 second(s)

2018-04-05 11:20:25 - [MESSAGE][PASSED] - com.cct.common.security.login.Login.loginDefault is PASSED

2018-04-05 11:20:25 - [TEST_STEP][PASSED] - com.cct.common.serviceschedule.addopenschedule.AddOpenSchedule.gotoPage: com.cct.common.serviceschedule.addopenschedule.AddOpenSchedule.gotoPage is PASSED

2018-04-05 11:20:26 - [MESSAGE][PASSED] - Object: 'Object Repository/com/cct/security/mainpage/main/input_btnSubmit Manage Schedule and Individual Check-Ins' is clicked on

2018-04-05 11:20:26 - [MESSAGE][PASSED] - Object: 'Object Repository/com/cct/serviceschedule/openschedule/search/button_open new schedule' is clicked on

2018-04-05 11:20:27 - [MESSAGE][PASSED] - Object: 'Object Repository/com/cct/serviceschedule/openschedule/search/button_Open schedule manually' is clicked on

2018-04-05 11:20:27 - [MESSAGE][PASSED] - com.cct.common.serviceschedule.addopenschedule.AddOpenSchedule.gotoPage is PASSED

2018-04-05 11:20:27 - [TEST_STEP][PASSED] - com.cct.common.serviceschedule.addopenschedule.AddOpenSchedule.setValueToInput: com.cct.common.serviceschedule.addopenschedule.AddOpenSchedule.setValueToInput is PASSED

2018-04-05 11:20:27 - [MESSAGE][PASSED] - Text '1234A' is set on object 'Object Repository/com/cct/serviceschedule/openschedule/add/input_openScManual.serviceNumb'

2018-04-05 11:20:27 - [MESSAGE][PASSED] - Text '' is set on object 'Object Repository/com/cct/serviceschedule/openschedule/add/input_autocompleteDepturePortN'

2018-04-05 11:20:28 - [MESSAGE][PASSED] - Delayed 1 second(s)

2018-04-05 11:20:28 - [MESSAGE][PASSED] - Text '' is set on object 'Object Repository/com/cct/serviceschedule/openschedule/add/input_autocompleteArrivalPortN'

2018-04-05 11:20:29 - [MESSAGE][PASSED] - Delayed 1 second(s)

2018-04-05 11:20:29 - [MESSAGE][PASSED] - Keys 'CONTROL + a' sent to object: 'Object Repository/com/cct/serviceschedule/openschedule/add/input_openScManual_depDate_dd_'

2018-04-05 11:20:29 - [MESSAGE][PASSED] - Keys 'CONTROL + a' sent to object: 'Object Repository/com/cct/serviceschedule/openschedule/add/input_openScManual_arrDate_dd_'

2018-04-05 11:20:29 - [MESSAGE][PASSED] - Keys 'CONTROL + a' sent to object: 'Object Repository/com/cct/serviceschedule/openschedule/add/input_openScManual_arrTime_hh_'

2018-04-05 11:20:29 - [MESSAGE][PASSED] - Keys 'CONTROL + a' sent to object: 'Object Repository/com/cct/serviceschedule/openschedule/add/input_openScManual_depTime_hh_'

2018-04-05 11:20:30 - [MESSAGE][PASSED] - Delayed 1 second(s)

2018-04-05 11:20:30 - [MESSAGE][PASSED] - com.cct.common.serviceschedule.addopenschedule.AddOpenSchedule.setValueToInput is PASSED

2018-04-05 11:20:30 - [TEST_STEP][PASSED] - click: Object: 'Object Repository/com/cct/serviceschedule/openschedule/add/button_Open' is clicked on

2018-04-05 11:20:30 - [MESSAGE][PASSED] - Object: 'Object Repository/com/cct/serviceschedule/openschedule/add/button_Open' is clicked on

2018-04-05 11:20:30 - [TEST_STEP][PASSED] - com.cct.util.Verify.notConTrainsText: Pass, Object is not Contains Text.

2018-04-05 11:20:31 - [MESSAGE][PASSED] - Object 'Object Repository/com/cct/serviceschedule/openschedule/add/alert message' is visible

2018-04-05 11:20:31 - [MESSAGE][PASSED] - Text of object 'Object Repository/com/cct/serviceschedule/openschedule/add/alert message' is: 'Departure port cannot be blank.
Departure date cannot be blank.
Departure time cannot be blank.
Arrival port cannot be blank.
Arrival date cannot be blank.
Arrival time cannot be blank.'

2018-04-05 11:20:31 - [MESSAGE][PASSED] - Pass, Object is not Contains Text.

2018-04-05 11:20:31 - [TEST_STEP][PASSED] - Start listener action : sampleAfterTestCase: Invoke 'com.kms.katalon.core.annotation.AfterTestCase' method: 'NewTestListener.sampleAfterTestCase(...)' completed.

2018-04-05 11:20:31 - [TEST_STEP][PASSED] - comment: Name: /xl/workbook.xml - Content Type: application/vnd.openxmlformats-officedocument.spreadsheetml.sheet.main+xml

2018-04-05 11:20:31 - [TEST_STEP][PASSED] - comment: null

2018-04-05 11:20:31 - [TEST_STEP][PASSED] - comment: 4

2018-04-05 11:20:31 - [TEST_STEP][PASSED] - comment: com.kms.katalon.core.context.internal.InternalTestCaseContext@64a9d48c

2018-04-05 11:20:31 - [TEST_STEP][PASSED] - Statement - rowIndex = com.cct.util.exportExcel.createRerportdetail(wb, rowIndex, testCaseContext): Invoke 'com.kms.katalon.core.annotation.AfterTestCase' method: 'NewTestListener.sampleAfterTestCase(...)' completed.]]></system-out>
         <system-err><![CDATA[]]></system-err>
      </testcase>
      <testcase name="Test Cases/com/cct/serviceschedule/openschedule/add/arrPort" classname="Test Cases/com/cct/serviceschedule/openschedule/add/arrPort" status="PASSED">
         <system-out><![CDATA[2018-04-05 11:20:31 - [TEST_CASE][PASSED] - Test Cases/com/cct/serviceschedule/openschedule/add/arrPort: Invoke 'com.kms.katalon.core.annotation.AfterTestCase' method: 'NewTestListener.sampleAfterTestCase(...)' completed.

2018-04-05 11:20:31 - [TEST_STEP][PASSED] - Start listener action : sampleBeforeTestCase: Invoke 'com.kms.katalon.core.annotation.BeforeTestCase' method: 'NewTestListener.sampleBeforeTestCase(...)' completed.

2018-04-05 11:20:31 - [TEST_STEP][PASSED] - com.cct.common.security.login.Login.loginDefault: com.cct.common.security.login.Login.loginDefault is PASSED

2018-04-05 11:20:31 - [MESSAGE][WARNING] - A browser is already opened. Closing browser and opening a new one

2018-04-05 11:20:37 - [MESSAGE][PASSED] - Browser is opened with url: 'http://10.100.70.87:8080/cp_cambodia/jsp/security/initLogin.action'

2018-04-05 11:20:37 - [MESSAGE][PASSED] - Wait for page load successfully

2018-04-05 11:20:40 - [MESSAGE][PASSED] - Current window maximized

2018-04-05 11:20:40 - [MESSAGE][PASSED] - Text 'N01' is set on object 'Object Repository/com/cct/security/login/login/input_carrierCode'

2018-04-05 11:20:40 - [MESSAGE][PASSED] - Text 'N01001' is set on object 'Object Repository/com/cct/security/login/login/input_username'

2018-04-05 11:20:40 - [MESSAGE][PASSED] - Text 'Nn@1234' is set on object 'Object Repository/com/cct/security/login/login/input_password'

2018-04-05 11:20:42 - [MESSAGE][PASSED] - Object: 'Object Repository/com/cct/security/login/login/button_Log-in' is clicked on

2018-04-05 11:20:43 - [MESSAGE][PASSED] - Delayed 1 second(s)

2018-04-05 11:20:43 - [MESSAGE][PASSED] - com.cct.common.security.login.Login.loginDefault is PASSED

2018-04-05 11:20:43 - [TEST_STEP][PASSED] - com.cct.common.serviceschedule.addopenschedule.AddOpenSchedule.gotoPage: com.cct.common.serviceschedule.addopenschedule.AddOpenSchedule.gotoPage is PASSED

2018-04-05 11:20:44 - [MESSAGE][PASSED] - Object: 'Object Repository/com/cct/security/mainpage/main/input_btnSubmit Manage Schedule and Individual Check-Ins' is clicked on

2018-04-05 11:20:45 - [MESSAGE][PASSED] - Object: 'Object Repository/com/cct/serviceschedule/openschedule/search/button_open new schedule' is clicked on

2018-04-05 11:20:45 - [MESSAGE][PASSED] - Object: 'Object Repository/com/cct/serviceschedule/openschedule/search/button_Open schedule manually' is clicked on

2018-04-05 11:20:45 - [MESSAGE][PASSED] - com.cct.common.serviceschedule.addopenschedule.AddOpenSchedule.gotoPage is PASSED

2018-04-05 11:20:45 - [TEST_STEP][PASSED] - com.cct.util.Dropdownlist.selectDropdownlist: com.cct.util.Dropdownlist.selectDropdownlist is PASSED

2018-04-05 11:20:46 - [MESSAGE][PASSED] - Delayed 1 second(s)

2018-04-05 11:20:46 - [MESSAGE][PASSED] - Object: 'Object Repository/com/cct/serviceschedule/openschedule/add/span_Arrival' is clicked on

2018-04-05 11:20:47 - [MESSAGE][PASSED] - Delayed 1 second(s)

2018-04-05 11:20:49 - [MESSAGE][PASSED] - Delayed 1 second(s)

2018-04-05 11:20:49 - [MESSAGE][PASSED] - com.cct.util.Dropdownlist.selectDropdownlist is PASSED

2018-04-05 11:20:49 - [TEST_STEP][PASSED] - com.cct.common.serviceschedule.addopenschedule.AddOpenSchedule.setValueToInput: com.cct.common.serviceschedule.addopenschedule.AddOpenSchedule.setValueToInput is PASSED

2018-04-05 11:20:49 - [MESSAGE][PASSED] - Text '' is set on object 'Object Repository/com/cct/serviceschedule/openschedule/add/input_openScManual.serviceNumb'

2018-04-05 11:20:49 - [MESSAGE][PASSED] - Text 'DMK' is set on object 'Object Repository/com/cct/serviceschedule/openschedule/add/input_autocompleteDepturePortN'

2018-04-05 11:20:50 - [MESSAGE][PASSED] - Delayed 1 second(s)

2018-04-05 11:20:50 - [MESSAGE][PASSED] - Text '' is set on object 'Object Repository/com/cct/serviceschedule/openschedule/add/input_autocompleteArrivalPortN'

2018-04-05 11:20:51 - [MESSAGE][PASSED] - Delayed 1 second(s)

2018-04-05 11:20:51 - [MESSAGE][PASSED] - Keys 'CONTROL + a' sent to object: 'Object Repository/com/cct/serviceschedule/openschedule/add/input_openScManual_depDate_dd_'

2018-04-05 11:20:51 - [MESSAGE][PASSED] - Keys 'CONTROL + a' sent to object: 'Object Repository/com/cct/serviceschedule/openschedule/add/input_openScManual_arrDate_dd_'

2018-04-05 11:20:51 - [MESSAGE][PASSED] - Keys 'CONTROL + a' sent to object: 'Object Repository/com/cct/serviceschedule/openschedule/add/input_openScManual_arrTime_hh_'

2018-04-05 11:20:51 - [MESSAGE][PASSED] - Keys 'CONTROL + a' sent to object: 'Object Repository/com/cct/serviceschedule/openschedule/add/input_openScManual_depTime_hh_'

2018-04-05 11:20:52 - [MESSAGE][PASSED] - Delayed 1 second(s)

2018-04-05 11:20:52 - [MESSAGE][PASSED] - com.cct.common.serviceschedule.addopenschedule.AddOpenSchedule.setValueToInput is PASSED

2018-04-05 11:20:52 - [TEST_STEP][PASSED] - verifyElementText: Actual text and expected text of test object 'Object Repository/com/cct/serviceschedule/openschedule/add/input_autocompleteDepturePortN' are matched.

2018-04-05 11:20:52 - [MESSAGE][PASSED] - Actual text and expected text of test object 'Object Repository/com/cct/serviceschedule/openschedule/add/input_autocompleteDepturePortN' are matched.

2018-04-05 11:20:52 - [TEST_STEP][PASSED] - Start listener action : sampleAfterTestCase: Invoke 'com.kms.katalon.core.annotation.AfterTestCase' method: 'NewTestListener.sampleAfterTestCase(...)' completed.

2018-04-05 11:20:52 - [TEST_STEP][PASSED] - comment: Name: /xl/workbook.xml - Content Type: application/vnd.openxmlformats-officedocument.spreadsheetml.sheet.main+xml

2018-04-05 11:20:52 - [TEST_STEP][PASSED] - comment: null

2018-04-05 11:20:52 - [TEST_STEP][PASSED] - comment: 5

2018-04-05 11:20:52 - [TEST_STEP][PASSED] - comment: com.kms.katalon.core.context.internal.InternalTestCaseContext@732c9b5c

2018-04-05 11:20:52 - [TEST_STEP][PASSED] - Statement - rowIndex = com.cct.util.exportExcel.createRerportdetail(wb, rowIndex, testCaseContext): Invoke 'com.kms.katalon.core.annotation.AfterTestCase' method: 'NewTestListener.sampleAfterTestCase(...)' completed.]]></system-out>
         <system-err><![CDATA[]]></system-err>
      </testcase>
      <testcase name="Test Cases/com/cct/serviceschedule/openschedule/add/blankValue" classname="Test Cases/com/cct/serviceschedule/openschedule/add/blankValue" status="PASSED">
         <system-out><![CDATA[2018-04-05 11:20:53 - [TEST_CASE][PASSED] - Test Cases/com/cct/serviceschedule/openschedule/add/blankValue: Invoke 'com.kms.katalon.core.annotation.AfterTestCase' method: 'NewTestListener.sampleAfterTestCase(...)' completed.

2018-04-05 11:20:53 - [TEST_STEP][PASSED] - Start listener action : sampleBeforeTestCase: Invoke 'com.kms.katalon.core.annotation.BeforeTestCase' method: 'NewTestListener.sampleBeforeTestCase(...)' completed.

2018-04-05 11:20:53 - [TEST_STEP][PASSED] - com.cct.common.security.login.Login.loginDefault: com.cct.common.security.login.Login.loginDefault is PASSED

2018-04-05 11:20:53 - [MESSAGE][WARNING] - A browser is already opened. Closing browser and opening a new one

2018-04-05 11:21:17 - [MESSAGE][PASSED] - Browser is opened with url: 'http://10.100.70.87:8080/cp_cambodia/jsp/security/initLogin.action'

2018-04-05 11:21:17 - [MESSAGE][PASSED] - Wait for page load successfully

2018-04-05 11:21:20 - [MESSAGE][PASSED] - Current window maximized

2018-04-05 11:21:20 - [MESSAGE][PASSED] - Text 'N01' is set on object 'Object Repository/com/cct/security/login/login/input_carrierCode'

2018-04-05 11:21:20 - [MESSAGE][PASSED] - Text 'N01001' is set on object 'Object Repository/com/cct/security/login/login/input_username'

2018-04-05 11:21:20 - [MESSAGE][PASSED] - Text 'Nn@1234' is set on object 'Object Repository/com/cct/security/login/login/input_password'

2018-04-05 11:21:22 - [MESSAGE][PASSED] - Object: 'Object Repository/com/cct/security/login/login/button_Log-in' is clicked on

2018-04-05 11:21:23 - [MESSAGE][PASSED] - Delayed 1 second(s)

2018-04-05 11:21:23 - [MESSAGE][PASSED] - com.cct.common.security.login.Login.loginDefault is PASSED

2018-04-05 11:21:23 - [TEST_STEP][PASSED] - com.cct.common.serviceschedule.addopenschedule.AddOpenSchedule.gotoPage: com.cct.common.serviceschedule.addopenschedule.AddOpenSchedule.gotoPage is PASSED

2018-04-05 11:21:24 - [MESSAGE][PASSED] - Object: 'Object Repository/com/cct/security/mainpage/main/input_btnSubmit Manage Schedule and Individual Check-Ins' is clicked on

2018-04-05 11:21:24 - [MESSAGE][PASSED] - Object: 'Object Repository/com/cct/serviceschedule/openschedule/search/button_open new schedule' is clicked on

2018-04-05 11:21:25 - [MESSAGE][PASSED] - Object: 'Object Repository/com/cct/serviceschedule/openschedule/search/button_Open schedule manually' is clicked on

2018-04-05 11:21:25 - [MESSAGE][PASSED] - com.cct.common.serviceschedule.addopenschedule.AddOpenSchedule.gotoPage is PASSED

2018-04-05 11:21:25 - [TEST_STEP][PASSED] - com.cct.common.serviceschedule.addopenschedule.AddOpenSchedule.setValueToInput: com.cct.common.serviceschedule.addopenschedule.AddOpenSchedule.setValueToInput is PASSED

2018-04-05 11:21:25 - [MESSAGE][PASSED] - Text '' is set on object 'Object Repository/com/cct/serviceschedule/openschedule/add/input_openScManual.serviceNumb'

2018-04-05 11:21:25 - [MESSAGE][PASSED] - Text 'PQQ' is set on object 'Object Repository/com/cct/serviceschedule/openschedule/add/input_autocompleteDepturePortN'

2018-04-05 11:21:26 - [MESSAGE][PASSED] - Delayed 1 second(s)

2018-04-05 11:21:26 - [MESSAGE][PASSED] - Text 'DMK' is set on object 'Object Repository/com/cct/serviceschedule/openschedule/add/input_autocompleteArrivalPortN'

2018-04-05 11:21:27 - [MESSAGE][PASSED] - Delayed 1 second(s)

2018-04-05 11:21:27 - [MESSAGE][PASSED] - Keys 'CONTROL + a' sent to object: 'Object Repository/com/cct/serviceschedule/openschedule/add/input_openScManual_depDate_dd_'

2018-04-05 11:21:27 - [MESSAGE][PASSED] - Keys 'CONTROL + a' sent to object: 'Object Repository/com/cct/serviceschedule/openschedule/add/input_openScManual_arrDate_dd_'

2018-04-05 11:21:28 - [MESSAGE][PASSED] - Keys 'CONTROL + a' sent to object: 'Object Repository/com/cct/serviceschedule/openschedule/add/input_openScManual_arrTime_hh_'

2018-04-05 11:21:28 - [MESSAGE][PASSED] - Keys 'CONTROL + a' sent to object: 'Object Repository/com/cct/serviceschedule/openschedule/add/input_openScManual_depTime_hh_'

2018-04-05 11:21:29 - [MESSAGE][PASSED] - Delayed 1 second(s)

2018-04-05 11:21:29 - [MESSAGE][PASSED] - com.cct.common.serviceschedule.addopenschedule.AddOpenSchedule.setValueToInput is PASSED

2018-04-05 11:21:29 - [TEST_STEP][PASSED] - click: Object: 'Object Repository/com/cct/serviceschedule/openschedule/add/button_Open' is clicked on

2018-04-05 11:21:29 - [MESSAGE][PASSED] - Object: 'Object Repository/com/cct/serviceschedule/openschedule/add/button_Open' is clicked on

2018-04-05 11:21:29 - [TEST_STEP][PASSED] - verifyElementText: Actual text and expected text of test object 'Object Repository/com/cct/serviceschedule/openschedule/add/alert message' are matched.

2018-04-05 11:21:29 - [MESSAGE][PASSED] - Actual text and expected text of test object 'Object Repository/com/cct/serviceschedule/openschedule/add/alert message' are matched.

2018-04-05 11:21:29 - [TEST_STEP][PASSED] - Start listener action : sampleAfterTestCase: Invoke 'com.kms.katalon.core.annotation.AfterTestCase' method: 'NewTestListener.sampleAfterTestCase(...)' completed.

2018-04-05 11:21:29 - [TEST_STEP][PASSED] - comment: Name: /xl/workbook.xml - Content Type: application/vnd.openxmlformats-officedocument.spreadsheetml.sheet.main+xml

2018-04-05 11:21:29 - [TEST_STEP][PASSED] - comment: null

2018-04-05 11:21:29 - [TEST_STEP][PASSED] - comment: 6

2018-04-05 11:21:29 - [TEST_STEP][PASSED] - comment: com.kms.katalon.core.context.internal.InternalTestCaseContext@51ce6f85

2018-04-05 11:21:29 - [TEST_STEP][PASSED] - Statement - rowIndex = com.cct.util.exportExcel.createRerportdetail(wb, rowIndex, testCaseContext): Invoke 'com.kms.katalon.core.annotation.AfterTestCase' method: 'NewTestListener.sampleAfterTestCase(...)' completed.]]></system-out>
         <system-err><![CDATA[]]></system-err>
      </testcase>
      <testcase name="Test Cases/com/cct/serviceschedule/openschedule/add/blankValue" classname="Test Cases/com/cct/serviceschedule/openschedule/add/blankValue" status="PASSED">
         <system-out><![CDATA[2018-04-05 11:21:29 - [TEST_CASE][PASSED] - Test Cases/com/cct/serviceschedule/openschedule/add/blankValue: Invoke 'com.kms.katalon.core.annotation.AfterTestCase' method: 'NewTestListener.sampleAfterTestCase(...)' completed.

2018-04-05 11:21:29 - [TEST_STEP][PASSED] - Start listener action : sampleBeforeTestCase: Invoke 'com.kms.katalon.core.annotation.BeforeTestCase' method: 'NewTestListener.sampleBeforeTestCase(...)' completed.

2018-04-05 11:21:29 - [TEST_STEP][PASSED] - com.cct.common.security.login.Login.loginDefault: com.cct.common.security.login.Login.loginDefault is PASSED

2018-04-05 11:21:29 - [MESSAGE][WARNING] - A browser is already opened. Closing browser and opening a new one

2018-04-05 11:21:35 - [MESSAGE][PASSED] - Browser is opened with url: 'http://10.100.70.87:8080/cp_cambodia/jsp/security/initLogin.action'

2018-04-05 11:21:35 - [MESSAGE][PASSED] - Wait for page load successfully

2018-04-05 11:21:38 - [MESSAGE][PASSED] - Current window maximized

2018-04-05 11:21:38 - [MESSAGE][PASSED] - Text 'N01' is set on object 'Object Repository/com/cct/security/login/login/input_carrierCode'

2018-04-05 11:21:38 - [MESSAGE][PASSED] - Text 'N01001' is set on object 'Object Repository/com/cct/security/login/login/input_username'

2018-04-05 11:21:38 - [MESSAGE][PASSED] - Text 'Nn@1234' is set on object 'Object Repository/com/cct/security/login/login/input_password'

2018-04-05 11:21:40 - [MESSAGE][PASSED] - Object: 'Object Repository/com/cct/security/login/login/button_Log-in' is clicked on

2018-04-05 11:21:41 - [MESSAGE][PASSED] - Delayed 1 second(s)

2018-04-05 11:21:41 - [MESSAGE][PASSED] - com.cct.common.security.login.Login.loginDefault is PASSED

2018-04-05 11:21:41 - [TEST_STEP][PASSED] - com.cct.common.serviceschedule.addopenschedule.AddOpenSchedule.gotoPage: com.cct.common.serviceschedule.addopenschedule.AddOpenSchedule.gotoPage is PASSED

2018-04-05 11:21:41 - [MESSAGE][PASSED] - Object: 'Object Repository/com/cct/security/mainpage/main/input_btnSubmit Manage Schedule and Individual Check-Ins' is clicked on

2018-04-05 11:21:42 - [MESSAGE][PASSED] - Object: 'Object Repository/com/cct/serviceschedule/openschedule/search/button_open new schedule' is clicked on

2018-04-05 11:21:42 - [MESSAGE][PASSED] - Object: 'Object Repository/com/cct/serviceschedule/openschedule/search/button_Open schedule manually' is clicked on

2018-04-05 11:21:42 - [MESSAGE][PASSED] - com.cct.common.serviceschedule.addopenschedule.AddOpenSchedule.gotoPage is PASSED

2018-04-05 11:21:42 - [TEST_STEP][PASSED] - com.cct.common.serviceschedule.addopenschedule.AddOpenSchedule.setValueToInput: com.cct.common.serviceschedule.addopenschedule.AddOpenSchedule.setValueToInput is PASSED

2018-04-05 11:21:42 - [MESSAGE][PASSED] - Text 'A1234A' is set on object 'Object Repository/com/cct/serviceschedule/openschedule/add/input_openScManual.serviceNumb'

2018-04-05 11:21:42 - [MESSAGE][PASSED] - Text '' is set on object 'Object Repository/com/cct/serviceschedule/openschedule/add/input_autocompleteDepturePortN'

2018-04-05 11:21:43 - [MESSAGE][PASSED] - Delayed 1 second(s)

2018-04-05 11:21:44 - [MESSAGE][PASSED] - Text 'DMK' is set on object 'Object Repository/com/cct/serviceschedule/openschedule/add/input_autocompleteArrivalPortN'

2018-04-05 11:21:45 - [MESSAGE][PASSED] - Delayed 1 second(s)

2018-04-05 11:21:45 - [MESSAGE][PASSED] - Keys 'CONTROL + a' sent to object: 'Object Repository/com/cct/serviceschedule/openschedule/add/input_openScManual_depDate_dd_'

2018-04-05 11:21:45 - [MESSAGE][PASSED] - Keys 'CONTROL + a' sent to object: 'Object Repository/com/cct/serviceschedule/openschedule/add/input_openScManual_arrDate_dd_'

2018-04-05 11:21:45 - [MESSAGE][PASSED] - Keys 'CONTROL + a' sent to object: 'Object Repository/com/cct/serviceschedule/openschedule/add/input_openScManual_arrTime_hh_'

2018-04-05 11:21:45 - [MESSAGE][PASSED] - Keys 'CONTROL + a' sent to object: 'Object Repository/com/cct/serviceschedule/openschedule/add/input_openScManual_depTime_hh_'

2018-04-05 11:21:46 - [MESSAGE][PASSED] - Delayed 1 second(s)

2018-04-05 11:21:46 - [MESSAGE][PASSED] - com.cct.common.serviceschedule.addopenschedule.AddOpenSchedule.setValueToInput is PASSED

2018-04-05 11:21:46 - [TEST_STEP][PASSED] - click: Object: 'Object Repository/com/cct/serviceschedule/openschedule/add/button_Open' is clicked on

2018-04-05 11:21:46 - [MESSAGE][PASSED] - Object: 'Object Repository/com/cct/serviceschedule/openschedule/add/button_Open' is clicked on

2018-04-05 11:21:46 - [TEST_STEP][PASSED] - verifyElementText: Actual text and expected text of test object 'Object Repository/com/cct/serviceschedule/openschedule/add/alert message' are matched.

2018-04-05 11:21:46 - [MESSAGE][PASSED] - Actual text and expected text of test object 'Object Repository/com/cct/serviceschedule/openschedule/add/alert message' are matched.

2018-04-05 11:21:46 - [TEST_STEP][PASSED] - Start listener action : sampleAfterTestCase: Invoke 'com.kms.katalon.core.annotation.AfterTestCase' method: 'NewTestListener.sampleAfterTestCase(...)' completed.

2018-04-05 11:21:46 - [TEST_STEP][PASSED] - comment: Name: /xl/workbook.xml - Content Type: application/vnd.openxmlformats-officedocument.spreadsheetml.sheet.main+xml

2018-04-05 11:21:46 - [TEST_STEP][PASSED] - comment: null

2018-04-05 11:21:46 - [TEST_STEP][PASSED] - comment: 7

2018-04-05 11:21:46 - [TEST_STEP][PASSED] - comment: com.kms.katalon.core.context.internal.InternalTestCaseContext@205bed61

2018-04-05 11:21:46 - [TEST_STEP][PASSED] - Statement - rowIndex = com.cct.util.exportExcel.createRerportdetail(wb, rowIndex, testCaseContext): Invoke 'com.kms.katalon.core.annotation.AfterTestCase' method: 'NewTestListener.sampleAfterTestCase(...)' completed.]]></system-out>
         <system-err><![CDATA[]]></system-err>
      </testcase>
      <testcase name="Test Cases/com/cct/serviceschedule/openschedule/add/blankValue" classname="Test Cases/com/cct/serviceschedule/openschedule/add/blankValue" status="PASSED">
         <system-out><![CDATA[2018-04-05 11:21:46 - [TEST_CASE][PASSED] - Test Cases/com/cct/serviceschedule/openschedule/add/blankValue: Invoke 'com.kms.katalon.core.annotation.AfterTestCase' method: 'NewTestListener.sampleAfterTestCase(...)' completed.

2018-04-05 11:21:46 - [TEST_STEP][PASSED] - Start listener action : sampleBeforeTestCase: Invoke 'com.kms.katalon.core.annotation.BeforeTestCase' method: 'NewTestListener.sampleBeforeTestCase(...)' completed.

2018-04-05 11:21:46 - [TEST_STEP][PASSED] - com.cct.common.security.login.Login.loginDefault: com.cct.common.security.login.Login.loginDefault is PASSED

2018-04-05 11:21:46 - [MESSAGE][WARNING] - A browser is already opened. Closing browser and opening a new one

2018-04-05 11:21:52 - [MESSAGE][PASSED] - Browser is opened with url: 'http://10.100.70.87:8080/cp_cambodia/jsp/security/initLogin.action'

2018-04-05 11:21:52 - [MESSAGE][PASSED] - Wait for page load successfully

2018-04-05 11:21:56 - [MESSAGE][PASSED] - Current window maximized

2018-04-05 11:21:56 - [MESSAGE][PASSED] - Text 'N01' is set on object 'Object Repository/com/cct/security/login/login/input_carrierCode'

2018-04-05 11:21:56 - [MESSAGE][PASSED] - Text 'N01001' is set on object 'Object Repository/com/cct/security/login/login/input_username'

2018-04-05 11:21:56 - [MESSAGE][PASSED] - Text 'Nn@1234' is set on object 'Object Repository/com/cct/security/login/login/input_password'

2018-04-05 11:21:58 - [MESSAGE][PASSED] - Object: 'Object Repository/com/cct/security/login/login/button_Log-in' is clicked on

2018-04-05 11:21:59 - [MESSAGE][PASSED] - Delayed 1 second(s)

2018-04-05 11:21:59 - [MESSAGE][PASSED] - com.cct.common.security.login.Login.loginDefault is PASSED

2018-04-05 11:21:59 - [TEST_STEP][PASSED] - com.cct.common.serviceschedule.addopenschedule.AddOpenSchedule.gotoPage: com.cct.common.serviceschedule.addopenschedule.AddOpenSchedule.gotoPage is PASSED

2018-04-05 11:21:59 - [MESSAGE][PASSED] - Object: 'Object Repository/com/cct/security/mainpage/main/input_btnSubmit Manage Schedule and Individual Check-Ins' is clicked on

2018-04-05 11:22:00 - [MESSAGE][PASSED] - Object: 'Object Repository/com/cct/serviceschedule/openschedule/search/button_open new schedule' is clicked on

2018-04-05 11:22:00 - [MESSAGE][PASSED] - Object: 'Object Repository/com/cct/serviceschedule/openschedule/search/button_Open schedule manually' is clicked on

2018-04-05 11:22:00 - [MESSAGE][PASSED] - com.cct.common.serviceschedule.addopenschedule.AddOpenSchedule.gotoPage is PASSED

2018-04-05 11:22:00 - [TEST_STEP][PASSED] - com.cct.common.serviceschedule.addopenschedule.AddOpenSchedule.setValueToInput: com.cct.common.serviceschedule.addopenschedule.AddOpenSchedule.setValueToInput is PASSED

2018-04-05 11:22:00 - [MESSAGE][PASSED] - Text 'A1234A' is set on object 'Object Repository/com/cct/serviceschedule/openschedule/add/input_openScManual.serviceNumb'

2018-04-05 11:22:00 - [MESSAGE][PASSED] - Text 'PQQ' is set on object 'Object Repository/com/cct/serviceschedule/openschedule/add/input_autocompleteDepturePortN'

2018-04-05 11:22:01 - [MESSAGE][PASSED] - Delayed 1 second(s)

2018-04-05 11:22:01 - [MESSAGE][PASSED] - Text '' is set on object 'Object Repository/com/cct/serviceschedule/openschedule/add/input_autocompleteArrivalPortN'

2018-04-05 11:22:02 - [MESSAGE][PASSED] - Delayed 1 second(s)

2018-04-05 11:22:02 - [MESSAGE][PASSED] - Keys 'CONTROL + a' sent to object: 'Object Repository/com/cct/serviceschedule/openschedule/add/input_openScManual_depDate_dd_'

2018-04-05 11:22:03 - [MESSAGE][PASSED] - Keys 'CONTROL + a' sent to object: 'Object Repository/com/cct/serviceschedule/openschedule/add/input_openScManual_arrDate_dd_'

2018-04-05 11:22:03 - [MESSAGE][PASSED] - Keys 'CONTROL + a' sent to object: 'Object Repository/com/cct/serviceschedule/openschedule/add/input_openScManual_arrTime_hh_'

2018-04-05 11:22:03 - [MESSAGE][PASSED] - Keys 'CONTROL + a' sent to object: 'Object Repository/com/cct/serviceschedule/openschedule/add/input_openScManual_depTime_hh_'

2018-04-05 11:22:04 - [MESSAGE][PASSED] - Delayed 1 second(s)

2018-04-05 11:22:04 - [MESSAGE][PASSED] - com.cct.common.serviceschedule.addopenschedule.AddOpenSchedule.setValueToInput is PASSED

2018-04-05 11:22:04 - [TEST_STEP][PASSED] - click: Object: 'Object Repository/com/cct/serviceschedule/openschedule/add/button_Open' is clicked on

2018-04-05 11:22:04 - [MESSAGE][PASSED] - Object: 'Object Repository/com/cct/serviceschedule/openschedule/add/button_Open' is clicked on

2018-04-05 11:22:04 - [TEST_STEP][PASSED] - verifyElementText: Actual text and expected text of test object 'Object Repository/com/cct/serviceschedule/openschedule/add/alert message' are matched.

2018-04-05 11:22:04 - [MESSAGE][PASSED] - Actual text and expected text of test object 'Object Repository/com/cct/serviceschedule/openschedule/add/alert message' are matched.

2018-04-05 11:22:04 - [TEST_STEP][PASSED] - Start listener action : sampleAfterTestCase: Invoke 'com.kms.katalon.core.annotation.AfterTestCase' method: 'NewTestListener.sampleAfterTestCase(...)' completed.

2018-04-05 11:22:04 - [TEST_STEP][PASSED] - comment: Name: /xl/workbook.xml - Content Type: application/vnd.openxmlformats-officedocument.spreadsheetml.sheet.main+xml

2018-04-05 11:22:04 - [TEST_STEP][PASSED] - comment: null

2018-04-05 11:22:04 - [TEST_STEP][PASSED] - comment: 8

2018-04-05 11:22:04 - [TEST_STEP][PASSED] - comment: com.kms.katalon.core.context.internal.InternalTestCaseContext@7a904f32

2018-04-05 11:22:04 - [TEST_STEP][PASSED] - Statement - rowIndex = com.cct.util.exportExcel.createRerportdetail(wb, rowIndex, testCaseContext): Invoke 'com.kms.katalon.core.annotation.AfterTestCase' method: 'NewTestListener.sampleAfterTestCase(...)' completed.]]></system-out>
         <system-err><![CDATA[]]></system-err>
      </testcase>
      <testcase name="Test Cases/com/cct/serviceschedule/openschedule/add/blankValue" classname="Test Cases/com/cct/serviceschedule/openschedule/add/blankValue" status="PASSED">
         <system-out><![CDATA[2018-04-05 11:22:04 - [TEST_CASE][PASSED] - Test Cases/com/cct/serviceschedule/openschedule/add/blankValue: Invoke 'com.kms.katalon.core.annotation.AfterTestCase' method: 'NewTestListener.sampleAfterTestCase(...)' completed.

2018-04-05 11:22:04 - [TEST_STEP][PASSED] - Start listener action : sampleBeforeTestCase: Invoke 'com.kms.katalon.core.annotation.BeforeTestCase' method: 'NewTestListener.sampleBeforeTestCase(...)' completed.

2018-04-05 11:22:04 - [TEST_STEP][PASSED] - com.cct.common.security.login.Login.loginDefault: com.cct.common.security.login.Login.loginDefault is PASSED

2018-04-05 11:22:04 - [MESSAGE][WARNING] - A browser is already opened. Closing browser and opening a new one

2018-04-05 11:22:09 - [MESSAGE][PASSED] - Browser is opened with url: 'http://10.100.70.87:8080/cp_cambodia/jsp/security/initLogin.action'

2018-04-05 11:22:09 - [MESSAGE][PASSED] - Wait for page load successfully

2018-04-05 11:22:13 - [MESSAGE][PASSED] - Current window maximized

2018-04-05 11:22:13 - [MESSAGE][PASSED] - Text 'N01' is set on object 'Object Repository/com/cct/security/login/login/input_carrierCode'

2018-04-05 11:22:13 - [MESSAGE][PASSED] - Text 'N01001' is set on object 'Object Repository/com/cct/security/login/login/input_username'

2018-04-05 11:22:13 - [MESSAGE][PASSED] - Text 'Nn@1234' is set on object 'Object Repository/com/cct/security/login/login/input_password'

2018-04-05 11:22:15 - [MESSAGE][PASSED] - Object: 'Object Repository/com/cct/security/login/login/button_Log-in' is clicked on

2018-04-05 11:22:16 - [MESSAGE][PASSED] - Delayed 1 second(s)

2018-04-05 11:22:16 - [MESSAGE][PASSED] - com.cct.common.security.login.Login.loginDefault is PASSED

2018-04-05 11:22:16 - [TEST_STEP][PASSED] - com.cct.common.serviceschedule.addopenschedule.AddOpenSchedule.gotoPage: com.cct.common.serviceschedule.addopenschedule.AddOpenSchedule.gotoPage is PASSED

2018-04-05 11:22:16 - [MESSAGE][PASSED] - Object: 'Object Repository/com/cct/security/mainpage/main/input_btnSubmit Manage Schedule and Individual Check-Ins' is clicked on

2018-04-05 11:22:17 - [MESSAGE][PASSED] - Object: 'Object Repository/com/cct/serviceschedule/openschedule/search/button_open new schedule' is clicked on

2018-04-05 11:22:17 - [MESSAGE][PASSED] - Object: 'Object Repository/com/cct/serviceschedule/openschedule/search/button_Open schedule manually' is clicked on

2018-04-05 11:22:17 - [MESSAGE][PASSED] - com.cct.common.serviceschedule.addopenschedule.AddOpenSchedule.gotoPage is PASSED

2018-04-05 11:22:17 - [TEST_STEP][PASSED] - com.cct.common.serviceschedule.addopenschedule.AddOpenSchedule.setValueToInput: com.cct.common.serviceschedule.addopenschedule.AddOpenSchedule.setValueToInput is PASSED

2018-04-05 11:22:17 - [MESSAGE][PASSED] - Text 'A1234A' is set on object 'Object Repository/com/cct/serviceschedule/openschedule/add/input_openScManual.serviceNumb'

2018-04-05 11:22:17 - [MESSAGE][PASSED] - Text 'PQQ' is set on object 'Object Repository/com/cct/serviceschedule/openschedule/add/input_autocompleteDepturePortN'

2018-04-05 11:22:18 - [MESSAGE][PASSED] - Delayed 1 second(s)

2018-04-05 11:22:18 - [MESSAGE][PASSED] - Text 'DMK' is set on object 'Object Repository/com/cct/serviceschedule/openschedule/add/input_autocompleteArrivalPortN'

2018-04-05 11:22:19 - [MESSAGE][PASSED] - Delayed 1 second(s)

2018-04-05 11:22:20 - [MESSAGE][PASSED] - Keys 'CONTROL + a' sent to object: 'Object Repository/com/cct/serviceschedule/openschedule/add/input_openScManual_depDate_dd_'

2018-04-05 11:22:20 - [MESSAGE][PASSED] - Keys 'CONTROL + a' sent to object: 'Object Repository/com/cct/serviceschedule/openschedule/add/input_openScManual_arrDate_dd_'

2018-04-05 11:22:20 - [MESSAGE][PASSED] - Keys 'CONTROL + a' sent to object: 'Object Repository/com/cct/serviceschedule/openschedule/add/input_openScManual_arrTime_hh_'

2018-04-05 11:22:20 - [MESSAGE][PASSED] - Keys 'CONTROL + a' sent to object: 'Object Repository/com/cct/serviceschedule/openschedule/add/input_openScManual_depTime_hh_'

2018-04-05 11:22:21 - [MESSAGE][PASSED] - Delayed 1 second(s)

2018-04-05 11:22:21 - [MESSAGE][PASSED] - com.cct.common.serviceschedule.addopenschedule.AddOpenSchedule.setValueToInput is PASSED

2018-04-05 11:22:21 - [TEST_STEP][PASSED] - click: Object: 'Object Repository/com/cct/serviceschedule/openschedule/add/button_Open' is clicked on

2018-04-05 11:22:21 - [MESSAGE][PASSED] - Object: 'Object Repository/com/cct/serviceschedule/openschedule/add/button_Open' is clicked on

2018-04-05 11:22:21 - [TEST_STEP][PASSED] - verifyElementText: Actual text and expected text of test object 'Object Repository/com/cct/serviceschedule/openschedule/add/alert message' are matched.

2018-04-05 11:22:21 - [MESSAGE][PASSED] - Actual text and expected text of test object 'Object Repository/com/cct/serviceschedule/openschedule/add/alert message' are matched.

2018-04-05 11:22:21 - [TEST_STEP][PASSED] - Start listener action : sampleAfterTestCase: Invoke 'com.kms.katalon.core.annotation.AfterTestCase' method: 'NewTestListener.sampleAfterTestCase(...)' completed.

2018-04-05 11:22:21 - [TEST_STEP][PASSED] - comment: Name: /xl/workbook.xml - Content Type: application/vnd.openxmlformats-officedocument.spreadsheetml.sheet.main+xml

2018-04-05 11:22:21 - [TEST_STEP][PASSED] - comment: null

2018-04-05 11:22:21 - [TEST_STEP][PASSED] - comment: 9

2018-04-05 11:22:21 - [TEST_STEP][PASSED] - comment: com.kms.katalon.core.context.internal.InternalTestCaseContext@7fcf294e

2018-04-05 11:22:21 - [TEST_STEP][PASSED] - Statement - rowIndex = com.cct.util.exportExcel.createRerportdetail(wb, rowIndex, testCaseContext): Invoke 'com.kms.katalon.core.annotation.AfterTestCase' method: 'NewTestListener.sampleAfterTestCase(...)' completed.]]></system-out>
         <system-err><![CDATA[]]></system-err>
      </testcase>
      <testcase name="Test Cases/com/cct/serviceschedule/openschedule/add/blankValue" classname="Test Cases/com/cct/serviceschedule/openschedule/add/blankValue" status="PASSED">
         <system-out><![CDATA[2018-04-05 11:22:21 - [TEST_CASE][PASSED] - Test Cases/com/cct/serviceschedule/openschedule/add/blankValue: Invoke 'com.kms.katalon.core.annotation.AfterTestCase' method: 'NewTestListener.sampleAfterTestCase(...)' completed.

2018-04-05 11:22:21 - [TEST_STEP][PASSED] - Start listener action : sampleBeforeTestCase: Invoke 'com.kms.katalon.core.annotation.BeforeTestCase' method: 'NewTestListener.sampleBeforeTestCase(...)' completed.

2018-04-05 11:22:21 - [TEST_STEP][PASSED] - com.cct.common.security.login.Login.loginDefault: com.cct.common.security.login.Login.loginDefault is PASSED

2018-04-05 11:22:21 - [MESSAGE][WARNING] - A browser is already opened. Closing browser and opening a new one

2018-04-05 11:22:26 - [MESSAGE][PASSED] - Browser is opened with url: 'http://10.100.70.87:8080/cp_cambodia/jsp/security/initLogin.action'

2018-04-05 11:22:27 - [MESSAGE][PASSED] - Wait for page load successfully

2018-04-05 11:22:30 - [MESSAGE][PASSED] - Current window maximized

2018-04-05 11:22:30 - [MESSAGE][PASSED] - Text 'N01' is set on object 'Object Repository/com/cct/security/login/login/input_carrierCode'

2018-04-05 11:22:30 - [MESSAGE][PASSED] - Text 'N01001' is set on object 'Object Repository/com/cct/security/login/login/input_username'

2018-04-05 11:22:30 - [MESSAGE][PASSED] - Text 'Nn@1234' is set on object 'Object Repository/com/cct/security/login/login/input_password'

2018-04-05 11:22:32 - [MESSAGE][PASSED] - Object: 'Object Repository/com/cct/security/login/login/button_Log-in' is clicked on

2018-04-05 11:22:33 - [MESSAGE][PASSED] - Delayed 1 second(s)

2018-04-05 11:22:33 - [MESSAGE][PASSED] - com.cct.common.security.login.Login.loginDefault is PASSED

2018-04-05 11:22:33 - [TEST_STEP][PASSED] - com.cct.common.serviceschedule.addopenschedule.AddOpenSchedule.gotoPage: com.cct.common.serviceschedule.addopenschedule.AddOpenSchedule.gotoPage is PASSED

2018-04-05 11:22:33 - [MESSAGE][PASSED] - Object: 'Object Repository/com/cct/security/mainpage/main/input_btnSubmit Manage Schedule and Individual Check-Ins' is clicked on

2018-04-05 11:22:34 - [MESSAGE][PASSED] - Object: 'Object Repository/com/cct/serviceschedule/openschedule/search/button_open new schedule' is clicked on

2018-04-05 11:22:34 - [MESSAGE][PASSED] - Object: 'Object Repository/com/cct/serviceschedule/openschedule/search/button_Open schedule manually' is clicked on

2018-04-05 11:22:34 - [MESSAGE][PASSED] - com.cct.common.serviceschedule.addopenschedule.AddOpenSchedule.gotoPage is PASSED

2018-04-05 11:22:34 - [TEST_STEP][PASSED] - com.cct.common.serviceschedule.addopenschedule.AddOpenSchedule.setValueToInput: com.cct.common.serviceschedule.addopenschedule.AddOpenSchedule.setValueToInput is PASSED

2018-04-05 11:22:34 - [MESSAGE][PASSED] - Text 'A1234A' is set on object 'Object Repository/com/cct/serviceschedule/openschedule/add/input_openScManual.serviceNumb'

2018-04-05 11:22:34 - [MESSAGE][PASSED] - Text 'PQQ' is set on object 'Object Repository/com/cct/serviceschedule/openschedule/add/input_autocompleteDepturePortN'

2018-04-05 11:22:35 - [MESSAGE][PASSED] - Delayed 1 second(s)

2018-04-05 11:22:35 - [MESSAGE][PASSED] - Text 'DMK' is set on object 'Object Repository/com/cct/serviceschedule/openschedule/add/input_autocompleteArrivalPortN'

2018-04-05 11:22:36 - [MESSAGE][PASSED] - Delayed 1 second(s)

2018-04-05 11:22:36 - [MESSAGE][PASSED] - Keys 'CONTROL + a' sent to object: 'Object Repository/com/cct/serviceschedule/openschedule/add/input_openScManual_depDate_dd_'

2018-04-05 11:22:37 - [MESSAGE][PASSED] - Keys 'CONTROL + a' sent to object: 'Object Repository/com/cct/serviceschedule/openschedule/add/input_openScManual_arrDate_dd_'

2018-04-05 11:22:37 - [MESSAGE][PASSED] - Keys 'CONTROL + a' sent to object: 'Object Repository/com/cct/serviceschedule/openschedule/add/input_openScManual_arrTime_hh_'

2018-04-05 11:22:37 - [MESSAGE][PASSED] - Keys 'CONTROL + a' sent to object: 'Object Repository/com/cct/serviceschedule/openschedule/add/input_openScManual_depTime_hh_'

2018-04-05 11:22:38 - [MESSAGE][PASSED] - Delayed 1 second(s)

2018-04-05 11:22:38 - [MESSAGE][PASSED] - com.cct.common.serviceschedule.addopenschedule.AddOpenSchedule.setValueToInput is PASSED

2018-04-05 11:22:38 - [TEST_STEP][PASSED] - click: Object: 'Object Repository/com/cct/serviceschedule/openschedule/add/button_Open' is clicked on

2018-04-05 11:22:38 - [MESSAGE][PASSED] - Object: 'Object Repository/com/cct/serviceschedule/openschedule/add/button_Open' is clicked on

2018-04-05 11:22:38 - [TEST_STEP][PASSED] - verifyElementText: Actual text and expected text of test object 'Object Repository/com/cct/serviceschedule/openschedule/add/alert message' are matched.

2018-04-05 11:22:38 - [MESSAGE][PASSED] - Actual text and expected text of test object 'Object Repository/com/cct/serviceschedule/openschedule/add/alert message' are matched.

2018-04-05 11:22:38 - [TEST_STEP][PASSED] - Start listener action : sampleAfterTestCase: Invoke 'com.kms.katalon.core.annotation.AfterTestCase' method: 'NewTestListener.sampleAfterTestCase(...)' completed.

2018-04-05 11:22:38 - [TEST_STEP][PASSED] - comment: Name: /xl/workbook.xml - Content Type: application/vnd.openxmlformats-officedocument.spreadsheetml.sheet.main+xml

2018-04-05 11:22:38 - [TEST_STEP][PASSED] - comment: null

2018-04-05 11:22:38 - [TEST_STEP][PASSED] - comment: 10

2018-04-05 11:22:38 - [TEST_STEP][PASSED] - comment: com.kms.katalon.core.context.internal.InternalTestCaseContext@1b9776f5

2018-04-05 11:22:38 - [TEST_STEP][PASSED] - Statement - rowIndex = com.cct.util.exportExcel.createRerportdetail(wb, rowIndex, testCaseContext): Invoke 'com.kms.katalon.core.annotation.AfterTestCase' method: 'NewTestListener.sampleAfterTestCase(...)' completed.]]></system-out>
         <system-err><![CDATA[]]></system-err>
      </testcase>
      <testcase name="Test Cases/com/cct/serviceschedule/openschedule/add/blankValue" classname="Test Cases/com/cct/serviceschedule/openschedule/add/blankValue" status="PASSED">
         <system-out><![CDATA[2018-04-05 11:22:38 - [TEST_CASE][PASSED] - Test Cases/com/cct/serviceschedule/openschedule/add/blankValue: Invoke 'com.kms.katalon.core.annotation.AfterTestCase' method: 'NewTestListener.sampleAfterTestCase(...)' completed.

2018-04-05 11:22:38 - [TEST_STEP][PASSED] - Start listener action : sampleBeforeTestCase: Invoke 'com.kms.katalon.core.annotation.BeforeTestCase' method: 'NewTestListener.sampleBeforeTestCase(...)' completed.

2018-04-05 11:22:38 - [TEST_STEP][PASSED] - com.cct.common.security.login.Login.loginDefault: com.cct.common.security.login.Login.loginDefault is PASSED

2018-04-05 11:22:38 - [MESSAGE][WARNING] - A browser is already opened. Closing browser and opening a new one

2018-04-05 11:22:44 - [MESSAGE][PASSED] - Browser is opened with url: 'http://10.100.70.87:8080/cp_cambodia/jsp/security/initLogin.action'

2018-04-05 11:22:44 - [MESSAGE][PASSED] - Wait for page load successfully

2018-04-05 11:22:47 - [MESSAGE][PASSED] - Current window maximized

2018-04-05 11:22:47 - [MESSAGE][PASSED] - Text 'N01' is set on object 'Object Repository/com/cct/security/login/login/input_carrierCode'

2018-04-05 11:22:47 - [MESSAGE][PASSED] - Text 'N01001' is set on object 'Object Repository/com/cct/security/login/login/input_username'

2018-04-05 11:22:47 - [MESSAGE][PASSED] - Text 'Nn@1234' is set on object 'Object Repository/com/cct/security/login/login/input_password'

2018-04-05 11:22:49 - [MESSAGE][PASSED] - Object: 'Object Repository/com/cct/security/login/login/button_Log-in' is clicked on

2018-04-05 11:22:50 - [MESSAGE][PASSED] - Delayed 1 second(s)

2018-04-05 11:22:50 - [MESSAGE][PASSED] - com.cct.common.security.login.Login.loginDefault is PASSED

2018-04-05 11:22:50 - [TEST_STEP][PASSED] - com.cct.common.serviceschedule.addopenschedule.AddOpenSchedule.gotoPage: com.cct.common.serviceschedule.addopenschedule.AddOpenSchedule.gotoPage is PASSED

2018-04-05 11:22:50 - [MESSAGE][PASSED] - Object: 'Object Repository/com/cct/security/mainpage/main/input_btnSubmit Manage Schedule and Individual Check-Ins' is clicked on

2018-04-05 11:22:51 - [MESSAGE][PASSED] - Object: 'Object Repository/com/cct/serviceschedule/openschedule/search/button_open new schedule' is clicked on

2018-04-05 11:22:51 - [MESSAGE][PASSED] - Object: 'Object Repository/com/cct/serviceschedule/openschedule/search/button_Open schedule manually' is clicked on

2018-04-05 11:22:51 - [MESSAGE][PASSED] - com.cct.common.serviceschedule.addopenschedule.AddOpenSchedule.gotoPage is PASSED

2018-04-05 11:22:51 - [TEST_STEP][PASSED] - com.cct.common.serviceschedule.addopenschedule.AddOpenSchedule.setValueToInput: com.cct.common.serviceschedule.addopenschedule.AddOpenSchedule.setValueToInput is PASSED

2018-04-05 11:22:51 - [MESSAGE][PASSED] - Text 'A1234A' is set on object 'Object Repository/com/cct/serviceschedule/openschedule/add/input_openScManual.serviceNumb'

2018-04-05 11:22:51 - [MESSAGE][PASSED] - Text 'PQQ' is set on object 'Object Repository/com/cct/serviceschedule/openschedule/add/input_autocompleteDepturePortN'

2018-04-05 11:22:52 - [MESSAGE][PASSED] - Delayed 1 second(s)

2018-04-05 11:22:52 - [MESSAGE][PASSED] - Text 'DMK' is set on object 'Object Repository/com/cct/serviceschedule/openschedule/add/input_autocompleteArrivalPortN'

2018-04-05 11:22:53 - [MESSAGE][PASSED] - Delayed 1 second(s)

2018-04-05 11:22:54 - [MESSAGE][PASSED] - Keys 'CONTROL + a' sent to object: 'Object Repository/com/cct/serviceschedule/openschedule/add/input_openScManual_depDate_dd_'

2018-04-05 11:22:54 - [MESSAGE][PASSED] - Keys 'CONTROL + a' sent to object: 'Object Repository/com/cct/serviceschedule/openschedule/add/input_openScManual_arrDate_dd_'

2018-04-05 11:22:54 - [MESSAGE][PASSED] - Keys 'CONTROL + a' sent to object: 'Object Repository/com/cct/serviceschedule/openschedule/add/input_openScManual_arrTime_hh_'

2018-04-05 11:22:54 - [MESSAGE][PASSED] - Keys 'CONTROL + a' sent to object: 'Object Repository/com/cct/serviceschedule/openschedule/add/input_openScManual_depTime_hh_'

2018-04-05 11:22:55 - [MESSAGE][PASSED] - Delayed 1 second(s)

2018-04-05 11:22:55 - [MESSAGE][PASSED] - com.cct.common.serviceschedule.addopenschedule.AddOpenSchedule.setValueToInput is PASSED

2018-04-05 11:22:55 - [TEST_STEP][PASSED] - click: Object: 'Object Repository/com/cct/serviceschedule/openschedule/add/button_Open' is clicked on

2018-04-05 11:22:55 - [MESSAGE][PASSED] - Object: 'Object Repository/com/cct/serviceschedule/openschedule/add/button_Open' is clicked on

2018-04-05 11:22:55 - [TEST_STEP][PASSED] - verifyElementText: Actual text and expected text of test object 'Object Repository/com/cct/serviceschedule/openschedule/add/alert message' are matched.

2018-04-05 11:22:55 - [MESSAGE][PASSED] - Actual text and expected text of test object 'Object Repository/com/cct/serviceschedule/openschedule/add/alert message' are matched.

2018-04-05 11:22:55 - [TEST_STEP][PASSED] - Start listener action : sampleAfterTestCase: Invoke 'com.kms.katalon.core.annotation.AfterTestCase' method: 'NewTestListener.sampleAfterTestCase(...)' completed.

2018-04-05 11:22:55 - [TEST_STEP][PASSED] - comment: Name: /xl/workbook.xml - Content Type: application/vnd.openxmlformats-officedocument.spreadsheetml.sheet.main+xml

2018-04-05 11:22:55 - [TEST_STEP][PASSED] - comment: null

2018-04-05 11:22:55 - [TEST_STEP][PASSED] - comment: 11

2018-04-05 11:22:55 - [TEST_STEP][PASSED] - comment: com.kms.katalon.core.context.internal.InternalTestCaseContext@49206065

2018-04-05 11:22:55 - [TEST_STEP][PASSED] - Statement - rowIndex = com.cct.util.exportExcel.createRerportdetail(wb, rowIndex, testCaseContext): Invoke 'com.kms.katalon.core.annotation.AfterTestCase' method: 'NewTestListener.sampleAfterTestCase(...)' completed.]]></system-out>
         <system-err><![CDATA[]]></system-err>
      </testcase>
      <testcase name="Test Cases/com/cct/serviceschedule/openschedule/add/blankValue" classname="Test Cases/com/cct/serviceschedule/openschedule/add/blankValue" status="PASSED">
         <system-out><![CDATA[2018-04-05 11:22:55 - [TEST_CASE][PASSED] - Test Cases/com/cct/serviceschedule/openschedule/add/blankValue: Invoke 'com.kms.katalon.core.annotation.AfterTestCase' method: 'NewTestListener.sampleAfterTestCase(...)' completed.

2018-04-05 11:22:55 - [TEST_STEP][PASSED] - Start listener action : sampleBeforeTestCase: Invoke 'com.kms.katalon.core.annotation.BeforeTestCase' method: 'NewTestListener.sampleBeforeTestCase(...)' completed.

2018-04-05 11:22:55 - [TEST_STEP][PASSED] - com.cct.common.security.login.Login.loginDefault: com.cct.common.security.login.Login.loginDefault is PASSED

2018-04-05 11:22:55 - [MESSAGE][WARNING] - A browser is already opened. Closing browser and opening a new one

2018-04-05 11:23:01 - [MESSAGE][PASSED] - Browser is opened with url: 'http://10.100.70.87:8080/cp_cambodia/jsp/security/initLogin.action'

2018-04-05 11:23:01 - [MESSAGE][PASSED] - Wait for page load successfully

2018-04-05 11:23:04 - [MESSAGE][PASSED] - Current window maximized

2018-04-05 11:23:05 - [MESSAGE][PASSED] - Text 'N01' is set on object 'Object Repository/com/cct/security/login/login/input_carrierCode'

2018-04-05 11:23:05 - [MESSAGE][PASSED] - Text 'N01001' is set on object 'Object Repository/com/cct/security/login/login/input_username'

2018-04-05 11:23:05 - [MESSAGE][PASSED] - Text 'Nn@1234' is set on object 'Object Repository/com/cct/security/login/login/input_password'

2018-04-05 11:23:07 - [MESSAGE][PASSED] - Object: 'Object Repository/com/cct/security/login/login/button_Log-in' is clicked on

2018-04-05 11:23:08 - [MESSAGE][PASSED] - Delayed 1 second(s)

2018-04-05 11:23:08 - [MESSAGE][PASSED] - com.cct.common.security.login.Login.loginDefault is PASSED

2018-04-05 11:23:08 - [TEST_STEP][PASSED] - com.cct.common.serviceschedule.addopenschedule.AddOpenSchedule.gotoPage: com.cct.common.serviceschedule.addopenschedule.AddOpenSchedule.gotoPage is PASSED

2018-04-05 11:23:08 - [MESSAGE][PASSED] - Object: 'Object Repository/com/cct/security/mainpage/main/input_btnSubmit Manage Schedule and Individual Check-Ins' is clicked on

2018-04-05 11:23:09 - [MESSAGE][PASSED] - Object: 'Object Repository/com/cct/serviceschedule/openschedule/search/button_open new schedule' is clicked on

2018-04-05 11:23:09 - [MESSAGE][PASSED] - Object: 'Object Repository/com/cct/serviceschedule/openschedule/search/button_Open schedule manually' is clicked on

2018-04-05 11:23:09 - [MESSAGE][PASSED] - com.cct.common.serviceschedule.addopenschedule.AddOpenSchedule.gotoPage is PASSED

2018-04-05 11:23:09 - [TEST_STEP][PASSED] - com.cct.common.serviceschedule.addopenschedule.AddOpenSchedule.setValueToInput: com.cct.common.serviceschedule.addopenschedule.AddOpenSchedule.setValueToInput is PASSED

2018-04-05 11:23:09 - [MESSAGE][PASSED] - Text 'A1234A' is set on object 'Object Repository/com/cct/serviceschedule/openschedule/add/input_openScManual.serviceNumb'

2018-04-05 11:23:09 - [MESSAGE][PASSED] - Text 'PQQ' is set on object 'Object Repository/com/cct/serviceschedule/openschedule/add/input_autocompleteDepturePortN'

2018-04-05 11:23:10 - [MESSAGE][PASSED] - Delayed 1 second(s)

2018-04-05 11:23:10 - [MESSAGE][PASSED] - Text 'DMK' is set on object 'Object Repository/com/cct/serviceschedule/openschedule/add/input_autocompleteArrivalPortN'

2018-04-05 11:23:11 - [MESSAGE][PASSED] - Delayed 1 second(s)

2018-04-05 11:23:11 - [MESSAGE][PASSED] - Keys 'CONTROL + a' sent to object: 'Object Repository/com/cct/serviceschedule/openschedule/add/input_openScManual_depDate_dd_'

2018-04-05 11:23:12 - [MESSAGE][PASSED] - Keys 'CONTROL + a' sent to object: 'Object Repository/com/cct/serviceschedule/openschedule/add/input_openScManual_arrDate_dd_'

2018-04-05 11:23:12 - [MESSAGE][PASSED] - Keys 'CONTROL + a' sent to object: 'Object Repository/com/cct/serviceschedule/openschedule/add/input_openScManual_arrTime_hh_'

2018-04-05 11:23:12 - [MESSAGE][PASSED] - Keys 'CONTROL + a' sent to object: 'Object Repository/com/cct/serviceschedule/openschedule/add/input_openScManual_depTime_hh_'

2018-04-05 11:23:13 - [MESSAGE][PASSED] - Delayed 1 second(s)

2018-04-05 11:23:13 - [MESSAGE][PASSED] - com.cct.common.serviceschedule.addopenschedule.AddOpenSchedule.setValueToInput is PASSED

2018-04-05 11:23:13 - [TEST_STEP][PASSED] - click: Object: 'Object Repository/com/cct/serviceschedule/openschedule/add/button_Open' is clicked on

2018-04-05 11:23:13 - [MESSAGE][PASSED] - Object: 'Object Repository/com/cct/serviceschedule/openschedule/add/button_Open' is clicked on

2018-04-05 11:23:13 - [TEST_STEP][PASSED] - verifyElementText: Actual text and expected text of test object 'Object Repository/com/cct/serviceschedule/openschedule/add/alert message' are matched.

2018-04-05 11:23:13 - [MESSAGE][PASSED] - Actual text and expected text of test object 'Object Repository/com/cct/serviceschedule/openschedule/add/alert message' are matched.

2018-04-05 11:23:13 - [TEST_STEP][PASSED] - Start listener action : sampleAfterTestCase: Invoke 'com.kms.katalon.core.annotation.AfterTestCase' method: 'NewTestListener.sampleAfterTestCase(...)' completed.

2018-04-05 11:23:13 - [TEST_STEP][PASSED] - comment: Name: /xl/workbook.xml - Content Type: application/vnd.openxmlformats-officedocument.spreadsheetml.sheet.main+xml

2018-04-05 11:23:13 - [TEST_STEP][PASSED] - comment: null

2018-04-05 11:23:13 - [TEST_STEP][PASSED] - comment: 12

2018-04-05 11:23:13 - [TEST_STEP][PASSED] - comment: com.kms.katalon.core.context.internal.InternalTestCaseContext@684b31de

2018-04-05 11:23:13 - [TEST_STEP][PASSED] - Statement - rowIndex = com.cct.util.exportExcel.createRerportdetail(wb, rowIndex, testCaseContext): Invoke 'com.kms.katalon.core.annotation.AfterTestCase' method: 'NewTestListener.sampleAfterTestCase(...)' completed.]]></system-out>
         <system-err><![CDATA[]]></system-err>
      </testcase>
      <testcase name="Test Cases/com/cct/serviceschedule/openschedule/add/depPort" classname="Test Cases/com/cct/serviceschedule/openschedule/add/depPort" status="PASSED">
         <system-out><![CDATA[2018-04-05 11:23:13 - [TEST_CASE][PASSED] - Test Cases/com/cct/serviceschedule/openschedule/add/depPort: Invoke 'com.kms.katalon.core.annotation.AfterTestCase' method: 'NewTestListener.sampleAfterTestCase(...)' completed.

2018-04-05 11:23:13 - [TEST_STEP][PASSED] - Start listener action : sampleBeforeTestCase: Invoke 'com.kms.katalon.core.annotation.BeforeTestCase' method: 'NewTestListener.sampleBeforeTestCase(...)' completed.

2018-04-05 11:23:13 - [TEST_STEP][PASSED] - com.cct.common.security.login.Login.loginDefault: com.cct.common.security.login.Login.loginDefault is PASSED

2018-04-05 11:23:13 - [MESSAGE][WARNING] - A browser is already opened. Closing browser and opening a new one

2018-04-05 11:23:19 - [MESSAGE][PASSED] - Browser is opened with url: 'http://10.100.70.87:8080/cp_cambodia/jsp/security/initLogin.action'

2018-04-05 11:23:19 - [MESSAGE][PASSED] - Wait for page load successfully

2018-04-05 11:23:22 - [MESSAGE][PASSED] - Current window maximized

2018-04-05 11:23:23 - [MESSAGE][PASSED] - Text 'N01' is set on object 'Object Repository/com/cct/security/login/login/input_carrierCode'

2018-04-05 11:23:23 - [MESSAGE][PASSED] - Text 'N01001' is set on object 'Object Repository/com/cct/security/login/login/input_username'

2018-04-05 11:23:23 - [MESSAGE][PASSED] - Text 'Nn@1234' is set on object 'Object Repository/com/cct/security/login/login/input_password'

2018-04-05 11:23:24 - [MESSAGE][PASSED] - Object: 'Object Repository/com/cct/security/login/login/button_Log-in' is clicked on

2018-04-05 11:23:25 - [MESSAGE][PASSED] - Delayed 1 second(s)

2018-04-05 11:23:25 - [MESSAGE][PASSED] - com.cct.common.security.login.Login.loginDefault is PASSED

2018-04-05 11:23:25 - [TEST_STEP][PASSED] - com.cct.common.serviceschedule.addopenschedule.AddOpenSchedule.gotoPage: com.cct.common.serviceschedule.addopenschedule.AddOpenSchedule.gotoPage is PASSED

2018-04-05 11:23:25 - [MESSAGE][PASSED] - Object: 'Object Repository/com/cct/security/mainpage/main/input_btnSubmit Manage Schedule and Individual Check-Ins' is clicked on

2018-04-05 11:23:26 - [MESSAGE][PASSED] - Object: 'Object Repository/com/cct/serviceschedule/openschedule/search/button_open new schedule' is clicked on

2018-04-05 11:23:26 - [MESSAGE][PASSED] - Object: 'Object Repository/com/cct/serviceschedule/openschedule/search/button_Open schedule manually' is clicked on

2018-04-05 11:23:26 - [MESSAGE][PASSED] - com.cct.common.serviceschedule.addopenschedule.AddOpenSchedule.gotoPage is PASSED

2018-04-05 11:23:26 - [TEST_STEP][PASSED] - com.cct.util.Dropdownlist.selectDropdownlist: com.cct.util.Dropdownlist.selectDropdownlist is PASSED

2018-04-05 11:23:27 - [MESSAGE][PASSED] - Delayed 1 second(s)

2018-04-05 11:23:28 - [MESSAGE][PASSED] - Object: 'Object Repository/com/cct/serviceschedule/openschedule/add/span_Arrival' is clicked on

2018-04-05 11:23:29 - [MESSAGE][PASSED] - Delayed 1 second(s)

2018-04-05 11:23:30 - [MESSAGE][PASSED] - Delayed 1 second(s)

2018-04-05 11:23:30 - [MESSAGE][PASSED] - com.cct.util.Dropdownlist.selectDropdownlist is PASSED

2018-04-05 11:23:30 - [TEST_STEP][PASSED] - com.cct.common.serviceschedule.addopenschedule.AddOpenSchedule.setValueToInput: com.cct.common.serviceschedule.addopenschedule.AddOpenSchedule.setValueToInput is PASSED

2018-04-05 11:23:30 - [MESSAGE][PASSED] - Text '' is set on object 'Object Repository/com/cct/serviceschedule/openschedule/add/input_openScManual.serviceNumb'

2018-04-05 11:23:30 - [MESSAGE][PASSED] - Text '' is set on object 'Object Repository/com/cct/serviceschedule/openschedule/add/input_autocompleteDepturePortN'

2018-04-05 11:23:31 - [MESSAGE][PASSED] - Delayed 1 second(s)

2018-04-05 11:23:31 - [MESSAGE][PASSED] - Text 'Dmk' is set on object 'Object Repository/com/cct/serviceschedule/openschedule/add/input_autocompleteArrivalPortN'

2018-04-05 11:23:32 - [MESSAGE][PASSED] - Delayed 1 second(s)

2018-04-05 11:23:33 - [MESSAGE][PASSED] - Keys 'CONTROL + a' sent to object: 'Object Repository/com/cct/serviceschedule/openschedule/add/input_openScManual_depDate_dd_'

2018-04-05 11:23:33 - [MESSAGE][PASSED] - Keys 'CONTROL + a' sent to object: 'Object Repository/com/cct/serviceschedule/openschedule/add/input_openScManual_arrDate_dd_'

2018-04-05 11:23:33 - [MESSAGE][PASSED] - Keys 'CONTROL + a' sent to object: 'Object Repository/com/cct/serviceschedule/openschedule/add/input_openScManual_arrTime_hh_'

2018-04-05 11:23:33 - [MESSAGE][PASSED] - Keys 'CONTROL + a' sent to object: 'Object Repository/com/cct/serviceschedule/openschedule/add/input_openScManual_depTime_hh_'

2018-04-05 11:23:34 - [MESSAGE][PASSED] - Delayed 1 second(s)

2018-04-05 11:23:34 - [MESSAGE][PASSED] - com.cct.common.serviceschedule.addopenschedule.AddOpenSchedule.setValueToInput is PASSED

2018-04-05 11:23:34 - [TEST_STEP][PASSED] - verifyElementText: Actual text and expected text of test object 'Object Repository/com/cct/serviceschedule/openschedule/add/input_autocompleteArrivalPortN' are matched.

2018-04-05 11:23:34 - [MESSAGE][PASSED] - Actual text and expected text of test object 'Object Repository/com/cct/serviceschedule/openschedule/add/input_autocompleteArrivalPortN' are matched.

2018-04-05 11:23:34 - [TEST_STEP][PASSED] - Start listener action : sampleAfterTestCase: Invoke 'com.kms.katalon.core.annotation.AfterTestCase' method: 'NewTestListener.sampleAfterTestCase(...)' completed.

2018-04-05 11:23:34 - [TEST_STEP][PASSED] - comment: Name: /xl/workbook.xml - Content Type: application/vnd.openxmlformats-officedocument.spreadsheetml.sheet.main+xml

2018-04-05 11:23:34 - [TEST_STEP][PASSED] - comment: null

2018-04-05 11:23:34 - [TEST_STEP][PASSED] - comment: 13

2018-04-05 11:23:34 - [TEST_STEP][PASSED] - comment: com.kms.katalon.core.context.internal.InternalTestCaseContext@4207609e

2018-04-05 11:23:34 - [TEST_STEP][PASSED] - Statement - rowIndex = com.cct.util.exportExcel.createRerportdetail(wb, rowIndex, testCaseContext): Invoke 'com.kms.katalon.core.annotation.AfterTestCase' method: 'NewTestListener.sampleAfterTestCase(...)' completed.]]></system-out>
         <system-err><![CDATA[]]></system-err>
      </testcase>
      <testcase name="Test Cases/com/cct/serviceschedule/openschedule/add/FlightNumberLength" classname="Test Cases/com/cct/serviceschedule/openschedule/add/FlightNumberLength" status="PASSED">
         <system-out><![CDATA[2018-04-05 11:23:34 - [TEST_CASE][PASSED] - Test Cases/com/cct/serviceschedule/openschedule/add/FlightNumberLength: Invoke 'com.kms.katalon.core.annotation.AfterTestCase' method: 'NewTestListener.sampleAfterTestCase(...)' completed.

2018-04-05 11:23:34 - [TEST_STEP][PASSED] - Start listener action : sampleBeforeTestCase: Invoke 'com.kms.katalon.core.annotation.BeforeTestCase' method: 'NewTestListener.sampleBeforeTestCase(...)' completed.

2018-04-05 11:23:34 - [TEST_STEP][PASSED] - com.cct.common.security.login.Login.loginDefault: com.cct.common.security.login.Login.loginDefault is PASSED

2018-04-05 11:23:34 - [MESSAGE][WARNING] - A browser is already opened. Closing browser and opening a new one

2018-04-05 11:23:39 - [MESSAGE][PASSED] - Browser is opened with url: 'http://10.100.70.87:8080/cp_cambodia/jsp/security/initLogin.action'

2018-04-05 11:23:39 - [MESSAGE][PASSED] - Wait for page load successfully

2018-04-05 11:23:43 - [MESSAGE][PASSED] - Current window maximized

2018-04-05 11:23:43 - [MESSAGE][PASSED] - Text 'N01' is set on object 'Object Repository/com/cct/security/login/login/input_carrierCode'

2018-04-05 11:23:43 - [MESSAGE][PASSED] - Text 'N01001' is set on object 'Object Repository/com/cct/security/login/login/input_username'

2018-04-05 11:23:43 - [MESSAGE][PASSED] - Text 'Nn@1234' is set on object 'Object Repository/com/cct/security/login/login/input_password'

2018-04-05 11:23:45 - [MESSAGE][PASSED] - Object: 'Object Repository/com/cct/security/login/login/button_Log-in' is clicked on

2018-04-05 11:23:46 - [MESSAGE][PASSED] - Delayed 1 second(s)

2018-04-05 11:23:46 - [MESSAGE][PASSED] - com.cct.common.security.login.Login.loginDefault is PASSED

2018-04-05 11:23:46 - [TEST_STEP][PASSED] - com.cct.common.serviceschedule.addopenschedule.AddOpenSchedule.gotoPage: com.cct.common.serviceschedule.addopenschedule.AddOpenSchedule.gotoPage is PASSED

2018-04-05 11:23:46 - [MESSAGE][PASSED] - Object: 'Object Repository/com/cct/security/mainpage/main/input_btnSubmit Manage Schedule and Individual Check-Ins' is clicked on

2018-04-05 11:23:47 - [MESSAGE][PASSED] - Object: 'Object Repository/com/cct/serviceschedule/openschedule/search/button_open new schedule' is clicked on

2018-04-05 11:23:47 - [MESSAGE][PASSED] - Object: 'Object Repository/com/cct/serviceschedule/openschedule/search/button_Open schedule manually' is clicked on

2018-04-05 11:23:47 - [MESSAGE][PASSED] - com.cct.common.serviceschedule.addopenschedule.AddOpenSchedule.gotoPage is PASSED

2018-04-05 11:23:47 - [TEST_STEP][PASSED] - com.cct.common.serviceschedule.addopenschedule.AddOpenSchedule.setValueToInput: com.cct.common.serviceschedule.addopenschedule.AddOpenSchedule.setValueToInput is PASSED

2018-04-05 11:23:47 - [MESSAGE][PASSED] - Text 'A1234Aaa' is set on object 'Object Repository/com/cct/serviceschedule/openschedule/add/input_openScManual.serviceNumb'

2018-04-05 11:23:47 - [MESSAGE][PASSED] - Text '' is set on object 'Object Repository/com/cct/serviceschedule/openschedule/add/input_autocompleteDepturePortN'

2018-04-05 11:23:48 - [MESSAGE][PASSED] - Delayed 1 second(s)

2018-04-05 11:23:48 - [MESSAGE][PASSED] - Text '' is set on object 'Object Repository/com/cct/serviceschedule/openschedule/add/input_autocompleteArrivalPortN'

2018-04-05 11:23:49 - [MESSAGE][PASSED] - Delayed 1 second(s)

2018-04-05 11:23:49 - [MESSAGE][PASSED] - Keys 'CONTROL + a' sent to object: 'Object Repository/com/cct/serviceschedule/openschedule/add/input_openScManual_depDate_dd_'

2018-04-05 11:23:50 - [MESSAGE][PASSED] - Keys 'CONTROL + a' sent to object: 'Object Repository/com/cct/serviceschedule/openschedule/add/input_openScManual_arrDate_dd_'

2018-04-05 11:23:50 - [MESSAGE][PASSED] - Keys 'CONTROL + a' sent to object: 'Object Repository/com/cct/serviceschedule/openschedule/add/input_openScManual_arrTime_hh_'

2018-04-05 11:23:50 - [MESSAGE][PASSED] - Keys 'CONTROL + a' sent to object: 'Object Repository/com/cct/serviceschedule/openschedule/add/input_openScManual_depTime_hh_'

2018-04-05 11:23:51 - [MESSAGE][PASSED] - Delayed 1 second(s)

2018-04-05 11:23:51 - [MESSAGE][PASSED] - com.cct.common.serviceschedule.addopenschedule.AddOpenSchedule.setValueToInput is PASSED

2018-04-05 11:23:51 - [TEST_STEP][PASSED] - com.cct.util.Verify.verifyValueLenght: com.cct.util.Verify.verifyValueLenght is PASSED

2018-04-05 11:23:51 - [MESSAGE][PASSED] - Attribute 'value' of object 'Object Repository/com/cct/serviceschedule/openschedule/add/input_openScManual.serviceNumb' is: 'A1234A'

2018-04-05 11:23:51 - [MESSAGE][PASSED] - Actual number '6' is less than or equal to expected number '6'

2018-04-05 11:23:51 - [MESSAGE][PASSED] - com.cct.util.Verify.verifyValueLenght is PASSED

2018-04-05 11:23:51 - [TEST_STEP][PASSED] - Start listener action : sampleAfterTestCase: Invoke 'com.kms.katalon.core.annotation.AfterTestCase' method: 'NewTestListener.sampleAfterTestCase(...)' completed.

2018-04-05 11:23:51 - [TEST_STEP][PASSED] - comment: Name: /xl/workbook.xml - Content Type: application/vnd.openxmlformats-officedocument.spreadsheetml.sheet.main+xml

2018-04-05 11:23:51 - [TEST_STEP][PASSED] - comment: null

2018-04-05 11:23:51 - [TEST_STEP][PASSED] - comment: 14

2018-04-05 11:23:51 - [TEST_STEP][PASSED] - comment: com.kms.katalon.core.context.internal.InternalTestCaseContext@60cf62ad

2018-04-05 11:23:51 - [TEST_STEP][PASSED] - Statement - rowIndex = com.cct.util.exportExcel.createRerportdetail(wb, rowIndex, testCaseContext): Invoke 'com.kms.katalon.core.annotation.AfterTestCase' method: 'NewTestListener.sampleAfterTestCase(...)' completed.]]></system-out>
         <system-err><![CDATA[]]></system-err>
      </testcase>
      <testcase name="Test Cases/com/cct/serviceschedule/openschedule/add/arrDate_depDate" classname="Test Cases/com/cct/serviceschedule/openschedule/add/arrDate_depDate" status="FAILED">
         <failure type="FAILED" message="Actual text 'Invalid flight number. Must in the format AA(X)NNNN(X) where : ‘AA’ will be IATA CODE, ‘(X)’ is optional alphabet and ‘N is mandatory numeric.' and expected text 'AA(X)NNNN(X)' of test object 'Object Repository/com/cct/serviceschedule/openschedule/add/alert message' are NOT matched."/>
         <system-out><![CDATA[2018-04-05 11:23:51 - [TEST_CASE][FAILED] - Test Cases/com/cct/serviceschedule/openschedule/add/arrDate_depDate: Test Cases/com/cct/serviceschedule/openschedule/add/arrDate_depDate FAILED because (of) Actual text 'Invalid flight number. Must in the format AA(X)NNNN(X) where : ‘AA’ will be IATA CODE, ‘(X)’ is optional alphabet and ‘N is mandatory numeric.' and expected text 'AA(X)NNNN(X)' of test object 'Object Repository/com/cct/serviceschedule/openschedule/add/alert message' are NOT matched.

2018-04-05 11:23:51 - [TEST_STEP][PASSED] - Start listener action : sampleBeforeTestCase: Invoke 'com.kms.katalon.core.annotation.BeforeTestCase' method: 'NewTestListener.sampleBeforeTestCase(...)' completed.

2018-04-05 11:23:51 - [TEST_STEP][PASSED] - com.cct.common.security.login.Login.loginDefault: com.cct.common.security.login.Login.loginDefault is PASSED

2018-04-05 11:23:51 - [MESSAGE][WARNING] - A browser is already opened. Closing browser and opening a new one

2018-04-05 11:23:57 - [MESSAGE][PASSED] - Browser is opened with url: 'http://10.100.70.87:8080/cp_cambodia/jsp/security/initLogin.action'

2018-04-05 11:23:57 - [MESSAGE][PASSED] - Wait for page load successfully

2018-04-05 11:24:00 - [MESSAGE][PASSED] - Current window maximized

2018-04-05 11:24:00 - [MESSAGE][PASSED] - Text 'N01' is set on object 'Object Repository/com/cct/security/login/login/input_carrierCode'

2018-04-05 11:24:00 - [MESSAGE][PASSED] - Text 'N01001' is set on object 'Object Repository/com/cct/security/login/login/input_username'

2018-04-05 11:24:00 - [MESSAGE][PASSED] - Text 'Nn@1234' is set on object 'Object Repository/com/cct/security/login/login/input_password'

2018-04-05 11:24:03 - [MESSAGE][PASSED] - Object: 'Object Repository/com/cct/security/login/login/button_Log-in' is clicked on

2018-04-05 11:24:04 - [MESSAGE][PASSED] - Delayed 1 second(s)

2018-04-05 11:24:04 - [MESSAGE][PASSED] - com.cct.common.security.login.Login.loginDefault is PASSED

2018-04-05 11:24:04 - [TEST_STEP][PASSED] - com.cct.common.serviceschedule.addopenschedule.AddOpenSchedule.gotoPage: com.cct.common.serviceschedule.addopenschedule.AddOpenSchedule.gotoPage is PASSED

2018-04-05 11:24:05 - [MESSAGE][PASSED] - Object: 'Object Repository/com/cct/security/mainpage/main/input_btnSubmit Manage Schedule and Individual Check-Ins' is clicked on

2018-04-05 11:24:06 - [MESSAGE][PASSED] - Object: 'Object Repository/com/cct/serviceschedule/openschedule/search/button_open new schedule' is clicked on

2018-04-05 11:24:06 - [MESSAGE][PASSED] - Object: 'Object Repository/com/cct/serviceschedule/openschedule/search/button_Open schedule manually' is clicked on

2018-04-05 11:24:06 - [MESSAGE][PASSED] - com.cct.common.serviceschedule.addopenschedule.AddOpenSchedule.gotoPage is PASSED

2018-04-05 11:24:06 - [TEST_STEP][PASSED] - com.cct.common.serviceschedule.addopenschedule.AddOpenSchedule.setValueToInput: com.cct.common.serviceschedule.addopenschedule.AddOpenSchedule.setValueToInput is PASSED

2018-04-05 11:24:06 - [MESSAGE][PASSED] - Text 'dsadsad' is set on object 'Object Repository/com/cct/serviceschedule/openschedule/add/input_openScManual.serviceNumb'

2018-04-05 11:24:06 - [MESSAGE][PASSED] - Text 'BBK' is set on object 'Object Repository/com/cct/serviceschedule/openschedule/add/input_autocompleteDepturePortN'

2018-04-05 11:24:07 - [MESSAGE][PASSED] - Delayed 1 second(s)

2018-04-05 11:24:07 - [MESSAGE][PASSED] - Text 'QAA' is set on object 'Object Repository/com/cct/serviceschedule/openschedule/add/input_autocompleteArrivalPortN'

2018-04-05 11:24:08 - [MESSAGE][PASSED] - Delayed 1 second(s)

2018-04-05 11:24:09 - [MESSAGE][PASSED] - Keys 'CONTROL + a' sent to object: 'Object Repository/com/cct/serviceschedule/openschedule/add/input_openScManual_depDate_dd_'

2018-04-05 11:24:09 - [MESSAGE][PASSED] - Keys 'CONTROL + a' sent to object: 'Object Repository/com/cct/serviceschedule/openschedule/add/input_openScManual_arrDate_dd_'

2018-04-05 11:24:09 - [MESSAGE][PASSED] - Keys 'CONTROL + a' sent to object: 'Object Repository/com/cct/serviceschedule/openschedule/add/input_openScManual_arrTime_hh_'

2018-04-05 11:24:09 - [MESSAGE][PASSED] - Keys 'CONTROL + a' sent to object: 'Object Repository/com/cct/serviceschedule/openschedule/add/input_openScManual_depTime_hh_'

2018-04-05 11:24:10 - [MESSAGE][PASSED] - Delayed 1 second(s)

2018-04-05 11:24:10 - [MESSAGE][PASSED] - com.cct.common.serviceschedule.addopenschedule.AddOpenSchedule.setValueToInput is PASSED

2018-04-05 11:24:10 - [TEST_STEP][PASSED] - click: Object: 'Object Repository/com/cct/serviceschedule/openschedule/add/button_Open' is clicked on

2018-04-05 11:24:10 - [MESSAGE][PASSED] - Object: 'Object Repository/com/cct/serviceschedule/openschedule/add/button_Open' is clicked on

2018-04-05 11:24:10 - [TEST_STEP][FAILED] - verifyElementText: Actual text 'Invalid flight number. Must in the format AA(X)NNNN(X) where : ‘AA’ will be IATA CODE, ‘(X)’ is optional alphabet and ‘N is mandatory numeric.' and expected text 'AA(X)NNNN(X)' of test object 'Object Repository/com/cct/serviceschedule/openschedule/add/alert message' are NOT matched.

2018-04-05 11:24:10 - [MESSAGE][FAILED] - Actual text 'Invalid flight number. Must in the format AA(X)NNNN(X) where : ‘AA’ will be IATA CODE, ‘(X)’ is optional alphabet and ‘N is mandatory numeric.' and expected text 'AA(X)NNNN(X)' of test object 'Object Repository/com/cct/serviceschedule/openschedule/add/alert message' are NOT matched.
[[ATTACHMENT|D:\\Demo\\Katalon-Demo\\Reports\\com\\cct\\serviceschdule\\add\\addOpenSchedule\\20180405_111912\\1522902250673.png]]

2018-04-05 11:24:10 - [TEST_STEP][PASSED] - Start listener action : sampleAfterTestCase: Taking screenshot successfully

2018-04-05 11:24:10 - [TEST_STEP][PASSED] - comment: Name: /xl/workbook.xml - Content Type: application/vnd.openxmlformats-officedocument.spreadsheetml.sheet.main+xml

2018-04-05 11:24:10 - [TEST_STEP][PASSED] - comment: null

2018-04-05 11:24:10 - [TEST_STEP][PASSED] - comment: 15

2018-04-05 11:24:10 - [TEST_STEP][PASSED] - comment: com.kms.katalon.core.context.internal.InternalTestCaseContext@1effd53c

2018-04-05 11:24:10 - [TEST_STEP][PASSED] - Statement - rowIndex = com.cct.util.exportExcel.createRerportdetail(wb, rowIndex, testCaseContext): Taking screenshot successfully

2018-04-05 11:24:10 - [MESSAGE][PASSED] - Taking screenshot successfully
[[ATTACHMENT|D:\\Demo\\Katalon-Demo\\Reports\\com\\cct\\serviceschdule\\add\\addOpenSchedule\\20180405_111912\\D:/testreport/addOpenSchedulet1.png]]]]></system-out>
         <system-err><![CDATA[2018-04-05 11:23:51 - [TEST_CASE][FAILED] - Test Cases/com/cct/serviceschedule/openschedule/add/arrDate_depDate: Test Cases/com/cct/serviceschedule/openschedule/add/arrDate_depDate FAILED because (of) Actual text 'Invalid flight number. Must in the format AA(X)NNNN(X) where : ‘AA’ will be IATA CODE, ‘(X)’ is optional alphabet and ‘N is mandatory numeric.' and expected text 'AA(X)NNNN(X)' of test object 'Object Repository/com/cct/serviceschedule/openschedule/add/alert message' are NOT matched.]]></system-err>
      </testcase>
      <testcase name="Test Cases/com/cct/serviceschedule/openschedule/add/arrDate_depDate" classname="Test Cases/com/cct/serviceschedule/openschedule/add/arrDate_depDate" status="FAILED">
         <failure type="FAILED" message="Actual text 'Departure port cannot be blank.
Departure date cannot be blank.
Departure time cannot be blank.
Arrival port cannot be blank.
Arrival date cannot be blank.
Arrival time cannot be blank.' and expected text 'AA(X)NNNN(X)' of test object 'Object Repository/com/cct/serviceschedule/openschedule/add/alert message' are NOT matched."/>
         <system-out><![CDATA[2018-04-05 11:24:10 - [TEST_CASE][FAILED] - Test Cases/com/cct/serviceschedule/openschedule/add/arrDate_depDate: Test Cases/com/cct/serviceschedule/openschedule/add/arrDate_depDate FAILED because (of) Actual text 'Departure port cannot be blank.
Departure date cannot be blank.
Departure time cannot be blank.
Arrival port cannot be blank.
Arrival date cannot be blank.
Arrival time cannot be blank.' and expected text 'AA(X)NNNN(X)' of test object 'Object Repository/com/cct/serviceschedule/openschedule/add/alert message' are NOT matched.

2018-04-05 11:24:10 - [TEST_STEP][PASSED] - Start listener action : sampleBeforeTestCase: Invoke 'com.kms.katalon.core.annotation.BeforeTestCase' method: 'NewTestListener.sampleBeforeTestCase(...)' completed.

2018-04-05 11:24:10 - [TEST_STEP][PASSED] - com.cct.common.security.login.Login.loginDefault: com.cct.common.security.login.Login.loginDefault is PASSED

2018-04-05 11:24:10 - [MESSAGE][WARNING] - A browser is already opened. Closing browser and opening a new one

2018-04-05 11:24:16 - [MESSAGE][PASSED] - Browser is opened with url: 'http://10.100.70.87:8080/cp_cambodia/jsp/security/initLogin.action'

2018-04-05 11:24:16 - [MESSAGE][PASSED] - Wait for page load successfully

2018-04-05 11:24:19 - [MESSAGE][PASSED] - Current window maximized

2018-04-05 11:24:19 - [MESSAGE][PASSED] - Text 'N01' is set on object 'Object Repository/com/cct/security/login/login/input_carrierCode'

2018-04-05 11:24:19 - [MESSAGE][PASSED] - Text 'N01001' is set on object 'Object Repository/com/cct/security/login/login/input_username'

2018-04-05 11:24:19 - [MESSAGE][PASSED] - Text 'Nn@1234' is set on object 'Object Repository/com/cct/security/login/login/input_password'

2018-04-05 11:24:22 - [MESSAGE][PASSED] - Object: 'Object Repository/com/cct/security/login/login/button_Log-in' is clicked on

2018-04-05 11:24:23 - [MESSAGE][PASSED] - Delayed 1 second(s)

2018-04-05 11:24:23 - [MESSAGE][PASSED] - com.cct.common.security.login.Login.loginDefault is PASSED

2018-04-05 11:24:23 - [TEST_STEP][PASSED] - com.cct.common.serviceschedule.addopenschedule.AddOpenSchedule.gotoPage: com.cct.common.serviceschedule.addopenschedule.AddOpenSchedule.gotoPage is PASSED

2018-04-05 11:24:23 - [MESSAGE][PASSED] - Object: 'Object Repository/com/cct/security/mainpage/main/input_btnSubmit Manage Schedule and Individual Check-Ins' is clicked on

2018-04-05 11:24:24 - [MESSAGE][PASSED] - Object: 'Object Repository/com/cct/serviceschedule/openschedule/search/button_open new schedule' is clicked on

2018-04-05 11:24:24 - [MESSAGE][PASSED] - Object: 'Object Repository/com/cct/serviceschedule/openschedule/search/button_Open schedule manually' is clicked on

2018-04-05 11:24:24 - [MESSAGE][PASSED] - com.cct.common.serviceschedule.addopenschedule.AddOpenSchedule.gotoPage is PASSED

2018-04-05 11:24:24 - [TEST_STEP][PASSED] - com.cct.common.serviceschedule.addopenschedule.AddOpenSchedule.setValueToInput: com.cct.common.serviceschedule.addopenschedule.AddOpenSchedule.setValueToInput is PASSED

2018-04-05 11:24:24 - [MESSAGE][PASSED] - Text 'A1234A' is set on object 'Object Repository/com/cct/serviceschedule/openschedule/add/input_openScManual.serviceNumb'

2018-04-05 11:24:24 - [MESSAGE][PASSED] - Text '' is set on object 'Object Repository/com/cct/serviceschedule/openschedule/add/input_autocompleteDepturePortN'

2018-04-05 11:24:25 - [MESSAGE][PASSED] - Delayed 1 second(s)

2018-04-05 11:24:25 - [MESSAGE][PASSED] - Text '' is set on object 'Object Repository/com/cct/serviceschedule/openschedule/add/input_autocompleteArrivalPortN'

2018-04-05 11:24:26 - [MESSAGE][PASSED] - Delayed 1 second(s)

2018-04-05 11:24:26 - [MESSAGE][PASSED] - Keys 'CONTROL + a' sent to object: 'Object Repository/com/cct/serviceschedule/openschedule/add/input_openScManual_depDate_dd_'

2018-04-05 11:24:27 - [MESSAGE][PASSED] - Keys 'CONTROL + a' sent to object: 'Object Repository/com/cct/serviceschedule/openschedule/add/input_openScManual_arrDate_dd_'

2018-04-05 11:24:27 - [MESSAGE][PASSED] - Keys 'CONTROL + a' sent to object: 'Object Repository/com/cct/serviceschedule/openschedule/add/input_openScManual_arrTime_hh_'

2018-04-05 11:24:27 - [MESSAGE][PASSED] - Keys 'CONTROL + a' sent to object: 'Object Repository/com/cct/serviceschedule/openschedule/add/input_openScManual_depTime_hh_'

2018-04-05 11:24:28 - [MESSAGE][PASSED] - Delayed 1 second(s)

2018-04-05 11:24:28 - [MESSAGE][PASSED] - com.cct.common.serviceschedule.addopenschedule.AddOpenSchedule.setValueToInput is PASSED

2018-04-05 11:24:28 - [TEST_STEP][PASSED] - click: Object: 'Object Repository/com/cct/serviceschedule/openschedule/add/button_Open' is clicked on

2018-04-05 11:24:28 - [MESSAGE][PASSED] - Object: 'Object Repository/com/cct/serviceschedule/openschedule/add/button_Open' is clicked on

2018-04-05 11:24:28 - [TEST_STEP][FAILED] - verifyElementText: Actual text 'Departure port cannot be blank.
Departure date cannot be blank.
Departure time cannot be blank.
Arrival port cannot be blank.
Arrival date cannot be blank.
Arrival time cannot be blank.' and expected text 'AA(X)NNNN(X)' of test object 'Object Repository/com/cct/serviceschedule/openschedule/add/alert message' are NOT matched.

2018-04-05 11:24:28 - [MESSAGE][FAILED] - Actual text 'Departure port cannot be blank.
Departure date cannot be blank.
Departure time cannot be blank.
Arrival port cannot be blank.
Arrival date cannot be blank.
Arrival time cannot be blank.' and expected text 'AA(X)NNNN(X)' of test object 'Object Repository/com/cct/serviceschedule/openschedule/add/alert message' are NOT matched.
[[ATTACHMENT|D:\\Demo\\Katalon-Demo\\Reports\\com\\cct\\serviceschdule\\add\\addOpenSchedule\\20180405_111912\\1522902268374.png]]

2018-04-05 11:24:28 - [TEST_STEP][PASSED] - Start listener action : sampleAfterTestCase: Taking screenshot successfully

2018-04-05 11:24:28 - [TEST_STEP][PASSED] - comment: Name: /xl/workbook.xml - Content Type: application/vnd.openxmlformats-officedocument.spreadsheetml.sheet.main+xml

2018-04-05 11:24:28 - [TEST_STEP][PASSED] - comment: null

2018-04-05 11:24:28 - [TEST_STEP][PASSED] - comment: 16

2018-04-05 11:24:28 - [TEST_STEP][PASSED] - comment: com.kms.katalon.core.context.internal.InternalTestCaseContext@7cbeac65

2018-04-05 11:24:28 - [TEST_STEP][PASSED] - Statement - rowIndex = com.cct.util.exportExcel.createRerportdetail(wb, rowIndex, testCaseContext): Taking screenshot successfully

2018-04-05 11:24:28 - [MESSAGE][PASSED] - Taking screenshot successfully
[[ATTACHMENT|D:\\Demo\\Katalon-Demo\\Reports\\com\\cct\\serviceschdule\\add\\addOpenSchedule\\20180405_111912\\D:/testreport/addOpenSchedulet2.png]]]]></system-out>
         <system-err><![CDATA[2018-04-05 11:24:10 - [TEST_CASE][FAILED] - Test Cases/com/cct/serviceschedule/openschedule/add/arrDate_depDate: Test Cases/com/cct/serviceschedule/openschedule/add/arrDate_depDate FAILED because (of) Actual text 'Departure port cannot be blank.
Departure date cannot be blank.
Departure time cannot be blank.
Arrival port cannot be blank.
Arrival date cannot be blank.
Arrival time cannot be blank.' and expected text 'AA(X)NNNN(X)' of test object 'Object Repository/com/cct/serviceschedule/openschedule/add/alert message' are NOT matched.]]></system-err>
      </testcase>
      <testcase name="Test Cases/com/cct/serviceschedule/openschedule/add/arrDate_depDate" classname="Test Cases/com/cct/serviceschedule/openschedule/add/arrDate_depDate" status="FAILED">
         <failure type="FAILED" message="Actual text 'Departure port cannot be blank.
Departure date cannot be blank.
Departure time cannot be blank.
Arrival port cannot be blank.
Arrival date cannot be blank.
Arrival time cannot be blank.' and expected text 'AA(X)NNNN(X)' of test object 'Object Repository/com/cct/serviceschedule/openschedule/add/alert message' are NOT matched."/>
         <system-out><![CDATA[2018-04-05 11:24:28 - [TEST_CASE][FAILED] - Test Cases/com/cct/serviceschedule/openschedule/add/arrDate_depDate: Test Cases/com/cct/serviceschedule/openschedule/add/arrDate_depDate FAILED because (of) Actual text 'Departure port cannot be blank.
Departure date cannot be blank.
Departure time cannot be blank.
Arrival port cannot be blank.
Arrival date cannot be blank.
Arrival time cannot be blank.' and expected text 'AA(X)NNNN(X)' of test object 'Object Repository/com/cct/serviceschedule/openschedule/add/alert message' are NOT matched.

2018-04-05 11:24:28 - [TEST_STEP][PASSED] - Start listener action : sampleBeforeTestCase: Invoke 'com.kms.katalon.core.annotation.BeforeTestCase' method: 'NewTestListener.sampleBeforeTestCase(...)' completed.

2018-04-05 11:24:28 - [TEST_STEP][PASSED] - com.cct.common.security.login.Login.loginDefault: com.cct.common.security.login.Login.loginDefault is PASSED

2018-04-05 11:24:28 - [MESSAGE][WARNING] - A browser is already opened. Closing browser and opening a new one

2018-04-05 11:24:33 - [MESSAGE][PASSED] - Browser is opened with url: 'http://10.100.70.87:8080/cp_cambodia/jsp/security/initLogin.action'

2018-04-05 11:24:33 - [MESSAGE][PASSED] - Wait for page load successfully

2018-04-05 11:24:37 - [MESSAGE][PASSED] - Current window maximized

2018-04-05 11:24:37 - [MESSAGE][PASSED] - Text 'N01' is set on object 'Object Repository/com/cct/security/login/login/input_carrierCode'

2018-04-05 11:24:37 - [MESSAGE][PASSED] - Text 'N01001' is set on object 'Object Repository/com/cct/security/login/login/input_username'

2018-04-05 11:24:37 - [MESSAGE][PASSED] - Text 'Nn@1234' is set on object 'Object Repository/com/cct/security/login/login/input_password'

2018-04-05 11:24:39 - [MESSAGE][PASSED] - Object: 'Object Repository/com/cct/security/login/login/button_Log-in' is clicked on

2018-04-05 11:24:40 - [MESSAGE][PASSED] - Delayed 1 second(s)

2018-04-05 11:24:40 - [MESSAGE][PASSED] - com.cct.common.security.login.Login.loginDefault is PASSED

2018-04-05 11:24:40 - [TEST_STEP][PASSED] - com.cct.common.serviceschedule.addopenschedule.AddOpenSchedule.gotoPage: com.cct.common.serviceschedule.addopenschedule.AddOpenSchedule.gotoPage is PASSED

2018-04-05 11:24:40 - [MESSAGE][PASSED] - Object: 'Object Repository/com/cct/security/mainpage/main/input_btnSubmit Manage Schedule and Individual Check-Ins' is clicked on

2018-04-05 11:24:41 - [MESSAGE][PASSED] - Object: 'Object Repository/com/cct/serviceschedule/openschedule/search/button_open new schedule' is clicked on

2018-04-05 11:24:41 - [MESSAGE][PASSED] - Object: 'Object Repository/com/cct/serviceschedule/openschedule/search/button_Open schedule manually' is clicked on

2018-04-05 11:24:41 - [MESSAGE][PASSED] - com.cct.common.serviceschedule.addopenschedule.AddOpenSchedule.gotoPage is PASSED

2018-04-05 11:24:41 - [TEST_STEP][PASSED] - com.cct.common.serviceschedule.addopenschedule.AddOpenSchedule.setValueToInput: com.cct.common.serviceschedule.addopenschedule.AddOpenSchedule.setValueToInput is PASSED

2018-04-05 11:24:41 - [MESSAGE][PASSED] - Text '1234' is set on object 'Object Repository/com/cct/serviceschedule/openschedule/add/input_openScManual.serviceNumb'

2018-04-05 11:24:41 - [MESSAGE][PASSED] - Text '' is set on object 'Object Repository/com/cct/serviceschedule/openschedule/add/input_autocompleteDepturePortN'

2018-04-05 11:24:42 - [MESSAGE][PASSED] - Delayed 1 second(s)

2018-04-05 11:24:42 - [MESSAGE][PASSED] - Text '' is set on object 'Object Repository/com/cct/serviceschedule/openschedule/add/input_autocompleteArrivalPortN'

2018-04-05 11:24:43 - [MESSAGE][PASSED] - Delayed 1 second(s)

2018-04-05 11:24:43 - [MESSAGE][PASSED] - Keys 'CONTROL + a' sent to object: 'Object Repository/com/cct/serviceschedule/openschedule/add/input_openScManual_depDate_dd_'

2018-04-05 11:24:44 - [MESSAGE][PASSED] - Keys 'CONTROL + a' sent to object: 'Object Repository/com/cct/serviceschedule/openschedule/add/input_openScManual_arrDate_dd_'

2018-04-05 11:24:44 - [MESSAGE][PASSED] - Keys 'CONTROL + a' sent to object: 'Object Repository/com/cct/serviceschedule/openschedule/add/input_openScManual_arrTime_hh_'

2018-04-05 11:24:44 - [MESSAGE][PASSED] - Keys 'CONTROL + a' sent to object: 'Object Repository/com/cct/serviceschedule/openschedule/add/input_openScManual_depTime_hh_'

2018-04-05 11:24:45 - [MESSAGE][PASSED] - Delayed 1 second(s)

2018-04-05 11:24:45 - [MESSAGE][PASSED] - com.cct.common.serviceschedule.addopenschedule.AddOpenSchedule.setValueToInput is PASSED

2018-04-05 11:24:45 - [TEST_STEP][PASSED] - click: Object: 'Object Repository/com/cct/serviceschedule/openschedule/add/button_Open' is clicked on

2018-04-05 11:24:45 - [MESSAGE][PASSED] - Object: 'Object Repository/com/cct/serviceschedule/openschedule/add/button_Open' is clicked on

2018-04-05 11:24:45 - [TEST_STEP][FAILED] - verifyElementText: Actual text 'Departure port cannot be blank.
Departure date cannot be blank.
Departure time cannot be blank.
Arrival port cannot be blank.
Arrival date cannot be blank.
Arrival time cannot be blank.' and expected text 'AA(X)NNNN(X)' of test object 'Object Repository/com/cct/serviceschedule/openschedule/add/alert message' are NOT matched.

2018-04-05 11:24:45 - [MESSAGE][FAILED] - Actual text 'Departure port cannot be blank.
Departure date cannot be blank.
Departure time cannot be blank.
Arrival port cannot be blank.
Arrival date cannot be blank.
Arrival time cannot be blank.' and expected text 'AA(X)NNNN(X)' of test object 'Object Repository/com/cct/serviceschedule/openschedule/add/alert message' are NOT matched.
[[ATTACHMENT|D:\\Demo\\Katalon-Demo\\Reports\\com\\cct\\serviceschdule\\add\\addOpenSchedule\\20180405_111912\\1522902285451.png]]

2018-04-05 11:24:45 - [TEST_STEP][PASSED] - Start listener action : sampleAfterTestCase: Taking screenshot successfully

2018-04-05 11:24:45 - [TEST_STEP][PASSED] - comment: Name: /xl/workbook.xml - Content Type: application/vnd.openxmlformats-officedocument.spreadsheetml.sheet.main+xml

2018-04-05 11:24:45 - [TEST_STEP][PASSED] - comment: null

2018-04-05 11:24:45 - [TEST_STEP][PASSED] - comment: 17

2018-04-05 11:24:45 - [TEST_STEP][PASSED] - comment: com.kms.katalon.core.context.internal.InternalTestCaseContext@38eb0f4d

2018-04-05 11:24:45 - [TEST_STEP][PASSED] - Statement - rowIndex = com.cct.util.exportExcel.createRerportdetail(wb, rowIndex, testCaseContext): Taking screenshot successfully

2018-04-05 11:24:45 - [MESSAGE][PASSED] - Taking screenshot successfully
[[ATTACHMENT|D:\\Demo\\Katalon-Demo\\Reports\\com\\cct\\serviceschdule\\add\\addOpenSchedule\\20180405_111912\\D:/testreport/addOpenSchedulet3.png]]]]></system-out>
         <system-err><![CDATA[2018-04-05 11:24:28 - [TEST_CASE][FAILED] - Test Cases/com/cct/serviceschedule/openschedule/add/arrDate_depDate: Test Cases/com/cct/serviceschedule/openschedule/add/arrDate_depDate FAILED because (of) Actual text 'Departure port cannot be blank.
Departure date cannot be blank.
Departure time cannot be blank.
Arrival port cannot be blank.
Arrival date cannot be blank.
Arrival time cannot be blank.' and expected text 'AA(X)NNNN(X)' of test object 'Object Repository/com/cct/serviceschedule/openschedule/add/alert message' are NOT matched.]]></system-err>
      </testcase>
      <testcase name="Test Cases/com/cct/serviceschedule/openschedule/add/arrDate_depDate" classname="Test Cases/com/cct/serviceschedule/openschedule/add/arrDate_depDate" status="FAILED">
         <failure type="FAILED" message="Actual text 'Departure port cannot be blank.
Departure date cannot be blank.
Departure time cannot be blank.
Arrival port cannot be blank.
Arrival date cannot be blank.
Arrival time cannot be blank.' and expected text 'AA(X)NNNN(X)' of test object 'Object Repository/com/cct/serviceschedule/openschedule/add/alert message' are NOT matched."/>
         <system-out><![CDATA[2018-04-05 11:24:45 - [TEST_CASE][FAILED] - Test Cases/com/cct/serviceschedule/openschedule/add/arrDate_depDate: Test Cases/com/cct/serviceschedule/openschedule/add/arrDate_depDate FAILED because (of) Actual text 'Departure port cannot be blank.
Departure date cannot be blank.
Departure time cannot be blank.
Arrival port cannot be blank.
Arrival date cannot be blank.
Arrival time cannot be blank.' and expected text 'AA(X)NNNN(X)' of test object 'Object Repository/com/cct/serviceschedule/openschedule/add/alert message' are NOT matched.

2018-04-05 11:24:45 - [TEST_STEP][PASSED] - Start listener action : sampleBeforeTestCase: Invoke 'com.kms.katalon.core.annotation.BeforeTestCase' method: 'NewTestListener.sampleBeforeTestCase(...)' completed.

2018-04-05 11:24:45 - [TEST_STEP][PASSED] - com.cct.common.security.login.Login.loginDefault: com.cct.common.security.login.Login.loginDefault is PASSED

2018-04-05 11:24:45 - [MESSAGE][WARNING] - A browser is already opened. Closing browser and opening a new one

2018-04-05 11:24:51 - [MESSAGE][PASSED] - Browser is opened with url: 'http://10.100.70.87:8080/cp_cambodia/jsp/security/initLogin.action'

2018-04-05 11:24:52 - [MESSAGE][PASSED] - Wait for page load successfully

2018-04-05 11:24:55 - [MESSAGE][PASSED] - Current window maximized

2018-04-05 11:24:55 - [MESSAGE][PASSED] - Text 'N01' is set on object 'Object Repository/com/cct/security/login/login/input_carrierCode'

2018-04-05 11:24:55 - [MESSAGE][PASSED] - Text 'N01001' is set on object 'Object Repository/com/cct/security/login/login/input_username'

2018-04-05 11:24:55 - [MESSAGE][PASSED] - Text 'Nn@1234' is set on object 'Object Repository/com/cct/security/login/login/input_password'

2018-04-05 11:24:57 - [MESSAGE][PASSED] - Object: 'Object Repository/com/cct/security/login/login/button_Log-in' is clicked on

2018-04-05 11:24:58 - [MESSAGE][PASSED] - Delayed 1 second(s)

2018-04-05 11:24:58 - [MESSAGE][PASSED] - com.cct.common.security.login.Login.loginDefault is PASSED

2018-04-05 11:24:58 - [TEST_STEP][PASSED] - com.cct.common.serviceschedule.addopenschedule.AddOpenSchedule.gotoPage: com.cct.common.serviceschedule.addopenschedule.AddOpenSchedule.gotoPage is PASSED

2018-04-05 11:24:59 - [MESSAGE][PASSED] - Object: 'Object Repository/com/cct/security/mainpage/main/input_btnSubmit Manage Schedule and Individual Check-Ins' is clicked on

2018-04-05 11:24:59 - [MESSAGE][PASSED] - Object: 'Object Repository/com/cct/serviceschedule/openschedule/search/button_open new schedule' is clicked on

2018-04-05 11:25:00 - [MESSAGE][PASSED] - Object: 'Object Repository/com/cct/serviceschedule/openschedule/search/button_Open schedule manually' is clicked on

2018-04-05 11:25:00 - [MESSAGE][PASSED] - com.cct.common.serviceschedule.addopenschedule.AddOpenSchedule.gotoPage is PASSED

2018-04-05 11:25:00 - [TEST_STEP][PASSED] - com.cct.common.serviceschedule.addopenschedule.AddOpenSchedule.setValueToInput: com.cct.common.serviceschedule.addopenschedule.AddOpenSchedule.setValueToInput is PASSED

2018-04-05 11:25:00 - [MESSAGE][PASSED] - Text '1234A' is set on object 'Object Repository/com/cct/serviceschedule/openschedule/add/input_openScManual.serviceNumb'

2018-04-05 11:25:00 - [MESSAGE][PASSED] - Text '' is set on object 'Object Repository/com/cct/serviceschedule/openschedule/add/input_autocompleteDepturePortN'

2018-04-05 11:25:01 - [MESSAGE][PASSED] - Delayed 1 second(s)

2018-04-05 11:25:01 - [MESSAGE][PASSED] - Text '' is set on object 'Object Repository/com/cct/serviceschedule/openschedule/add/input_autocompleteArrivalPortN'

2018-04-05 11:25:02 - [MESSAGE][PASSED] - Delayed 1 second(s)

2018-04-05 11:25:02 - [MESSAGE][PASSED] - Keys 'CONTROL + a' sent to object: 'Object Repository/com/cct/serviceschedule/openschedule/add/input_openScManual_depDate_dd_'

2018-04-05 11:25:02 - [MESSAGE][PASSED] - Keys 'CONTROL + a' sent to object: 'Object Repository/com/cct/serviceschedule/openschedule/add/input_openScManual_arrDate_dd_'

2018-04-05 11:25:02 - [MESSAGE][PASSED] - Keys 'CONTROL + a' sent to object: 'Object Repository/com/cct/serviceschedule/openschedule/add/input_openScManual_arrTime_hh_'

2018-04-05 11:25:02 - [MESSAGE][PASSED] - Keys 'CONTROL + a' sent to object: 'Object Repository/com/cct/serviceschedule/openschedule/add/input_openScManual_depTime_hh_'

2018-04-05 11:25:03 - [MESSAGE][PASSED] - Delayed 1 second(s)

2018-04-05 11:25:03 - [MESSAGE][PASSED] - com.cct.common.serviceschedule.addopenschedule.AddOpenSchedule.setValueToInput is PASSED

2018-04-05 11:25:03 - [TEST_STEP][PASSED] - click: Object: 'Object Repository/com/cct/serviceschedule/openschedule/add/button_Open' is clicked on

2018-04-05 11:25:04 - [MESSAGE][PASSED] - Object: 'Object Repository/com/cct/serviceschedule/openschedule/add/button_Open' is clicked on

2018-04-05 11:25:04 - [TEST_STEP][FAILED] - verifyElementText: Actual text 'Departure port cannot be blank.
Departure date cannot be blank.
Departure time cannot be blank.
Arrival port cannot be blank.
Arrival date cannot be blank.
Arrival time cannot be blank.' and expected text 'AA(X)NNNN(X)' of test object 'Object Repository/com/cct/serviceschedule/openschedule/add/alert message' are NOT matched.

2018-04-05 11:25:04 - [MESSAGE][FAILED] - Actual text 'Departure port cannot be blank.
Departure date cannot be blank.
Departure time cannot be blank.
Arrival port cannot be blank.
Arrival date cannot be blank.
Arrival time cannot be blank.' and expected text 'AA(X)NNNN(X)' of test object 'Object Repository/com/cct/serviceschedule/openschedule/add/alert message' are NOT matched.
[[ATTACHMENT|D:\\Demo\\Katalon-Demo\\Reports\\com\\cct\\serviceschdule\\add\\addOpenSchedule\\20180405_111912\\1522902304103.png]]

2018-04-05 11:25:04 - [TEST_STEP][PASSED] - Start listener action : sampleAfterTestCase: Taking screenshot successfully

2018-04-05 11:25:04 - [TEST_STEP][PASSED] - comment: Name: /xl/workbook.xml - Content Type: application/vnd.openxmlformats-officedocument.spreadsheetml.sheet.main+xml

2018-04-05 11:25:04 - [TEST_STEP][PASSED] - comment: null

2018-04-05 11:25:04 - [TEST_STEP][PASSED] - comment: 18

2018-04-05 11:25:04 - [TEST_STEP][PASSED] - comment: com.kms.katalon.core.context.internal.InternalTestCaseContext@1352434e

2018-04-05 11:25:04 - [TEST_STEP][PASSED] - Statement - rowIndex = com.cct.util.exportExcel.createRerportdetail(wb, rowIndex, testCaseContext): Taking screenshot successfully

2018-04-05 11:25:04 - [MESSAGE][PASSED] - Taking screenshot successfully
[[ATTACHMENT|D:\\Demo\\Katalon-Demo\\Reports\\com\\cct\\serviceschdule\\add\\addOpenSchedule\\20180405_111912\\D:/testreport/addOpenSchedulet4.png]]]]></system-out>
         <system-err><![CDATA[2018-04-05 11:24:45 - [TEST_CASE][FAILED] - Test Cases/com/cct/serviceschedule/openschedule/add/arrDate_depDate: Test Cases/com/cct/serviceschedule/openschedule/add/arrDate_depDate FAILED because (of) Actual text 'Departure port cannot be blank.
Departure date cannot be blank.
Departure time cannot be blank.
Arrival port cannot be blank.
Arrival date cannot be blank.
Arrival time cannot be blank.' and expected text 'AA(X)NNNN(X)' of test object 'Object Repository/com/cct/serviceschedule/openschedule/add/alert message' are NOT matched.]]></system-err>
      </testcase>
      <testcase name="Test Cases/com/cct/serviceschedule/openschedule/add/arrDate_depDate" classname="Test Cases/com/cct/serviceschedule/openschedule/add/arrDate_depDate" status="PASSED">
         <system-out><![CDATA[2018-04-05 11:25:04 - [TEST_CASE][PASSED] - Test Cases/com/cct/serviceschedule/openschedule/add/arrDate_depDate: Invoke 'com.kms.katalon.core.annotation.AfterTestCase' method: 'NewTestListener.sampleAfterTestCase(...)' completed.

2018-04-05 11:25:04 - [TEST_STEP][PASSED] - Start listener action : sampleBeforeTestCase: Invoke 'com.kms.katalon.core.annotation.BeforeTestCase' method: 'NewTestListener.sampleBeforeTestCase(...)' completed.

2018-04-05 11:25:04 - [TEST_STEP][PASSED] - com.cct.common.security.login.Login.loginDefault: com.cct.common.security.login.Login.loginDefault is PASSED

2018-04-05 11:25:04 - [MESSAGE][WARNING] - A browser is already opened. Closing browser and opening a new one

2018-04-05 11:25:10 - [MESSAGE][PASSED] - Browser is opened with url: 'http://10.100.70.87:8080/cp_cambodia/jsp/security/initLogin.action'

2018-04-05 11:25:10 - [MESSAGE][PASSED] - Wait for page load successfully

2018-04-05 11:25:13 - [MESSAGE][PASSED] - Current window maximized

2018-04-05 11:25:13 - [MESSAGE][PASSED] - Text 'N01' is set on object 'Object Repository/com/cct/security/login/login/input_carrierCode'

2018-04-05 11:25:13 - [MESSAGE][PASSED] - Text 'N01001' is set on object 'Object Repository/com/cct/security/login/login/input_username'

2018-04-05 11:25:13 - [MESSAGE][PASSED] - Text 'Nn@1234' is set on object 'Object Repository/com/cct/security/login/login/input_password'

2018-04-05 11:25:16 - [MESSAGE][PASSED] - Object: 'Object Repository/com/cct/security/login/login/button_Log-in' is clicked on

2018-04-05 11:25:17 - [MESSAGE][PASSED] - Delayed 1 second(s)

2018-04-05 11:25:17 - [MESSAGE][PASSED] - com.cct.common.security.login.Login.loginDefault is PASSED

2018-04-05 11:25:17 - [TEST_STEP][PASSED] - com.cct.common.serviceschedule.addopenschedule.AddOpenSchedule.gotoPage: com.cct.common.serviceschedule.addopenschedule.AddOpenSchedule.gotoPage is PASSED

2018-04-05 11:25:18 - [MESSAGE][PASSED] - Object: 'Object Repository/com/cct/security/mainpage/main/input_btnSubmit Manage Schedule and Individual Check-Ins' is clicked on

2018-04-05 11:25:18 - [MESSAGE][PASSED] - Object: 'Object Repository/com/cct/serviceschedule/openschedule/search/button_open new schedule' is clicked on

2018-04-05 11:25:19 - [MESSAGE][PASSED] - Object: 'Object Repository/com/cct/serviceschedule/openschedule/search/button_Open schedule manually' is clicked on

2018-04-05 11:25:19 - [MESSAGE][PASSED] - com.cct.common.serviceschedule.addopenschedule.AddOpenSchedule.gotoPage is PASSED

2018-04-05 11:25:19 - [TEST_STEP][PASSED] - com.cct.common.serviceschedule.addopenschedule.AddOpenSchedule.setValueToInput: com.cct.common.serviceschedule.addopenschedule.AddOpenSchedule.setValueToInput is PASSED

2018-04-05 11:25:19 - [MESSAGE][PASSED] - Text '' is set on object 'Object Repository/com/cct/serviceschedule/openschedule/add/input_openScManual.serviceNumb'

2018-04-05 11:25:19 - [MESSAGE][PASSED] - Text 'PQQ' is set on object 'Object Repository/com/cct/serviceschedule/openschedule/add/input_autocompleteDepturePortN'

2018-04-05 11:25:20 - [MESSAGE][PASSED] - Delayed 1 second(s)

2018-04-05 11:25:20 - [MESSAGE][PASSED] - Text 'DMK' is set on object 'Object Repository/com/cct/serviceschedule/openschedule/add/input_autocompleteArrivalPortN'

2018-04-05 11:25:21 - [MESSAGE][PASSED] - Delayed 1 second(s)

2018-04-05 11:25:21 - [MESSAGE][PASSED] - Keys 'CONTROL + a' sent to object: 'Object Repository/com/cct/serviceschedule/openschedule/add/input_openScManual_depDate_dd_'

2018-04-05 11:25:21 - [MESSAGE][PASSED] - Keys 'CONTROL + a' sent to object: 'Object Repository/com/cct/serviceschedule/openschedule/add/input_openScManual_arrDate_dd_'

2018-04-05 11:25:21 - [MESSAGE][PASSED] - Keys 'CONTROL + a' sent to object: 'Object Repository/com/cct/serviceschedule/openschedule/add/input_openScManual_arrTime_hh_'

2018-04-05 11:25:22 - [MESSAGE][PASSED] - Keys 'CONTROL + a' sent to object: 'Object Repository/com/cct/serviceschedule/openschedule/add/input_openScManual_depTime_hh_'

2018-04-05 11:25:23 - [MESSAGE][PASSED] - Delayed 1 second(s)

2018-04-05 11:25:23 - [MESSAGE][PASSED] - com.cct.common.serviceschedule.addopenschedule.AddOpenSchedule.setValueToInput is PASSED

2018-04-05 11:25:23 - [TEST_STEP][PASSED] - click: Object: 'Object Repository/com/cct/serviceschedule/openschedule/add/button_Open' is clicked on

2018-04-05 11:25:23 - [MESSAGE][PASSED] - Object: 'Object Repository/com/cct/serviceschedule/openschedule/add/button_Open' is clicked on

2018-04-05 11:25:23 - [TEST_STEP][PASSED] - verifyElementText: Actual text and expected text of test object 'Object Repository/com/cct/serviceschedule/openschedule/add/alert message' are matched.

2018-04-05 11:25:23 - [MESSAGE][PASSED] - Actual text and expected text of test object 'Object Repository/com/cct/serviceschedule/openschedule/add/alert message' are matched.

2018-04-05 11:25:23 - [TEST_STEP][PASSED] - Start listener action : sampleAfterTestCase: Invoke 'com.kms.katalon.core.annotation.AfterTestCase' method: 'NewTestListener.sampleAfterTestCase(...)' completed.

2018-04-05 11:25:23 - [TEST_STEP][PASSED] - comment: Name: /xl/workbook.xml - Content Type: application/vnd.openxmlformats-officedocument.spreadsheetml.sheet.main+xml

2018-04-05 11:25:23 - [TEST_STEP][PASSED] - comment: null

2018-04-05 11:25:23 - [TEST_STEP][PASSED] - comment: 19

2018-04-05 11:25:23 - [TEST_STEP][PASSED] - comment: com.kms.katalon.core.context.internal.InternalTestCaseContext@489091bd

2018-04-05 11:25:23 - [TEST_STEP][PASSED] - Statement - rowIndex = com.cct.util.exportExcel.createRerportdetail(wb, rowIndex, testCaseContext): Invoke 'com.kms.katalon.core.annotation.AfterTestCase' method: 'NewTestListener.sampleAfterTestCase(...)' completed.]]></system-out>
         <system-err><![CDATA[]]></system-err>
      </testcase>
      <testcase name="Test Cases/com/cct/serviceschedule/openschedule/add/arrDate_depDate" classname="Test Cases/com/cct/serviceschedule/openschedule/add/arrDate_depDate" status="PASSED">
         <system-out><![CDATA[2018-04-05 11:25:23 - [TEST_CASE][PASSED] - Test Cases/com/cct/serviceschedule/openschedule/add/arrDate_depDate: Invoke 'com.kms.katalon.core.annotation.AfterTestCase' method: 'NewTestListener.sampleAfterTestCase(...)' completed.

2018-04-05 11:25:23 - [TEST_STEP][PASSED] - Start listener action : sampleBeforeTestCase: Invoke 'com.kms.katalon.core.annotation.BeforeTestCase' method: 'NewTestListener.sampleBeforeTestCase(...)' completed.

2018-04-05 11:25:23 - [TEST_STEP][PASSED] - com.cct.common.security.login.Login.loginDefault: com.cct.common.security.login.Login.loginDefault is PASSED

2018-04-05 11:25:23 - [MESSAGE][WARNING] - A browser is already opened. Closing browser and opening a new one

2018-04-05 11:25:29 - [MESSAGE][PASSED] - Browser is opened with url: 'http://10.100.70.87:8080/cp_cambodia/jsp/security/initLogin.action'

2018-04-05 11:25:29 - [MESSAGE][PASSED] - Wait for page load successfully

2018-04-05 11:25:32 - [MESSAGE][PASSED] - Current window maximized

2018-04-05 11:25:32 - [MESSAGE][PASSED] - Text 'N01' is set on object 'Object Repository/com/cct/security/login/login/input_carrierCode'

2018-04-05 11:25:32 - [MESSAGE][PASSED] - Text 'N01001' is set on object 'Object Repository/com/cct/security/login/login/input_username'

2018-04-05 11:25:32 - [MESSAGE][PASSED] - Text 'Nn@1234' is set on object 'Object Repository/com/cct/security/login/login/input_password'

2018-04-05 11:25:35 - [MESSAGE][PASSED] - Object: 'Object Repository/com/cct/security/login/login/button_Log-in' is clicked on

2018-04-05 11:25:36 - [MESSAGE][PASSED] - Delayed 1 second(s)

2018-04-05 11:25:36 - [MESSAGE][PASSED] - com.cct.common.security.login.Login.loginDefault is PASSED

2018-04-05 11:25:36 - [TEST_STEP][PASSED] - com.cct.common.serviceschedule.addopenschedule.AddOpenSchedule.gotoPage: com.cct.common.serviceschedule.addopenschedule.AddOpenSchedule.gotoPage is PASSED

2018-04-05 11:25:36 - [MESSAGE][PASSED] - Object: 'Object Repository/com/cct/security/mainpage/main/input_btnSubmit Manage Schedule and Individual Check-Ins' is clicked on

2018-04-05 11:25:37 - [MESSAGE][PASSED] - Object: 'Object Repository/com/cct/serviceschedule/openschedule/search/button_open new schedule' is clicked on

2018-04-05 11:25:37 - [MESSAGE][PASSED] - Object: 'Object Repository/com/cct/serviceschedule/openschedule/search/button_Open schedule manually' is clicked on

2018-04-05 11:25:37 - [MESSAGE][PASSED] - com.cct.common.serviceschedule.addopenschedule.AddOpenSchedule.gotoPage is PASSED

2018-04-05 11:25:37 - [TEST_STEP][PASSED] - com.cct.common.serviceschedule.addopenschedule.AddOpenSchedule.setValueToInput: com.cct.common.serviceschedule.addopenschedule.AddOpenSchedule.setValueToInput is PASSED

2018-04-05 11:25:37 - [MESSAGE][PASSED] - Text 'A1234A' is set on object 'Object Repository/com/cct/serviceschedule/openschedule/add/input_openScManual.serviceNumb'

2018-04-05 11:25:37 - [MESSAGE][PASSED] - Text '' is set on object 'Object Repository/com/cct/serviceschedule/openschedule/add/input_autocompleteDepturePortN'

2018-04-05 11:25:38 - [MESSAGE][PASSED] - Delayed 1 second(s)

2018-04-05 11:25:38 - [MESSAGE][PASSED] - Text 'DMK' is set on object 'Object Repository/com/cct/serviceschedule/openschedule/add/input_autocompleteArrivalPortN'

2018-04-05 11:25:39 - [MESSAGE][PASSED] - Delayed 1 second(s)

2018-04-05 11:25:39 - [MESSAGE][PASSED] - Keys 'CONTROL + a' sent to object: 'Object Repository/com/cct/serviceschedule/openschedule/add/input_openScManual_depDate_dd_'

2018-04-05 11:25:40 - [MESSAGE][PASSED] - Keys 'CONTROL + a' sent to object: 'Object Repository/com/cct/serviceschedule/openschedule/add/input_openScManual_arrDate_dd_'

2018-04-05 11:25:40 - [MESSAGE][PASSED] - Keys 'CONTROL + a' sent to object: 'Object Repository/com/cct/serviceschedule/openschedule/add/input_openScManual_arrTime_hh_'

2018-04-05 11:25:40 - [MESSAGE][PASSED] - Keys 'CONTROL + a' sent to object: 'Object Repository/com/cct/serviceschedule/openschedule/add/input_openScManual_depTime_hh_'

2018-04-05 11:25:41 - [MESSAGE][PASSED] - Delayed 1 second(s)

2018-04-05 11:25:41 - [MESSAGE][PASSED] - com.cct.common.serviceschedule.addopenschedule.AddOpenSchedule.setValueToInput is PASSED

2018-04-05 11:25:41 - [TEST_STEP][PASSED] - click: Object: 'Object Repository/com/cct/serviceschedule/openschedule/add/button_Open' is clicked on

2018-04-05 11:25:41 - [MESSAGE][PASSED] - Object: 'Object Repository/com/cct/serviceschedule/openschedule/add/button_Open' is clicked on

2018-04-05 11:25:41 - [TEST_STEP][PASSED] - verifyElementText: Actual text and expected text of test object 'Object Repository/com/cct/serviceschedule/openschedule/add/alert message' are matched.

2018-04-05 11:25:41 - [MESSAGE][PASSED] - Actual text and expected text of test object 'Object Repository/com/cct/serviceschedule/openschedule/add/alert message' are matched.

2018-04-05 11:25:41 - [TEST_STEP][PASSED] - Start listener action : sampleAfterTestCase: Invoke 'com.kms.katalon.core.annotation.AfterTestCase' method: 'NewTestListener.sampleAfterTestCase(...)' completed.

2018-04-05 11:25:41 - [TEST_STEP][PASSED] - comment: Name: /xl/workbook.xml - Content Type: application/vnd.openxmlformats-officedocument.spreadsheetml.sheet.main+xml

2018-04-05 11:25:41 - [TEST_STEP][PASSED] - comment: null

2018-04-05 11:25:41 - [TEST_STEP][PASSED] - comment: 20

2018-04-05 11:25:41 - [TEST_STEP][PASSED] - comment: com.kms.katalon.core.context.internal.InternalTestCaseContext@33063f5b

2018-04-05 11:25:41 - [TEST_STEP][PASSED] - Statement - rowIndex = com.cct.util.exportExcel.createRerportdetail(wb, rowIndex, testCaseContext): Invoke 'com.kms.katalon.core.annotation.AfterTestCase' method: 'NewTestListener.sampleAfterTestCase(...)' completed.]]></system-out>
         <system-err><![CDATA[]]></system-err>
      </testcase>
      <testcase name="Test Cases/com/cct/serviceschedule/openschedule/add/arrDate_depDate" classname="Test Cases/com/cct/serviceschedule/openschedule/add/arrDate_depDate" status="PASSED">
         <system-out><![CDATA[2018-04-05 11:25:41 - [TEST_CASE][PASSED] - Test Cases/com/cct/serviceschedule/openschedule/add/arrDate_depDate: Invoke 'com.kms.katalon.core.annotation.AfterTestCase' method: 'NewTestListener.sampleAfterTestCase(...)' completed.

2018-04-05 11:25:41 - [TEST_STEP][PASSED] - Start listener action : sampleBeforeTestCase: Invoke 'com.kms.katalon.core.annotation.BeforeTestCase' method: 'NewTestListener.sampleBeforeTestCase(...)' completed.

2018-04-05 11:25:41 - [TEST_STEP][PASSED] - com.cct.common.security.login.Login.loginDefault: com.cct.common.security.login.Login.loginDefault is PASSED

2018-04-05 11:25:41 - [MESSAGE][WARNING] - A browser is already opened. Closing browser and opening a new one

2018-04-05 11:25:46 - [MESSAGE][PASSED] - Browser is opened with url: 'http://10.100.70.87:8080/cp_cambodia/jsp/security/initLogin.action'

2018-04-05 11:25:46 - [MESSAGE][PASSED] - Wait for page load successfully

2018-04-05 11:25:50 - [MESSAGE][PASSED] - Current window maximized

2018-04-05 11:25:50 - [MESSAGE][PASSED] - Text 'N01' is set on object 'Object Repository/com/cct/security/login/login/input_carrierCode'

2018-04-05 11:25:50 - [MESSAGE][PASSED] - Text 'N01001' is set on object 'Object Repository/com/cct/security/login/login/input_username'

2018-04-05 11:25:50 - [MESSAGE][PASSED] - Text 'Nn@1234' is set on object 'Object Repository/com/cct/security/login/login/input_password'

2018-04-05 11:25:52 - [MESSAGE][PASSED] - Object: 'Object Repository/com/cct/security/login/login/button_Log-in' is clicked on

2018-04-05 11:25:53 - [MESSAGE][PASSED] - Delayed 1 second(s)

2018-04-05 11:25:53 - [MESSAGE][PASSED] - com.cct.common.security.login.Login.loginDefault is PASSED

2018-04-05 11:25:53 - [TEST_STEP][PASSED] - com.cct.common.serviceschedule.addopenschedule.AddOpenSchedule.gotoPage: com.cct.common.serviceschedule.addopenschedule.AddOpenSchedule.gotoPage is PASSED

2018-04-05 11:25:53 - [MESSAGE][PASSED] - Object: 'Object Repository/com/cct/security/mainpage/main/input_btnSubmit Manage Schedule and Individual Check-Ins' is clicked on

2018-04-05 11:25:54 - [MESSAGE][PASSED] - Object: 'Object Repository/com/cct/serviceschedule/openschedule/search/button_open new schedule' is clicked on

2018-04-05 11:25:55 - [MESSAGE][PASSED] - Object: 'Object Repository/com/cct/serviceschedule/openschedule/search/button_Open schedule manually' is clicked on

2018-04-05 11:25:55 - [MESSAGE][PASSED] - com.cct.common.serviceschedule.addopenschedule.AddOpenSchedule.gotoPage is PASSED

2018-04-05 11:25:55 - [TEST_STEP][PASSED] - com.cct.common.serviceschedule.addopenschedule.AddOpenSchedule.setValueToInput: com.cct.common.serviceschedule.addopenschedule.AddOpenSchedule.setValueToInput is PASSED

2018-04-05 11:25:55 - [MESSAGE][PASSED] - Text 'A1234A' is set on object 'Object Repository/com/cct/serviceschedule/openschedule/add/input_openScManual.serviceNumb'

2018-04-05 11:25:55 - [MESSAGE][PASSED] - Text 'PQQ' is set on object 'Object Repository/com/cct/serviceschedule/openschedule/add/input_autocompleteDepturePortN'

2018-04-05 11:25:56 - [MESSAGE][PASSED] - Delayed 1 second(s)

2018-04-05 11:25:56 - [MESSAGE][PASSED] - Text '' is set on object 'Object Repository/com/cct/serviceschedule/openschedule/add/input_autocompleteArrivalPortN'

2018-04-05 11:25:57 - [MESSAGE][PASSED] - Delayed 1 second(s)

2018-04-05 11:25:57 - [MESSAGE][PASSED] - Keys 'CONTROL + a' sent to object: 'Object Repository/com/cct/serviceschedule/openschedule/add/input_openScManual_depDate_dd_'

2018-04-05 11:25:57 - [MESSAGE][PASSED] - Keys 'CONTROL + a' sent to object: 'Object Repository/com/cct/serviceschedule/openschedule/add/input_openScManual_arrDate_dd_'

2018-04-05 11:25:57 - [MESSAGE][PASSED] - Keys 'CONTROL + a' sent to object: 'Object Repository/com/cct/serviceschedule/openschedule/add/input_openScManual_arrTime_hh_'

2018-04-05 11:25:57 - [MESSAGE][PASSED] - Keys 'CONTROL + a' sent to object: 'Object Repository/com/cct/serviceschedule/openschedule/add/input_openScManual_depTime_hh_'

2018-04-05 11:25:58 - [MESSAGE][PASSED] - Delayed 1 second(s)

2018-04-05 11:25:58 - [MESSAGE][PASSED] - com.cct.common.serviceschedule.addopenschedule.AddOpenSchedule.setValueToInput is PASSED

2018-04-05 11:25:58 - [TEST_STEP][PASSED] - click: Object: 'Object Repository/com/cct/serviceschedule/openschedule/add/button_Open' is clicked on

2018-04-05 11:25:59 - [MESSAGE][PASSED] - Object: 'Object Repository/com/cct/serviceschedule/openschedule/add/button_Open' is clicked on

2018-04-05 11:25:59 - [TEST_STEP][PASSED] - verifyElementText: Actual text and expected text of test object 'Object Repository/com/cct/serviceschedule/openschedule/add/alert message' are matched.

2018-04-05 11:25:59 - [MESSAGE][PASSED] - Actual text and expected text of test object 'Object Repository/com/cct/serviceschedule/openschedule/add/alert message' are matched.

2018-04-05 11:25:59 - [TEST_STEP][PASSED] - Start listener action : sampleAfterTestCase: Invoke 'com.kms.katalon.core.annotation.AfterTestCase' method: 'NewTestListener.sampleAfterTestCase(...)' completed.

2018-04-05 11:25:59 - [TEST_STEP][PASSED] - comment: Name: /xl/workbook.xml - Content Type: application/vnd.openxmlformats-officedocument.spreadsheetml.sheet.main+xml

2018-04-05 11:25:59 - [TEST_STEP][PASSED] - comment: null

2018-04-05 11:25:59 - [TEST_STEP][PASSED] - comment: 21

2018-04-05 11:25:59 - [TEST_STEP][PASSED] - comment: com.kms.katalon.core.context.internal.InternalTestCaseContext@8d8f754

2018-04-05 11:25:59 - [TEST_STEP][PASSED] - Statement - rowIndex = com.cct.util.exportExcel.createRerportdetail(wb, rowIndex, testCaseContext): Invoke 'com.kms.katalon.core.annotation.AfterTestCase' method: 'NewTestListener.sampleAfterTestCase(...)' completed.]]></system-out>
         <system-err><![CDATA[]]></system-err>
      </testcase>
      <testcase name="Test Cases/com/cct/serviceschedule/openschedule/add/arrDate_depDate" classname="Test Cases/com/cct/serviceschedule/openschedule/add/arrDate_depDate" status="PASSED">
         <system-out><![CDATA[2018-04-05 11:25:59 - [TEST_CASE][PASSED] - Test Cases/com/cct/serviceschedule/openschedule/add/arrDate_depDate: Invoke 'com.kms.katalon.core.annotation.AfterTestCase' method: 'NewTestListener.sampleAfterTestCase(...)' completed.

2018-04-05 11:25:59 - [TEST_STEP][PASSED] - Start listener action : sampleBeforeTestCase: Invoke 'com.kms.katalon.core.annotation.BeforeTestCase' method: 'NewTestListener.sampleBeforeTestCase(...)' completed.

2018-04-05 11:25:59 - [TEST_STEP][PASSED] - com.cct.common.security.login.Login.loginDefault: com.cct.common.security.login.Login.loginDefault is PASSED

2018-04-05 11:25:59 - [MESSAGE][WARNING] - A browser is already opened. Closing browser and opening a new one

2018-04-05 11:26:04 - [MESSAGE][PASSED] - Browser is opened with url: 'http://10.100.70.87:8080/cp_cambodia/jsp/security/initLogin.action'

2018-04-05 11:26:04 - [MESSAGE][PASSED] - Wait for page load successfully

2018-04-05 11:26:08 - [MESSAGE][PASSED] - Current window maximized

2018-04-05 11:26:08 - [MESSAGE][PASSED] - Text 'N01' is set on object 'Object Repository/com/cct/security/login/login/input_carrierCode'

2018-04-05 11:26:08 - [MESSAGE][PASSED] - Text 'N01001' is set on object 'Object Repository/com/cct/security/login/login/input_username'

2018-04-05 11:26:08 - [MESSAGE][PASSED] - Text 'Nn@1234' is set on object 'Object Repository/com/cct/security/login/login/input_password'

2018-04-05 11:26:10 - [MESSAGE][PASSED] - Object: 'Object Repository/com/cct/security/login/login/button_Log-in' is clicked on

2018-04-05 11:26:11 - [MESSAGE][PASSED] - Delayed 1 second(s)

2018-04-05 11:26:11 - [MESSAGE][PASSED] - com.cct.common.security.login.Login.loginDefault is PASSED

2018-04-05 11:26:11 - [TEST_STEP][PASSED] - com.cct.common.serviceschedule.addopenschedule.AddOpenSchedule.gotoPage: com.cct.common.serviceschedule.addopenschedule.AddOpenSchedule.gotoPage is PASSED

2018-04-05 11:26:12 - [MESSAGE][PASSED] - Object: 'Object Repository/com/cct/security/mainpage/main/input_btnSubmit Manage Schedule and Individual Check-Ins' is clicked on

2018-04-05 11:26:12 - [MESSAGE][PASSED] - Object: 'Object Repository/com/cct/serviceschedule/openschedule/search/button_open new schedule' is clicked on

2018-04-05 11:26:13 - [MESSAGE][PASSED] - Object: 'Object Repository/com/cct/serviceschedule/openschedule/search/button_Open schedule manually' is clicked on

2018-04-05 11:26:13 - [MESSAGE][PASSED] - com.cct.common.serviceschedule.addopenschedule.AddOpenSchedule.gotoPage is PASSED

2018-04-05 11:26:13 - [TEST_STEP][PASSED] - com.cct.common.serviceschedule.addopenschedule.AddOpenSchedule.setValueToInput: com.cct.common.serviceschedule.addopenschedule.AddOpenSchedule.setValueToInput is PASSED

2018-04-05 11:26:13 - [MESSAGE][PASSED] - Text 'A1234A' is set on object 'Object Repository/com/cct/serviceschedule/openschedule/add/input_openScManual.serviceNumb'

2018-04-05 11:26:13 - [MESSAGE][PASSED] - Text 'PQQ' is set on object 'Object Repository/com/cct/serviceschedule/openschedule/add/input_autocompleteDepturePortN'

2018-04-05 11:26:14 - [MESSAGE][PASSED] - Delayed 1 second(s)

2018-04-05 11:26:14 - [MESSAGE][PASSED] - Text 'DMK' is set on object 'Object Repository/com/cct/serviceschedule/openschedule/add/input_autocompleteArrivalPortN'

2018-04-05 11:26:15 - [MESSAGE][PASSED] - Delayed 1 second(s)

2018-04-05 11:26:15 - [MESSAGE][PASSED] - Keys 'CONTROL + a' sent to object: 'Object Repository/com/cct/serviceschedule/openschedule/add/input_openScManual_depDate_dd_'

2018-04-05 11:26:15 - [MESSAGE][PASSED] - Keys 'CONTROL + a' sent to object: 'Object Repository/com/cct/serviceschedule/openschedule/add/input_openScManual_arrDate_dd_'

2018-04-05 11:26:16 - [MESSAGE][PASSED] - Keys 'CONTROL + a' sent to object: 'Object Repository/com/cct/serviceschedule/openschedule/add/input_openScManual_arrTime_hh_'

2018-04-05 11:26:16 - [MESSAGE][PASSED] - Keys 'CONTROL + a' sent to object: 'Object Repository/com/cct/serviceschedule/openschedule/add/input_openScManual_depTime_hh_'

2018-04-05 11:26:17 - [MESSAGE][PASSED] - Delayed 1 second(s)

2018-04-05 11:26:17 - [MESSAGE][PASSED] - com.cct.common.serviceschedule.addopenschedule.AddOpenSchedule.setValueToInput is PASSED

2018-04-05 11:26:17 - [TEST_STEP][PASSED] - click: Object: 'Object Repository/com/cct/serviceschedule/openschedule/add/button_Open' is clicked on

2018-04-05 11:26:17 - [MESSAGE][PASSED] - Object: 'Object Repository/com/cct/serviceschedule/openschedule/add/button_Open' is clicked on

2018-04-05 11:26:17 - [TEST_STEP][PASSED] - verifyElementText: Actual text and expected text of test object 'Object Repository/com/cct/serviceschedule/openschedule/add/alert message' are matched.

2018-04-05 11:26:17 - [MESSAGE][PASSED] - Actual text and expected text of test object 'Object Repository/com/cct/serviceschedule/openschedule/add/alert message' are matched.

2018-04-05 11:26:17 - [TEST_STEP][PASSED] - Start listener action : sampleAfterTestCase: Invoke 'com.kms.katalon.core.annotation.AfterTestCase' method: 'NewTestListener.sampleAfterTestCase(...)' completed.

2018-04-05 11:26:17 - [TEST_STEP][PASSED] - comment: Name: /xl/workbook.xml - Content Type: application/vnd.openxmlformats-officedocument.spreadsheetml.sheet.main+xml

2018-04-05 11:26:17 - [TEST_STEP][PASSED] - comment: null

2018-04-05 11:26:17 - [TEST_STEP][PASSED] - comment: 22

2018-04-05 11:26:17 - [TEST_STEP][PASSED] - comment: com.kms.katalon.core.context.internal.InternalTestCaseContext@54402c04

2018-04-05 11:26:17 - [TEST_STEP][PASSED] - Statement - rowIndex = com.cct.util.exportExcel.createRerportdetail(wb, rowIndex, testCaseContext): Invoke 'com.kms.katalon.core.annotation.AfterTestCase' method: 'NewTestListener.sampleAfterTestCase(...)' completed.]]></system-out>
         <system-err><![CDATA[]]></system-err>
      </testcase>
      <testcase name="Test Cases/com/cct/serviceschedule/openschedule/add/arrDate_depDate" classname="Test Cases/com/cct/serviceschedule/openschedule/add/arrDate_depDate" status="PASSED">
         <system-out><![CDATA[2018-04-05 11:26:17 - [TEST_CASE][PASSED] - Test Cases/com/cct/serviceschedule/openschedule/add/arrDate_depDate: Invoke 'com.kms.katalon.core.annotation.AfterTestCase' method: 'NewTestListener.sampleAfterTestCase(...)' completed.

2018-04-05 11:26:17 - [TEST_STEP][PASSED] - Start listener action : sampleBeforeTestCase: Invoke 'com.kms.katalon.core.annotation.BeforeTestCase' method: 'NewTestListener.sampleBeforeTestCase(...)' completed.

2018-04-05 11:26:17 - [TEST_STEP][PASSED] - com.cct.common.security.login.Login.loginDefault: com.cct.common.security.login.Login.loginDefault is PASSED

2018-04-05 11:26:17 - [MESSAGE][WARNING] - A browser is already opened. Closing browser and opening a new one

2018-04-05 11:26:23 - [MESSAGE][PASSED] - Browser is opened with url: 'http://10.100.70.87:8080/cp_cambodia/jsp/security/initLogin.action'

2018-04-05 11:26:23 - [MESSAGE][PASSED] - Wait for page load successfully

2018-04-05 11:26:26 - [MESSAGE][PASSED] - Current window maximized

2018-04-05 11:26:26 - [MESSAGE][PASSED] - Text 'N01' is set on object 'Object Repository/com/cct/security/login/login/input_carrierCode'

2018-04-05 11:26:26 - [MESSAGE][PASSED] - Text 'N01001' is set on object 'Object Repository/com/cct/security/login/login/input_username'

2018-04-05 11:26:26 - [MESSAGE][PASSED] - Text 'Nn@1234' is set on object 'Object Repository/com/cct/security/login/login/input_password'

2018-04-05 11:26:29 - [MESSAGE][PASSED] - Object: 'Object Repository/com/cct/security/login/login/button_Log-in' is clicked on

2018-04-05 11:26:30 - [MESSAGE][PASSED] - Delayed 1 second(s)

2018-04-05 11:26:30 - [MESSAGE][PASSED] - com.cct.common.security.login.Login.loginDefault is PASSED

2018-04-05 11:26:30 - [TEST_STEP][PASSED] - com.cct.common.serviceschedule.addopenschedule.AddOpenSchedule.gotoPage: com.cct.common.serviceschedule.addopenschedule.AddOpenSchedule.gotoPage is PASSED

2018-04-05 11:26:31 - [MESSAGE][PASSED] - Object: 'Object Repository/com/cct/security/mainpage/main/input_btnSubmit Manage Schedule and Individual Check-Ins' is clicked on

2018-04-05 11:26:31 - [MESSAGE][PASSED] - Object: 'Object Repository/com/cct/serviceschedule/openschedule/search/button_open new schedule' is clicked on

2018-04-05 11:26:32 - [MESSAGE][PASSED] - Object: 'Object Repository/com/cct/serviceschedule/openschedule/search/button_Open schedule manually' is clicked on

2018-04-05 11:26:32 - [MESSAGE][PASSED] - com.cct.common.serviceschedule.addopenschedule.AddOpenSchedule.gotoPage is PASSED

2018-04-05 11:26:32 - [TEST_STEP][PASSED] - com.cct.common.serviceschedule.addopenschedule.AddOpenSchedule.setValueToInput: com.cct.common.serviceschedule.addopenschedule.AddOpenSchedule.setValueToInput is PASSED

2018-04-05 11:26:32 - [MESSAGE][PASSED] - Text 'A1234A' is set on object 'Object Repository/com/cct/serviceschedule/openschedule/add/input_openScManual.serviceNumb'

2018-04-05 11:26:32 - [MESSAGE][PASSED] - Text 'PQQ' is set on object 'Object Repository/com/cct/serviceschedule/openschedule/add/input_autocompleteDepturePortN'

2018-04-05 11:26:33 - [MESSAGE][PASSED] - Delayed 1 second(s)

2018-04-05 11:26:33 - [MESSAGE][PASSED] - Text 'DMK' is set on object 'Object Repository/com/cct/serviceschedule/openschedule/add/input_autocompleteArrivalPortN'

2018-04-05 11:26:34 - [MESSAGE][PASSED] - Delayed 1 second(s)

2018-04-05 11:26:34 - [MESSAGE][PASSED] - Keys 'CONTROL + a' sent to object: 'Object Repository/com/cct/serviceschedule/openschedule/add/input_openScManual_depDate_dd_'

2018-04-05 11:26:34 - [MESSAGE][PASSED] - Keys 'CONTROL + a' sent to object: 'Object Repository/com/cct/serviceschedule/openschedule/add/input_openScManual_arrDate_dd_'

2018-04-05 11:26:34 - [MESSAGE][PASSED] - Keys 'CONTROL + a' sent to object: 'Object Repository/com/cct/serviceschedule/openschedule/add/input_openScManual_arrTime_hh_'

2018-04-05 11:26:34 - [MESSAGE][PASSED] - Keys 'CONTROL + a' sent to object: 'Object Repository/com/cct/serviceschedule/openschedule/add/input_openScManual_depTime_hh_'

2018-04-05 11:26:35 - [MESSAGE][PASSED] - Delayed 1 second(s)

2018-04-05 11:26:35 - [MESSAGE][PASSED] - com.cct.common.serviceschedule.addopenschedule.AddOpenSchedule.setValueToInput is PASSED

2018-04-05 11:26:35 - [TEST_STEP][PASSED] - click: Object: 'Object Repository/com/cct/serviceschedule/openschedule/add/button_Open' is clicked on

2018-04-05 11:26:36 - [MESSAGE][PASSED] - Object: 'Object Repository/com/cct/serviceschedule/openschedule/add/button_Open' is clicked on

2018-04-05 11:26:36 - [TEST_STEP][PASSED] - verifyElementText: Actual text and expected text of test object 'Object Repository/com/cct/serviceschedule/openschedule/add/alert message' are matched.

2018-04-05 11:26:36 - [MESSAGE][PASSED] - Actual text and expected text of test object 'Object Repository/com/cct/serviceschedule/openschedule/add/alert message' are matched.

2018-04-05 11:26:36 - [TEST_STEP][PASSED] - Start listener action : sampleAfterTestCase: Invoke 'com.kms.katalon.core.annotation.AfterTestCase' method: 'NewTestListener.sampleAfterTestCase(...)' completed.

2018-04-05 11:26:36 - [TEST_STEP][PASSED] - comment: Name: /xl/workbook.xml - Content Type: application/vnd.openxmlformats-officedocument.spreadsheetml.sheet.main+xml

2018-04-05 11:26:36 - [TEST_STEP][PASSED] - comment: null

2018-04-05 11:26:36 - [TEST_STEP][PASSED] - comment: 23

2018-04-05 11:26:36 - [TEST_STEP][PASSED] - comment: com.kms.katalon.core.context.internal.InternalTestCaseContext@4d499d65

2018-04-05 11:26:36 - [TEST_STEP][PASSED] - Statement - rowIndex = com.cct.util.exportExcel.createRerportdetail(wb, rowIndex, testCaseContext): Invoke 'com.kms.katalon.core.annotation.AfterTestCase' method: 'NewTestListener.sampleAfterTestCase(...)' completed.]]></system-out>
         <system-err><![CDATA[]]></system-err>
      </testcase>
      <testcase name="Test Cases/com/cct/serviceschedule/openschedule/add/arrDate_depDate" classname="Test Cases/com/cct/serviceschedule/openschedule/add/arrDate_depDate" status="PASSED">
         <system-out><![CDATA[2018-04-05 11:26:36 - [TEST_CASE][PASSED] - Test Cases/com/cct/serviceschedule/openschedule/add/arrDate_depDate: Invoke 'com.kms.katalon.core.annotation.AfterTestCase' method: 'NewTestListener.sampleAfterTestCase(...)' completed.

2018-04-05 11:26:36 - [TEST_STEP][PASSED] - Start listener action : sampleBeforeTestCase: Invoke 'com.kms.katalon.core.annotation.BeforeTestCase' method: 'NewTestListener.sampleBeforeTestCase(...)' completed.

2018-04-05 11:26:36 - [TEST_STEP][PASSED] - com.cct.common.security.login.Login.loginDefault: com.cct.common.security.login.Login.loginDefault is PASSED

2018-04-05 11:26:36 - [MESSAGE][WARNING] - A browser is already opened. Closing browser and opening a new one

2018-04-05 11:26:42 - [MESSAGE][PASSED] - Browser is opened with url: 'http://10.100.70.87:8080/cp_cambodia/jsp/security/initLogin.action'

2018-04-05 11:26:42 - [MESSAGE][PASSED] - Wait for page load successfully

2018-04-05 11:26:45 - [MESSAGE][PASSED] - Current window maximized

2018-04-05 11:26:45 - [MESSAGE][PASSED] - Text 'N01' is set on object 'Object Repository/com/cct/security/login/login/input_carrierCode'

2018-04-05 11:26:45 - [MESSAGE][PASSED] - Text 'N01001' is set on object 'Object Repository/com/cct/security/login/login/input_username'

2018-04-05 11:26:45 - [MESSAGE][PASSED] - Text 'Nn@1234' is set on object 'Object Repository/com/cct/security/login/login/input_password'

2018-04-05 11:26:47 - [MESSAGE][PASSED] - Object: 'Object Repository/com/cct/security/login/login/button_Log-in' is clicked on

2018-04-05 11:26:48 - [MESSAGE][PASSED] - Delayed 1 second(s)

2018-04-05 11:26:48 - [MESSAGE][PASSED] - com.cct.common.security.login.Login.loginDefault is PASSED

2018-04-05 11:26:49 - [TEST_STEP][PASSED] - com.cct.common.serviceschedule.addopenschedule.AddOpenSchedule.gotoPage: com.cct.common.serviceschedule.addopenschedule.AddOpenSchedule.gotoPage is PASSED

2018-04-05 11:26:49 - [MESSAGE][PASSED] - Object: 'Object Repository/com/cct/security/mainpage/main/input_btnSubmit Manage Schedule and Individual Check-Ins' is clicked on

2018-04-05 11:26:50 - [MESSAGE][PASSED] - Object: 'Object Repository/com/cct/serviceschedule/openschedule/search/button_open new schedule' is clicked on

2018-04-05 11:26:50 - [MESSAGE][PASSED] - Object: 'Object Repository/com/cct/serviceschedule/openschedule/search/button_Open schedule manually' is clicked on

2018-04-05 11:26:50 - [MESSAGE][PASSED] - com.cct.common.serviceschedule.addopenschedule.AddOpenSchedule.gotoPage is PASSED

2018-04-05 11:26:50 - [TEST_STEP][PASSED] - com.cct.common.serviceschedule.addopenschedule.AddOpenSchedule.setValueToInput: com.cct.common.serviceschedule.addopenschedule.AddOpenSchedule.setValueToInput is PASSED

2018-04-05 11:26:50 - [MESSAGE][PASSED] - Text 'A1234A' is set on object 'Object Repository/com/cct/serviceschedule/openschedule/add/input_openScManual.serviceNumb'

2018-04-05 11:26:50 - [MESSAGE][PASSED] - Text 'PQQ' is set on object 'Object Repository/com/cct/serviceschedule/openschedule/add/input_autocompleteDepturePortN'

2018-04-05 11:26:51 - [MESSAGE][PASSED] - Delayed 1 second(s)

2018-04-05 11:26:51 - [MESSAGE][PASSED] - Text 'DMK' is set on object 'Object Repository/com/cct/serviceschedule/openschedule/add/input_autocompleteArrivalPortN'

2018-04-05 11:26:52 - [MESSAGE][PASSED] - Delayed 1 second(s)

2018-04-05 11:26:52 - [MESSAGE][PASSED] - Keys 'CONTROL + a' sent to object: 'Object Repository/com/cct/serviceschedule/openschedule/add/input_openScManual_depDate_dd_'

2018-04-05 11:26:53 - [MESSAGE][PASSED] - Keys 'CONTROL + a' sent to object: 'Object Repository/com/cct/serviceschedule/openschedule/add/input_openScManual_arrDate_dd_'

2018-04-05 11:26:53 - [MESSAGE][PASSED] - Keys 'CONTROL + a' sent to object: 'Object Repository/com/cct/serviceschedule/openschedule/add/input_openScManual_arrTime_hh_'

2018-04-05 11:26:53 - [MESSAGE][PASSED] - Keys 'CONTROL + a' sent to object: 'Object Repository/com/cct/serviceschedule/openschedule/add/input_openScManual_depTime_hh_'

2018-04-05 11:26:54 - [MESSAGE][PASSED] - Delayed 1 second(s)

2018-04-05 11:26:54 - [MESSAGE][PASSED] - com.cct.common.serviceschedule.addopenschedule.AddOpenSchedule.setValueToInput is PASSED

2018-04-05 11:26:54 - [TEST_STEP][PASSED] - click: Object: 'Object Repository/com/cct/serviceschedule/openschedule/add/button_Open' is clicked on

2018-04-05 11:26:54 - [MESSAGE][PASSED] - Object: 'Object Repository/com/cct/serviceschedule/openschedule/add/button_Open' is clicked on

2018-04-05 11:26:54 - [TEST_STEP][PASSED] - verifyElementText: Actual text and expected text of test object 'Object Repository/com/cct/serviceschedule/openschedule/add/alert message' are matched.

2018-04-05 11:26:54 - [MESSAGE][PASSED] - Actual text and expected text of test object 'Object Repository/com/cct/serviceschedule/openschedule/add/alert message' are matched.

2018-04-05 11:26:54 - [TEST_STEP][PASSED] - Start listener action : sampleAfterTestCase: Invoke 'com.kms.katalon.core.annotation.AfterTestCase' method: 'NewTestListener.sampleAfterTestCase(...)' completed.

2018-04-05 11:26:54 - [TEST_STEP][PASSED] - comment: Name: /xl/workbook.xml - Content Type: application/vnd.openxmlformats-officedocument.spreadsheetml.sheet.main+xml

2018-04-05 11:26:54 - [TEST_STEP][PASSED] - comment: null

2018-04-05 11:26:54 - [TEST_STEP][PASSED] - comment: 24

2018-04-05 11:26:54 - [TEST_STEP][PASSED] - comment: com.kms.katalon.core.context.internal.InternalTestCaseContext@6504a875

2018-04-05 11:26:54 - [TEST_STEP][PASSED] - Statement - rowIndex = com.cct.util.exportExcel.createRerportdetail(wb, rowIndex, testCaseContext): Invoke 'com.kms.katalon.core.annotation.AfterTestCase' method: 'NewTestListener.sampleAfterTestCase(...)' completed.]]></system-out>
         <system-err><![CDATA[]]></system-err>
      </testcase>
      <testcase name="Test Cases/com/cct/serviceschedule/openschedule/add/arrDate_depDate" classname="Test Cases/com/cct/serviceschedule/openschedule/add/arrDate_depDate" status="PASSED">
         <system-out><![CDATA[2018-04-05 11:26:54 - [TEST_CASE][PASSED] - Test Cases/com/cct/serviceschedule/openschedule/add/arrDate_depDate: Invoke 'com.kms.katalon.core.annotation.AfterTestCase' method: 'NewTestListener.sampleAfterTestCase(...)' completed.

2018-04-05 11:26:54 - [TEST_STEP][PASSED] - Start listener action : sampleBeforeTestCase: Invoke 'com.kms.katalon.core.annotation.BeforeTestCase' method: 'NewTestListener.sampleBeforeTestCase(...)' completed.

2018-04-05 11:26:54 - [TEST_STEP][PASSED] - com.cct.common.security.login.Login.loginDefault: com.cct.common.security.login.Login.loginDefault is PASSED

2018-04-05 11:26:54 - [MESSAGE][WARNING] - A browser is already opened. Closing browser and opening a new one

2018-04-05 11:26:59 - [MESSAGE][PASSED] - Browser is opened with url: 'http://10.100.70.87:8080/cp_cambodia/jsp/security/initLogin.action'

2018-04-05 11:26:59 - [MESSAGE][PASSED] - Wait for page load successfully

2018-04-05 11:27:03 - [MESSAGE][PASSED] - Current window maximized

2018-04-05 11:27:03 - [MESSAGE][PASSED] - Text 'N01' is set on object 'Object Repository/com/cct/security/login/login/input_carrierCode'

2018-04-05 11:27:03 - [MESSAGE][PASSED] - Text 'N01001' is set on object 'Object Repository/com/cct/security/login/login/input_username'

2018-04-05 11:27:03 - [MESSAGE][PASSED] - Text 'Nn@1234' is set on object 'Object Repository/com/cct/security/login/login/input_password'

2018-04-05 11:27:05 - [MESSAGE][PASSED] - Object: 'Object Repository/com/cct/security/login/login/button_Log-in' is clicked on

2018-04-05 11:27:06 - [MESSAGE][PASSED] - Delayed 1 second(s)

2018-04-05 11:27:06 - [MESSAGE][PASSED] - com.cct.common.security.login.Login.loginDefault is PASSED

2018-04-05 11:27:06 - [TEST_STEP][PASSED] - com.cct.common.serviceschedule.addopenschedule.AddOpenSchedule.gotoPage: com.cct.common.serviceschedule.addopenschedule.AddOpenSchedule.gotoPage is PASSED

2018-04-05 11:27:06 - [MESSAGE][PASSED] - Object: 'Object Repository/com/cct/security/mainpage/main/input_btnSubmit Manage Schedule and Individual Check-Ins' is clicked on

2018-04-05 11:27:07 - [MESSAGE][PASSED] - Object: 'Object Repository/com/cct/serviceschedule/openschedule/search/button_open new schedule' is clicked on

2018-04-05 11:27:07 - [MESSAGE][PASSED] - Object: 'Object Repository/com/cct/serviceschedule/openschedule/search/button_Open schedule manually' is clicked on

2018-04-05 11:27:07 - [MESSAGE][PASSED] - com.cct.common.serviceschedule.addopenschedule.AddOpenSchedule.gotoPage is PASSED

2018-04-05 11:27:07 - [TEST_STEP][PASSED] - com.cct.common.serviceschedule.addopenschedule.AddOpenSchedule.setValueToInput: com.cct.common.serviceschedule.addopenschedule.AddOpenSchedule.setValueToInput is PASSED

2018-04-05 11:27:07 - [MESSAGE][PASSED] - Text 'A1234A' is set on object 'Object Repository/com/cct/serviceschedule/openschedule/add/input_openScManual.serviceNumb'

2018-04-05 11:27:07 - [MESSAGE][PASSED] - Text 'PQQ' is set on object 'Object Repository/com/cct/serviceschedule/openschedule/add/input_autocompleteDepturePortN'

2018-04-05 11:27:08 - [MESSAGE][PASSED] - Delayed 1 second(s)

2018-04-05 11:27:08 - [MESSAGE][PASSED] - Text 'DMK' is set on object 'Object Repository/com/cct/serviceschedule/openschedule/add/input_autocompleteArrivalPortN'

2018-04-05 11:27:09 - [MESSAGE][PASSED] - Delayed 1 second(s)

2018-04-05 11:27:10 - [MESSAGE][PASSED] - Keys 'CONTROL + a' sent to object: 'Object Repository/com/cct/serviceschedule/openschedule/add/input_openScManual_depDate_dd_'

2018-04-05 11:27:10 - [MESSAGE][PASSED] - Keys 'CONTROL + a' sent to object: 'Object Repository/com/cct/serviceschedule/openschedule/add/input_openScManual_arrDate_dd_'

2018-04-05 11:27:10 - [MESSAGE][PASSED] - Keys 'CONTROL + a' sent to object: 'Object Repository/com/cct/serviceschedule/openschedule/add/input_openScManual_arrTime_hh_'

2018-04-05 11:27:10 - [MESSAGE][PASSED] - Keys 'CONTROL + a' sent to object: 'Object Repository/com/cct/serviceschedule/openschedule/add/input_openScManual_depTime_hh_'

2018-04-05 11:27:11 - [MESSAGE][PASSED] - Delayed 1 second(s)

2018-04-05 11:27:11 - [MESSAGE][PASSED] - com.cct.common.serviceschedule.addopenschedule.AddOpenSchedule.setValueToInput is PASSED

2018-04-05 11:27:11 - [TEST_STEP][PASSED] - click: Object: 'Object Repository/com/cct/serviceschedule/openschedule/add/button_Open' is clicked on

2018-04-05 11:27:11 - [MESSAGE][PASSED] - Object: 'Object Repository/com/cct/serviceschedule/openschedule/add/button_Open' is clicked on

2018-04-05 11:27:11 - [TEST_STEP][PASSED] - verifyElementText: Actual text and expected text of test object 'Object Repository/com/cct/serviceschedule/openschedule/add/alert message' are matched.

2018-04-05 11:27:11 - [MESSAGE][PASSED] - Actual text and expected text of test object 'Object Repository/com/cct/serviceschedule/openschedule/add/alert message' are matched.

2018-04-05 11:27:11 - [TEST_STEP][PASSED] - Start listener action : sampleAfterTestCase: Invoke 'com.kms.katalon.core.annotation.AfterTestCase' method: 'NewTestListener.sampleAfterTestCase(...)' completed.

2018-04-05 11:27:11 - [TEST_STEP][PASSED] - comment: Name: /xl/workbook.xml - Content Type: application/vnd.openxmlformats-officedocument.spreadsheetml.sheet.main+xml

2018-04-05 11:27:11 - [TEST_STEP][PASSED] - comment: null

2018-04-05 11:27:11 - [TEST_STEP][PASSED] - comment: 25

2018-04-05 11:27:11 - [TEST_STEP][PASSED] - comment: com.kms.katalon.core.context.internal.InternalTestCaseContext@3289079a

2018-04-05 11:27:11 - [TEST_STEP][PASSED] - Statement - rowIndex = com.cct.util.exportExcel.createRerportdetail(wb, rowIndex, testCaseContext): Invoke 'com.kms.katalon.core.annotation.AfterTestCase' method: 'NewTestListener.sampleAfterTestCase(...)' completed.]]></system-out>
         <system-err><![CDATA[]]></system-err>
      </testcase>
      <testcase name="Test Cases/com/cct/serviceschedule/openschedule/add/arrDate_depDate" classname="Test Cases/com/cct/serviceschedule/openschedule/add/arrDate_depDate" status="FAILED">
         <failure type="FAILED" message="Actual text 'Flight number cannot be blank.
Departure port cannot be blank.
Departure date cannot be blank.
Departure time cannot be blank.
Arrival port cannot be blank.
Arrival date cannot be blank.
Arrival time cannot be blank.' and expected text '' of test object 'Object Repository/com/cct/serviceschedule/openschedule/add/alert message' are NOT matched."/>
         <system-out><![CDATA[2018-04-05 11:27:11 - [TEST_CASE][FAILED] - Test Cases/com/cct/serviceschedule/openschedule/add/arrDate_depDate: Test Cases/com/cct/serviceschedule/openschedule/add/arrDate_depDate FAILED because (of) Actual text 'Flight number cannot be blank.
Departure port cannot be blank.
Departure date cannot be blank.
Departure time cannot be blank.
Arrival port cannot be blank.
Arrival date cannot be blank.
Arrival time cannot be blank.' and expected text '' of test object 'Object Repository/com/cct/serviceschedule/openschedule/add/alert message' are NOT matched.

2018-04-05 11:27:11 - [TEST_STEP][PASSED] - Start listener action : sampleBeforeTestCase: Invoke 'com.kms.katalon.core.annotation.BeforeTestCase' method: 'NewTestListener.sampleBeforeTestCase(...)' completed.

2018-04-05 11:27:11 - [TEST_STEP][PASSED] - com.cct.common.security.login.Login.loginDefault: com.cct.common.security.login.Login.loginDefault is PASSED

2018-04-05 11:27:11 - [MESSAGE][WARNING] - A browser is already opened. Closing browser and opening a new one

2018-04-05 11:27:17 - [MESSAGE][PASSED] - Browser is opened with url: 'http://10.100.70.87:8080/cp_cambodia/jsp/security/initLogin.action'

2018-04-05 11:27:17 - [MESSAGE][PASSED] - Wait for page load successfully

2018-04-05 11:27:20 - [MESSAGE][PASSED] - Current window maximized

2018-04-05 11:27:20 - [MESSAGE][PASSED] - Text 'N01' is set on object 'Object Repository/com/cct/security/login/login/input_carrierCode'

2018-04-05 11:27:21 - [MESSAGE][PASSED] - Text 'N01001' is set on object 'Object Repository/com/cct/security/login/login/input_username'

2018-04-05 11:27:21 - [MESSAGE][PASSED] - Text 'Nn@1234' is set on object 'Object Repository/com/cct/security/login/login/input_password'

2018-04-05 11:27:22 - [MESSAGE][PASSED] - Object: 'Object Repository/com/cct/security/login/login/button_Log-in' is clicked on

2018-04-05 11:27:23 - [MESSAGE][PASSED] - Delayed 1 second(s)

2018-04-05 11:27:23 - [MESSAGE][PASSED] - com.cct.common.security.login.Login.loginDefault is PASSED

2018-04-05 11:27:23 - [TEST_STEP][PASSED] - com.cct.common.serviceschedule.addopenschedule.AddOpenSchedule.gotoPage: com.cct.common.serviceschedule.addopenschedule.AddOpenSchedule.gotoPage is PASSED

2018-04-05 11:27:23 - [MESSAGE][PASSED] - Object: 'Object Repository/com/cct/security/mainpage/main/input_btnSubmit Manage Schedule and Individual Check-Ins' is clicked on

2018-04-05 11:27:24 - [MESSAGE][PASSED] - Object: 'Object Repository/com/cct/serviceschedule/openschedule/search/button_open new schedule' is clicked on

2018-04-05 11:27:24 - [MESSAGE][PASSED] - Object: 'Object Repository/com/cct/serviceschedule/openschedule/search/button_Open schedule manually' is clicked on

2018-04-05 11:27:24 - [MESSAGE][PASSED] - com.cct.common.serviceschedule.addopenschedule.AddOpenSchedule.gotoPage is PASSED

2018-04-05 11:27:24 - [TEST_STEP][PASSED] - com.cct.common.serviceschedule.addopenschedule.AddOpenSchedule.setValueToInput: com.cct.common.serviceschedule.addopenschedule.AddOpenSchedule.setValueToInput is PASSED

2018-04-05 11:27:24 - [MESSAGE][PASSED] - Text '' is set on object 'Object Repository/com/cct/serviceschedule/openschedule/add/input_openScManual.serviceNumb'

2018-04-05 11:27:25 - [MESSAGE][PASSED] - Text 'DMK' is set on object 'Object Repository/com/cct/serviceschedule/openschedule/add/input_autocompleteDepturePortN'

2018-04-05 11:27:26 - [MESSAGE][PASSED] - Delayed 1 second(s)

2018-04-05 11:27:26 - [MESSAGE][PASSED] - Text '' is set on object 'Object Repository/com/cct/serviceschedule/openschedule/add/input_autocompleteArrivalPortN'

2018-04-05 11:27:27 - [MESSAGE][PASSED] - Delayed 1 second(s)

2018-04-05 11:27:27 - [MESSAGE][PASSED] - Keys 'CONTROL + a' sent to object: 'Object Repository/com/cct/serviceschedule/openschedule/add/input_openScManual_depDate_dd_'

2018-04-05 11:27:27 - [MESSAGE][PASSED] - Keys 'CONTROL + a' sent to object: 'Object Repository/com/cct/serviceschedule/openschedule/add/input_openScManual_arrDate_dd_'

2018-04-05 11:27:27 - [MESSAGE][PASSED] - Keys 'CONTROL + a' sent to object: 'Object Repository/com/cct/serviceschedule/openschedule/add/input_openScManual_arrTime_hh_'

2018-04-05 11:27:27 - [MESSAGE][PASSED] - Keys 'CONTROL + a' sent to object: 'Object Repository/com/cct/serviceschedule/openschedule/add/input_openScManual_depTime_hh_'

2018-04-05 11:27:28 - [MESSAGE][PASSED] - Delayed 1 second(s)

2018-04-05 11:27:28 - [MESSAGE][PASSED] - com.cct.common.serviceschedule.addopenschedule.AddOpenSchedule.setValueToInput is PASSED

2018-04-05 11:27:28 - [TEST_STEP][PASSED] - click: Object: 'Object Repository/com/cct/serviceschedule/openschedule/add/button_Open' is clicked on

2018-04-05 11:27:28 - [MESSAGE][PASSED] - Object: 'Object Repository/com/cct/serviceschedule/openschedule/add/button_Open' is clicked on

2018-04-05 11:27:28 - [TEST_STEP][FAILED] - verifyElementText: Actual text 'Flight number cannot be blank.
Departure port cannot be blank.
Departure date cannot be blank.
Departure time cannot be blank.
Arrival port cannot be blank.
Arrival date cannot be blank.
Arrival time cannot be blank.' and expected text '' of test object 'Object Repository/com/cct/serviceschedule/openschedule/add/alert message' are NOT matched.

2018-04-05 11:27:28 - [MESSAGE][FAILED] - Actual text 'Flight number cannot be blank.
Departure port cannot be blank.
Departure date cannot be blank.
Departure time cannot be blank.
Arrival port cannot be blank.
Arrival date cannot be blank.
Arrival time cannot be blank.' and expected text '' of test object 'Object Repository/com/cct/serviceschedule/openschedule/add/alert message' are NOT matched.
[[ATTACHMENT|D:\\Demo\\Katalon-Demo\\Reports\\com\\cct\\serviceschdule\\add\\addOpenSchedule\\20180405_111912\\1522902448708.png]]

2018-04-05 11:27:28 - [TEST_STEP][PASSED] - Start listener action : sampleAfterTestCase: Taking screenshot successfully

2018-04-05 11:27:28 - [TEST_STEP][PASSED] - comment: Name: /xl/workbook.xml - Content Type: application/vnd.openxmlformats-officedocument.spreadsheetml.sheet.main+xml

2018-04-05 11:27:28 - [TEST_STEP][PASSED] - comment: null

2018-04-05 11:27:28 - [TEST_STEP][PASSED] - comment: 26

2018-04-05 11:27:28 - [TEST_STEP][PASSED] - comment: com.kms.katalon.core.context.internal.InternalTestCaseContext@42aae04d

2018-04-05 11:27:28 - [TEST_STEP][PASSED] - Statement - rowIndex = com.cct.util.exportExcel.createRerportdetail(wb, rowIndex, testCaseContext): Taking screenshot successfully

2018-04-05 11:27:28 - [MESSAGE][PASSED] - Taking screenshot successfully
[[ATTACHMENT|D:\\Demo\\Katalon-Demo\\Reports\\com\\cct\\serviceschdule\\add\\addOpenSchedule\\20180405_111912\\D:/testreport/addOpenSchedule.png]]]]></system-out>
         <system-err><![CDATA[2018-04-05 11:27:11 - [TEST_CASE][FAILED] - Test Cases/com/cct/serviceschedule/openschedule/add/arrDate_depDate: Test Cases/com/cct/serviceschedule/openschedule/add/arrDate_depDate FAILED because (of) Actual text 'Flight number cannot be blank.
Departure port cannot be blank.
Departure date cannot be blank.
Departure time cannot be blank.
Arrival port cannot be blank.
Arrival date cannot be blank.
Arrival time cannot be blank.' and expected text '' of test object 'Object Repository/com/cct/serviceschedule/openschedule/add/alert message' are NOT matched.]]></system-err>
      </testcase>
      <testcase name="Test Cases/com/cct/serviceschedule/openschedule/add/arrDate_depDate" classname="Test Cases/com/cct/serviceschedule/openschedule/add/arrDate_depDate" status="FAILED">
         <failure type="FAILED" message="Actual text 'Flight number cannot be blank.
Departure port cannot be blank.
Departure date cannot be blank.
Departure time cannot be blank.
Arrival date cannot be blank.
Arrival time cannot be blank.' and expected text '' of test object 'Object Repository/com/cct/serviceschedule/openschedule/add/alert message' are NOT matched."/>
         <system-out><![CDATA[2018-04-05 11:27:28 - [TEST_CASE][FAILED] - Test Cases/com/cct/serviceschedule/openschedule/add/arrDate_depDate: Test Cases/com/cct/serviceschedule/openschedule/add/arrDate_depDate FAILED because (of) Actual text 'Flight number cannot be blank.
Departure port cannot be blank.
Departure date cannot be blank.
Departure time cannot be blank.
Arrival date cannot be blank.
Arrival time cannot be blank.' and expected text '' of test object 'Object Repository/com/cct/serviceschedule/openschedule/add/alert message' are NOT matched.

2018-04-05 11:27:28 - [TEST_STEP][PASSED] - Start listener action : sampleBeforeTestCase: Invoke 'com.kms.katalon.core.annotation.BeforeTestCase' method: 'NewTestListener.sampleBeforeTestCase(...)' completed.

2018-04-05 11:27:28 - [TEST_STEP][PASSED] - com.cct.common.security.login.Login.loginDefault: com.cct.common.security.login.Login.loginDefault is PASSED

2018-04-05 11:27:28 - [MESSAGE][WARNING] - A browser is already opened. Closing browser and opening a new one

2018-04-05 11:27:34 - [MESSAGE][PASSED] - Browser is opened with url: 'http://10.100.70.87:8080/cp_cambodia/jsp/security/initLogin.action'

2018-04-05 11:27:34 - [MESSAGE][PASSED] - Wait for page load successfully

2018-04-05 11:27:37 - [MESSAGE][PASSED] - Current window maximized

2018-04-05 11:27:37 - [MESSAGE][PASSED] - Text 'N01' is set on object 'Object Repository/com/cct/security/login/login/input_carrierCode'

2018-04-05 11:27:38 - [MESSAGE][PASSED] - Text 'N01001' is set on object 'Object Repository/com/cct/security/login/login/input_username'

2018-04-05 11:27:38 - [MESSAGE][PASSED] - Text 'Nn@1234' is set on object 'Object Repository/com/cct/security/login/login/input_password'

2018-04-05 11:27:40 - [MESSAGE][PASSED] - Object: 'Object Repository/com/cct/security/login/login/button_Log-in' is clicked on

2018-04-05 11:27:41 - [MESSAGE][PASSED] - Delayed 1 second(s)

2018-04-05 11:27:41 - [MESSAGE][PASSED] - com.cct.common.security.login.Login.loginDefault is PASSED

2018-04-05 11:27:41 - [TEST_STEP][PASSED] - com.cct.common.serviceschedule.addopenschedule.AddOpenSchedule.gotoPage: com.cct.common.serviceschedule.addopenschedule.AddOpenSchedule.gotoPage is PASSED

2018-04-05 11:27:41 - [MESSAGE][PASSED] - Object: 'Object Repository/com/cct/security/mainpage/main/input_btnSubmit Manage Schedule and Individual Check-Ins' is clicked on

2018-04-05 11:27:42 - [MESSAGE][PASSED] - Object: 'Object Repository/com/cct/serviceschedule/openschedule/search/button_open new schedule' is clicked on

2018-04-05 11:27:42 - [MESSAGE][PASSED] - Object: 'Object Repository/com/cct/serviceschedule/openschedule/search/button_Open schedule manually' is clicked on

2018-04-05 11:27:42 - [MESSAGE][PASSED] - com.cct.common.serviceschedule.addopenschedule.AddOpenSchedule.gotoPage is PASSED

2018-04-05 11:27:42 - [TEST_STEP][PASSED] - com.cct.common.serviceschedule.addopenschedule.AddOpenSchedule.setValueToInput: com.cct.common.serviceschedule.addopenschedule.AddOpenSchedule.setValueToInput is PASSED

2018-04-05 11:27:42 - [MESSAGE][PASSED] - Text '' is set on object 'Object Repository/com/cct/serviceschedule/openschedule/add/input_openScManual.serviceNumb'

2018-04-05 11:27:42 - [MESSAGE][PASSED] - Text '' is set on object 'Object Repository/com/cct/serviceschedule/openschedule/add/input_autocompleteDepturePortN'

2018-04-05 11:27:43 - [MESSAGE][PASSED] - Delayed 1 second(s)

2018-04-05 11:27:44 - [MESSAGE][PASSED] - Text 'Dmk' is set on object 'Object Repository/com/cct/serviceschedule/openschedule/add/input_autocompleteArrivalPortN'

2018-04-05 11:27:45 - [MESSAGE][PASSED] - Delayed 1 second(s)

2018-04-05 11:27:45 - [MESSAGE][PASSED] - Keys 'CONTROL + a' sent to object: 'Object Repository/com/cct/serviceschedule/openschedule/add/input_openScManual_depDate_dd_'

2018-04-05 11:27:45 - [MESSAGE][PASSED] - Keys 'CONTROL + a' sent to object: 'Object Repository/com/cct/serviceschedule/openschedule/add/input_openScManual_arrDate_dd_'

2018-04-05 11:27:45 - [MESSAGE][PASSED] - Keys 'CONTROL + a' sent to object: 'Object Repository/com/cct/serviceschedule/openschedule/add/input_openScManual_arrTime_hh_'

2018-04-05 11:27:45 - [MESSAGE][PASSED] - Keys 'CONTROL + a' sent to object: 'Object Repository/com/cct/serviceschedule/openschedule/add/input_openScManual_depTime_hh_'

2018-04-05 11:27:46 - [MESSAGE][PASSED] - Delayed 1 second(s)

2018-04-05 11:27:46 - [MESSAGE][PASSED] - com.cct.common.serviceschedule.addopenschedule.AddOpenSchedule.setValueToInput is PASSED

2018-04-05 11:27:46 - [TEST_STEP][PASSED] - click: Object: 'Object Repository/com/cct/serviceschedule/openschedule/add/button_Open' is clicked on

2018-04-05 11:27:46 - [MESSAGE][PASSED] - Object: 'Object Repository/com/cct/serviceschedule/openschedule/add/button_Open' is clicked on

2018-04-05 11:27:46 - [TEST_STEP][FAILED] - verifyElementText: Actual text 'Flight number cannot be blank.
Departure port cannot be blank.
Departure date cannot be blank.
Departure time cannot be blank.
Arrival date cannot be blank.
Arrival time cannot be blank.' and expected text '' of test object 'Object Repository/com/cct/serviceschedule/openschedule/add/alert message' are NOT matched.

2018-04-05 11:27:46 - [MESSAGE][FAILED] - Actual text 'Flight number cannot be blank.
Departure port cannot be blank.
Departure date cannot be blank.
Departure time cannot be blank.
Arrival date cannot be blank.
Arrival time cannot be blank.' and expected text '' of test object 'Object Repository/com/cct/serviceschedule/openschedule/add/alert message' are NOT matched.
[[ATTACHMENT|D:\\Demo\\Katalon-Demo\\Reports\\com\\cct\\serviceschdule\\add\\addOpenSchedule\\20180405_111912\\1522902466603.png]]

2018-04-05 11:27:46 - [TEST_STEP][PASSED] - Start listener action : sampleAfterTestCase: Taking screenshot successfully

2018-04-05 11:27:46 - [TEST_STEP][PASSED] - comment: Name: /xl/workbook.xml - Content Type: application/vnd.openxmlformats-officedocument.spreadsheetml.sheet.main+xml

2018-04-05 11:27:46 - [TEST_STEP][PASSED] - comment: null

2018-04-05 11:27:46 - [TEST_STEP][PASSED] - comment: 27

2018-04-05 11:27:46 - [TEST_STEP][PASSED] - comment: com.kms.katalon.core.context.internal.InternalTestCaseContext@462abec3

2018-04-05 11:27:46 - [TEST_STEP][PASSED] - Statement - rowIndex = com.cct.util.exportExcel.createRerportdetail(wb, rowIndex, testCaseContext): Taking screenshot successfully

2018-04-05 11:27:46 - [MESSAGE][PASSED] - Taking screenshot successfully
[[ATTACHMENT|D:\\Demo\\Katalon-Demo\\Reports\\com\\cct\\serviceschdule\\add\\addOpenSchedule\\20180405_111912\\D:/testreport/addOpenSchedule.png]]]]></system-out>
         <system-err><![CDATA[2018-04-05 11:27:28 - [TEST_CASE][FAILED] - Test Cases/com/cct/serviceschedule/openschedule/add/arrDate_depDate: Test Cases/com/cct/serviceschedule/openschedule/add/arrDate_depDate FAILED because (of) Actual text 'Flight number cannot be blank.
Departure port cannot be blank.
Departure date cannot be blank.
Departure time cannot be blank.
Arrival date cannot be blank.
Arrival time cannot be blank.' and expected text '' of test object 'Object Repository/com/cct/serviceschedule/openschedule/add/alert message' are NOT matched.]]></system-err>
      </testcase>
      <testcase name="Test Cases/com/cct/serviceschedule/openschedule/add/arrDate_depDate" classname="Test Cases/com/cct/serviceschedule/openschedule/add/arrDate_depDate" status="FAILED">
         <failure type="FAILED" message="Actual text 'Departure port cannot be blank.
Departure date cannot be blank.
Departure time cannot be blank.
Arrival port cannot be blank.
Arrival date cannot be blank.
Arrival time cannot be blank.' and expected text '6' of test object 'Object Repository/com/cct/serviceschedule/openschedule/add/alert message' are NOT matched."/>
         <system-out><![CDATA[2018-04-05 11:27:46 - [TEST_CASE][FAILED] - Test Cases/com/cct/serviceschedule/openschedule/add/arrDate_depDate: Test Cases/com/cct/serviceschedule/openschedule/add/arrDate_depDate FAILED because (of) Actual text 'Departure port cannot be blank.
Departure date cannot be blank.
Departure time cannot be blank.
Arrival port cannot be blank.
Arrival date cannot be blank.
Arrival time cannot be blank.' and expected text '6' of test object 'Object Repository/com/cct/serviceschedule/openschedule/add/alert message' are NOT matched.

2018-04-05 11:27:46 - [TEST_STEP][PASSED] - Start listener action : sampleBeforeTestCase: Invoke 'com.kms.katalon.core.annotation.BeforeTestCase' method: 'NewTestListener.sampleBeforeTestCase(...)' completed.

2018-04-05 11:27:46 - [TEST_STEP][PASSED] - com.cct.common.security.login.Login.loginDefault: com.cct.common.security.login.Login.loginDefault is PASSED

2018-04-05 11:27:46 - [MESSAGE][WARNING] - A browser is already opened. Closing browser and opening a new one

2018-04-05 11:27:51 - [MESSAGE][PASSED] - Browser is opened with url: 'http://10.100.70.87:8080/cp_cambodia/jsp/security/initLogin.action'

2018-04-05 11:27:52 - [MESSAGE][PASSED] - Wait for page load successfully

2018-04-05 11:27:55 - [MESSAGE][PASSED] - Current window maximized

2018-04-05 11:27:55 - [MESSAGE][PASSED] - Text 'N01' is set on object 'Object Repository/com/cct/security/login/login/input_carrierCode'

2018-04-05 11:27:55 - [MESSAGE][PASSED] - Text 'N01001' is set on object 'Object Repository/com/cct/security/login/login/input_username'

2018-04-05 11:27:55 - [MESSAGE][PASSED] - Text 'Nn@1234' is set on object 'Object Repository/com/cct/security/login/login/input_password'

2018-04-05 11:27:57 - [MESSAGE][PASSED] - Object: 'Object Repository/com/cct/security/login/login/button_Log-in' is clicked on

2018-04-05 11:27:58 - [MESSAGE][PASSED] - Delayed 1 second(s)

2018-04-05 11:27:58 - [MESSAGE][PASSED] - com.cct.common.security.login.Login.loginDefault is PASSED

2018-04-05 11:27:58 - [TEST_STEP][PASSED] - com.cct.common.serviceschedule.addopenschedule.AddOpenSchedule.gotoPage: com.cct.common.serviceschedule.addopenschedule.AddOpenSchedule.gotoPage is PASSED

2018-04-05 11:27:58 - [MESSAGE][PASSED] - Object: 'Object Repository/com/cct/security/mainpage/main/input_btnSubmit Manage Schedule and Individual Check-Ins' is clicked on

2018-04-05 11:27:59 - [MESSAGE][PASSED] - Object: 'Object Repository/com/cct/serviceschedule/openschedule/search/button_open new schedule' is clicked on

2018-04-05 11:27:59 - [MESSAGE][PASSED] - Object: 'Object Repository/com/cct/serviceschedule/openschedule/search/button_Open schedule manually' is clicked on

2018-04-05 11:27:59 - [MESSAGE][PASSED] - com.cct.common.serviceschedule.addopenschedule.AddOpenSchedule.gotoPage is PASSED

2018-04-05 11:27:59 - [TEST_STEP][PASSED] - com.cct.common.serviceschedule.addopenschedule.AddOpenSchedule.setValueToInput: com.cct.common.serviceschedule.addopenschedule.AddOpenSchedule.setValueToInput is PASSED

2018-04-05 11:27:59 - [MESSAGE][PASSED] - Text 'A1234Aaa' is set on object 'Object Repository/com/cct/serviceschedule/openschedule/add/input_openScManual.serviceNumb'

2018-04-05 11:27:59 - [MESSAGE][PASSED] - Text '' is set on object 'Object Repository/com/cct/serviceschedule/openschedule/add/input_autocompleteDepturePortN'

2018-04-05 11:28:00 - [MESSAGE][PASSED] - Delayed 1 second(s)

2018-04-05 11:28:00 - [MESSAGE][PASSED] - Text '' is set on object 'Object Repository/com/cct/serviceschedule/openschedule/add/input_autocompleteArrivalPortN'

2018-04-05 11:28:01 - [MESSAGE][PASSED] - Delayed 1 second(s)

2018-04-05 11:28:01 - [MESSAGE][PASSED] - Keys 'CONTROL + a' sent to object: 'Object Repository/com/cct/serviceschedule/openschedule/add/input_openScManual_depDate_dd_'

2018-04-05 11:28:02 - [MESSAGE][PASSED] - Keys 'CONTROL + a' sent to object: 'Object Repository/com/cct/serviceschedule/openschedule/add/input_openScManual_arrDate_dd_'

2018-04-05 11:28:02 - [MESSAGE][PASSED] - Keys 'CONTROL + a' sent to object: 'Object Repository/com/cct/serviceschedule/openschedule/add/input_openScManual_arrTime_hh_'

2018-04-05 11:28:02 - [MESSAGE][PASSED] - Keys 'CONTROL + a' sent to object: 'Object Repository/com/cct/serviceschedule/openschedule/add/input_openScManual_depTime_hh_'

2018-04-05 11:28:03 - [MESSAGE][PASSED] - Delayed 1 second(s)

2018-04-05 11:28:03 - [MESSAGE][PASSED] - com.cct.common.serviceschedule.addopenschedule.AddOpenSchedule.setValueToInput is PASSED

2018-04-05 11:28:03 - [TEST_STEP][PASSED] - click: Object: 'Object Repository/com/cct/serviceschedule/openschedule/add/button_Open' is clicked on

2018-04-05 11:28:03 - [MESSAGE][PASSED] - Object: 'Object Repository/com/cct/serviceschedule/openschedule/add/button_Open' is clicked on

2018-04-05 11:28:03 - [TEST_STEP][FAILED] - verifyElementText: Actual text 'Departure port cannot be blank.
Departure date cannot be blank.
Departure time cannot be blank.
Arrival port cannot be blank.
Arrival date cannot be blank.
Arrival time cannot be blank.' and expected text '6' of test object 'Object Repository/com/cct/serviceschedule/openschedule/add/alert message' are NOT matched.

2018-04-05 11:28:03 - [MESSAGE][FAILED] - Actual text 'Departure port cannot be blank.
Departure date cannot be blank.
Departure time cannot be blank.
Arrival port cannot be blank.
Arrival date cannot be blank.
Arrival time cannot be blank.' and expected text '6' of test object 'Object Repository/com/cct/serviceschedule/openschedule/add/alert message' are NOT matched.
[[ATTACHMENT|D:\\Demo\\Katalon-Demo\\Reports\\com\\cct\\serviceschdule\\add\\addOpenSchedule\\20180405_111912\\1522902483433.png]]

2018-04-05 11:28:03 - [TEST_STEP][PASSED] - Start listener action : sampleAfterTestCase: Taking screenshot successfully

2018-04-05 11:28:03 - [TEST_STEP][PASSED] - comment: Name: /xl/workbook.xml - Content Type: application/vnd.openxmlformats-officedocument.spreadsheetml.sheet.main+xml

2018-04-05 11:28:03 - [TEST_STEP][PASSED] - comment: null

2018-04-05 11:28:03 - [TEST_STEP][PASSED] - comment: 28

2018-04-05 11:28:03 - [TEST_STEP][PASSED] - comment: com.kms.katalon.core.context.internal.InternalTestCaseContext@7165d530

2018-04-05 11:28:03 - [TEST_STEP][PASSED] - Statement - rowIndex = com.cct.util.exportExcel.createRerportdetail(wb, rowIndex, testCaseContext): Taking screenshot successfully

2018-04-05 11:28:03 - [MESSAGE][PASSED] - Taking screenshot successfully
[[ATTACHMENT|D:\\Demo\\Katalon-Demo\\Reports\\com\\cct\\serviceschdule\\add\\addOpenSchedule\\20180405_111912\\D:/testreport/addOpenSchedule.png]]]]></system-out>
         <system-err><![CDATA[2018-04-05 11:27:46 - [TEST_CASE][FAILED] - Test Cases/com/cct/serviceschedule/openschedule/add/arrDate_depDate: Test Cases/com/cct/serviceschedule/openschedule/add/arrDate_depDate FAILED because (of) Actual text 'Departure port cannot be blank.
Departure date cannot be blank.
Departure time cannot be blank.
Arrival port cannot be blank.
Arrival date cannot be blank.
Arrival time cannot be blank.' and expected text '6' of test object 'Object Repository/com/cct/serviceschedule/openschedule/add/alert message' are NOT matched.]]></system-err>
      </testcase>
      <testcase name="Test Cases/com/cct/serviceschedule/openschedule/add/arrDate_depDate" classname="Test Cases/com/cct/serviceschedule/openschedule/add/arrDate_depDate" status="FAILED">
         <failure type="FAILED" message="Actual text 'Departure port cannot be blank.
Departure date cannot be blank.
Departure time cannot be blank.
Arrival port cannot be blank.
Arrival date cannot be blank.
Arrival time cannot be blank.' and expected text '6' of test object 'Object Repository/com/cct/serviceschedule/openschedule/add/alert message' are NOT matched."/>
         <system-out><![CDATA[2018-04-05 11:28:03 - [TEST_CASE][FAILED] - Test Cases/com/cct/serviceschedule/openschedule/add/arrDate_depDate: Test Cases/com/cct/serviceschedule/openschedule/add/arrDate_depDate FAILED because (of) Actual text 'Departure port cannot be blank.
Departure date cannot be blank.
Departure time cannot be blank.
Arrival port cannot be blank.
Arrival date cannot be blank.
Arrival time cannot be blank.' and expected text '6' of test object 'Object Repository/com/cct/serviceschedule/openschedule/add/alert message' are NOT matched.

2018-04-05 11:28:03 - [TEST_STEP][PASSED] - Start listener action : sampleBeforeTestCase: Invoke 'com.kms.katalon.core.annotation.BeforeTestCase' method: 'NewTestListener.sampleBeforeTestCase(...)' completed.

2018-04-05 11:28:03 - [TEST_STEP][PASSED] - com.cct.common.security.login.Login.loginDefault: com.cct.common.security.login.Login.loginDefault is PASSED

2018-04-05 11:28:03 - [MESSAGE][WARNING] - A browser is already opened. Closing browser and opening a new one

2018-04-05 11:28:08 - [MESSAGE][PASSED] - Browser is opened with url: 'http://10.100.70.87:8080/cp_cambodia/jsp/security/initLogin.action'

2018-04-05 11:28:08 - [MESSAGE][PASSED] - Wait for page load successfully

2018-04-05 11:28:12 - [MESSAGE][PASSED] - Current window maximized

2018-04-05 11:28:12 - [MESSAGE][PASSED] - Text 'N01' is set on object 'Object Repository/com/cct/security/login/login/input_carrierCode'

2018-04-05 11:28:12 - [MESSAGE][PASSED] - Text 'N01001' is set on object 'Object Repository/com/cct/security/login/login/input_username'

2018-04-05 11:28:12 - [MESSAGE][PASSED] - Text 'Nn@1234' is set on object 'Object Repository/com/cct/security/login/login/input_password'

2018-04-05 11:28:14 - [MESSAGE][PASSED] - Object: 'Object Repository/com/cct/security/login/login/button_Log-in' is clicked on

2018-04-05 11:28:15 - [MESSAGE][PASSED] - Delayed 1 second(s)

2018-04-05 11:28:15 - [MESSAGE][PASSED] - com.cct.common.security.login.Login.loginDefault is PASSED

2018-04-05 11:28:15 - [TEST_STEP][PASSED] - com.cct.common.serviceschedule.addopenschedule.AddOpenSchedule.gotoPage: com.cct.common.serviceschedule.addopenschedule.AddOpenSchedule.gotoPage is PASSED

2018-04-05 11:28:15 - [MESSAGE][PASSED] - Object: 'Object Repository/com/cct/security/mainpage/main/input_btnSubmit Manage Schedule and Individual Check-Ins' is clicked on

2018-04-05 11:28:16 - [MESSAGE][PASSED] - Object: 'Object Repository/com/cct/serviceschedule/openschedule/search/button_open new schedule' is clicked on

2018-04-05 11:28:17 - [MESSAGE][PASSED] - Object: 'Object Repository/com/cct/serviceschedule/openschedule/search/button_Open schedule manually' is clicked on

2018-04-05 11:28:17 - [MESSAGE][PASSED] - com.cct.common.serviceschedule.addopenschedule.AddOpenSchedule.gotoPage is PASSED

2018-04-05 11:28:17 - [TEST_STEP][PASSED] - com.cct.common.serviceschedule.addopenschedule.AddOpenSchedule.setValueToInput: com.cct.common.serviceschedule.addopenschedule.AddOpenSchedule.setValueToInput is PASSED

2018-04-05 11:28:17 - [MESSAGE][PASSED] - Text 'A1234Aaa' is set on object 'Object Repository/com/cct/serviceschedule/openschedule/add/input_openScManual.serviceNumb'

2018-04-05 11:28:17 - [MESSAGE][PASSED] - Text '' is set on object 'Object Repository/com/cct/serviceschedule/openschedule/add/input_autocompleteDepturePortN'

2018-04-05 11:28:18 - [MESSAGE][PASSED] - Delayed 1 second(s)

2018-04-05 11:28:18 - [MESSAGE][PASSED] - Text '' is set on object 'Object Repository/com/cct/serviceschedule/openschedule/add/input_autocompleteArrivalPortN'

2018-04-05 11:28:19 - [MESSAGE][PASSED] - Delayed 1 second(s)

2018-04-05 11:28:19 - [MESSAGE][PASSED] - Keys 'CONTROL + a' sent to object: 'Object Repository/com/cct/serviceschedule/openschedule/add/input_openScManual_depDate_dd_'

2018-04-05 11:28:19 - [MESSAGE][PASSED] - Keys 'CONTROL + a' sent to object: 'Object Repository/com/cct/serviceschedule/openschedule/add/input_openScManual_arrDate_dd_'

2018-04-05 11:28:19 - [MESSAGE][PASSED] - Keys 'CONTROL + a' sent to object: 'Object Repository/com/cct/serviceschedule/openschedule/add/input_openScManual_arrTime_hh_'

2018-04-05 11:28:19 - [MESSAGE][PASSED] - Keys 'CONTROL + a' sent to object: 'Object Repository/com/cct/serviceschedule/openschedule/add/input_openScManual_depTime_hh_'

2018-04-05 11:28:20 - [MESSAGE][PASSED] - Delayed 1 second(s)

2018-04-05 11:28:20 - [MESSAGE][PASSED] - com.cct.common.serviceschedule.addopenschedule.AddOpenSchedule.setValueToInput is PASSED

2018-04-05 11:28:20 - [TEST_STEP][PASSED] - click: Object: 'Object Repository/com/cct/serviceschedule/openschedule/add/button_Open' is clicked on

2018-04-05 11:28:20 - [MESSAGE][PASSED] - Object: 'Object Repository/com/cct/serviceschedule/openschedule/add/button_Open' is clicked on

2018-04-05 11:28:20 - [TEST_STEP][FAILED] - verifyElementText: Actual text 'Departure port cannot be blank.
Departure date cannot be blank.
Departure time cannot be blank.
Arrival port cannot be blank.
Arrival date cannot be blank.
Arrival time cannot be blank.' and expected text '6' of test object 'Object Repository/com/cct/serviceschedule/openschedule/add/alert message' are NOT matched.

2018-04-05 11:28:20 - [MESSAGE][FAILED] - Actual text 'Departure port cannot be blank.
Departure date cannot be blank.
Departure time cannot be blank.
Arrival port cannot be blank.
Arrival date cannot be blank.
Arrival time cannot be blank.' and expected text '6' of test object 'Object Repository/com/cct/serviceschedule/openschedule/add/alert message' are NOT matched.
[[ATTACHMENT|D:\\Demo\\Katalon-Demo\\Reports\\com\\cct\\serviceschdule\\add\\addOpenSchedule\\20180405_111912\\1522902500822.png]]

2018-04-05 11:28:20 - [TEST_STEP][PASSED] - Start listener action : sampleAfterTestCase: Taking screenshot successfully

2018-04-05 11:28:20 - [TEST_STEP][PASSED] - comment: Name: /xl/workbook.xml - Content Type: application/vnd.openxmlformats-officedocument.spreadsheetml.sheet.main+xml

2018-04-05 11:28:20 - [TEST_STEP][PASSED] - comment: null

2018-04-05 11:28:20 - [TEST_STEP][PASSED] - comment: 29

2018-04-05 11:28:20 - [TEST_STEP][PASSED] - comment: com.kms.katalon.core.context.internal.InternalTestCaseContext@19e0dffe

2018-04-05 11:28:20 - [TEST_STEP][PASSED] - Statement - rowIndex = com.cct.util.exportExcel.createRerportdetail(wb, rowIndex, testCaseContext): Taking screenshot successfully

2018-04-05 11:28:20 - [MESSAGE][PASSED] - Taking screenshot successfully
[[ATTACHMENT|D:\\Demo\\Katalon-Demo\\Reports\\com\\cct\\serviceschdule\\add\\addOpenSchedule\\20180405_111912\\D:/testreport/addOpenSchedule.png]]]]></system-out>
         <system-err><![CDATA[2018-04-05 11:28:03 - [TEST_CASE][FAILED] - Test Cases/com/cct/serviceschedule/openschedule/add/arrDate_depDate: Test Cases/com/cct/serviceschedule/openschedule/add/arrDate_depDate FAILED because (of) Actual text 'Departure port cannot be blank.
Departure date cannot be blank.
Departure time cannot be blank.
Arrival port cannot be blank.
Arrival date cannot be blank.
Arrival time cannot be blank.' and expected text '6' of test object 'Object Repository/com/cct/serviceschedule/openschedule/add/alert message' are NOT matched.]]></system-err>
      </testcase>
      <testcase name="Test Cases/com/cct/serviceschedule/openschedule/add/arrDate_depDate" classname="Test Cases/com/cct/serviceschedule/openschedule/add/arrDate_depDate" status="PASSED">
         <system-out><![CDATA[2018-04-05 11:28:20 - [TEST_CASE][PASSED] - Test Cases/com/cct/serviceschedule/openschedule/add/arrDate_depDate: Invoke 'com.kms.katalon.core.annotation.AfterTestCase' method: 'NewTestListener.sampleAfterTestCase(...)' completed.

2018-04-05 11:28:20 - [TEST_STEP][PASSED] - Start listener action : sampleBeforeTestCase: Invoke 'com.kms.katalon.core.annotation.BeforeTestCase' method: 'NewTestListener.sampleBeforeTestCase(...)' completed.

2018-04-05 11:28:20 - [TEST_STEP][PASSED] - com.cct.common.security.login.Login.loginDefault: com.cct.common.security.login.Login.loginDefault is PASSED

2018-04-05 11:28:20 - [MESSAGE][WARNING] - A browser is already opened. Closing browser and opening a new one

2018-04-05 11:28:26 - [MESSAGE][PASSED] - Browser is opened with url: 'http://10.100.70.87:8080/cp_cambodia/jsp/security/initLogin.action'

2018-04-05 11:28:26 - [MESSAGE][PASSED] - Wait for page load successfully

2018-04-05 11:28:29 - [MESSAGE][PASSED] - Current window maximized

2018-04-05 11:28:29 - [MESSAGE][PASSED] - Text 'N01' is set on object 'Object Repository/com/cct/security/login/login/input_carrierCode'

2018-04-05 11:28:29 - [MESSAGE][PASSED] - Text 'N01001' is set on object 'Object Repository/com/cct/security/login/login/input_username'

2018-04-05 11:28:30 - [MESSAGE][PASSED] - Text 'Nn@1234' is set on object 'Object Repository/com/cct/security/login/login/input_password'

2018-04-05 11:28:31 - [MESSAGE][PASSED] - Object: 'Object Repository/com/cct/security/login/login/button_Log-in' is clicked on

2018-04-05 11:28:32 - [MESSAGE][PASSED] - Delayed 1 second(s)

2018-04-05 11:28:32 - [MESSAGE][PASSED] - com.cct.common.security.login.Login.loginDefault is PASSED

2018-04-05 11:28:32 - [TEST_STEP][PASSED] - com.cct.common.serviceschedule.addopenschedule.AddOpenSchedule.gotoPage: com.cct.common.serviceschedule.addopenschedule.AddOpenSchedule.gotoPage is PASSED

2018-04-05 11:28:32 - [MESSAGE][PASSED] - Object: 'Object Repository/com/cct/security/mainpage/main/input_btnSubmit Manage Schedule and Individual Check-Ins' is clicked on

2018-04-05 11:28:33 - [MESSAGE][PASSED] - Object: 'Object Repository/com/cct/serviceschedule/openschedule/search/button_open new schedule' is clicked on

2018-04-05 11:28:33 - [MESSAGE][PASSED] - Object: 'Object Repository/com/cct/serviceschedule/openschedule/search/button_Open schedule manually' is clicked on

2018-04-05 11:28:33 - [MESSAGE][PASSED] - com.cct.common.serviceschedule.addopenschedule.AddOpenSchedule.gotoPage is PASSED

2018-04-05 11:28:33 - [TEST_STEP][PASSED] - com.cct.common.serviceschedule.addopenschedule.AddOpenSchedule.setValueToInput: com.cct.common.serviceschedule.addopenschedule.AddOpenSchedule.setValueToInput is PASSED

2018-04-05 11:28:33 - [MESSAGE][PASSED] - Text 'A123' is set on object 'Object Repository/com/cct/serviceschedule/openschedule/add/input_openScManual.serviceNumb'

2018-04-05 11:28:34 - [MESSAGE][PASSED] - Text 'PQQ' is set on object 'Object Repository/com/cct/serviceschedule/openschedule/add/input_autocompleteDepturePortN'

2018-04-05 11:28:35 - [MESSAGE][PASSED] - Delayed 1 second(s)

2018-04-05 11:28:35 - [MESSAGE][PASSED] - Text 'DMK' is set on object 'Object Repository/com/cct/serviceschedule/openschedule/add/input_autocompleteArrivalPortN'

2018-04-05 11:28:36 - [MESSAGE][PASSED] - Delayed 1 second(s)

2018-04-05 11:28:36 - [MESSAGE][PASSED] - Keys 'CONTROL + a' sent to object: 'Object Repository/com/cct/serviceschedule/openschedule/add/input_openScManual_depDate_dd_'

2018-04-05 11:28:36 - [MESSAGE][PASSED] - Keys 'CONTROL + a' sent to object: 'Object Repository/com/cct/serviceschedule/openschedule/add/input_openScManual_arrDate_dd_'

2018-04-05 11:28:36 - [MESSAGE][PASSED] - Keys 'CONTROL + a' sent to object: 'Object Repository/com/cct/serviceschedule/openschedule/add/input_openScManual_arrTime_hh_'

2018-04-05 11:28:36 - [MESSAGE][PASSED] - Keys 'CONTROL + a' sent to object: 'Object Repository/com/cct/serviceschedule/openschedule/add/input_openScManual_depTime_hh_'

2018-04-05 11:28:37 - [MESSAGE][PASSED] - Delayed 1 second(s)

2018-04-05 11:28:37 - [MESSAGE][PASSED] - com.cct.common.serviceschedule.addopenschedule.AddOpenSchedule.setValueToInput is PASSED

2018-04-05 11:28:37 - [TEST_STEP][PASSED] - click: Object: 'Object Repository/com/cct/serviceschedule/openschedule/add/button_Open' is clicked on

2018-04-05 11:28:38 - [MESSAGE][PASSED] - Object: 'Object Repository/com/cct/serviceschedule/openschedule/add/button_Open' is clicked on

2018-04-05 11:28:38 - [TEST_STEP][PASSED] - verifyElementText: Actual text and expected text of test object 'Object Repository/com/cct/serviceschedule/openschedule/add/alert message' are matched.

2018-04-05 11:28:38 - [MESSAGE][PASSED] - Actual text and expected text of test object 'Object Repository/com/cct/serviceschedule/openschedule/add/alert message' are matched.

2018-04-05 11:28:38 - [TEST_STEP][PASSED] - Start listener action : sampleAfterTestCase: Invoke 'com.kms.katalon.core.annotation.AfterTestCase' method: 'NewTestListener.sampleAfterTestCase(...)' completed.

2018-04-05 11:28:38 - [TEST_STEP][PASSED] - comment: Name: /xl/workbook.xml - Content Type: application/vnd.openxmlformats-officedocument.spreadsheetml.sheet.main+xml

2018-04-05 11:28:38 - [TEST_STEP][PASSED] - comment: null

2018-04-05 11:28:38 - [TEST_STEP][PASSED] - comment: 30

2018-04-05 11:28:38 - [TEST_STEP][PASSED] - comment: com.kms.katalon.core.context.internal.InternalTestCaseContext@49cb1baf

2018-04-05 11:28:38 - [TEST_STEP][PASSED] - Statement - rowIndex = com.cct.util.exportExcel.createRerportdetail(wb, rowIndex, testCaseContext): Invoke 'com.kms.katalon.core.annotation.AfterTestCase' method: 'NewTestListener.sampleAfterTestCase(...)' completed.]]></system-out>
         <system-err><![CDATA[]]></system-err>
      </testcase>
      <testcase name="Test Cases/com/cct/serviceschedule/openschedule/add/arrDate_depDate" classname="Test Cases/com/cct/serviceschedule/openschedule/add/arrDate_depDate" status="PASSED">
         <system-out><![CDATA[2018-04-05 11:28:38 - [TEST_CASE][PASSED] - Test Cases/com/cct/serviceschedule/openschedule/add/arrDate_depDate: Invoke 'com.kms.katalon.core.annotation.AfterTestCase' method: 'NewTestListener.sampleAfterTestCase(...)' completed.

2018-04-05 11:28:38 - [TEST_STEP][PASSED] - Start listener action : sampleBeforeTestCase: Invoke 'com.kms.katalon.core.annotation.BeforeTestCase' method: 'NewTestListener.sampleBeforeTestCase(...)' completed.

2018-04-05 11:28:38 - [TEST_STEP][PASSED] - com.cct.common.security.login.Login.loginDefault: com.cct.common.security.login.Login.loginDefault is PASSED

2018-04-05 11:28:38 - [MESSAGE][WARNING] - A browser is already opened. Closing browser and opening a new one

2018-04-05 11:28:43 - [MESSAGE][PASSED] - Browser is opened with url: 'http://10.100.70.87:8080/cp_cambodia/jsp/security/initLogin.action'

2018-04-05 11:28:43 - [MESSAGE][PASSED] - Wait for page load successfully

2018-04-05 11:28:47 - [MESSAGE][PASSED] - Current window maximized

2018-04-05 11:28:47 - [MESSAGE][PASSED] - Text 'N01' is set on object 'Object Repository/com/cct/security/login/login/input_carrierCode'

2018-04-05 11:28:47 - [MESSAGE][PASSED] - Text 'N01001' is set on object 'Object Repository/com/cct/security/login/login/input_username'

2018-04-05 11:28:47 - [MESSAGE][PASSED] - Text 'Nn@1234' is set on object 'Object Repository/com/cct/security/login/login/input_password'

2018-04-05 11:28:49 - [MESSAGE][PASSED] - Object: 'Object Repository/com/cct/security/login/login/button_Log-in' is clicked on

2018-04-05 11:28:50 - [MESSAGE][PASSED] - Delayed 1 second(s)

2018-04-05 11:28:50 - [MESSAGE][PASSED] - com.cct.common.security.login.Login.loginDefault is PASSED

2018-04-05 11:28:50 - [TEST_STEP][PASSED] - com.cct.common.serviceschedule.addopenschedule.AddOpenSchedule.gotoPage: com.cct.common.serviceschedule.addopenschedule.AddOpenSchedule.gotoPage is PASSED

2018-04-05 11:28:50 - [MESSAGE][PASSED] - Object: 'Object Repository/com/cct/security/mainpage/main/input_btnSubmit Manage Schedule and Individual Check-Ins' is clicked on

2018-04-05 11:28:51 - [MESSAGE][PASSED] - Object: 'Object Repository/com/cct/serviceschedule/openschedule/search/button_open new schedule' is clicked on

2018-04-05 11:28:51 - [MESSAGE][PASSED] - Object: 'Object Repository/com/cct/serviceschedule/openschedule/search/button_Open schedule manually' is clicked on

2018-04-05 11:28:51 - [MESSAGE][PASSED] - com.cct.common.serviceschedule.addopenschedule.AddOpenSchedule.gotoPage is PASSED

2018-04-05 11:28:51 - [TEST_STEP][PASSED] - com.cct.common.serviceschedule.addopenschedule.AddOpenSchedule.setValueToInput: com.cct.common.serviceschedule.addopenschedule.AddOpenSchedule.setValueToInput is PASSED

2018-04-05 11:28:51 - [MESSAGE][PASSED] - Text 'A123' is set on object 'Object Repository/com/cct/serviceschedule/openschedule/add/input_openScManual.serviceNumb'

2018-04-05 11:28:51 - [MESSAGE][PASSED] - Text 'PQQ' is set on object 'Object Repository/com/cct/serviceschedule/openschedule/add/input_autocompleteDepturePortN'

2018-04-05 11:28:52 - [MESSAGE][PASSED] - Delayed 1 second(s)

2018-04-05 11:28:52 - [MESSAGE][PASSED] - Text 'DMK' is set on object 'Object Repository/com/cct/serviceschedule/openschedule/add/input_autocompleteArrivalPortN'

2018-04-05 11:28:53 - [MESSAGE][PASSED] - Delayed 1 second(s)

2018-04-05 11:28:54 - [MESSAGE][PASSED] - Keys 'CONTROL + a' sent to object: 'Object Repository/com/cct/serviceschedule/openschedule/add/input_openScManual_depDate_dd_'

2018-04-05 11:28:54 - [MESSAGE][PASSED] - Keys 'CONTROL + a' sent to object: 'Object Repository/com/cct/serviceschedule/openschedule/add/input_openScManual_arrDate_dd_'

2018-04-05 11:28:54 - [MESSAGE][PASSED] - Keys 'CONTROL + a' sent to object: 'Object Repository/com/cct/serviceschedule/openschedule/add/input_openScManual_arrTime_hh_'

2018-04-05 11:28:54 - [MESSAGE][PASSED] - Keys 'CONTROL + a' sent to object: 'Object Repository/com/cct/serviceschedule/openschedule/add/input_openScManual_depTime_hh_'

2018-04-05 11:28:55 - [MESSAGE][PASSED] - Delayed 1 second(s)

2018-04-05 11:28:55 - [MESSAGE][PASSED] - com.cct.common.serviceschedule.addopenschedule.AddOpenSchedule.setValueToInput is PASSED

2018-04-05 11:28:55 - [TEST_STEP][PASSED] - click: Object: 'Object Repository/com/cct/serviceschedule/openschedule/add/button_Open' is clicked on

2018-04-05 11:28:55 - [MESSAGE][PASSED] - Object: 'Object Repository/com/cct/serviceschedule/openschedule/add/button_Open' is clicked on

2018-04-05 11:28:55 - [TEST_STEP][PASSED] - verifyElementText: Actual text and expected text of test object 'Object Repository/com/cct/serviceschedule/openschedule/add/alert message' are matched.

2018-04-05 11:28:55 - [MESSAGE][PASSED] - Actual text and expected text of test object 'Object Repository/com/cct/serviceschedule/openschedule/add/alert message' are matched.

2018-04-05 11:28:55 - [TEST_STEP][PASSED] - Start listener action : sampleAfterTestCase: Invoke 'com.kms.katalon.core.annotation.AfterTestCase' method: 'NewTestListener.sampleAfterTestCase(...)' completed.

2018-04-05 11:28:55 - [TEST_STEP][PASSED] - comment: Name: /xl/workbook.xml - Content Type: application/vnd.openxmlformats-officedocument.spreadsheetml.sheet.main+xml

2018-04-05 11:28:55 - [TEST_STEP][PASSED] - comment: null

2018-04-05 11:28:55 - [TEST_STEP][PASSED] - comment: 31

2018-04-05 11:28:55 - [TEST_STEP][PASSED] - comment: com.kms.katalon.core.context.internal.InternalTestCaseContext@506aabf6

2018-04-05 11:28:55 - [TEST_STEP][PASSED] - Statement - rowIndex = com.cct.util.exportExcel.createRerportdetail(wb, rowIndex, testCaseContext): Invoke 'com.kms.katalon.core.annotation.AfterTestCase' method: 'NewTestListener.sampleAfterTestCase(...)' completed.]]></system-out>
         <system-err><![CDATA[]]></system-err>
      </testcase>
      <testcase name="Test Cases/com/cct/serviceschedule/openschedule/add/arrDate_depDate" classname="Test Cases/com/cct/serviceschedule/openschedule/add/arrDate_depDate" status="PASSED">
         <system-out><![CDATA[2018-04-05 11:28:55 - [TEST_CASE][PASSED] - Test Cases/com/cct/serviceschedule/openschedule/add/arrDate_depDate: Invoke 'com.kms.katalon.core.annotation.AfterTestCase' method: 'NewTestListener.sampleAfterTestCase(...)' completed.

2018-04-05 11:28:55 - [TEST_STEP][PASSED] - Start listener action : sampleBeforeTestCase: Invoke 'com.kms.katalon.core.annotation.BeforeTestCase' method: 'NewTestListener.sampleBeforeTestCase(...)' completed.

2018-04-05 11:28:55 - [TEST_STEP][PASSED] - com.cct.common.security.login.Login.loginDefault: com.cct.common.security.login.Login.loginDefault is PASSED

2018-04-05 11:28:55 - [MESSAGE][WARNING] - A browser is already opened. Closing browser and opening a new one

2018-04-05 11:29:02 - [MESSAGE][PASSED] - Browser is opened with url: 'http://10.100.70.87:8080/cp_cambodia/jsp/security/initLogin.action'

2018-04-05 11:29:02 - [MESSAGE][PASSED] - Wait for page load successfully

2018-04-05 11:29:05 - [MESSAGE][PASSED] - Current window maximized

2018-04-05 11:29:05 - [MESSAGE][PASSED] - Text 'N01' is set on object 'Object Repository/com/cct/security/login/login/input_carrierCode'

2018-04-05 11:29:05 - [MESSAGE][PASSED] - Text 'N01001' is set on object 'Object Repository/com/cct/security/login/login/input_username'

2018-04-05 11:29:05 - [MESSAGE][PASSED] - Text 'Nn@1234' is set on object 'Object Repository/com/cct/security/login/login/input_password'

2018-04-05 11:29:07 - [MESSAGE][PASSED] - Object: 'Object Repository/com/cct/security/login/login/button_Log-in' is clicked on

2018-04-05 11:29:08 - [MESSAGE][PASSED] - Delayed 1 second(s)

2018-04-05 11:29:08 - [MESSAGE][PASSED] - com.cct.common.security.login.Login.loginDefault is PASSED

2018-04-05 11:29:08 - [TEST_STEP][PASSED] - com.cct.common.serviceschedule.addopenschedule.AddOpenSchedule.gotoPage: com.cct.common.serviceschedule.addopenschedule.AddOpenSchedule.gotoPage is PASSED

2018-04-05 11:29:09 - [MESSAGE][PASSED] - Object: 'Object Repository/com/cct/security/mainpage/main/input_btnSubmit Manage Schedule and Individual Check-Ins' is clicked on

2018-04-05 11:29:09 - [MESSAGE][PASSED] - Object: 'Object Repository/com/cct/serviceschedule/openschedule/search/button_open new schedule' is clicked on

2018-04-05 11:29:10 - [MESSAGE][PASSED] - Object: 'Object Repository/com/cct/serviceschedule/openschedule/search/button_Open schedule manually' is clicked on

2018-04-05 11:29:10 - [MESSAGE][PASSED] - com.cct.common.serviceschedule.addopenschedule.AddOpenSchedule.gotoPage is PASSED

2018-04-05 11:29:10 - [TEST_STEP][PASSED] - com.cct.common.serviceschedule.addopenschedule.AddOpenSchedule.setValueToInput: com.cct.common.serviceschedule.addopenschedule.AddOpenSchedule.setValueToInput is PASSED

2018-04-05 11:29:10 - [MESSAGE][PASSED] - Text 'A123' is set on object 'Object Repository/com/cct/serviceschedule/openschedule/add/input_openScManual.serviceNumb'

2018-04-05 11:29:10 - [MESSAGE][PASSED] - Text 'PQQ' is set on object 'Object Repository/com/cct/serviceschedule/openschedule/add/input_autocompleteDepturePortN'

2018-04-05 11:29:11 - [MESSAGE][PASSED] - Delayed 1 second(s)

2018-04-05 11:29:11 - [MESSAGE][PASSED] - Text 'DMK' is set on object 'Object Repository/com/cct/serviceschedule/openschedule/add/input_autocompleteArrivalPortN'

2018-04-05 11:29:12 - [MESSAGE][PASSED] - Delayed 1 second(s)

2018-04-05 11:29:12 - [MESSAGE][PASSED] - Keys 'CONTROL + a' sent to object: 'Object Repository/com/cct/serviceschedule/openschedule/add/input_openScManual_depDate_dd_'

2018-04-05 11:29:13 - [MESSAGE][PASSED] - Keys 'CONTROL + a' sent to object: 'Object Repository/com/cct/serviceschedule/openschedule/add/input_openScManual_arrDate_dd_'

2018-04-05 11:29:13 - [MESSAGE][PASSED] - Keys 'CONTROL + a' sent to object: 'Object Repository/com/cct/serviceschedule/openschedule/add/input_openScManual_arrTime_hh_'

2018-04-05 11:29:13 - [MESSAGE][PASSED] - Keys 'CONTROL + a' sent to object: 'Object Repository/com/cct/serviceschedule/openschedule/add/input_openScManual_depTime_hh_'

2018-04-05 11:29:14 - [MESSAGE][PASSED] - Delayed 1 second(s)

2018-04-05 11:29:14 - [MESSAGE][PASSED] - com.cct.common.serviceschedule.addopenschedule.AddOpenSchedule.setValueToInput is PASSED

2018-04-05 11:29:14 - [TEST_STEP][PASSED] - click: Object: 'Object Repository/com/cct/serviceschedule/openschedule/add/button_Open' is clicked on

2018-04-05 11:29:14 - [MESSAGE][PASSED] - Object: 'Object Repository/com/cct/serviceschedule/openschedule/add/button_Open' is clicked on

2018-04-05 11:29:14 - [TEST_STEP][PASSED] - verifyElementText: Actual text and expected text of test object 'Object Repository/com/cct/serviceschedule/openschedule/add/alert message' are matched.

2018-04-05 11:29:14 - [MESSAGE][PASSED] - Actual text and expected text of test object 'Object Repository/com/cct/serviceschedule/openschedule/add/alert message' are matched.

2018-04-05 11:29:14 - [TEST_STEP][PASSED] - Start listener action : sampleAfterTestCase: Invoke 'com.kms.katalon.core.annotation.AfterTestCase' method: 'NewTestListener.sampleAfterTestCase(...)' completed.

2018-04-05 11:29:14 - [TEST_STEP][PASSED] - comment: Name: /xl/workbook.xml - Content Type: application/vnd.openxmlformats-officedocument.spreadsheetml.sheet.main+xml

2018-04-05 11:29:14 - [TEST_STEP][PASSED] - comment: null

2018-04-05 11:29:14 - [TEST_STEP][PASSED] - comment: 32

2018-04-05 11:29:14 - [TEST_STEP][PASSED] - comment: com.kms.katalon.core.context.internal.InternalTestCaseContext@2b1cd7bc

2018-04-05 11:29:14 - [TEST_STEP][PASSED] - Statement - rowIndex = com.cct.util.exportExcel.createRerportdetail(wb, rowIndex, testCaseContext): Invoke 'com.kms.katalon.core.annotation.AfterTestCase' method: 'NewTestListener.sampleAfterTestCase(...)' completed.]]></system-out>
         <system-err><![CDATA[]]></system-err>
      </testcase>
      <testcase name="Test Cases/com/cct/serviceschedule/openschedule/add/arrDate_depDate" classname="Test Cases/com/cct/serviceschedule/openschedule/add/arrDate_depDate" status="PASSED">
         <system-out><![CDATA[2018-04-05 11:29:14 - [TEST_CASE][PASSED] - Test Cases/com/cct/serviceschedule/openschedule/add/arrDate_depDate: Invoke 'com.kms.katalon.core.annotation.AfterTestCase' method: 'NewTestListener.sampleAfterTestCase(...)' completed.

2018-04-05 11:29:14 - [TEST_STEP][PASSED] - Start listener action : sampleBeforeTestCase: Invoke 'com.kms.katalon.core.annotation.BeforeTestCase' method: 'NewTestListener.sampleBeforeTestCase(...)' completed.

2018-04-05 11:29:14 - [TEST_STEP][PASSED] - com.cct.common.security.login.Login.loginDefault: com.cct.common.security.login.Login.loginDefault is PASSED

2018-04-05 11:29:14 - [MESSAGE][WARNING] - A browser is already opened. Closing browser and opening a new one

2018-04-05 11:29:21 - [MESSAGE][PASSED] - Browser is opened with url: 'http://10.100.70.87:8080/cp_cambodia/jsp/security/initLogin.action'

2018-04-05 11:29:21 - [MESSAGE][PASSED] - Wait for page load successfully

2018-04-05 11:29:24 - [MESSAGE][PASSED] - Current window maximized

2018-04-05 11:29:24 - [MESSAGE][PASSED] - Text 'N01' is set on object 'Object Repository/com/cct/security/login/login/input_carrierCode'

2018-04-05 11:29:24 - [MESSAGE][PASSED] - Text 'N01001' is set on object 'Object Repository/com/cct/security/login/login/input_username'

2018-04-05 11:29:24 - [MESSAGE][PASSED] - Text 'Nn@1234' is set on object 'Object Repository/com/cct/security/login/login/input_password'

2018-04-05 11:29:26 - [MESSAGE][PASSED] - Object: 'Object Repository/com/cct/security/login/login/button_Log-in' is clicked on

2018-04-05 11:29:27 - [MESSAGE][PASSED] - Delayed 1 second(s)

2018-04-05 11:29:27 - [MESSAGE][PASSED] - com.cct.common.security.login.Login.loginDefault is PASSED

2018-04-05 11:29:27 - [TEST_STEP][PASSED] - com.cct.common.serviceschedule.addopenschedule.AddOpenSchedule.gotoPage: com.cct.common.serviceschedule.addopenschedule.AddOpenSchedule.gotoPage is PASSED

2018-04-05 11:29:28 - [MESSAGE][PASSED] - Object: 'Object Repository/com/cct/security/mainpage/main/input_btnSubmit Manage Schedule and Individual Check-Ins' is clicked on

2018-04-05 11:29:29 - [MESSAGE][PASSED] - Object: 'Object Repository/com/cct/serviceschedule/openschedule/search/button_open new schedule' is clicked on

2018-04-05 11:29:29 - [MESSAGE][PASSED] - Object: 'Object Repository/com/cct/serviceschedule/openschedule/search/button_Open schedule manually' is clicked on

2018-04-05 11:29:29 - [MESSAGE][PASSED] - com.cct.common.serviceschedule.addopenschedule.AddOpenSchedule.gotoPage is PASSED

2018-04-05 11:29:29 - [TEST_STEP][PASSED] - com.cct.common.serviceschedule.addopenschedule.AddOpenSchedule.setValueToInput: com.cct.common.serviceschedule.addopenschedule.AddOpenSchedule.setValueToInput is PASSED

2018-04-05 11:29:29 - [MESSAGE][PASSED] - Text 'A123' is set on object 'Object Repository/com/cct/serviceschedule/openschedule/add/input_openScManual.serviceNumb'

2018-04-05 11:29:29 - [MESSAGE][PASSED] - Text 'PQQ' is set on object 'Object Repository/com/cct/serviceschedule/openschedule/add/input_autocompleteDepturePortN'

2018-04-05 11:29:30 - [MESSAGE][PASSED] - Delayed 1 second(s)

2018-04-05 11:29:30 - [MESSAGE][PASSED] - Text 'DMK' is set on object 'Object Repository/com/cct/serviceschedule/openschedule/add/input_autocompleteArrivalPortN'

2018-04-05 11:29:31 - [MESSAGE][PASSED] - Delayed 1 second(s)

2018-04-05 11:29:31 - [MESSAGE][PASSED] - Keys 'CONTROL + a' sent to object: 'Object Repository/com/cct/serviceschedule/openschedule/add/input_openScManual_depDate_dd_'

2018-04-05 11:29:32 - [MESSAGE][PASSED] - Keys 'CONTROL + a' sent to object: 'Object Repository/com/cct/serviceschedule/openschedule/add/input_openScManual_arrDate_dd_'

2018-04-05 11:29:32 - [MESSAGE][PASSED] - Keys 'CONTROL + a' sent to object: 'Object Repository/com/cct/serviceschedule/openschedule/add/input_openScManual_arrTime_hh_'

2018-04-05 11:29:32 - [MESSAGE][PASSED] - Keys 'CONTROL + a' sent to object: 'Object Repository/com/cct/serviceschedule/openschedule/add/input_openScManual_depTime_hh_'

2018-04-05 11:29:33 - [MESSAGE][PASSED] - Delayed 1 second(s)

2018-04-05 11:29:33 - [MESSAGE][PASSED] - com.cct.common.serviceschedule.addopenschedule.AddOpenSchedule.setValueToInput is PASSED

2018-04-05 11:29:33 - [TEST_STEP][PASSED] - click: Object: 'Object Repository/com/cct/serviceschedule/openschedule/add/button_Open' is clicked on

2018-04-05 11:29:33 - [MESSAGE][PASSED] - Object: 'Object Repository/com/cct/serviceschedule/openschedule/add/button_Open' is clicked on

2018-04-05 11:29:33 - [TEST_STEP][PASSED] - verifyElementText: Actual text and expected text of test object 'Object Repository/com/cct/serviceschedule/openschedule/add/alert message' are matched.

2018-04-05 11:29:33 - [MESSAGE][PASSED] - Actual text and expected text of test object 'Object Repository/com/cct/serviceschedule/openschedule/add/alert message' are matched.

2018-04-05 11:29:33 - [TEST_STEP][PASSED] - Start listener action : sampleAfterTestCase: Invoke 'com.kms.katalon.core.annotation.AfterTestCase' method: 'NewTestListener.sampleAfterTestCase(...)' completed.

2018-04-05 11:29:33 - [TEST_STEP][PASSED] - comment: Name: /xl/workbook.xml - Content Type: application/vnd.openxmlformats-officedocument.spreadsheetml.sheet.main+xml

2018-04-05 11:29:33 - [TEST_STEP][PASSED] - comment: null

2018-04-05 11:29:33 - [TEST_STEP][PASSED] - comment: 33

2018-04-05 11:29:33 - [TEST_STEP][PASSED] - comment: com.kms.katalon.core.context.internal.InternalTestCaseContext@5e99b9c

2018-04-05 11:29:33 - [TEST_STEP][PASSED] - Statement - rowIndex = com.cct.util.exportExcel.createRerportdetail(wb, rowIndex, testCaseContext): Invoke 'com.kms.katalon.core.annotation.AfterTestCase' method: 'NewTestListener.sampleAfterTestCase(...)' completed.]]></system-out>
         <system-err><![CDATA[]]></system-err>
      </testcase>
      <testcase name="Test Cases/com/cct/serviceschedule/openschedule/add/arrDate_depDate" classname="Test Cases/com/cct/serviceschedule/openschedule/add/arrDate_depDate" status="FAILED">
         <failure type="FAILED" message="Actual text 'Flight number cannot be blank.
Departure port cannot be blank.
Departure date cannot be blank.
Departure time cannot be blank.
Arrival port cannot be blank.
Arrival date cannot be blank.
Arrival time cannot be blank.' and expected text '' of test object 'Object Repository/com/cct/serviceschedule/openschedule/add/alert message' are NOT matched."/>
         <system-out><![CDATA[2018-04-05 11:29:33 - [TEST_CASE][FAILED] - Test Cases/com/cct/serviceschedule/openschedule/add/arrDate_depDate: Test Cases/com/cct/serviceschedule/openschedule/add/arrDate_depDate FAILED because (of) Actual text 'Flight number cannot be blank.
Departure port cannot be blank.
Departure date cannot be blank.
Departure time cannot be blank.
Arrival port cannot be blank.
Arrival date cannot be blank.
Arrival time cannot be blank.' and expected text '' of test object 'Object Repository/com/cct/serviceschedule/openschedule/add/alert message' are NOT matched.

2018-04-05 11:29:33 - [TEST_STEP][PASSED] - Start listener action : sampleBeforeTestCase: Invoke 'com.kms.katalon.core.annotation.BeforeTestCase' method: 'NewTestListener.sampleBeforeTestCase(...)' completed.

2018-04-05 11:29:33 - [TEST_STEP][PASSED] - com.cct.common.security.login.Login.loginDefault: com.cct.common.security.login.Login.loginDefault is PASSED

2018-04-05 11:29:33 - [MESSAGE][WARNING] - A browser is already opened. Closing browser and opening a new one

2018-04-05 11:29:39 - [MESSAGE][PASSED] - Browser is opened with url: 'http://10.100.70.87:8080/cp_cambodia/jsp/security/initLogin.action'

2018-04-05 11:29:39 - [MESSAGE][PASSED] - Wait for page load successfully

2018-04-05 11:29:42 - [MESSAGE][PASSED] - Current window maximized

2018-04-05 11:29:42 - [MESSAGE][PASSED] - Text 'N01' is set on object 'Object Repository/com/cct/security/login/login/input_carrierCode'

2018-04-05 11:29:42 - [MESSAGE][PASSED] - Text 'N01001' is set on object 'Object Repository/com/cct/security/login/login/input_username'

2018-04-05 11:29:42 - [MESSAGE][PASSED] - Text 'Nn@1234' is set on object 'Object Repository/com/cct/security/login/login/input_password'

2018-04-05 11:29:44 - [MESSAGE][PASSED] - Object: 'Object Repository/com/cct/security/login/login/button_Log-in' is clicked on

2018-04-05 11:29:45 - [MESSAGE][PASSED] - Delayed 1 second(s)

2018-04-05 11:29:45 - [MESSAGE][PASSED] - com.cct.common.security.login.Login.loginDefault is PASSED

2018-04-05 11:29:45 - [TEST_STEP][PASSED] - com.cct.common.serviceschedule.addopenschedule.AddOpenSchedule.gotoPage: com.cct.common.serviceschedule.addopenschedule.AddOpenSchedule.gotoPage is PASSED

2018-04-05 11:29:45 - [MESSAGE][PASSED] - Object: 'Object Repository/com/cct/security/mainpage/main/input_btnSubmit Manage Schedule and Individual Check-Ins' is clicked on

2018-04-05 11:29:46 - [MESSAGE][PASSED] - Object: 'Object Repository/com/cct/serviceschedule/openschedule/search/button_open new schedule' is clicked on

2018-04-05 11:29:47 - [MESSAGE][PASSED] - Object: 'Object Repository/com/cct/serviceschedule/openschedule/search/button_Open schedule manually' is clicked on

2018-04-05 11:29:47 - [MESSAGE][PASSED] - com.cct.common.serviceschedule.addopenschedule.AddOpenSchedule.gotoPage is PASSED

2018-04-05 11:29:47 - [TEST_STEP][PASSED] - com.cct.common.serviceschedule.addopenschedule.AddOpenSchedule.setValueToInput: com.cct.common.serviceschedule.addopenschedule.AddOpenSchedule.setValueToInput is PASSED

2018-04-05 11:29:47 - [MESSAGE][PASSED] - Text '' is set on object 'Object Repository/com/cct/serviceschedule/openschedule/add/input_openScManual.serviceNumb'

2018-04-05 11:29:47 - [MESSAGE][PASSED] - Text '' is set on object 'Object Repository/com/cct/serviceschedule/openschedule/add/input_autocompleteDepturePortN'

2018-04-05 11:29:48 - [MESSAGE][PASSED] - Delayed 1 second(s)

2018-04-05 11:29:48 - [MESSAGE][PASSED] - Text '' is set on object 'Object Repository/com/cct/serviceschedule/openschedule/add/input_autocompleteArrivalPortN'

2018-04-05 11:29:49 - [MESSAGE][PASSED] - Delayed 1 second(s)

2018-04-05 11:29:49 - [MESSAGE][PASSED] - Keys 'CONTROL + a' sent to object: 'Object Repository/com/cct/serviceschedule/openschedule/add/input_openScManual_depDate_dd_'

2018-04-05 11:29:49 - [MESSAGE][PASSED] - Keys 'CONTROL + a' sent to object: 'Object Repository/com/cct/serviceschedule/openschedule/add/input_openScManual_arrDate_dd_'

2018-04-05 11:29:49 - [MESSAGE][PASSED] - Keys 'CONTROL + a' sent to object: 'Object Repository/com/cct/serviceschedule/openschedule/add/input_openScManual_arrTime_hh_'

2018-04-05 11:29:49 - [MESSAGE][PASSED] - Keys 'CONTROL + a' sent to object: 'Object Repository/com/cct/serviceschedule/openschedule/add/input_openScManual_depTime_hh_'

2018-04-05 11:29:50 - [MESSAGE][PASSED] - Delayed 1 second(s)

2018-04-05 11:29:50 - [MESSAGE][PASSED] - com.cct.common.serviceschedule.addopenschedule.AddOpenSchedule.setValueToInput is PASSED

2018-04-05 11:29:50 - [TEST_STEP][PASSED] - click: Object: 'Object Repository/com/cct/serviceschedule/openschedule/add/button_Open' is clicked on

2018-04-05 11:29:50 - [MESSAGE][PASSED] - Object: 'Object Repository/com/cct/serviceschedule/openschedule/add/button_Open' is clicked on

2018-04-05 11:29:50 - [TEST_STEP][FAILED] - verifyElementText: Actual text 'Flight number cannot be blank.
Departure port cannot be blank.
Departure date cannot be blank.
Departure time cannot be blank.
Arrival port cannot be blank.
Arrival date cannot be blank.
Arrival time cannot be blank.' and expected text '' of test object 'Object Repository/com/cct/serviceschedule/openschedule/add/alert message' are NOT matched.

2018-04-05 11:29:50 - [MESSAGE][FAILED] - Actual text 'Flight number cannot be blank.
Departure port cannot be blank.
Departure date cannot be blank.
Departure time cannot be blank.
Arrival port cannot be blank.
Arrival date cannot be blank.
Arrival time cannot be blank.' and expected text '' of test object 'Object Repository/com/cct/serviceschedule/openschedule/add/alert message' are NOT matched.
[[ATTACHMENT|D:\\Demo\\Katalon-Demo\\Reports\\com\\cct\\serviceschdule\\add\\addOpenSchedule\\20180405_111912\\1522902590738.png]]

2018-04-05 11:29:50 - [TEST_STEP][PASSED] - Start listener action : sampleAfterTestCase: Taking screenshot successfully

2018-04-05 11:29:50 - [TEST_STEP][PASSED] - comment: Name: /xl/workbook.xml - Content Type: application/vnd.openxmlformats-officedocument.spreadsheetml.sheet.main+xml

2018-04-05 11:29:50 - [TEST_STEP][PASSED] - comment: null

2018-04-05 11:29:50 - [TEST_STEP][PASSED] - comment: 34

2018-04-05 11:29:50 - [TEST_STEP][PASSED] - comment: com.kms.katalon.core.context.internal.InternalTestCaseContext@1163a27

2018-04-05 11:29:50 - [TEST_STEP][PASSED] - Statement - rowIndex = com.cct.util.exportExcel.createRerportdetail(wb, rowIndex, testCaseContext): Taking screenshot successfully

2018-04-05 11:29:50 - [MESSAGE][PASSED] - Taking screenshot successfully
[[ATTACHMENT|D:\\Demo\\Katalon-Demo\\Reports\\com\\cct\\serviceschdule\\add\\addOpenSchedule\\20180405_111912\\D:/testreport/addOpenSchedule.png]]]]></system-out>
         <system-err><![CDATA[2018-04-05 11:29:33 - [TEST_CASE][FAILED] - Test Cases/com/cct/serviceschedule/openschedule/add/arrDate_depDate: Test Cases/com/cct/serviceschedule/openschedule/add/arrDate_depDate FAILED because (of) Actual text 'Flight number cannot be blank.
Departure port cannot be blank.
Departure date cannot be blank.
Departure time cannot be blank.
Arrival port cannot be blank.
Arrival date cannot be blank.
Arrival time cannot be blank.' and expected text '' of test object 'Object Repository/com/cct/serviceschedule/openschedule/add/alert message' are NOT matched.]]></system-err>
      </testcase>
      <testcase name="Test Cases/com/cct/serviceschedule/openschedule/add/arrDate_depDate" classname="Test Cases/com/cct/serviceschedule/openschedule/add/arrDate_depDate" status="FAILED">
         <failure type="FAILED" message="Actual text 'Flight number cannot be blank.
Departure port cannot be blank.
Departure date cannot be blank.
Departure time cannot be blank.
Arrival port cannot be blank.
Arrival date cannot be blank.
Arrival time cannot be blank.' and expected text '' of test object 'Object Repository/com/cct/serviceschedule/openschedule/add/alert message' are NOT matched."/>
         <system-out><![CDATA[2018-04-05 11:29:50 - [TEST_CASE][FAILED] - Test Cases/com/cct/serviceschedule/openschedule/add/arrDate_depDate: Test Cases/com/cct/serviceschedule/openschedule/add/arrDate_depDate FAILED because (of) Actual text 'Flight number cannot be blank.
Departure port cannot be blank.
Departure date cannot be blank.
Departure time cannot be blank.
Arrival port cannot be blank.
Arrival date cannot be blank.
Arrival time cannot be blank.' and expected text '' of test object 'Object Repository/com/cct/serviceschedule/openschedule/add/alert message' are NOT matched.

2018-04-05 11:29:50 - [TEST_STEP][PASSED] - Start listener action : sampleBeforeTestCase: Invoke 'com.kms.katalon.core.annotation.BeforeTestCase' method: 'NewTestListener.sampleBeforeTestCase(...)' completed.

2018-04-05 11:29:50 - [TEST_STEP][PASSED] - com.cct.common.security.login.Login.loginDefault: com.cct.common.security.login.Login.loginDefault is PASSED

2018-04-05 11:29:50 - [MESSAGE][WARNING] - A browser is already opened. Closing browser and opening a new one

2018-04-05 11:29:56 - [MESSAGE][PASSED] - Browser is opened with url: 'http://10.100.70.87:8080/cp_cambodia/jsp/security/initLogin.action'

2018-04-05 11:29:56 - [MESSAGE][PASSED] - Wait for page load successfully

2018-04-05 11:30:00 - [MESSAGE][PASSED] - Current window maximized

2018-04-05 11:30:00 - [MESSAGE][PASSED] - Text 'N01' is set on object 'Object Repository/com/cct/security/login/login/input_carrierCode'

2018-04-05 11:30:00 - [MESSAGE][PASSED] - Text 'N01001' is set on object 'Object Repository/com/cct/security/login/login/input_username'

2018-04-05 11:30:00 - [MESSAGE][PASSED] - Text 'Nn@1234' is set on object 'Object Repository/com/cct/security/login/login/input_password'

2018-04-05 11:30:02 - [MESSAGE][PASSED] - Object: 'Object Repository/com/cct/security/login/login/button_Log-in' is clicked on

2018-04-05 11:30:03 - [MESSAGE][PASSED] - Delayed 1 second(s)

2018-04-05 11:30:03 - [MESSAGE][PASSED] - com.cct.common.security.login.Login.loginDefault is PASSED

2018-04-05 11:30:03 - [TEST_STEP][PASSED] - com.cct.common.serviceschedule.addopenschedule.AddOpenSchedule.gotoPage: com.cct.common.serviceschedule.addopenschedule.AddOpenSchedule.gotoPage is PASSED

2018-04-05 11:30:03 - [MESSAGE][PASSED] - Object: 'Object Repository/com/cct/security/mainpage/main/input_btnSubmit Manage Schedule and Individual Check-Ins' is clicked on

2018-04-05 11:30:04 - [MESSAGE][PASSED] - Object: 'Object Repository/com/cct/serviceschedule/openschedule/search/button_open new schedule' is clicked on

2018-04-05 11:30:04 - [MESSAGE][PASSED] - Object: 'Object Repository/com/cct/serviceschedule/openschedule/search/button_Open schedule manually' is clicked on

2018-04-05 11:30:04 - [MESSAGE][PASSED] - com.cct.common.serviceschedule.addopenschedule.AddOpenSchedule.gotoPage is PASSED

2018-04-05 11:30:04 - [TEST_STEP][PASSED] - com.cct.common.serviceschedule.addopenschedule.AddOpenSchedule.setValueToInput: com.cct.common.serviceschedule.addopenschedule.AddOpenSchedule.setValueToInput is PASSED

2018-04-05 11:30:04 - [MESSAGE][PASSED] - Text '' is set on object 'Object Repository/com/cct/serviceschedule/openschedule/add/input_openScManual.serviceNumb'

2018-04-05 11:30:04 - [MESSAGE][PASSED] - Text '' is set on object 'Object Repository/com/cct/serviceschedule/openschedule/add/input_autocompleteDepturePortN'

2018-04-05 11:30:05 - [MESSAGE][PASSED] - Delayed 1 second(s)

2018-04-05 11:30:05 - [MESSAGE][PASSED] - Text '' is set on object 'Object Repository/com/cct/serviceschedule/openschedule/add/input_autocompleteArrivalPortN'

2018-04-05 11:30:06 - [MESSAGE][PASSED] - Delayed 1 second(s)

2018-04-05 11:30:07 - [MESSAGE][PASSED] - Keys 'CONTROL + a' sent to object: 'Object Repository/com/cct/serviceschedule/openschedule/add/input_openScManual_depDate_dd_'

2018-04-05 11:30:07 - [MESSAGE][PASSED] - Keys 'CONTROL + a' sent to object: 'Object Repository/com/cct/serviceschedule/openschedule/add/input_openScManual_arrDate_dd_'

2018-04-05 11:30:07 - [MESSAGE][PASSED] - Keys 'CONTROL + a' sent to object: 'Object Repository/com/cct/serviceschedule/openschedule/add/input_openScManual_arrTime_hh_'

2018-04-05 11:30:07 - [MESSAGE][PASSED] - Keys 'CONTROL + a' sent to object: 'Object Repository/com/cct/serviceschedule/openschedule/add/input_openScManual_depTime_hh_'

2018-04-05 11:30:08 - [MESSAGE][PASSED] - Delayed 1 second(s)

2018-04-05 11:30:08 - [MESSAGE][PASSED] - com.cct.common.serviceschedule.addopenschedule.AddOpenSchedule.setValueToInput is PASSED

2018-04-05 11:30:08 - [TEST_STEP][PASSED] - click: Object: 'Object Repository/com/cct/serviceschedule/openschedule/add/button_Open' is clicked on

2018-04-05 11:30:08 - [MESSAGE][PASSED] - Object: 'Object Repository/com/cct/serviceschedule/openschedule/add/button_Open' is clicked on

2018-04-05 11:30:08 - [TEST_STEP][FAILED] - verifyElementText: Actual text 'Flight number cannot be blank.
Departure port cannot be blank.
Departure date cannot be blank.
Departure time cannot be blank.
Arrival port cannot be blank.
Arrival date cannot be blank.
Arrival time cannot be blank.' and expected text '' of test object 'Object Repository/com/cct/serviceschedule/openschedule/add/alert message' are NOT matched.

2018-04-05 11:30:08 - [MESSAGE][FAILED] - Actual text 'Flight number cannot be blank.
Departure port cannot be blank.
Departure date cannot be blank.
Departure time cannot be blank.
Arrival port cannot be blank.
Arrival date cannot be blank.
Arrival time cannot be blank.' and expected text '' of test object 'Object Repository/com/cct/serviceschedule/openschedule/add/alert message' are NOT matched.
[[ATTACHMENT|D:\\Demo\\Katalon-Demo\\Reports\\com\\cct\\serviceschdule\\add\\addOpenSchedule\\20180405_111912\\1522902608535.png]]

2018-04-05 11:30:08 - [TEST_STEP][PASSED] - Start listener action : sampleAfterTestCase: Taking screenshot successfully

2018-04-05 11:30:08 - [TEST_STEP][PASSED] - comment: Name: /xl/workbook.xml - Content Type: application/vnd.openxmlformats-officedocument.spreadsheetml.sheet.main+xml

2018-04-05 11:30:08 - [TEST_STEP][PASSED] - comment: null

2018-04-05 11:30:08 - [TEST_STEP][PASSED] - comment: 35

2018-04-05 11:30:08 - [TEST_STEP][PASSED] - comment: com.kms.katalon.core.context.internal.InternalTestCaseContext@1c067c0d

2018-04-05 11:30:08 - [TEST_STEP][PASSED] - Statement - rowIndex = com.cct.util.exportExcel.createRerportdetail(wb, rowIndex, testCaseContext): Taking screenshot successfully

2018-04-05 11:30:08 - [MESSAGE][PASSED] - Taking screenshot successfully
[[ATTACHMENT|D:\\Demo\\Katalon-Demo\\Reports\\com\\cct\\serviceschdule\\add\\addOpenSchedule\\20180405_111912\\D:/testreport/addOpenSchedule.png]]]]></system-out>
         <system-err><![CDATA[2018-04-05 11:29:50 - [TEST_CASE][FAILED] - Test Cases/com/cct/serviceschedule/openschedule/add/arrDate_depDate: Test Cases/com/cct/serviceschedule/openschedule/add/arrDate_depDate FAILED because (of) Actual text 'Flight number cannot be blank.
Departure port cannot be blank.
Departure date cannot be blank.
Departure time cannot be blank.
Arrival port cannot be blank.
Arrival date cannot be blank.
Arrival time cannot be blank.' and expected text '' of test object 'Object Repository/com/cct/serviceschedule/openschedule/add/alert message' are NOT matched.]]></system-err>
      </testcase>
      <testcase name="Test Cases/com/cct/serviceschedule/openschedule/add/arrDate_depDate" classname="Test Cases/com/cct/serviceschedule/openschedule/add/arrDate_depDate" status="FAILED">
         <failure type="FAILED" message="Actual text 'Flight number cannot be blank.
Departure port cannot be blank.
Departure date cannot be blank.
Departure time cannot be blank.
Arrival port cannot be blank.
Arrival date cannot be blank.
Arrival time cannot be blank.' and expected text '' of test object 'Object Repository/com/cct/serviceschedule/openschedule/add/alert message' are NOT matched."/>
         <system-out><![CDATA[2018-04-05 11:30:08 - [TEST_CASE][FAILED] - Test Cases/com/cct/serviceschedule/openschedule/add/arrDate_depDate: Test Cases/com/cct/serviceschedule/openschedule/add/arrDate_depDate FAILED because (of) Actual text 'Flight number cannot be blank.
Departure port cannot be blank.
Departure date cannot be blank.
Departure time cannot be blank.
Arrival port cannot be blank.
Arrival date cannot be blank.
Arrival time cannot be blank.' and expected text '' of test object 'Object Repository/com/cct/serviceschedule/openschedule/add/alert message' are NOT matched.

2018-04-05 11:30:08 - [TEST_STEP][PASSED] - Start listener action : sampleBeforeTestCase: Invoke 'com.kms.katalon.core.annotation.BeforeTestCase' method: 'NewTestListener.sampleBeforeTestCase(...)' completed.

2018-04-05 11:30:08 - [TEST_STEP][PASSED] - com.cct.common.security.login.Login.loginDefault: com.cct.common.security.login.Login.loginDefault is PASSED

2018-04-05 11:30:08 - [MESSAGE][WARNING] - A browser is already opened. Closing browser and opening a new one

2018-04-05 11:30:14 - [MESSAGE][PASSED] - Browser is opened with url: 'http://10.100.70.87:8080/cp_cambodia/jsp/security/initLogin.action'

2018-04-05 11:30:14 - [MESSAGE][PASSED] - Wait for page load successfully

2018-04-05 11:30:17 - [MESSAGE][PASSED] - Current window maximized

2018-04-05 11:30:17 - [MESSAGE][PASSED] - Text 'N01' is set on object 'Object Repository/com/cct/security/login/login/input_carrierCode'

2018-04-05 11:30:17 - [MESSAGE][PASSED] - Text 'N01001' is set on object 'Object Repository/com/cct/security/login/login/input_username'

2018-04-05 11:30:17 - [MESSAGE][PASSED] - Text 'Nn@1234' is set on object 'Object Repository/com/cct/security/login/login/input_password'

2018-04-05 11:30:19 - [MESSAGE][PASSED] - Object: 'Object Repository/com/cct/security/login/login/button_Log-in' is clicked on

2018-04-05 11:30:20 - [MESSAGE][PASSED] - Delayed 1 second(s)

2018-04-05 11:30:20 - [MESSAGE][PASSED] - com.cct.common.security.login.Login.loginDefault is PASSED

2018-04-05 11:30:20 - [TEST_STEP][PASSED] - com.cct.common.serviceschedule.addopenschedule.AddOpenSchedule.gotoPage: com.cct.common.serviceschedule.addopenschedule.AddOpenSchedule.gotoPage is PASSED

2018-04-05 11:30:20 - [MESSAGE][PASSED] - Object: 'Object Repository/com/cct/security/mainpage/main/input_btnSubmit Manage Schedule and Individual Check-Ins' is clicked on

2018-04-05 11:30:21 - [MESSAGE][PASSED] - Object: 'Object Repository/com/cct/serviceschedule/openschedule/search/button_open new schedule' is clicked on

2018-04-05 11:30:21 - [MESSAGE][PASSED] - Object: 'Object Repository/com/cct/serviceschedule/openschedule/search/button_Open schedule manually' is clicked on

2018-04-05 11:30:21 - [MESSAGE][PASSED] - com.cct.common.serviceschedule.addopenschedule.AddOpenSchedule.gotoPage is PASSED

2018-04-05 11:30:21 - [TEST_STEP][PASSED] - com.cct.common.serviceschedule.addopenschedule.AddOpenSchedule.setValueToInput: com.cct.common.serviceschedule.addopenschedule.AddOpenSchedule.setValueToInput is PASSED

2018-04-05 11:30:21 - [MESSAGE][PASSED] - Text '' is set on object 'Object Repository/com/cct/serviceschedule/openschedule/add/input_openScManual.serviceNumb'

2018-04-05 11:30:21 - [MESSAGE][PASSED] - Text '' is set on object 'Object Repository/com/cct/serviceschedule/openschedule/add/input_autocompleteDepturePortN'

2018-04-05 11:30:22 - [MESSAGE][PASSED] - Delayed 1 second(s)

2018-04-05 11:30:22 - [MESSAGE][PASSED] - Text '' is set on object 'Object Repository/com/cct/serviceschedule/openschedule/add/input_autocompleteArrivalPortN'

2018-04-05 11:30:23 - [MESSAGE][PASSED] - Delayed 1 second(s)

2018-04-05 11:30:24 - [MESSAGE][PASSED] - Keys 'CONTROL + a' sent to object: 'Object Repository/com/cct/serviceschedule/openschedule/add/input_openScManual_depDate_dd_'

2018-04-05 11:30:24 - [MESSAGE][PASSED] - Keys 'CONTROL + a' sent to object: 'Object Repository/com/cct/serviceschedule/openschedule/add/input_openScManual_arrDate_dd_'

2018-04-05 11:30:24 - [MESSAGE][PASSED] - Keys 'CONTROL + a' sent to object: 'Object Repository/com/cct/serviceschedule/openschedule/add/input_openScManual_arrTime_hh_'

2018-04-05 11:30:24 - [MESSAGE][PASSED] - Keys 'CONTROL + a' sent to object: 'Object Repository/com/cct/serviceschedule/openschedule/add/input_openScManual_depTime_hh_'

2018-04-05 11:30:25 - [MESSAGE][PASSED] - Delayed 1 second(s)

2018-04-05 11:30:25 - [MESSAGE][PASSED] - com.cct.common.serviceschedule.addopenschedule.AddOpenSchedule.setValueToInput is PASSED

2018-04-05 11:30:25 - [TEST_STEP][PASSED] - click: Object: 'Object Repository/com/cct/serviceschedule/openschedule/add/button_Open' is clicked on

2018-04-05 11:30:25 - [MESSAGE][PASSED] - Object: 'Object Repository/com/cct/serviceschedule/openschedule/add/button_Open' is clicked on

2018-04-05 11:30:25 - [TEST_STEP][FAILED] - verifyElementText: Actual text 'Flight number cannot be blank.
Departure port cannot be blank.
Departure date cannot be blank.
Departure time cannot be blank.
Arrival port cannot be blank.
Arrival date cannot be blank.
Arrival time cannot be blank.' and expected text '' of test object 'Object Repository/com/cct/serviceschedule/openschedule/add/alert message' are NOT matched.

2018-04-05 11:30:25 - [MESSAGE][FAILED] - Actual text 'Flight number cannot be blank.
Departure port cannot be blank.
Departure date cannot be blank.
Departure time cannot be blank.
Arrival port cannot be blank.
Arrival date cannot be blank.
Arrival time cannot be blank.' and expected text '' of test object 'Object Repository/com/cct/serviceschedule/openschedule/add/alert message' are NOT matched.
[[ATTACHMENT|D:\\Demo\\Katalon-Demo\\Reports\\com\\cct\\serviceschdule\\add\\addOpenSchedule\\20180405_111912\\1522902625496.png]]

2018-04-05 11:30:25 - [TEST_STEP][PASSED] - Start listener action : sampleAfterTestCase: Taking screenshot successfully

2018-04-05 11:30:25 - [TEST_STEP][PASSED] - comment: Name: /xl/workbook.xml - Content Type: application/vnd.openxmlformats-officedocument.spreadsheetml.sheet.main+xml

2018-04-05 11:30:25 - [TEST_STEP][PASSED] - comment: null

2018-04-05 11:30:25 - [TEST_STEP][PASSED] - comment: 36

2018-04-05 11:30:25 - [TEST_STEP][PASSED] - comment: com.kms.katalon.core.context.internal.InternalTestCaseContext@5792c08c

2018-04-05 11:30:25 - [TEST_STEP][PASSED] - Statement - rowIndex = com.cct.util.exportExcel.createRerportdetail(wb, rowIndex, testCaseContext): Taking screenshot successfully

2018-04-05 11:30:25 - [MESSAGE][PASSED] - Taking screenshot successfully
[[ATTACHMENT|D:\\Demo\\Katalon-Demo\\Reports\\com\\cct\\serviceschdule\\add\\addOpenSchedule\\20180405_111912\\D:/testreport/addOpenSchedule.png]]]]></system-out>
         <system-err><![CDATA[2018-04-05 11:30:08 - [TEST_CASE][FAILED] - Test Cases/com/cct/serviceschedule/openschedule/add/arrDate_depDate: Test Cases/com/cct/serviceschedule/openschedule/add/arrDate_depDate FAILED because (of) Actual text 'Flight number cannot be blank.
Departure port cannot be blank.
Departure date cannot be blank.
Departure time cannot be blank.
Arrival port cannot be blank.
Arrival date cannot be blank.
Arrival time cannot be blank.' and expected text '' of test object 'Object Repository/com/cct/serviceschedule/openschedule/add/alert message' are NOT matched.]]></system-err>
      </testcase>
      <system-out><![CDATA[2018-04-05 11:19:14 - [TEST_SUITE][FAILED] - addOpenSchedule: Test Cases/com/cct/serviceschedule/openschedule/add/arrDate_depDate FAILED because (of) Actual text 'Invalid flight number. Must in the format AA(X)NNNN(X) where : ‘AA’ will be IATA CODE, ‘(X)’ is optional alphabet and ‘N is mandatory numeric.' and expected text 'AA(X)NNNN(X)' of test object 'Object Repository/com/cct/serviceschedule/openschedule/add/alert message' are NOT matched.]]></system-out>
      <system-err><![CDATA[2018-04-05 11:19:14 - [TEST_SUITE][FAILED] - addOpenSchedule: Test Cases/com/cct/serviceschedule/openschedule/add/arrDate_depDate FAILED because (of) Actual text 'Invalid flight number. Must in the format AA(X)NNNN(X) where : ‘AA’ will be IATA CODE, ‘(X)’ is optional alphabet and ‘N is mandatory numeric.' and expected text 'AA(X)NNNN(X)' of test object 'Object Repository/com/cct/serviceschedule/openschedule/add/alert message' are NOT matched.]]></system-err>
   </testsuite>
</testsuites>
