<?xml version="1.0" encoding="UTF-8"?>
<testsuites name="addOpenSchedule" time="155" tests="18" failures="0" errors="0">
   <testsuite name="addOpenSchedule" tests="18" failures="0" errors="0" time="155" timestamp="2018-04-11 13:35:24" hostname="PG-Adul - PG-Adul.mshome.net" id="Test Suites/serviceschdule/add/addOpenSchedule">
      <properties>
         <property name="deviceName" value=""/>
         <property name="devicePlatform" value=""/>
         <property name="logFolder" value="D:\\Demo\\Katalon-Demo\\Reports\\serviceschdule\\add\\addOpenSchedule\\20180411_133522"/>
         <property name="logFiles" value="D:\\Demo\\Katalon-Demo\\Reports\\serviceschdule\\add\\addOpenSchedule\\20180411_133522\\execution0.log"/>
         <property name="attachments" value=""/>
         <property name="hostName" value="PG-Adul - PG-Adul.mshome.net"/>
         <property name="os" value="Windows 10 64bit"/>
         <property name="katalonVersion" value="5.3.1.1"/>
         <property name="browser" value="Firefox 58.0"/>
         <property name="hostAddress" value="172.27.98.17"/>
         <property name="sessionId" value="f1070a91-d9d3-40b4-846a-e90ed7e678be"/>
         <property name="seleniumVersion" value="3.7.1"/>
         <property name="proxyInformation" value="ProxyInformation{proxyOption=NO_PROXY, proxyServerType=HTTP, password=, proxyServerAddress=, proxyServerPort=0}"/>
         <property name="platform" value="Windows 10"/>
      </properties>
      <testcase name="Test Cases/serviceschedule/openschedule/add/FlightNumberFormatFail" classname="Test Cases/serviceschedule/openschedule/add/FlightNumberFormatFail" status="PASSED">
         <system-out><![CDATA[2018-04-11 13:35:40 - [TEST_CASE][PASSED] - Test Cases/serviceschedule/openschedule/add/FlightNumberFormatFail: Invoke 'com.kms.katalon.core.annotation.AfterTestCase' method: 'CustimeListener.sampleAfterTestCase(...)' completed.

2018-04-11 13:35:40 - [TEST_STEP][PASSED] - Start listener action : sampleBeforeTestCase: Invoke 'com.kms.katalon.core.annotation.BeforeTestCase' method: 'CustimeListener.sampleBeforeTestCase(...)' completed.

2018-04-11 13:35:40 - [TEST_STEP][PASSED] - common.serviceschedule.addopenschedule.AddOpenSchedule.gotoPage: common.serviceschedule.addopenschedule.AddOpenSchedule.gotoPage is PASSED

2018-04-11 13:35:41 - [MESSAGE][PASSED] - Navigate to 'http://10.100.70.87:8080/cp_cambodia/jsp/serviceschedule/gotoAddOpenSchedule.action' successfully

2018-04-11 13:35:41 - [MESSAGE][PASSED] - common.serviceschedule.addopenschedule.AddOpenSchedule.gotoPage is PASSED

2018-04-11 13:35:41 - [TEST_STEP][PASSED] - common.serviceschedule.addopenschedule.AddOpenSchedule.setValueToInput: common.serviceschedule.addopenschedule.AddOpenSchedule.setValueToInput is PASSED

2018-04-11 13:35:41 - [MESSAGE][PASSED] - Text 'dsadsad' is set on object 'Object Repository/serviceschedule/openschedule/add/input_openScManual.serviceNumb'

2018-04-11 13:35:41 - [MESSAGE][PASSED] - Object 'Object Repository/serviceschedule/openschedule/add/span_Arrival' is visible

2018-04-11 13:35:41 - [MESSAGE][PASSED] - Object: 'Object Repository/serviceschedule/openschedule/add/span_Arrival' is clicked on

2018-04-11 13:35:41 - [MESSAGE][PASSED] - Object 'Object Repository/serviceschedule/openschedule/add/ul_ArrivalDeparture' is visible

2018-04-11 13:35:42 - [MESSAGE][PASSED] - Delayed 1 second(s)

2018-04-11 13:35:43 - [MESSAGE][PASSED] - Text 'BBK' is set on object 'Object Repository/serviceschedule/openschedule/add/input_autocompleteDepturePortN'

2018-04-11 13:35:44 - [MESSAGE][PASSED] - Delayed 1 second(s)

2018-04-11 13:35:44 - [MESSAGE][PASSED] - Text 'QAA' is set on object 'Object Repository/serviceschedule/openschedule/add/input_autocompleteArrivalPortN'

2018-04-11 13:35:45 - [MESSAGE][PASSED] - Delayed 1 second(s)

2018-04-11 13:35:45 - [MESSAGE][PASSED] - Keys 'CONTROL + a' sent to object: 'Object Repository/serviceschedule/openschedule/add/input_openScManual_depDate_dd_'

2018-04-11 13:35:45 - [MESSAGE][PASSED] - Keys 'CONTROL + a' sent to object: 'Object Repository/serviceschedule/openschedule/add/input_openScManual_arrDate_dd_'

2018-04-11 13:35:45 - [MESSAGE][PASSED] - Keys 'CONTROL + a' sent to object: 'Object Repository/serviceschedule/openschedule/add/input_openScManual_arrTime_hh_'

2018-04-11 13:35:45 - [MESSAGE][PASSED] - Keys 'CONTROL + a' sent to object: 'Object Repository/serviceschedule/openschedule/add/input_openScManual_depTime_hh_'

2018-04-11 13:35:46 - [MESSAGE][PASSED] - Delayed 1 second(s)

2018-04-11 13:35:46 - [MESSAGE][PASSED] - common.serviceschedule.addopenschedule.AddOpenSchedule.setValueToInput is PASSED

2018-04-11 13:35:46 - [TEST_STEP][PASSED] - click: Object: 'Object Repository/serviceschedule/openschedule/add/input_openScManual.serviceNumb' is clicked on

2018-04-11 13:35:46 - [MESSAGE][PASSED] - Object: 'Object Repository/serviceschedule/openschedule/add/input_openScManual.serviceNumb' is clicked on

2018-04-11 13:35:46 - [TEST_STEP][PASSED] - delay: Delayed 1 second(s)

2018-04-11 13:35:47 - [MESSAGE][PASSED] - Delayed 1 second(s)

2018-04-11 13:35:47 - [TEST_STEP][PASSED] - click: Object: 'Object Repository/serviceschedule/openschedule/add/button_Open' is clicked on

2018-04-11 13:35:48 - [MESSAGE][PASSED] - Object: 'Object Repository/serviceschedule/openschedule/add/button_Open' is clicked on

2018-04-11 13:35:48 - [TEST_STEP][PASSED] - util.Verify.isConTrainsText: Pass, Object is Contains Text.

2018-04-11 13:35:48 - [MESSAGE][PASSED] - Object 'Object Repository/serviceschedule/openschedule/add/alert message' is visible

2018-04-11 13:35:48 - [MESSAGE][PASSED] - Text of object 'Object Repository/serviceschedule/openschedule/add/alert message' is: 'Invalid flight number. Must in the format AA(X)NNNN(X) where : ‘AA’ will be IATA CODE, ‘(X)’ is optional alphabet and ‘N is mandatory numeric.'

2018-04-11 13:35:48 - [MESSAGE][PASSED] - Pass, Object is Contains Text.

2018-04-11 13:35:48 - [TEST_STEP][PASSED] - Start listener action : sampleAfterTestCase: Invoke 'com.kms.katalon.core.annotation.AfterTestCase' method: 'CustimeListener.sampleAfterTestCase(...)' completed.

2018-04-11 13:35:48 - [TEST_STEP][PASSED] - comment: Name: /xl/workbook.xml - Content Type: application/vnd.openxmlformats-officedocument.spreadsheetml.sheet.main+xml

2018-04-11 13:35:48 - [TEST_STEP][PASSED] - comment: null

2018-04-11 13:35:48 - [TEST_STEP][PASSED] - comment: 1

2018-04-11 13:35:48 - [TEST_STEP][PASSED] - comment: com.kms.katalon.core.context.internal.InternalTestCaseContext@348d18a3

2018-04-11 13:35:48 - [TEST_STEP][PASSED] - Statement - rowIndex = util.exportExcel.createRerportdetail(wb, rowIndex, testCaseContext): Invoke 'com.kms.katalon.core.annotation.AfterTestCase' method: 'CustimeListener.sampleAfterTestCase(...)' completed.]]></system-out>
         <system-err><![CDATA[]]></system-err>
      </testcase>
      <testcase name="Test Cases/serviceschedule/openschedule/add/FlightNumberFormatTrue" classname="Test Cases/serviceschedule/openschedule/add/FlightNumberFormatTrue" status="PASSED">
         <system-out><![CDATA[2018-04-11 13:35:48 - [TEST_CASE][PASSED] - Test Cases/serviceschedule/openschedule/add/FlightNumberFormatTrue: Invoke 'com.kms.katalon.core.annotation.AfterTestCase' method: 'CustimeListener.sampleAfterTestCase(...)' completed.

2018-04-11 13:35:48 - [TEST_STEP][PASSED] - Start listener action : sampleBeforeTestCase: Invoke 'com.kms.katalon.core.annotation.BeforeTestCase' method: 'CustimeListener.sampleBeforeTestCase(...)' completed.

2018-04-11 13:35:48 - [TEST_STEP][PASSED] - common.serviceschedule.addopenschedule.AddOpenSchedule.gotoPage: common.serviceschedule.addopenschedule.AddOpenSchedule.gotoPage is PASSED

2018-04-11 13:35:49 - [MESSAGE][PASSED] - Navigate to 'http://10.100.70.87:8080/cp_cambodia/jsp/serviceschedule/gotoAddOpenSchedule.action' successfully

2018-04-11 13:35:49 - [MESSAGE][PASSED] - common.serviceschedule.addopenschedule.AddOpenSchedule.gotoPage is PASSED

2018-04-11 13:35:49 - [TEST_STEP][PASSED] - common.serviceschedule.addopenschedule.AddOpenSchedule.setValueToInput: common.serviceschedule.addopenschedule.AddOpenSchedule.setValueToInput is PASSED

2018-04-11 13:35:49 - [MESSAGE][PASSED] - Text 'A1234A' is set on object 'Object Repository/serviceschedule/openschedule/add/input_openScManual.serviceNumb'

2018-04-11 13:35:49 - [MESSAGE][PASSED] - Object 'Object Repository/serviceschedule/openschedule/add/span_Arrival' is visible

2018-04-11 13:35:49 - [MESSAGE][PASSED] - Object: 'Object Repository/serviceschedule/openschedule/add/span_Arrival' is clicked on

2018-04-11 13:35:49 - [MESSAGE][PASSED] - Object 'Object Repository/serviceschedule/openschedule/add/ul_ArrivalDeparture' is visible

2018-04-11 13:35:50 - [MESSAGE][PASSED] - Delayed 1 second(s)

2018-04-11 13:35:51 - [MESSAGE][PASSED] - Text '' is set on object 'Object Repository/serviceschedule/openschedule/add/input_autocompleteDepturePortN'

2018-04-11 13:35:52 - [MESSAGE][PASSED] - Delayed 1 second(s)

2018-04-11 13:35:52 - [MESSAGE][PASSED] - Text '' is set on object 'Object Repository/serviceschedule/openschedule/add/input_autocompleteArrivalPortN'

2018-04-11 13:35:53 - [MESSAGE][PASSED] - Delayed 1 second(s)

2018-04-11 13:35:53 - [MESSAGE][PASSED] - Keys 'CONTROL + a' sent to object: 'Object Repository/serviceschedule/openschedule/add/input_openScManual_depDate_dd_'

2018-04-11 13:35:53 - [MESSAGE][PASSED] - Keys 'CONTROL + a' sent to object: 'Object Repository/serviceschedule/openschedule/add/input_openScManual_arrDate_dd_'

2018-04-11 13:35:53 - [MESSAGE][PASSED] - Keys 'CONTROL + a' sent to object: 'Object Repository/serviceschedule/openschedule/add/input_openScManual_arrTime_hh_'

2018-04-11 13:35:53 - [MESSAGE][PASSED] - Keys 'CONTROL + a' sent to object: 'Object Repository/serviceschedule/openschedule/add/input_openScManual_depTime_hh_'

2018-04-11 13:35:54 - [MESSAGE][PASSED] - Delayed 1 second(s)

2018-04-11 13:35:54 - [MESSAGE][PASSED] - common.serviceschedule.addopenschedule.AddOpenSchedule.setValueToInput is PASSED

2018-04-11 13:35:54 - [TEST_STEP][PASSED] - click: Object: 'Object Repository/serviceschedule/openschedule/add/input_openScManual.serviceNumb' is clicked on

2018-04-11 13:35:54 - [MESSAGE][PASSED] - Object: 'Object Repository/serviceschedule/openschedule/add/input_openScManual.serviceNumb' is clicked on

2018-04-11 13:35:54 - [TEST_STEP][PASSED] - delay: Delayed 1 second(s)

2018-04-11 13:35:55 - [MESSAGE][PASSED] - Delayed 1 second(s)

2018-04-11 13:35:55 - [TEST_STEP][PASSED] - click: Object: 'Object Repository/serviceschedule/openschedule/add/button_Open' is clicked on

2018-04-11 13:35:55 - [MESSAGE][PASSED] - Object: 'Object Repository/serviceschedule/openschedule/add/button_Open' is clicked on

2018-04-11 13:35:55 - [TEST_STEP][PASSED] - util.Verify.notConTrainsText: Pass, Object is not Contains Text.

2018-04-11 13:35:56 - [MESSAGE][PASSED] - Object 'Object Repository/serviceschedule/openschedule/add/alert message' is visible

2018-04-11 13:35:56 - [MESSAGE][PASSED] - Text of object 'Object Repository/serviceschedule/openschedule/add/alert message' is: 'Departure port cannot be blank.
Departure date cannot be blank.
Departure time cannot be blank.
Arrival port cannot be blank.
Arrival date cannot be blank.
Arrival time cannot be blank.'

2018-04-11 13:35:56 - [MESSAGE][PASSED] - Pass, Object is not Contains Text.

2018-04-11 13:35:56 - [TEST_STEP][PASSED] - Start listener action : sampleAfterTestCase: Invoke 'com.kms.katalon.core.annotation.AfterTestCase' method: 'CustimeListener.sampleAfterTestCase(...)' completed.

2018-04-11 13:35:56 - [TEST_STEP][PASSED] - comment: Name: /xl/workbook.xml - Content Type: application/vnd.openxmlformats-officedocument.spreadsheetml.sheet.main+xml

2018-04-11 13:35:56 - [TEST_STEP][PASSED] - comment: null

2018-04-11 13:35:56 - [TEST_STEP][PASSED] - comment: 2

2018-04-11 13:35:56 - [TEST_STEP][PASSED] - comment: com.kms.katalon.core.context.internal.InternalTestCaseContext@309028af

2018-04-11 13:35:56 - [TEST_STEP][PASSED] - Statement - rowIndex = util.exportExcel.createRerportdetail(wb, rowIndex, testCaseContext): Invoke 'com.kms.katalon.core.annotation.AfterTestCase' method: 'CustimeListener.sampleAfterTestCase(...)' completed.]]></system-out>
         <system-err><![CDATA[]]></system-err>
      </testcase>
      <testcase name="Test Cases/serviceschedule/openschedule/add/FlightNumberFormatTrue" classname="Test Cases/serviceschedule/openschedule/add/FlightNumberFormatTrue" status="PASSED">
         <system-out><![CDATA[2018-04-11 13:35:56 - [TEST_CASE][PASSED] - Test Cases/serviceschedule/openschedule/add/FlightNumberFormatTrue: Invoke 'com.kms.katalon.core.annotation.AfterTestCase' method: 'CustimeListener.sampleAfterTestCase(...)' completed.

2018-04-11 13:35:56 - [TEST_STEP][PASSED] - Start listener action : sampleBeforeTestCase: Invoke 'com.kms.katalon.core.annotation.BeforeTestCase' method: 'CustimeListener.sampleBeforeTestCase(...)' completed.

2018-04-11 13:35:56 - [TEST_STEP][PASSED] - common.serviceschedule.addopenschedule.AddOpenSchedule.gotoPage: common.serviceschedule.addopenschedule.AddOpenSchedule.gotoPage is PASSED

2018-04-11 13:35:56 - [MESSAGE][PASSED] - Navigate to 'http://10.100.70.87:8080/cp_cambodia/jsp/serviceschedule/gotoAddOpenSchedule.action' successfully

2018-04-11 13:35:56 - [MESSAGE][PASSED] - common.serviceschedule.addopenschedule.AddOpenSchedule.gotoPage is PASSED

2018-04-11 13:35:56 - [TEST_STEP][PASSED] - common.serviceschedule.addopenschedule.AddOpenSchedule.setValueToInput: common.serviceschedule.addopenschedule.AddOpenSchedule.setValueToInput is PASSED

2018-04-11 13:35:56 - [MESSAGE][PASSED] - Text '1234' is set on object 'Object Repository/serviceschedule/openschedule/add/input_openScManual.serviceNumb'

2018-04-11 13:35:56 - [MESSAGE][PASSED] - Object 'Object Repository/serviceschedule/openschedule/add/span_Arrival' is visible

2018-04-11 13:35:57 - [MESSAGE][PASSED] - Object: 'Object Repository/serviceschedule/openschedule/add/span_Arrival' is clicked on

2018-04-11 13:35:57 - [MESSAGE][PASSED] - Object 'Object Repository/serviceschedule/openschedule/add/ul_ArrivalDeparture' is visible

2018-04-11 13:35:58 - [MESSAGE][PASSED] - Delayed 1 second(s)

2018-04-11 13:35:58 - [MESSAGE][PASSED] - Text '' is set on object 'Object Repository/serviceschedule/openschedule/add/input_autocompleteDepturePortN'

2018-04-11 13:35:59 - [MESSAGE][PASSED] - Delayed 1 second(s)

2018-04-11 13:35:59 - [MESSAGE][PASSED] - Text '' is set on object 'Object Repository/serviceschedule/openschedule/add/input_autocompleteArrivalPortN'

2018-04-11 13:36:00 - [MESSAGE][PASSED] - Delayed 1 second(s)

2018-04-11 13:36:00 - [MESSAGE][PASSED] - Keys 'CONTROL + a' sent to object: 'Object Repository/serviceschedule/openschedule/add/input_openScManual_depDate_dd_'

2018-04-11 13:36:00 - [MESSAGE][PASSED] - Keys 'CONTROL + a' sent to object: 'Object Repository/serviceschedule/openschedule/add/input_openScManual_arrDate_dd_'

2018-04-11 13:36:00 - [MESSAGE][PASSED] - Keys 'CONTROL + a' sent to object: 'Object Repository/serviceschedule/openschedule/add/input_openScManual_arrTime_hh_'

2018-04-11 13:36:00 - [MESSAGE][PASSED] - Keys 'CONTROL + a' sent to object: 'Object Repository/serviceschedule/openschedule/add/input_openScManual_depTime_hh_'

2018-04-11 13:36:01 - [MESSAGE][PASSED] - Delayed 1 second(s)

2018-04-11 13:36:01 - [MESSAGE][PASSED] - common.serviceschedule.addopenschedule.AddOpenSchedule.setValueToInput is PASSED

2018-04-11 13:36:01 - [TEST_STEP][PASSED] - click: Object: 'Object Repository/serviceschedule/openschedule/add/input_openScManual.serviceNumb' is clicked on

2018-04-11 13:36:02 - [MESSAGE][PASSED] - Object: 'Object Repository/serviceschedule/openschedule/add/input_openScManual.serviceNumb' is clicked on

2018-04-11 13:36:02 - [TEST_STEP][PASSED] - delay: Delayed 1 second(s)

2018-04-11 13:36:03 - [MESSAGE][PASSED] - Delayed 1 second(s)

2018-04-11 13:36:03 - [TEST_STEP][PASSED] - click: Object: 'Object Repository/serviceschedule/openschedule/add/button_Open' is clicked on

2018-04-11 13:36:03 - [MESSAGE][PASSED] - Object: 'Object Repository/serviceschedule/openschedule/add/button_Open' is clicked on

2018-04-11 13:36:03 - [TEST_STEP][PASSED] - util.Verify.notConTrainsText: Pass, Object is not Contains Text.

2018-04-11 13:36:03 - [MESSAGE][PASSED] - Object 'Object Repository/serviceschedule/openschedule/add/alert message' is visible

2018-04-11 13:36:03 - [MESSAGE][PASSED] - Text of object 'Object Repository/serviceschedule/openschedule/add/alert message' is: 'Departure port cannot be blank.
Departure date cannot be blank.
Departure time cannot be blank.
Arrival port cannot be blank.
Arrival date cannot be blank.
Arrival time cannot be blank.'

2018-04-11 13:36:03 - [MESSAGE][PASSED] - Pass, Object is not Contains Text.

2018-04-11 13:36:03 - [TEST_STEP][PASSED] - Start listener action : sampleAfterTestCase: Invoke 'com.kms.katalon.core.annotation.AfterTestCase' method: 'CustimeListener.sampleAfterTestCase(...)' completed.

2018-04-11 13:36:03 - [TEST_STEP][PASSED] - comment: Name: /xl/workbook.xml - Content Type: application/vnd.openxmlformats-officedocument.spreadsheetml.sheet.main+xml

2018-04-11 13:36:03 - [TEST_STEP][PASSED] - comment: null

2018-04-11 13:36:03 - [TEST_STEP][PASSED] - comment: 3

2018-04-11 13:36:03 - [TEST_STEP][PASSED] - comment: com.kms.katalon.core.context.internal.InternalTestCaseContext@4248e66b

2018-04-11 13:36:03 - [TEST_STEP][PASSED] - Statement - rowIndex = util.exportExcel.createRerportdetail(wb, rowIndex, testCaseContext): Invoke 'com.kms.katalon.core.annotation.AfterTestCase' method: 'CustimeListener.sampleAfterTestCase(...)' completed.]]></system-out>
         <system-err><![CDATA[]]></system-err>
      </testcase>
      <testcase name="Test Cases/serviceschedule/openschedule/add/FlightNumberFormatTrue" classname="Test Cases/serviceschedule/openschedule/add/FlightNumberFormatTrue" status="PASSED">
         <system-out><![CDATA[2018-04-11 13:36:03 - [TEST_CASE][PASSED] - Test Cases/serviceschedule/openschedule/add/FlightNumberFormatTrue: Invoke 'com.kms.katalon.core.annotation.AfterTestCase' method: 'CustimeListener.sampleAfterTestCase(...)' completed.

2018-04-11 13:36:03 - [TEST_STEP][PASSED] - Start listener action : sampleBeforeTestCase: Invoke 'com.kms.katalon.core.annotation.BeforeTestCase' method: 'CustimeListener.sampleBeforeTestCase(...)' completed.

2018-04-11 13:36:03 - [TEST_STEP][PASSED] - common.serviceschedule.addopenschedule.AddOpenSchedule.gotoPage: common.serviceschedule.addopenschedule.AddOpenSchedule.gotoPage is PASSED

2018-04-11 13:36:04 - [MESSAGE][PASSED] - Navigate to 'http://10.100.70.87:8080/cp_cambodia/jsp/serviceschedule/gotoAddOpenSchedule.action' successfully

2018-04-11 13:36:04 - [MESSAGE][PASSED] - common.serviceschedule.addopenschedule.AddOpenSchedule.gotoPage is PASSED

2018-04-11 13:36:04 - [TEST_STEP][PASSED] - common.serviceschedule.addopenschedule.AddOpenSchedule.setValueToInput: common.serviceschedule.addopenschedule.AddOpenSchedule.setValueToInput is PASSED

2018-04-11 13:36:04 - [MESSAGE][PASSED] - Text '1234A' is set on object 'Object Repository/serviceschedule/openschedule/add/input_openScManual.serviceNumb'

2018-04-11 13:36:04 - [MESSAGE][PASSED] - Object 'Object Repository/serviceschedule/openschedule/add/span_Arrival' is visible

2018-04-11 13:36:04 - [MESSAGE][PASSED] - Object: 'Object Repository/serviceschedule/openschedule/add/span_Arrival' is clicked on

2018-04-11 13:36:04 - [MESSAGE][PASSED] - Object 'Object Repository/serviceschedule/openschedule/add/ul_ArrivalDeparture' is visible

2018-04-11 13:36:05 - [MESSAGE][PASSED] - Delayed 1 second(s)

2018-04-11 13:36:05 - [MESSAGE][PASSED] - Text '' is set on object 'Object Repository/serviceschedule/openschedule/add/input_autocompleteDepturePortN'

2018-04-11 13:36:06 - [MESSAGE][PASSED] - Delayed 1 second(s)

2018-04-11 13:36:07 - [MESSAGE][PASSED] - Text '' is set on object 'Object Repository/serviceschedule/openschedule/add/input_autocompleteArrivalPortN'

2018-04-11 13:36:08 - [MESSAGE][PASSED] - Delayed 1 second(s)

2018-04-11 13:36:08 - [MESSAGE][PASSED] - Keys 'CONTROL + a' sent to object: 'Object Repository/serviceschedule/openschedule/add/input_openScManual_depDate_dd_'

2018-04-11 13:36:08 - [MESSAGE][PASSED] - Keys 'CONTROL + a' sent to object: 'Object Repository/serviceschedule/openschedule/add/input_openScManual_arrDate_dd_'

2018-04-11 13:36:08 - [MESSAGE][PASSED] - Keys 'CONTROL + a' sent to object: 'Object Repository/serviceschedule/openschedule/add/input_openScManual_arrTime_hh_'

2018-04-11 13:36:08 - [MESSAGE][PASSED] - Keys 'CONTROL + a' sent to object: 'Object Repository/serviceschedule/openschedule/add/input_openScManual_depTime_hh_'

2018-04-11 13:36:09 - [MESSAGE][PASSED] - Delayed 1 second(s)

2018-04-11 13:36:09 - [MESSAGE][PASSED] - common.serviceschedule.addopenschedule.AddOpenSchedule.setValueToInput is PASSED

2018-04-11 13:36:09 - [TEST_STEP][PASSED] - click: Object: 'Object Repository/serviceschedule/openschedule/add/input_openScManual.serviceNumb' is clicked on

2018-04-11 13:36:09 - [MESSAGE][PASSED] - Object: 'Object Repository/serviceschedule/openschedule/add/input_openScManual.serviceNumb' is clicked on

2018-04-11 13:36:09 - [TEST_STEP][PASSED] - delay: Delayed 1 second(s)

2018-04-11 13:36:10 - [MESSAGE][PASSED] - Delayed 1 second(s)

2018-04-11 13:36:10 - [TEST_STEP][PASSED] - click: Object: 'Object Repository/serviceschedule/openschedule/add/button_Open' is clicked on

2018-04-11 13:36:10 - [MESSAGE][PASSED] - Object: 'Object Repository/serviceschedule/openschedule/add/button_Open' is clicked on

2018-04-11 13:36:10 - [TEST_STEP][PASSED] - util.Verify.notConTrainsText: Pass, Object is not Contains Text.

2018-04-11 13:36:10 - [MESSAGE][PASSED] - Object 'Object Repository/serviceschedule/openschedule/add/alert message' is visible

2018-04-11 13:36:11 - [MESSAGE][PASSED] - Text of object 'Object Repository/serviceschedule/openschedule/add/alert message' is: 'Departure port cannot be blank.
Departure date cannot be blank.
Departure time cannot be blank.
Arrival port cannot be blank.
Arrival date cannot be blank.
Arrival time cannot be blank.'

2018-04-11 13:36:11 - [MESSAGE][PASSED] - Pass, Object is not Contains Text.

2018-04-11 13:36:11 - [TEST_STEP][PASSED] - Start listener action : sampleAfterTestCase: Invoke 'com.kms.katalon.core.annotation.AfterTestCase' method: 'CustimeListener.sampleAfterTestCase(...)' completed.

2018-04-11 13:36:11 - [TEST_STEP][PASSED] - comment: Name: /xl/workbook.xml - Content Type: application/vnd.openxmlformats-officedocument.spreadsheetml.sheet.main+xml

2018-04-11 13:36:11 - [TEST_STEP][PASSED] - comment: null

2018-04-11 13:36:11 - [TEST_STEP][PASSED] - comment: 4

2018-04-11 13:36:11 - [TEST_STEP][PASSED] - comment: com.kms.katalon.core.context.internal.InternalTestCaseContext@45667d98

2018-04-11 13:36:11 - [TEST_STEP][PASSED] - Statement - rowIndex = util.exportExcel.createRerportdetail(wb, rowIndex, testCaseContext): Invoke 'com.kms.katalon.core.annotation.AfterTestCase' method: 'CustimeListener.sampleAfterTestCase(...)' completed.]]></system-out>
         <system-err><![CDATA[]]></system-err>
      </testcase>
      <testcase name="Test Cases/serviceschedule/openschedule/add/blankValue" classname="Test Cases/serviceschedule/openschedule/add/blankValue" status="PASSED">
         <system-out><![CDATA[2018-04-11 13:36:11 - [TEST_CASE][PASSED] - Test Cases/serviceschedule/openschedule/add/blankValue: Invoke 'com.kms.katalon.core.annotation.AfterTestCase' method: 'CustimeListener.sampleAfterTestCase(...)' completed.

2018-04-11 13:36:11 - [TEST_STEP][PASSED] - Start listener action : sampleBeforeTestCase: Invoke 'com.kms.katalon.core.annotation.BeforeTestCase' method: 'CustimeListener.sampleBeforeTestCase(...)' completed.

2018-04-11 13:36:11 - [TEST_STEP][PASSED] - common.serviceschedule.addopenschedule.AddOpenSchedule.gotoPage: common.serviceschedule.addopenschedule.AddOpenSchedule.gotoPage is PASSED

2018-04-11 13:36:11 - [MESSAGE][PASSED] - Navigate to 'http://10.100.70.87:8080/cp_cambodia/jsp/serviceschedule/gotoAddOpenSchedule.action' successfully

2018-04-11 13:36:11 - [MESSAGE][PASSED] - common.serviceschedule.addopenschedule.AddOpenSchedule.gotoPage is PASSED

2018-04-11 13:36:11 - [TEST_STEP][PASSED] - common.serviceschedule.addopenschedule.AddOpenSchedule.setValueToInput: common.serviceschedule.addopenschedule.AddOpenSchedule.setValueToInput is PASSED

2018-04-11 13:36:11 - [MESSAGE][PASSED] - Text '' is set on object 'Object Repository/serviceschedule/openschedule/add/input_openScManual.serviceNumb'

2018-04-11 13:36:11 - [MESSAGE][PASSED] - Object 'Object Repository/serviceschedule/openschedule/add/span_Arrival' is visible

2018-04-11 13:36:11 - [MESSAGE][PASSED] - Object: 'Object Repository/serviceschedule/openschedule/add/span_Arrival' is clicked on

2018-04-11 13:36:11 - [MESSAGE][PASSED] - Object 'Object Repository/serviceschedule/openschedule/add/ul_ArrivalDeparture' is visible

2018-04-11 13:36:13 - [MESSAGE][PASSED] - Delayed 1 second(s)

2018-04-11 13:36:13 - [MESSAGE][PASSED] - Text 'PQQ' is set on object 'Object Repository/serviceschedule/openschedule/add/input_autocompleteDepturePortN'

2018-04-11 13:36:14 - [MESSAGE][PASSED] - Delayed 1 second(s)

2018-04-11 13:36:14 - [MESSAGE][PASSED] - Text 'DMK' is set on object 'Object Repository/serviceschedule/openschedule/add/input_autocompleteArrivalPortN'

2018-04-11 13:36:15 - [MESSAGE][PASSED] - Delayed 1 second(s)

2018-04-11 13:36:15 - [MESSAGE][PASSED] - Keys 'CONTROL + a' sent to object: 'Object Repository/serviceschedule/openschedule/add/input_openScManual_depDate_dd_'

2018-04-11 13:36:15 - [MESSAGE][PASSED] - Keys 'CONTROL + a' sent to object: 'Object Repository/serviceschedule/openschedule/add/input_openScManual_arrDate_dd_'

2018-04-11 13:36:15 - [MESSAGE][PASSED] - Keys 'CONTROL + a' sent to object: 'Object Repository/serviceschedule/openschedule/add/input_openScManual_arrTime_hh_'

2018-04-11 13:36:16 - [MESSAGE][PASSED] - Keys 'CONTROL + a' sent to object: 'Object Repository/serviceschedule/openschedule/add/input_openScManual_depTime_hh_'

2018-04-11 13:36:17 - [MESSAGE][PASSED] - Delayed 1 second(s)

2018-04-11 13:36:17 - [MESSAGE][PASSED] - common.serviceschedule.addopenschedule.AddOpenSchedule.setValueToInput is PASSED

2018-04-11 13:36:17 - [TEST_STEP][PASSED] - click: Object: 'Object Repository/serviceschedule/openschedule/add/input_openScManual.serviceNumb' is clicked on

2018-04-11 13:36:17 - [MESSAGE][PASSED] - Object: 'Object Repository/serviceschedule/openschedule/add/input_openScManual.serviceNumb' is clicked on

2018-04-11 13:36:17 - [TEST_STEP][PASSED] - delay: Delayed 1 second(s)

2018-04-11 13:36:18 - [MESSAGE][PASSED] - Delayed 1 second(s)

2018-04-11 13:36:18 - [TEST_STEP][PASSED] - click: Object: 'Object Repository/serviceschedule/openschedule/add/button_Open' is clicked on

2018-04-11 13:36:18 - [MESSAGE][PASSED] - Object: 'Object Repository/serviceschedule/openschedule/add/button_Open' is clicked on

2018-04-11 13:36:18 - [TEST_STEP][PASSED] - verifyElementText: Actual text and expected text of test object 'Object Repository/serviceschedule/openschedule/add/alert message' are matched.

2018-04-11 13:36:18 - [MESSAGE][PASSED] - Actual text and expected text of test object 'Object Repository/serviceschedule/openschedule/add/alert message' are matched.

2018-04-11 13:36:18 - [TEST_STEP][PASSED] - Start listener action : sampleAfterTestCase: Invoke 'com.kms.katalon.core.annotation.AfterTestCase' method: 'CustimeListener.sampleAfterTestCase(...)' completed.

2018-04-11 13:36:18 - [TEST_STEP][PASSED] - comment: Name: /xl/workbook.xml - Content Type: application/vnd.openxmlformats-officedocument.spreadsheetml.sheet.main+xml

2018-04-11 13:36:18 - [TEST_STEP][PASSED] - comment: null

2018-04-11 13:36:18 - [TEST_STEP][PASSED] - comment: 5

2018-04-11 13:36:18 - [TEST_STEP][PASSED] - comment: com.kms.katalon.core.context.internal.InternalTestCaseContext@5d7835a8

2018-04-11 13:36:18 - [TEST_STEP][PASSED] - Statement - rowIndex = util.exportExcel.createRerportdetail(wb, rowIndex, testCaseContext): Invoke 'com.kms.katalon.core.annotation.AfterTestCase' method: 'CustimeListener.sampleAfterTestCase(...)' completed.]]></system-out>
         <system-err><![CDATA[]]></system-err>
      </testcase>
      <testcase name="Test Cases/serviceschedule/openschedule/add/blankValue" classname="Test Cases/serviceschedule/openschedule/add/blankValue" status="PASSED">
         <system-out><![CDATA[2018-04-11 13:36:18 - [TEST_CASE][PASSED] - Test Cases/serviceschedule/openschedule/add/blankValue: Invoke 'com.kms.katalon.core.annotation.AfterTestCase' method: 'CustimeListener.sampleAfterTestCase(...)' completed.

2018-04-11 13:36:18 - [TEST_STEP][PASSED] - Start listener action : sampleBeforeTestCase: Invoke 'com.kms.katalon.core.annotation.BeforeTestCase' method: 'CustimeListener.sampleBeforeTestCase(...)' completed.

2018-04-11 13:36:18 - [TEST_STEP][PASSED] - common.serviceschedule.addopenschedule.AddOpenSchedule.gotoPage: common.serviceschedule.addopenschedule.AddOpenSchedule.gotoPage is PASSED

2018-04-11 13:36:19 - [MESSAGE][PASSED] - Navigate to 'http://10.100.70.87:8080/cp_cambodia/jsp/serviceschedule/gotoAddOpenSchedule.action' successfully

2018-04-11 13:36:19 - [MESSAGE][PASSED] - common.serviceschedule.addopenschedule.AddOpenSchedule.gotoPage is PASSED

2018-04-11 13:36:19 - [TEST_STEP][PASSED] - common.serviceschedule.addopenschedule.AddOpenSchedule.setValueToInput: common.serviceschedule.addopenschedule.AddOpenSchedule.setValueToInput is PASSED

2018-04-11 13:36:19 - [MESSAGE][PASSED] - Text 'A1234A' is set on object 'Object Repository/serviceschedule/openschedule/add/input_openScManual.serviceNumb'

2018-04-11 13:36:19 - [MESSAGE][PASSED] - Object 'Object Repository/serviceschedule/openschedule/add/span_Arrival' is visible

2018-04-11 13:36:19 - [MESSAGE][PASSED] - Object: 'Object Repository/serviceschedule/openschedule/add/span_Arrival' is clicked on

2018-04-11 13:36:19 - [MESSAGE][PASSED] - Object 'Object Repository/serviceschedule/openschedule/add/ul_ArrivalDeparture' is visible

2018-04-11 13:36:20 - [MESSAGE][PASSED] - Delayed 1 second(s)

2018-04-11 13:36:21 - [MESSAGE][PASSED] - Text '' is set on object 'Object Repository/serviceschedule/openschedule/add/input_autocompleteDepturePortN'

2018-04-11 13:36:22 - [MESSAGE][PASSED] - Delayed 1 second(s)

2018-04-11 13:36:22 - [MESSAGE][PASSED] - Text 'DMK' is set on object 'Object Repository/serviceschedule/openschedule/add/input_autocompleteArrivalPortN'

2018-04-11 13:36:23 - [MESSAGE][PASSED] - Delayed 1 second(s)

2018-04-11 13:36:23 - [MESSAGE][PASSED] - Keys 'CONTROL + a' sent to object: 'Object Repository/serviceschedule/openschedule/add/input_openScManual_depDate_dd_'

2018-04-11 13:36:23 - [MESSAGE][PASSED] - Keys 'CONTROL + a' sent to object: 'Object Repository/serviceschedule/openschedule/add/input_openScManual_arrDate_dd_'

2018-04-11 13:36:23 - [MESSAGE][PASSED] - Keys 'CONTROL + a' sent to object: 'Object Repository/serviceschedule/openschedule/add/input_openScManual_arrTime_hh_'

2018-04-11 13:36:23 - [MESSAGE][PASSED] - Keys 'CONTROL + a' sent to object: 'Object Repository/serviceschedule/openschedule/add/input_openScManual_depTime_hh_'

2018-04-11 13:36:24 - [MESSAGE][PASSED] - Delayed 1 second(s)

2018-04-11 13:36:24 - [MESSAGE][PASSED] - common.serviceschedule.addopenschedule.AddOpenSchedule.setValueToInput is PASSED

2018-04-11 13:36:24 - [TEST_STEP][PASSED] - click: Object: 'Object Repository/serviceschedule/openschedule/add/input_openScManual.serviceNumb' is clicked on

2018-04-11 13:36:24 - [MESSAGE][PASSED] - Object: 'Object Repository/serviceschedule/openschedule/add/input_openScManual.serviceNumb' is clicked on

2018-04-11 13:36:24 - [TEST_STEP][PASSED] - delay: Delayed 1 second(s)

2018-04-11 13:36:25 - [MESSAGE][PASSED] - Delayed 1 second(s)

2018-04-11 13:36:25 - [TEST_STEP][PASSED] - click: Object: 'Object Repository/serviceschedule/openschedule/add/button_Open' is clicked on

2018-04-11 13:36:26 - [MESSAGE][PASSED] - Object: 'Object Repository/serviceschedule/openschedule/add/button_Open' is clicked on

2018-04-11 13:36:26 - [TEST_STEP][PASSED] - verifyElementText: Actual text and expected text of test object 'Object Repository/serviceschedule/openschedule/add/alert message' are matched.

2018-04-11 13:36:26 - [MESSAGE][PASSED] - Actual text and expected text of test object 'Object Repository/serviceschedule/openschedule/add/alert message' are matched.

2018-04-11 13:36:26 - [TEST_STEP][PASSED] - Start listener action : sampleAfterTestCase: Invoke 'com.kms.katalon.core.annotation.AfterTestCase' method: 'CustimeListener.sampleAfterTestCase(...)' completed.

2018-04-11 13:36:26 - [TEST_STEP][PASSED] - comment: Name: /xl/workbook.xml - Content Type: application/vnd.openxmlformats-officedocument.spreadsheetml.sheet.main+xml

2018-04-11 13:36:26 - [TEST_STEP][PASSED] - comment: null

2018-04-11 13:36:26 - [TEST_STEP][PASSED] - comment: 6

2018-04-11 13:36:26 - [TEST_STEP][PASSED] - comment: com.kms.katalon.core.context.internal.InternalTestCaseContext@367b22e5

2018-04-11 13:36:26 - [TEST_STEP][PASSED] - Statement - rowIndex = util.exportExcel.createRerportdetail(wb, rowIndex, testCaseContext): Invoke 'com.kms.katalon.core.annotation.AfterTestCase' method: 'CustimeListener.sampleAfterTestCase(...)' completed.]]></system-out>
         <system-err><![CDATA[]]></system-err>
      </testcase>
      <testcase name="Test Cases/serviceschedule/openschedule/add/blankValue" classname="Test Cases/serviceschedule/openschedule/add/blankValue" status="PASSED">
         <system-out><![CDATA[2018-04-11 13:36:26 - [TEST_CASE][PASSED] - Test Cases/serviceschedule/openschedule/add/blankValue: Invoke 'com.kms.katalon.core.annotation.AfterTestCase' method: 'CustimeListener.sampleAfterTestCase(...)' completed.

2018-04-11 13:36:26 - [TEST_STEP][PASSED] - Start listener action : sampleBeforeTestCase: Invoke 'com.kms.katalon.core.annotation.BeforeTestCase' method: 'CustimeListener.sampleBeforeTestCase(...)' completed.

2018-04-11 13:36:26 - [TEST_STEP][PASSED] - common.serviceschedule.addopenschedule.AddOpenSchedule.gotoPage: common.serviceschedule.addopenschedule.AddOpenSchedule.gotoPage is PASSED

2018-04-11 13:36:26 - [MESSAGE][PASSED] - Navigate to 'http://10.100.70.87:8080/cp_cambodia/jsp/serviceschedule/gotoAddOpenSchedule.action' successfully

2018-04-11 13:36:26 - [MESSAGE][PASSED] - common.serviceschedule.addopenschedule.AddOpenSchedule.gotoPage is PASSED

2018-04-11 13:36:26 - [TEST_STEP][PASSED] - common.serviceschedule.addopenschedule.AddOpenSchedule.setValueToInput: common.serviceschedule.addopenschedule.AddOpenSchedule.setValueToInput is PASSED

2018-04-11 13:36:26 - [MESSAGE][PASSED] - Text 'A1234A' is set on object 'Object Repository/serviceschedule/openschedule/add/input_openScManual.serviceNumb'

2018-04-11 13:36:26 - [MESSAGE][PASSED] - Object 'Object Repository/serviceschedule/openschedule/add/span_Arrival' is visible

2018-04-11 13:36:27 - [MESSAGE][PASSED] - Object: 'Object Repository/serviceschedule/openschedule/add/span_Arrival' is clicked on

2018-04-11 13:36:27 - [MESSAGE][PASSED] - Object 'Object Repository/serviceschedule/openschedule/add/ul_ArrivalDeparture' is visible

2018-04-11 13:36:28 - [MESSAGE][PASSED] - Delayed 1 second(s)

2018-04-11 13:36:28 - [MESSAGE][PASSED] - Text 'PQQ' is set on object 'Object Repository/serviceschedule/openschedule/add/input_autocompleteDepturePortN'

2018-04-11 13:36:29 - [MESSAGE][PASSED] - Delayed 1 second(s)

2018-04-11 13:36:29 - [MESSAGE][PASSED] - Text '' is set on object 'Object Repository/serviceschedule/openschedule/add/input_autocompleteArrivalPortN'

2018-04-11 13:36:30 - [MESSAGE][PASSED] - Delayed 1 second(s)

2018-04-11 13:36:30 - [MESSAGE][PASSED] - Keys 'CONTROL + a' sent to object: 'Object Repository/serviceschedule/openschedule/add/input_openScManual_depDate_dd_'

2018-04-11 13:36:31 - [MESSAGE][PASSED] - Keys 'CONTROL + a' sent to object: 'Object Repository/serviceschedule/openschedule/add/input_openScManual_arrDate_dd_'

2018-04-11 13:36:31 - [MESSAGE][PASSED] - Keys 'CONTROL + a' sent to object: 'Object Repository/serviceschedule/openschedule/add/input_openScManual_arrTime_hh_'

2018-04-11 13:36:31 - [MESSAGE][PASSED] - Keys 'CONTROL + a' sent to object: 'Object Repository/serviceschedule/openschedule/add/input_openScManual_depTime_hh_'

2018-04-11 13:36:32 - [MESSAGE][PASSED] - Delayed 1 second(s)

2018-04-11 13:36:32 - [MESSAGE][PASSED] - common.serviceschedule.addopenschedule.AddOpenSchedule.setValueToInput is PASSED

2018-04-11 13:36:32 - [TEST_STEP][PASSED] - click: Object: 'Object Repository/serviceschedule/openschedule/add/input_openScManual.serviceNumb' is clicked on

2018-04-11 13:36:32 - [MESSAGE][PASSED] - Object: 'Object Repository/serviceschedule/openschedule/add/input_openScManual.serviceNumb' is clicked on

2018-04-11 13:36:32 - [TEST_STEP][PASSED] - delay: Delayed 1 second(s)

2018-04-11 13:36:33 - [MESSAGE][PASSED] - Delayed 1 second(s)

2018-04-11 13:36:33 - [TEST_STEP][PASSED] - click: Object: 'Object Repository/serviceschedule/openschedule/add/button_Open' is clicked on

2018-04-11 13:36:33 - [MESSAGE][PASSED] - Object: 'Object Repository/serviceschedule/openschedule/add/button_Open' is clicked on

2018-04-11 13:36:33 - [TEST_STEP][PASSED] - verifyElementText: Actual text and expected text of test object 'Object Repository/serviceschedule/openschedule/add/alert message' are matched.

2018-04-11 13:36:33 - [MESSAGE][PASSED] - Actual text and expected text of test object 'Object Repository/serviceschedule/openschedule/add/alert message' are matched.

2018-04-11 13:36:33 - [TEST_STEP][PASSED] - Start listener action : sampleAfterTestCase: Invoke 'com.kms.katalon.core.annotation.AfterTestCase' method: 'CustimeListener.sampleAfterTestCase(...)' completed.

2018-04-11 13:36:33 - [TEST_STEP][PASSED] - comment: Name: /xl/workbook.xml - Content Type: application/vnd.openxmlformats-officedocument.spreadsheetml.sheet.main+xml

2018-04-11 13:36:33 - [TEST_STEP][PASSED] - comment: null

2018-04-11 13:36:33 - [TEST_STEP][PASSED] - comment: 7

2018-04-11 13:36:33 - [TEST_STEP][PASSED] - comment: com.kms.katalon.core.context.internal.InternalTestCaseContext@67d86804

2018-04-11 13:36:33 - [TEST_STEP][PASSED] - Statement - rowIndex = util.exportExcel.createRerportdetail(wb, rowIndex, testCaseContext): Invoke 'com.kms.katalon.core.annotation.AfterTestCase' method: 'CustimeListener.sampleAfterTestCase(...)' completed.]]></system-out>
         <system-err><![CDATA[]]></system-err>
      </testcase>
      <testcase name="Test Cases/serviceschedule/openschedule/add/blankValue" classname="Test Cases/serviceschedule/openschedule/add/blankValue" status="PASSED">
         <system-out><![CDATA[2018-04-11 13:36:33 - [TEST_CASE][PASSED] - Test Cases/serviceschedule/openschedule/add/blankValue: Invoke 'com.kms.katalon.core.annotation.AfterTestCase' method: 'CustimeListener.sampleAfterTestCase(...)' completed.

2018-04-11 13:36:33 - [TEST_STEP][PASSED] - Start listener action : sampleBeforeTestCase: Invoke 'com.kms.katalon.core.annotation.BeforeTestCase' method: 'CustimeListener.sampleBeforeTestCase(...)' completed.

2018-04-11 13:36:33 - [TEST_STEP][PASSED] - common.serviceschedule.addopenschedule.AddOpenSchedule.gotoPage: common.serviceschedule.addopenschedule.AddOpenSchedule.gotoPage is PASSED

2018-04-11 13:36:34 - [MESSAGE][PASSED] - Navigate to 'http://10.100.70.87:8080/cp_cambodia/jsp/serviceschedule/gotoAddOpenSchedule.action' successfully

2018-04-11 13:36:34 - [MESSAGE][PASSED] - common.serviceschedule.addopenschedule.AddOpenSchedule.gotoPage is PASSED

2018-04-11 13:36:34 - [TEST_STEP][PASSED] - common.serviceschedule.addopenschedule.AddOpenSchedule.setValueToInput: common.serviceschedule.addopenschedule.AddOpenSchedule.setValueToInput is PASSED

2018-04-11 13:36:34 - [MESSAGE][PASSED] - Text 'A1234A' is set on object 'Object Repository/serviceschedule/openschedule/add/input_openScManual.serviceNumb'

2018-04-11 13:36:34 - [MESSAGE][PASSED] - Object 'Object Repository/serviceschedule/openschedule/add/span_Arrival' is visible

2018-04-11 13:36:34 - [MESSAGE][PASSED] - Object: 'Object Repository/serviceschedule/openschedule/add/span_Arrival' is clicked on

2018-04-11 13:36:34 - [MESSAGE][PASSED] - Object 'Object Repository/serviceschedule/openschedule/add/ul_ArrivalDeparture' is visible

2018-04-11 13:36:35 - [MESSAGE][PASSED] - Delayed 1 second(s)

2018-04-11 13:36:36 - [MESSAGE][PASSED] - Text 'PQQ' is set on object 'Object Repository/serviceschedule/openschedule/add/input_autocompleteDepturePortN'

2018-04-11 13:36:37 - [MESSAGE][PASSED] - Delayed 1 second(s)

2018-04-11 13:36:37 - [MESSAGE][PASSED] - Text 'DMK' is set on object 'Object Repository/serviceschedule/openschedule/add/input_autocompleteArrivalPortN'

2018-04-11 13:36:38 - [MESSAGE][PASSED] - Delayed 1 second(s)

2018-04-11 13:36:38 - [MESSAGE][PASSED] - Keys 'CONTROL + a' sent to object: 'Object Repository/serviceschedule/openschedule/add/input_openScManual_depDate_dd_'

2018-04-11 13:36:39 - [MESSAGE][PASSED] - Keys 'CONTROL + a' sent to object: 'Object Repository/serviceschedule/openschedule/add/input_openScManual_arrDate_dd_'

2018-04-11 13:36:39 - [MESSAGE][PASSED] - Keys 'CONTROL + a' sent to object: 'Object Repository/serviceschedule/openschedule/add/input_openScManual_arrTime_hh_'

2018-04-11 13:36:39 - [MESSAGE][PASSED] - Keys 'CONTROL + a' sent to object: 'Object Repository/serviceschedule/openschedule/add/input_openScManual_depTime_hh_'

2018-04-11 13:36:40 - [MESSAGE][PASSED] - Delayed 1 second(s)

2018-04-11 13:36:40 - [MESSAGE][PASSED] - common.serviceschedule.addopenschedule.AddOpenSchedule.setValueToInput is PASSED

2018-04-11 13:36:40 - [TEST_STEP][PASSED] - click: Object: 'Object Repository/serviceschedule/openschedule/add/input_openScManual.serviceNumb' is clicked on

2018-04-11 13:36:40 - [MESSAGE][PASSED] - Object: 'Object Repository/serviceschedule/openschedule/add/input_openScManual.serviceNumb' is clicked on

2018-04-11 13:36:40 - [TEST_STEP][PASSED] - delay: Delayed 1 second(s)

2018-04-11 13:36:41 - [MESSAGE][PASSED] - Delayed 1 second(s)

2018-04-11 13:36:41 - [TEST_STEP][PASSED] - click: Object: 'Object Repository/serviceschedule/openschedule/add/button_Open' is clicked on

2018-04-11 13:36:41 - [MESSAGE][PASSED] - Object: 'Object Repository/serviceschedule/openschedule/add/button_Open' is clicked on

2018-04-11 13:36:41 - [TEST_STEP][PASSED] - verifyElementText: Actual text and expected text of test object 'Object Repository/serviceschedule/openschedule/add/alert message' are matched.

2018-04-11 13:36:41 - [MESSAGE][PASSED] - Actual text and expected text of test object 'Object Repository/serviceschedule/openschedule/add/alert message' are matched.

2018-04-11 13:36:41 - [TEST_STEP][PASSED] - Start listener action : sampleAfterTestCase: Invoke 'com.kms.katalon.core.annotation.AfterTestCase' method: 'CustimeListener.sampleAfterTestCase(...)' completed.

2018-04-11 13:36:41 - [TEST_STEP][PASSED] - comment: Name: /xl/workbook.xml - Content Type: application/vnd.openxmlformats-officedocument.spreadsheetml.sheet.main+xml

2018-04-11 13:36:41 - [TEST_STEP][PASSED] - comment: null

2018-04-11 13:36:41 - [TEST_STEP][PASSED] - comment: 8

2018-04-11 13:36:41 - [TEST_STEP][PASSED] - comment: com.kms.katalon.core.context.internal.InternalTestCaseContext@43da41e

2018-04-11 13:36:41 - [TEST_STEP][PASSED] - Statement - rowIndex = util.exportExcel.createRerportdetail(wb, rowIndex, testCaseContext): Invoke 'com.kms.katalon.core.annotation.AfterTestCase' method: 'CustimeListener.sampleAfterTestCase(...)' completed.]]></system-out>
         <system-err><![CDATA[]]></system-err>
      </testcase>
      <testcase name="Test Cases/serviceschedule/openschedule/add/blankValue" classname="Test Cases/serviceschedule/openschedule/add/blankValue" status="PASSED">
         <system-out><![CDATA[2018-04-11 13:36:41 - [TEST_CASE][PASSED] - Test Cases/serviceschedule/openschedule/add/blankValue: Invoke 'com.kms.katalon.core.annotation.AfterTestCase' method: 'CustimeListener.sampleAfterTestCase(...)' completed.

2018-04-11 13:36:41 - [TEST_STEP][PASSED] - Start listener action : sampleBeforeTestCase: Invoke 'com.kms.katalon.core.annotation.BeforeTestCase' method: 'CustimeListener.sampleBeforeTestCase(...)' completed.

2018-04-11 13:36:41 - [TEST_STEP][PASSED] - common.serviceschedule.addopenschedule.AddOpenSchedule.gotoPage: common.serviceschedule.addopenschedule.AddOpenSchedule.gotoPage is PASSED

2018-04-11 13:36:42 - [MESSAGE][PASSED] - Navigate to 'http://10.100.70.87:8080/cp_cambodia/jsp/serviceschedule/gotoAddOpenSchedule.action' successfully

2018-04-11 13:36:42 - [MESSAGE][PASSED] - common.serviceschedule.addopenschedule.AddOpenSchedule.gotoPage is PASSED

2018-04-11 13:36:42 - [TEST_STEP][PASSED] - common.serviceschedule.addopenschedule.AddOpenSchedule.setValueToInput: common.serviceschedule.addopenschedule.AddOpenSchedule.setValueToInput is PASSED

2018-04-11 13:36:42 - [MESSAGE][PASSED] - Text 'A1234A' is set on object 'Object Repository/serviceschedule/openschedule/add/input_openScManual.serviceNumb'

2018-04-11 13:36:42 - [MESSAGE][PASSED] - Object 'Object Repository/serviceschedule/openschedule/add/span_Arrival' is visible

2018-04-11 13:36:42 - [MESSAGE][PASSED] - Object: 'Object Repository/serviceschedule/openschedule/add/span_Arrival' is clicked on

2018-04-11 13:36:42 - [MESSAGE][PASSED] - Object 'Object Repository/serviceschedule/openschedule/add/ul_ArrivalDeparture' is visible

2018-04-11 13:36:43 - [MESSAGE][PASSED] - Delayed 1 second(s)

2018-04-11 13:36:44 - [MESSAGE][PASSED] - Text 'PQQ' is set on object 'Object Repository/serviceschedule/openschedule/add/input_autocompleteDepturePortN'

2018-04-11 13:36:45 - [MESSAGE][PASSED] - Delayed 1 second(s)

2018-04-11 13:36:45 - [MESSAGE][PASSED] - Text 'DMK' is set on object 'Object Repository/serviceschedule/openschedule/add/input_autocompleteArrivalPortN'

2018-04-11 13:36:46 - [MESSAGE][PASSED] - Delayed 1 second(s)

2018-04-11 13:36:46 - [MESSAGE][PASSED] - Keys 'CONTROL + a' sent to object: 'Object Repository/serviceschedule/openschedule/add/input_openScManual_depDate_dd_'

2018-04-11 13:36:46 - [MESSAGE][PASSED] - Keys 'CONTROL + a' sent to object: 'Object Repository/serviceschedule/openschedule/add/input_openScManual_arrDate_dd_'

2018-04-11 13:36:46 - [MESSAGE][PASSED] - Keys 'CONTROL + a' sent to object: 'Object Repository/serviceschedule/openschedule/add/input_openScManual_arrTime_hh_'

2018-04-11 13:36:46 - [MESSAGE][PASSED] - Keys 'CONTROL + a' sent to object: 'Object Repository/serviceschedule/openschedule/add/input_openScManual_depTime_hh_'

2018-04-11 13:36:47 - [MESSAGE][PASSED] - Delayed 1 second(s)

2018-04-11 13:36:47 - [MESSAGE][PASSED] - common.serviceschedule.addopenschedule.AddOpenSchedule.setValueToInput is PASSED

2018-04-11 13:36:47 - [TEST_STEP][PASSED] - click: Object: 'Object Repository/serviceschedule/openschedule/add/input_openScManual.serviceNumb' is clicked on

2018-04-11 13:36:47 - [MESSAGE][PASSED] - Object: 'Object Repository/serviceschedule/openschedule/add/input_openScManual.serviceNumb' is clicked on

2018-04-11 13:36:47 - [TEST_STEP][PASSED] - delay: Delayed 1 second(s)

2018-04-11 13:36:48 - [MESSAGE][PASSED] - Delayed 1 second(s)

2018-04-11 13:36:48 - [TEST_STEP][PASSED] - click: Object: 'Object Repository/serviceschedule/openschedule/add/button_Open' is clicked on

2018-04-11 13:36:49 - [MESSAGE][PASSED] - Object: 'Object Repository/serviceschedule/openschedule/add/button_Open' is clicked on

2018-04-11 13:36:49 - [TEST_STEP][PASSED] - verifyElementText: Actual text and expected text of test object 'Object Repository/serviceschedule/openschedule/add/alert message' are matched.

2018-04-11 13:36:49 - [MESSAGE][PASSED] - Actual text and expected text of test object 'Object Repository/serviceschedule/openschedule/add/alert message' are matched.

2018-04-11 13:36:49 - [TEST_STEP][PASSED] - Start listener action : sampleAfterTestCase: Invoke 'com.kms.katalon.core.annotation.AfterTestCase' method: 'CustimeListener.sampleAfterTestCase(...)' completed.

2018-04-11 13:36:49 - [TEST_STEP][PASSED] - comment: Name: /xl/workbook.xml - Content Type: application/vnd.openxmlformats-officedocument.spreadsheetml.sheet.main+xml

2018-04-11 13:36:49 - [TEST_STEP][PASSED] - comment: null

2018-04-11 13:36:49 - [TEST_STEP][PASSED] - comment: 9

2018-04-11 13:36:49 - [TEST_STEP][PASSED] - comment: com.kms.katalon.core.context.internal.InternalTestCaseContext@702c436b

2018-04-11 13:36:49 - [TEST_STEP][PASSED] - Statement - rowIndex = util.exportExcel.createRerportdetail(wb, rowIndex, testCaseContext): Invoke 'com.kms.katalon.core.annotation.AfterTestCase' method: 'CustimeListener.sampleAfterTestCase(...)' completed.]]></system-out>
         <system-err><![CDATA[]]></system-err>
      </testcase>
      <testcase name="Test Cases/serviceschedule/openschedule/add/blankValue" classname="Test Cases/serviceschedule/openschedule/add/blankValue" status="PASSED">
         <system-out><![CDATA[2018-04-11 13:36:49 - [TEST_CASE][PASSED] - Test Cases/serviceschedule/openschedule/add/blankValue: Invoke 'com.kms.katalon.core.annotation.AfterTestCase' method: 'CustimeListener.sampleAfterTestCase(...)' completed.

2018-04-11 13:36:49 - [TEST_STEP][PASSED] - Start listener action : sampleBeforeTestCase: Invoke 'com.kms.katalon.core.annotation.BeforeTestCase' method: 'CustimeListener.sampleBeforeTestCase(...)' completed.

2018-04-11 13:36:49 - [TEST_STEP][PASSED] - common.serviceschedule.addopenschedule.AddOpenSchedule.gotoPage: common.serviceschedule.addopenschedule.AddOpenSchedule.gotoPage is PASSED

2018-04-11 13:36:55 - [MESSAGE][PASSED] - Navigate to 'http://10.100.70.87:8080/cp_cambodia/jsp/serviceschedule/gotoAddOpenSchedule.action' successfully

2018-04-11 13:36:55 - [MESSAGE][PASSED] - common.serviceschedule.addopenschedule.AddOpenSchedule.gotoPage is PASSED

2018-04-11 13:36:55 - [TEST_STEP][PASSED] - common.serviceschedule.addopenschedule.AddOpenSchedule.setValueToInput: common.serviceschedule.addopenschedule.AddOpenSchedule.setValueToInput is PASSED

2018-04-11 13:36:55 - [MESSAGE][PASSED] - Text 'A1234A' is set on object 'Object Repository/serviceschedule/openschedule/add/input_openScManual.serviceNumb'

2018-04-11 13:36:55 - [MESSAGE][PASSED] - Object 'Object Repository/serviceschedule/openschedule/add/span_Arrival' is visible

2018-04-11 13:36:55 - [MESSAGE][PASSED] - Object: 'Object Repository/serviceschedule/openschedule/add/span_Arrival' is clicked on

2018-04-11 13:36:55 - [MESSAGE][PASSED] - Object 'Object Repository/serviceschedule/openschedule/add/ul_ArrivalDeparture' is visible

2018-04-11 13:36:56 - [MESSAGE][PASSED] - Delayed 1 second(s)

2018-04-11 13:36:57 - [MESSAGE][PASSED] - Text 'PQQ' is set on object 'Object Repository/serviceschedule/openschedule/add/input_autocompleteDepturePortN'

2018-04-11 13:36:58 - [MESSAGE][PASSED] - Delayed 1 second(s)

2018-04-11 13:36:58 - [MESSAGE][PASSED] - Text 'DMK' is set on object 'Object Repository/serviceschedule/openschedule/add/input_autocompleteArrivalPortN'

2018-04-11 13:36:59 - [MESSAGE][PASSED] - Delayed 1 second(s)

2018-04-11 13:36:59 - [MESSAGE][PASSED] - Keys 'CONTROL + a' sent to object: 'Object Repository/serviceschedule/openschedule/add/input_openScManual_depDate_dd_'

2018-04-11 13:36:59 - [MESSAGE][PASSED] - Keys 'CONTROL + a' sent to object: 'Object Repository/serviceschedule/openschedule/add/input_openScManual_arrDate_dd_'

2018-04-11 13:36:59 - [MESSAGE][PASSED] - Keys 'CONTROL + a' sent to object: 'Object Repository/serviceschedule/openschedule/add/input_openScManual_arrTime_hh_'

2018-04-11 13:36:59 - [MESSAGE][PASSED] - Keys 'CONTROL + a' sent to object: 'Object Repository/serviceschedule/openschedule/add/input_openScManual_depTime_hh_'

2018-04-11 13:37:00 - [MESSAGE][PASSED] - Delayed 1 second(s)

2018-04-11 13:37:00 - [MESSAGE][PASSED] - common.serviceschedule.addopenschedule.AddOpenSchedule.setValueToInput is PASSED

2018-04-11 13:37:00 - [TEST_STEP][PASSED] - click: Object: 'Object Repository/serviceschedule/openschedule/add/input_openScManual.serviceNumb' is clicked on

2018-04-11 13:37:01 - [MESSAGE][PASSED] - Object: 'Object Repository/serviceschedule/openschedule/add/input_openScManual.serviceNumb' is clicked on

2018-04-11 13:37:01 - [TEST_STEP][PASSED] - delay: Delayed 1 second(s)

2018-04-11 13:37:02 - [MESSAGE][PASSED] - Delayed 1 second(s)

2018-04-11 13:37:02 - [TEST_STEP][PASSED] - click: Object: 'Object Repository/serviceschedule/openschedule/add/button_Open' is clicked on

2018-04-11 13:37:02 - [MESSAGE][PASSED] - Object: 'Object Repository/serviceschedule/openschedule/add/button_Open' is clicked on

2018-04-11 13:37:02 - [TEST_STEP][PASSED] - verifyElementText: Actual text and expected text of test object 'Object Repository/serviceschedule/openschedule/add/alert message' are matched.

2018-04-11 13:37:02 - [MESSAGE][PASSED] - Actual text and expected text of test object 'Object Repository/serviceschedule/openschedule/add/alert message' are matched.

2018-04-11 13:37:02 - [TEST_STEP][PASSED] - Start listener action : sampleAfterTestCase: Invoke 'com.kms.katalon.core.annotation.AfterTestCase' method: 'CustimeListener.sampleAfterTestCase(...)' completed.

2018-04-11 13:37:02 - [TEST_STEP][PASSED] - comment: Name: /xl/workbook.xml - Content Type: application/vnd.openxmlformats-officedocument.spreadsheetml.sheet.main+xml

2018-04-11 13:37:02 - [TEST_STEP][PASSED] - comment: null

2018-04-11 13:37:02 - [TEST_STEP][PASSED] - comment: 10

2018-04-11 13:37:02 - [TEST_STEP][PASSED] - comment: com.kms.katalon.core.context.internal.InternalTestCaseContext@40e60ece

2018-04-11 13:37:02 - [TEST_STEP][PASSED] - Statement - rowIndex = util.exportExcel.createRerportdetail(wb, rowIndex, testCaseContext): Invoke 'com.kms.katalon.core.annotation.AfterTestCase' method: 'CustimeListener.sampleAfterTestCase(...)' completed.]]></system-out>
         <system-err><![CDATA[]]></system-err>
      </testcase>
      <testcase name="Test Cases/serviceschedule/openschedule/add/blankValue" classname="Test Cases/serviceschedule/openschedule/add/blankValue" status="PASSED">
         <system-out><![CDATA[2018-04-11 13:37:02 - [TEST_CASE][PASSED] - Test Cases/serviceschedule/openschedule/add/blankValue: Invoke 'com.kms.katalon.core.annotation.AfterTestCase' method: 'CustimeListener.sampleAfterTestCase(...)' completed.

2018-04-11 13:37:02 - [TEST_STEP][PASSED] - Start listener action : sampleBeforeTestCase: Invoke 'com.kms.katalon.core.annotation.BeforeTestCase' method: 'CustimeListener.sampleBeforeTestCase(...)' completed.

2018-04-11 13:37:02 - [TEST_STEP][PASSED] - common.serviceschedule.addopenschedule.AddOpenSchedule.gotoPage: common.serviceschedule.addopenschedule.AddOpenSchedule.gotoPage is PASSED

2018-04-11 13:37:02 - [MESSAGE][PASSED] - Navigate to 'http://10.100.70.87:8080/cp_cambodia/jsp/serviceschedule/gotoAddOpenSchedule.action' successfully

2018-04-11 13:37:02 - [MESSAGE][PASSED] - common.serviceschedule.addopenschedule.AddOpenSchedule.gotoPage is PASSED

2018-04-11 13:37:02 - [TEST_STEP][PASSED] - common.serviceschedule.addopenschedule.AddOpenSchedule.setValueToInput: common.serviceschedule.addopenschedule.AddOpenSchedule.setValueToInput is PASSED

2018-04-11 13:37:02 - [MESSAGE][PASSED] - Text 'A1234A' is set on object 'Object Repository/serviceschedule/openschedule/add/input_openScManual.serviceNumb'

2018-04-11 13:37:02 - [MESSAGE][PASSED] - Object 'Object Repository/serviceschedule/openschedule/add/span_Arrival' is visible

2018-04-11 13:37:03 - [MESSAGE][PASSED] - Object: 'Object Repository/serviceschedule/openschedule/add/span_Arrival' is clicked on

2018-04-11 13:37:03 - [MESSAGE][PASSED] - Object 'Object Repository/serviceschedule/openschedule/add/ul_ArrivalDeparture' is visible

2018-04-11 13:37:04 - [MESSAGE][PASSED] - Delayed 1 second(s)

2018-04-11 13:37:04 - [MESSAGE][PASSED] - Text 'PQQ' is set on object 'Object Repository/serviceschedule/openschedule/add/input_autocompleteDepturePortN'

2018-04-11 13:37:05 - [MESSAGE][PASSED] - Delayed 1 second(s)

2018-04-11 13:37:05 - [MESSAGE][PASSED] - Text 'DMK' is set on object 'Object Repository/serviceschedule/openschedule/add/input_autocompleteArrivalPortN'

2018-04-11 13:37:06 - [MESSAGE][PASSED] - Delayed 1 second(s)

2018-04-11 13:37:06 - [MESSAGE][PASSED] - Keys 'CONTROL + a' sent to object: 'Object Repository/serviceschedule/openschedule/add/input_openScManual_depDate_dd_'

2018-04-11 13:37:07 - [MESSAGE][PASSED] - Keys 'CONTROL + a' sent to object: 'Object Repository/serviceschedule/openschedule/add/input_openScManual_arrDate_dd_'

2018-04-11 13:37:07 - [MESSAGE][PASSED] - Keys 'CONTROL + a' sent to object: 'Object Repository/serviceschedule/openschedule/add/input_openScManual_arrTime_hh_'

2018-04-11 13:37:07 - [MESSAGE][PASSED] - Keys 'CONTROL + a' sent to object: 'Object Repository/serviceschedule/openschedule/add/input_openScManual_depTime_hh_'

2018-04-11 13:37:08 - [MESSAGE][PASSED] - Delayed 1 second(s)

2018-04-11 13:37:08 - [MESSAGE][PASSED] - common.serviceschedule.addopenschedule.AddOpenSchedule.setValueToInput is PASSED

2018-04-11 13:37:08 - [TEST_STEP][PASSED] - click: Object: 'Object Repository/serviceschedule/openschedule/add/input_openScManual.serviceNumb' is clicked on

2018-04-11 13:37:08 - [MESSAGE][PASSED] - Object: 'Object Repository/serviceschedule/openschedule/add/input_openScManual.serviceNumb' is clicked on

2018-04-11 13:37:08 - [TEST_STEP][PASSED] - delay: Delayed 1 second(s)

2018-04-11 13:37:09 - [MESSAGE][PASSED] - Delayed 1 second(s)

2018-04-11 13:37:09 - [TEST_STEP][PASSED] - click: Object: 'Object Repository/serviceschedule/openschedule/add/button_Open' is clicked on

2018-04-11 13:37:09 - [MESSAGE][PASSED] - Object: 'Object Repository/serviceschedule/openschedule/add/button_Open' is clicked on

2018-04-11 13:37:09 - [TEST_STEP][PASSED] - verifyElementText: Actual text and expected text of test object 'Object Repository/serviceschedule/openschedule/add/alert message' are matched.

2018-04-11 13:37:09 - [MESSAGE][PASSED] - Actual text and expected text of test object 'Object Repository/serviceschedule/openschedule/add/alert message' are matched.

2018-04-11 13:37:09 - [TEST_STEP][PASSED] - Start listener action : sampleAfterTestCase: Invoke 'com.kms.katalon.core.annotation.AfterTestCase' method: 'CustimeListener.sampleAfterTestCase(...)' completed.

2018-04-11 13:37:09 - [TEST_STEP][PASSED] - comment: Name: /xl/workbook.xml - Content Type: application/vnd.openxmlformats-officedocument.spreadsheetml.sheet.main+xml

2018-04-11 13:37:09 - [TEST_STEP][PASSED] - comment: null

2018-04-11 13:37:09 - [TEST_STEP][PASSED] - comment: 11

2018-04-11 13:37:09 - [TEST_STEP][PASSED] - comment: com.kms.katalon.core.context.internal.InternalTestCaseContext@2c58dcb1

2018-04-11 13:37:09 - [TEST_STEP][PASSED] - Statement - rowIndex = util.exportExcel.createRerportdetail(wb, rowIndex, testCaseContext): Invoke 'com.kms.katalon.core.annotation.AfterTestCase' method: 'CustimeListener.sampleAfterTestCase(...)' completed.]]></system-out>
         <system-err><![CDATA[]]></system-err>
      </testcase>
      <testcase name="Test Cases/serviceschedule/openschedule/add/FlightNumberLength" classname="Test Cases/serviceschedule/openschedule/add/FlightNumberLength" status="PASSED">
         <system-out><![CDATA[2018-04-11 13:37:09 - [TEST_CASE][PASSED] - Test Cases/serviceschedule/openschedule/add/FlightNumberLength: Invoke 'com.kms.katalon.core.annotation.AfterTestCase' method: 'CustimeListener.sampleAfterTestCase(...)' completed.

2018-04-11 13:37:09 - [TEST_STEP][PASSED] - Start listener action : sampleBeforeTestCase: Invoke 'com.kms.katalon.core.annotation.BeforeTestCase' method: 'CustimeListener.sampleBeforeTestCase(...)' completed.

2018-04-11 13:37:09 - [TEST_STEP][PASSED] - common.serviceschedule.addopenschedule.AddOpenSchedule.gotoPage: common.serviceschedule.addopenschedule.AddOpenSchedule.gotoPage is PASSED

2018-04-11 13:37:10 - [MESSAGE][PASSED] - Navigate to 'http://10.100.70.87:8080/cp_cambodia/jsp/serviceschedule/gotoAddOpenSchedule.action' successfully

2018-04-11 13:37:10 - [MESSAGE][PASSED] - common.serviceschedule.addopenschedule.AddOpenSchedule.gotoPage is PASSED

2018-04-11 13:37:10 - [TEST_STEP][PASSED] - common.serviceschedule.addopenschedule.AddOpenSchedule.setValueToInput: common.serviceschedule.addopenschedule.AddOpenSchedule.setValueToInput is PASSED

2018-04-11 13:37:10 - [MESSAGE][PASSED] - Text 'A1234Aaa' is set on object 'Object Repository/serviceschedule/openschedule/add/input_openScManual.serviceNumb'

2018-04-11 13:37:10 - [MESSAGE][PASSED] - Object 'Object Repository/serviceschedule/openschedule/add/span_Arrival' is visible

2018-04-11 13:37:10 - [MESSAGE][PASSED] - Object: 'Object Repository/serviceschedule/openschedule/add/span_Arrival' is clicked on

2018-04-11 13:37:10 - [MESSAGE][PASSED] - Object 'Object Repository/serviceschedule/openschedule/add/ul_ArrivalDeparture' is visible

2018-04-11 13:37:12 - [MESSAGE][PASSED] - Delayed 1 second(s)

2018-04-11 13:37:12 - [MESSAGE][PASSED] - Text '' is set on object 'Object Repository/serviceschedule/openschedule/add/input_autocompleteDepturePortN'

2018-04-11 13:37:13 - [MESSAGE][PASSED] - Delayed 1 second(s)

2018-04-11 13:37:13 - [MESSAGE][PASSED] - Text '' is set on object 'Object Repository/serviceschedule/openschedule/add/input_autocompleteArrivalPortN'

2018-04-11 13:37:14 - [MESSAGE][PASSED] - Delayed 1 second(s)

2018-04-11 13:37:14 - [MESSAGE][PASSED] - Keys 'CONTROL + a' sent to object: 'Object Repository/serviceschedule/openschedule/add/input_openScManual_depDate_dd_'

2018-04-11 13:37:14 - [MESSAGE][PASSED] - Keys 'CONTROL + a' sent to object: 'Object Repository/serviceschedule/openschedule/add/input_openScManual_arrDate_dd_'

2018-04-11 13:37:14 - [MESSAGE][PASSED] - Keys 'CONTROL + a' sent to object: 'Object Repository/serviceschedule/openschedule/add/input_openScManual_arrTime_hh_'

2018-04-11 13:37:14 - [MESSAGE][PASSED] - Keys 'CONTROL + a' sent to object: 'Object Repository/serviceschedule/openschedule/add/input_openScManual_depTime_hh_'

2018-04-11 13:37:15 - [MESSAGE][PASSED] - Delayed 1 second(s)

2018-04-11 13:37:15 - [MESSAGE][PASSED] - common.serviceschedule.addopenschedule.AddOpenSchedule.setValueToInput is PASSED

2018-04-11 13:37:15 - [TEST_STEP][PASSED] - util.Verify.verifyValueLenght: util.Verify.verifyValueLenght is PASSED

2018-04-11 13:37:15 - [MESSAGE][PASSED] - Attribute 'value' of object 'Object Repository/serviceschedule/openschedule/add/input_openScManual.serviceNumb' is: 'A1234A'

2018-04-11 13:37:15 - [MESSAGE][PASSED] - Actual number '6' is less than or equal to expected number '6'

2018-04-11 13:37:15 - [MESSAGE][PASSED] - util.Verify.verifyValueLenght is PASSED

2018-04-11 13:37:15 - [TEST_STEP][PASSED] - Start listener action : sampleAfterTestCase: Invoke 'com.kms.katalon.core.annotation.AfterTestCase' method: 'CustimeListener.sampleAfterTestCase(...)' completed.

2018-04-11 13:37:15 - [TEST_STEP][PASSED] - comment: Name: /xl/workbook.xml - Content Type: application/vnd.openxmlformats-officedocument.spreadsheetml.sheet.main+xml

2018-04-11 13:37:15 - [TEST_STEP][PASSED] - comment: null

2018-04-11 13:37:15 - [TEST_STEP][PASSED] - comment: 12

2018-04-11 13:37:15 - [TEST_STEP][PASSED] - comment: com.kms.katalon.core.context.internal.InternalTestCaseContext@61a1ea2c

2018-04-11 13:37:15 - [TEST_STEP][PASSED] - Statement - rowIndex = util.exportExcel.createRerportdetail(wb, rowIndex, testCaseContext): Invoke 'com.kms.katalon.core.annotation.AfterTestCase' method: 'CustimeListener.sampleAfterTestCase(...)' completed.]]></system-out>
         <system-err><![CDATA[]]></system-err>
      </testcase>
      <testcase name="Test Cases/serviceschedule/openschedule/add/arrDate_depDate" classname="Test Cases/serviceschedule/openschedule/add/arrDate_depDate" status="PASSED">
         <system-out><![CDATA[2018-04-11 13:37:15 - [TEST_CASE][PASSED] - Test Cases/serviceschedule/openschedule/add/arrDate_depDate: Invoke 'com.kms.katalon.core.annotation.AfterTestCase' method: 'CustimeListener.sampleAfterTestCase(...)' completed.

2018-04-11 13:37:15 - [TEST_STEP][PASSED] - Start listener action : sampleBeforeTestCase: Invoke 'com.kms.katalon.core.annotation.BeforeTestCase' method: 'CustimeListener.sampleBeforeTestCase(...)' completed.

2018-04-11 13:37:15 - [TEST_STEP][PASSED] - common.serviceschedule.addopenschedule.AddOpenSchedule.gotoPage: common.serviceschedule.addopenschedule.AddOpenSchedule.gotoPage is PASSED

2018-04-11 13:37:16 - [MESSAGE][PASSED] - Navigate to 'http://10.100.70.87:8080/cp_cambodia/jsp/serviceschedule/gotoAddOpenSchedule.action' successfully

2018-04-11 13:37:16 - [MESSAGE][PASSED] - common.serviceschedule.addopenschedule.AddOpenSchedule.gotoPage is PASSED

2018-04-11 13:37:16 - [TEST_STEP][PASSED] - common.serviceschedule.addopenschedule.AddOpenSchedule.setValueToInput: common.serviceschedule.addopenschedule.AddOpenSchedule.setValueToInput is PASSED

2018-04-11 13:37:16 - [MESSAGE][PASSED] - Text 'A123' is set on object 'Object Repository/serviceschedule/openschedule/add/input_openScManual.serviceNumb'

2018-04-11 13:37:16 - [MESSAGE][PASSED] - Object 'Object Repository/serviceschedule/openschedule/add/span_Arrival' is visible

2018-04-11 13:37:16 - [MESSAGE][PASSED] - Object: 'Object Repository/serviceschedule/openschedule/add/span_Arrival' is clicked on

2018-04-11 13:37:16 - [MESSAGE][PASSED] - Object 'Object Repository/serviceschedule/openschedule/add/ul_ArrivalDeparture' is visible

2018-04-11 13:37:17 - [MESSAGE][PASSED] - Delayed 1 second(s)

2018-04-11 13:37:18 - [MESSAGE][PASSED] - Text 'PQQ' is set on object 'Object Repository/serviceschedule/openschedule/add/input_autocompleteDepturePortN'

2018-04-11 13:37:19 - [MESSAGE][PASSED] - Delayed 1 second(s)

2018-04-11 13:37:19 - [MESSAGE][PASSED] - Text 'DMK' is set on object 'Object Repository/serviceschedule/openschedule/add/input_autocompleteArrivalPortN'

2018-04-11 13:37:20 - [MESSAGE][PASSED] - Delayed 1 second(s)

2018-04-11 13:37:20 - [MESSAGE][PASSED] - Keys 'CONTROL + a' sent to object: 'Object Repository/serviceschedule/openschedule/add/input_openScManual_depDate_dd_'

2018-04-11 13:37:20 - [MESSAGE][PASSED] - Keys 'CONTROL + a' sent to object: 'Object Repository/serviceschedule/openschedule/add/input_openScManual_arrDate_dd_'

2018-04-11 13:37:20 - [MESSAGE][PASSED] - Keys 'CONTROL + a' sent to object: 'Object Repository/serviceschedule/openschedule/add/input_openScManual_arrTime_hh_'

2018-04-11 13:37:20 - [MESSAGE][PASSED] - Keys 'CONTROL + a' sent to object: 'Object Repository/serviceschedule/openschedule/add/input_openScManual_depTime_hh_'

2018-04-11 13:37:21 - [MESSAGE][PASSED] - Delayed 1 second(s)

2018-04-11 13:37:21 - [MESSAGE][PASSED] - common.serviceschedule.addopenschedule.AddOpenSchedule.setValueToInput is PASSED

2018-04-11 13:37:21 - [TEST_STEP][PASSED] - click: Object: 'Object Repository/serviceschedule/openschedule/add/input_openScManual.serviceNumb' is clicked on

2018-04-11 13:37:21 - [MESSAGE][PASSED] - Object: 'Object Repository/serviceschedule/openschedule/add/input_openScManual.serviceNumb' is clicked on

2018-04-11 13:37:21 - [TEST_STEP][PASSED] - delay: Delayed 1 second(s)

2018-04-11 13:37:22 - [MESSAGE][PASSED] - Delayed 1 second(s)

2018-04-11 13:37:22 - [TEST_STEP][PASSED] - click: Object: 'Object Repository/serviceschedule/openschedule/add/button_Open' is clicked on

2018-04-11 13:37:23 - [MESSAGE][PASSED] - Object: 'Object Repository/serviceschedule/openschedule/add/button_Open' is clicked on

2018-04-11 13:37:23 - [TEST_STEP][PASSED] - verifyElementText: Actual text and expected text of test object 'Object Repository/serviceschedule/openschedule/add/alert message' are matched.

2018-04-11 13:37:23 - [MESSAGE][PASSED] - Actual text and expected text of test object 'Object Repository/serviceschedule/openschedule/add/alert message' are matched.

2018-04-11 13:37:23 - [TEST_STEP][PASSED] - Start listener action : sampleAfterTestCase: Invoke 'com.kms.katalon.core.annotation.AfterTestCase' method: 'CustimeListener.sampleAfterTestCase(...)' completed.

2018-04-11 13:37:23 - [TEST_STEP][PASSED] - comment: Name: /xl/workbook.xml - Content Type: application/vnd.openxmlformats-officedocument.spreadsheetml.sheet.main+xml

2018-04-11 13:37:23 - [TEST_STEP][PASSED] - comment: null

2018-04-11 13:37:23 - [TEST_STEP][PASSED] - comment: 13

2018-04-11 13:37:23 - [TEST_STEP][PASSED] - comment: com.kms.katalon.core.context.internal.InternalTestCaseContext@29eda4f8

2018-04-11 13:37:23 - [TEST_STEP][PASSED] - Statement - rowIndex = util.exportExcel.createRerportdetail(wb, rowIndex, testCaseContext): Invoke 'com.kms.katalon.core.annotation.AfterTestCase' method: 'CustimeListener.sampleAfterTestCase(...)' completed.]]></system-out>
         <system-err><![CDATA[]]></system-err>
      </testcase>
      <testcase name="Test Cases/serviceschedule/openschedule/add/arrDate_depDate" classname="Test Cases/serviceschedule/openschedule/add/arrDate_depDate" status="PASSED">
         <system-out><![CDATA[2018-04-11 13:37:23 - [TEST_CASE][PASSED] - Test Cases/serviceschedule/openschedule/add/arrDate_depDate: Invoke 'com.kms.katalon.core.annotation.AfterTestCase' method: 'CustimeListener.sampleAfterTestCase(...)' completed.

2018-04-11 13:37:23 - [TEST_STEP][PASSED] - Start listener action : sampleBeforeTestCase: Invoke 'com.kms.katalon.core.annotation.BeforeTestCase' method: 'CustimeListener.sampleBeforeTestCase(...)' completed.

2018-04-11 13:37:23 - [TEST_STEP][PASSED] - common.serviceschedule.addopenschedule.AddOpenSchedule.gotoPage: common.serviceschedule.addopenschedule.AddOpenSchedule.gotoPage is PASSED

2018-04-11 13:37:24 - [MESSAGE][PASSED] - Navigate to 'http://10.100.70.87:8080/cp_cambodia/jsp/serviceschedule/gotoAddOpenSchedule.action' successfully

2018-04-11 13:37:24 - [MESSAGE][PASSED] - common.serviceschedule.addopenschedule.AddOpenSchedule.gotoPage is PASSED

2018-04-11 13:37:24 - [TEST_STEP][PASSED] - common.serviceschedule.addopenschedule.AddOpenSchedule.setValueToInput: common.serviceschedule.addopenschedule.AddOpenSchedule.setValueToInput is PASSED

2018-04-11 13:37:24 - [MESSAGE][PASSED] - Text 'A123' is set on object 'Object Repository/serviceschedule/openschedule/add/input_openScManual.serviceNumb'

2018-04-11 13:37:24 - [MESSAGE][PASSED] - Object 'Object Repository/serviceschedule/openschedule/add/span_Arrival' is visible

2018-04-11 13:37:24 - [MESSAGE][PASSED] - Object: 'Object Repository/serviceschedule/openschedule/add/span_Arrival' is clicked on

2018-04-11 13:37:24 - [MESSAGE][PASSED] - Object 'Object Repository/serviceschedule/openschedule/add/ul_ArrivalDeparture' is visible

2018-04-11 13:37:25 - [MESSAGE][PASSED] - Delayed 1 second(s)

2018-04-11 13:37:25 - [MESSAGE][PASSED] - Text 'PQQ' is set on object 'Object Repository/serviceschedule/openschedule/add/input_autocompleteDepturePortN'

2018-04-11 13:37:26 - [MESSAGE][PASSED] - Delayed 1 second(s)

2018-04-11 13:37:26 - [MESSAGE][PASSED] - Text 'DMK' is set on object 'Object Repository/serviceschedule/openschedule/add/input_autocompleteArrivalPortN'

2018-04-11 13:37:27 - [MESSAGE][PASSED] - Delayed 1 second(s)

2018-04-11 13:37:28 - [MESSAGE][PASSED] - Keys 'CONTROL + a' sent to object: 'Object Repository/serviceschedule/openschedule/add/input_openScManual_depDate_dd_'

2018-04-11 13:37:28 - [MESSAGE][PASSED] - Keys 'CONTROL + a' sent to object: 'Object Repository/serviceschedule/openschedule/add/input_openScManual_arrDate_dd_'

2018-04-11 13:37:28 - [MESSAGE][PASSED] - Keys 'CONTROL + a' sent to object: 'Object Repository/serviceschedule/openschedule/add/input_openScManual_arrTime_hh_'

2018-04-11 13:37:28 - [MESSAGE][PASSED] - Keys 'CONTROL + a' sent to object: 'Object Repository/serviceschedule/openschedule/add/input_openScManual_depTime_hh_'

2018-04-11 13:37:29 - [MESSAGE][PASSED] - Delayed 1 second(s)

2018-04-11 13:37:29 - [MESSAGE][PASSED] - common.serviceschedule.addopenschedule.AddOpenSchedule.setValueToInput is PASSED

2018-04-11 13:37:29 - [TEST_STEP][PASSED] - click: Object: 'Object Repository/serviceschedule/openschedule/add/input_openScManual.serviceNumb' is clicked on

2018-04-11 13:37:29 - [MESSAGE][PASSED] - Object: 'Object Repository/serviceschedule/openschedule/add/input_openScManual.serviceNumb' is clicked on

2018-04-11 13:37:29 - [TEST_STEP][PASSED] - delay: Delayed 1 second(s)

2018-04-11 13:37:30 - [MESSAGE][PASSED] - Delayed 1 second(s)

2018-04-11 13:37:30 - [TEST_STEP][PASSED] - click: Object: 'Object Repository/serviceschedule/openschedule/add/button_Open' is clicked on

2018-04-11 13:37:31 - [MESSAGE][PASSED] - Object: 'Object Repository/serviceschedule/openschedule/add/button_Open' is clicked on

2018-04-11 13:37:31 - [TEST_STEP][PASSED] - verifyElementText: Actual text and expected text of test object 'Object Repository/serviceschedule/openschedule/add/alert message' are matched.

2018-04-11 13:37:31 - [MESSAGE][PASSED] - Actual text and expected text of test object 'Object Repository/serviceschedule/openschedule/add/alert message' are matched.

2018-04-11 13:37:31 - [TEST_STEP][PASSED] - Start listener action : sampleAfterTestCase: Invoke 'com.kms.katalon.core.annotation.AfterTestCase' method: 'CustimeListener.sampleAfterTestCase(...)' completed.

2018-04-11 13:37:31 - [TEST_STEP][PASSED] - comment: Name: /xl/workbook.xml - Content Type: application/vnd.openxmlformats-officedocument.spreadsheetml.sheet.main+xml

2018-04-11 13:37:31 - [TEST_STEP][PASSED] - comment: null

2018-04-11 13:37:31 - [TEST_STEP][PASSED] - comment: 14

2018-04-11 13:37:31 - [TEST_STEP][PASSED] - comment: com.kms.katalon.core.context.internal.InternalTestCaseContext@6cd164a6

2018-04-11 13:37:31 - [TEST_STEP][PASSED] - Statement - rowIndex = util.exportExcel.createRerportdetail(wb, rowIndex, testCaseContext): Invoke 'com.kms.katalon.core.annotation.AfterTestCase' method: 'CustimeListener.sampleAfterTestCase(...)' completed.]]></system-out>
         <system-err><![CDATA[]]></system-err>
      </testcase>
      <testcase name="Test Cases/serviceschedule/openschedule/add/arrDate_depDate" classname="Test Cases/serviceschedule/openschedule/add/arrDate_depDate" status="PASSED">
         <system-out><![CDATA[2018-04-11 13:37:31 - [TEST_CASE][PASSED] - Test Cases/serviceschedule/openschedule/add/arrDate_depDate: Invoke 'com.kms.katalon.core.annotation.AfterTestCase' method: 'CustimeListener.sampleAfterTestCase(...)' completed.

2018-04-11 13:37:31 - [TEST_STEP][PASSED] - Start listener action : sampleBeforeTestCase: Invoke 'com.kms.katalon.core.annotation.BeforeTestCase' method: 'CustimeListener.sampleBeforeTestCase(...)' completed.

2018-04-11 13:37:31 - [TEST_STEP][PASSED] - common.serviceschedule.addopenschedule.AddOpenSchedule.gotoPage: common.serviceschedule.addopenschedule.AddOpenSchedule.gotoPage is PASSED

2018-04-11 13:37:31 - [MESSAGE][PASSED] - Navigate to 'http://10.100.70.87:8080/cp_cambodia/jsp/serviceschedule/gotoAddOpenSchedule.action' successfully

2018-04-11 13:37:31 - [MESSAGE][PASSED] - common.serviceschedule.addopenschedule.AddOpenSchedule.gotoPage is PASSED

2018-04-11 13:37:31 - [TEST_STEP][PASSED] - common.serviceschedule.addopenschedule.AddOpenSchedule.setValueToInput: common.serviceschedule.addopenschedule.AddOpenSchedule.setValueToInput is PASSED

2018-04-11 13:37:31 - [MESSAGE][PASSED] - Text 'A123' is set on object 'Object Repository/serviceschedule/openschedule/add/input_openScManual.serviceNumb'

2018-04-11 13:37:31 - [MESSAGE][PASSED] - Object 'Object Repository/serviceschedule/openschedule/add/span_Arrival' is visible

2018-04-11 13:37:32 - [MESSAGE][PASSED] - Object: 'Object Repository/serviceschedule/openschedule/add/span_Arrival' is clicked on

2018-04-11 13:37:32 - [MESSAGE][PASSED] - Object 'Object Repository/serviceschedule/openschedule/add/ul_ArrivalDeparture' is visible

2018-04-11 13:37:33 - [MESSAGE][PASSED] - Delayed 1 second(s)

2018-04-11 13:37:33 - [MESSAGE][PASSED] - Text 'PQQ' is set on object 'Object Repository/serviceschedule/openschedule/add/input_autocompleteDepturePortN'

2018-04-11 13:37:34 - [MESSAGE][PASSED] - Delayed 1 second(s)

2018-04-11 13:37:34 - [MESSAGE][PASSED] - Text 'DMK' is set on object 'Object Repository/serviceschedule/openschedule/add/input_autocompleteArrivalPortN'

2018-04-11 13:37:35 - [MESSAGE][PASSED] - Delayed 1 second(s)

2018-04-11 13:37:35 - [MESSAGE][PASSED] - Keys 'CONTROL + a' sent to object: 'Object Repository/serviceschedule/openschedule/add/input_openScManual_depDate_dd_'

2018-04-11 13:37:35 - [MESSAGE][PASSED] - Keys 'CONTROL + a' sent to object: 'Object Repository/serviceschedule/openschedule/add/input_openScManual_arrDate_dd_'

2018-04-11 13:37:36 - [MESSAGE][PASSED] - Keys 'CONTROL + a' sent to object: 'Object Repository/serviceschedule/openschedule/add/input_openScManual_arrTime_hh_'

2018-04-11 13:37:36 - [MESSAGE][PASSED] - Keys 'CONTROL + a' sent to object: 'Object Repository/serviceschedule/openschedule/add/input_openScManual_depTime_hh_'

2018-04-11 13:37:37 - [MESSAGE][PASSED] - Delayed 1 second(s)

2018-04-11 13:37:37 - [MESSAGE][PASSED] - common.serviceschedule.addopenschedule.AddOpenSchedule.setValueToInput is PASSED

2018-04-11 13:37:37 - [TEST_STEP][PASSED] - click: Object: 'Object Repository/serviceschedule/openschedule/add/input_openScManual.serviceNumb' is clicked on

2018-04-11 13:37:37 - [MESSAGE][PASSED] - Object: 'Object Repository/serviceschedule/openschedule/add/input_openScManual.serviceNumb' is clicked on

2018-04-11 13:37:37 - [TEST_STEP][PASSED] - delay: Delayed 1 second(s)

2018-04-11 13:37:38 - [MESSAGE][PASSED] - Delayed 1 second(s)

2018-04-11 13:37:38 - [TEST_STEP][PASSED] - click: Object: 'Object Repository/serviceschedule/openschedule/add/button_Open' is clicked on

2018-04-11 13:37:38 - [MESSAGE][PASSED] - Object: 'Object Repository/serviceschedule/openschedule/add/button_Open' is clicked on

2018-04-11 13:37:38 - [TEST_STEP][PASSED] - verifyElementText: Actual text and expected text of test object 'Object Repository/serviceschedule/openschedule/add/alert message' are matched.

2018-04-11 13:37:38 - [MESSAGE][PASSED] - Actual text and expected text of test object 'Object Repository/serviceschedule/openschedule/add/alert message' are matched.

2018-04-11 13:37:38 - [TEST_STEP][PASSED] - Start listener action : sampleAfterTestCase: Invoke 'com.kms.katalon.core.annotation.AfterTestCase' method: 'CustimeListener.sampleAfterTestCase(...)' completed.

2018-04-11 13:37:38 - [TEST_STEP][PASSED] - comment: Name: /xl/workbook.xml - Content Type: application/vnd.openxmlformats-officedocument.spreadsheetml.sheet.main+xml

2018-04-11 13:37:38 - [TEST_STEP][PASSED] - comment: null

2018-04-11 13:37:38 - [TEST_STEP][PASSED] - comment: 15

2018-04-11 13:37:38 - [TEST_STEP][PASSED] - comment: com.kms.katalon.core.context.internal.InternalTestCaseContext@5f117b3d

2018-04-11 13:37:38 - [TEST_STEP][PASSED] - Statement - rowIndex = util.exportExcel.createRerportdetail(wb, rowIndex, testCaseContext): Invoke 'com.kms.katalon.core.annotation.AfterTestCase' method: 'CustimeListener.sampleAfterTestCase(...)' completed.]]></system-out>
         <system-err><![CDATA[]]></system-err>
      </testcase>
      <testcase name="Test Cases/serviceschedule/openschedule/add/arrDate_depDate" classname="Test Cases/serviceschedule/openschedule/add/arrDate_depDate" status="PASSED">
         <system-out><![CDATA[2018-04-11 13:37:38 - [TEST_CASE][PASSED] - Test Cases/serviceschedule/openschedule/add/arrDate_depDate: Invoke 'com.kms.katalon.core.annotation.AfterTestCase' method: 'CustimeListener.sampleAfterTestCase(...)' completed.

2018-04-11 13:37:38 - [TEST_STEP][PASSED] - Start listener action : sampleBeforeTestCase: Invoke 'com.kms.katalon.core.annotation.BeforeTestCase' method: 'CustimeListener.sampleBeforeTestCase(...)' completed.

2018-04-11 13:37:38 - [TEST_STEP][PASSED] - common.serviceschedule.addopenschedule.AddOpenSchedule.gotoPage: common.serviceschedule.addopenschedule.AddOpenSchedule.gotoPage is PASSED

2018-04-11 13:37:39 - [MESSAGE][PASSED] - Navigate to 'http://10.100.70.87:8080/cp_cambodia/jsp/serviceschedule/gotoAddOpenSchedule.action' successfully

2018-04-11 13:37:39 - [MESSAGE][PASSED] - common.serviceschedule.addopenschedule.AddOpenSchedule.gotoPage is PASSED

2018-04-11 13:37:39 - [TEST_STEP][PASSED] - common.serviceschedule.addopenschedule.AddOpenSchedule.setValueToInput: common.serviceschedule.addopenschedule.AddOpenSchedule.setValueToInput is PASSED

2018-04-11 13:37:39 - [MESSAGE][PASSED] - Text 'A123' is set on object 'Object Repository/serviceschedule/openschedule/add/input_openScManual.serviceNumb'

2018-04-11 13:37:39 - [MESSAGE][PASSED] - Object 'Object Repository/serviceschedule/openschedule/add/span_Arrival' is visible

2018-04-11 13:37:39 - [MESSAGE][PASSED] - Object: 'Object Repository/serviceschedule/openschedule/add/span_Arrival' is clicked on

2018-04-11 13:37:39 - [MESSAGE][PASSED] - Object 'Object Repository/serviceschedule/openschedule/add/ul_ArrivalDeparture' is visible

2018-04-11 13:37:40 - [MESSAGE][PASSED] - Delayed 1 second(s)

2018-04-11 13:37:41 - [MESSAGE][PASSED] - Text 'PQQ' is set on object 'Object Repository/serviceschedule/openschedule/add/input_autocompleteDepturePortN'

2018-04-11 13:37:42 - [MESSAGE][PASSED] - Delayed 1 second(s)

2018-04-11 13:37:42 - [MESSAGE][PASSED] - Text 'DMK' is set on object 'Object Repository/serviceschedule/openschedule/add/input_autocompleteArrivalPortN'

2018-04-11 13:37:43 - [MESSAGE][PASSED] - Delayed 1 second(s)

2018-04-11 13:37:43 - [MESSAGE][PASSED] - Keys 'CONTROL + a' sent to object: 'Object Repository/serviceschedule/openschedule/add/input_openScManual_depDate_dd_'

2018-04-11 13:37:43 - [MESSAGE][PASSED] - Keys 'CONTROL + a' sent to object: 'Object Repository/serviceschedule/openschedule/add/input_openScManual_arrDate_dd_'

2018-04-11 13:37:43 - [MESSAGE][PASSED] - Keys 'CONTROL + a' sent to object: 'Object Repository/serviceschedule/openschedule/add/input_openScManual_arrTime_hh_'

2018-04-11 13:37:43 - [MESSAGE][PASSED] - Keys 'CONTROL + a' sent to object: 'Object Repository/serviceschedule/openschedule/add/input_openScManual_depTime_hh_'

2018-04-11 13:37:44 - [MESSAGE][PASSED] - Delayed 1 second(s)

2018-04-11 13:37:44 - [MESSAGE][PASSED] - common.serviceschedule.addopenschedule.AddOpenSchedule.setValueToInput is PASSED

2018-04-11 13:37:44 - [TEST_STEP][PASSED] - click: Object: 'Object Repository/serviceschedule/openschedule/add/input_openScManual.serviceNumb' is clicked on

2018-04-11 13:37:45 - [MESSAGE][PASSED] - Object: 'Object Repository/serviceschedule/openschedule/add/input_openScManual.serviceNumb' is clicked on

2018-04-11 13:37:45 - [TEST_STEP][PASSED] - delay: Delayed 1 second(s)

2018-04-11 13:37:46 - [MESSAGE][PASSED] - Delayed 1 second(s)

2018-04-11 13:37:46 - [TEST_STEP][PASSED] - click: Object: 'Object Repository/serviceschedule/openschedule/add/button_Open' is clicked on

2018-04-11 13:37:48 - [MESSAGE][PASSED] - Object: 'Object Repository/serviceschedule/openschedule/add/button_Open' is clicked on

2018-04-11 13:37:48 - [TEST_STEP][PASSED] - verifyElementText: Actual text and expected text of test object 'Object Repository/serviceschedule/openschedule/add/alert message' are matched.

2018-04-11 13:37:48 - [MESSAGE][PASSED] - Actual text and expected text of test object 'Object Repository/serviceschedule/openschedule/add/alert message' are matched.

2018-04-11 13:37:48 - [TEST_STEP][PASSED] - Start listener action : sampleAfterTestCase: Invoke 'com.kms.katalon.core.annotation.AfterTestCase' method: 'CustimeListener.sampleAfterTestCase(...)' completed.

2018-04-11 13:37:48 - [TEST_STEP][PASSED] - comment: Name: /xl/workbook.xml - Content Type: application/vnd.openxmlformats-officedocument.spreadsheetml.sheet.main+xml

2018-04-11 13:37:48 - [TEST_STEP][PASSED] - comment: null

2018-04-11 13:37:48 - [TEST_STEP][PASSED] - comment: 16

2018-04-11 13:37:48 - [TEST_STEP][PASSED] - comment: com.kms.katalon.core.context.internal.InternalTestCaseContext@10dc7d6

2018-04-11 13:37:48 - [TEST_STEP][PASSED] - Statement - rowIndex = util.exportExcel.createRerportdetail(wb, rowIndex, testCaseContext): Invoke 'com.kms.katalon.core.annotation.AfterTestCase' method: 'CustimeListener.sampleAfterTestCase(...)' completed.]]></system-out>
         <system-err><![CDATA[]]></system-err>
      </testcase>
      <testcase name="Test Cases/serviceschedule/openschedule/add/ArrDepPort" classname="Test Cases/serviceschedule/openschedule/add/ArrDepPort" status="PASSED">
         <system-out><![CDATA[2018-04-11 13:37:48 - [TEST_CASE][PASSED] - Test Cases/serviceschedule/openschedule/add/ArrDepPort: Invoke 'com.kms.katalon.core.annotation.AfterTestCase' method: 'CustimeListener.sampleAfterTestCase(...)' completed.

2018-04-11 13:37:48 - [TEST_STEP][PASSED] - Start listener action : sampleBeforeTestCase: Invoke 'com.kms.katalon.core.annotation.BeforeTestCase' method: 'CustimeListener.sampleBeforeTestCase(...)' completed.

2018-04-11 13:37:48 - [TEST_STEP][PASSED] - common.serviceschedule.addopenschedule.AddOpenSchedule.gotoPage: common.serviceschedule.addopenschedule.AddOpenSchedule.gotoPage is PASSED

2018-04-11 13:37:48 - [MESSAGE][PASSED] - Navigate to 'http://10.100.70.87:8080/cp_cambodia/jsp/serviceschedule/gotoAddOpenSchedule.action' successfully

2018-04-11 13:37:48 - [MESSAGE][PASSED] - common.serviceschedule.addopenschedule.AddOpenSchedule.gotoPage is PASSED

2018-04-11 13:37:48 - [TEST_STEP][PASSED] - common.serviceschedule.addopenschedule.AddOpenSchedule.setValueToInput: common.serviceschedule.addopenschedule.AddOpenSchedule.setValueToInput is PASSED

2018-04-11 13:37:48 - [MESSAGE][PASSED] - Text '' is set on object 'Object Repository/serviceschedule/openschedule/add/input_openScManual.serviceNumb'

2018-04-11 13:37:48 - [MESSAGE][PASSED] - Object 'Object Repository/serviceschedule/openschedule/add/span_Arrival' is visible

2018-04-11 13:37:49 - [MESSAGE][PASSED] - Object: 'Object Repository/serviceschedule/openschedule/add/span_Arrival' is clicked on

2018-04-11 13:37:49 - [MESSAGE][PASSED] - Object 'Object Repository/serviceschedule/openschedule/add/ul_ArrivalDeparture' is visible

2018-04-11 13:37:50 - [MESSAGE][PASSED] - Delayed 1 second(s)

2018-04-11 13:37:50 - [MESSAGE][PASSED] - Text 'DMK' is set on object 'Object Repository/serviceschedule/openschedule/add/input_autocompleteDepturePortN'

2018-04-11 13:37:51 - [MESSAGE][PASSED] - Delayed 1 second(s)

2018-04-11 13:37:51 - [MESSAGE][PASSED] - Text '' is set on object 'Object Repository/serviceschedule/openschedule/add/input_autocompleteArrivalPortN'

2018-04-11 13:37:52 - [MESSAGE][PASSED] - Delayed 1 second(s)

2018-04-11 13:37:52 - [MESSAGE][PASSED] - Keys 'CONTROL + a' sent to object: 'Object Repository/serviceschedule/openschedule/add/input_openScManual_depDate_dd_'

2018-04-11 13:37:52 - [MESSAGE][PASSED] - Keys 'CONTROL + a' sent to object: 'Object Repository/serviceschedule/openschedule/add/input_openScManual_arrDate_dd_'

2018-04-11 13:37:52 - [MESSAGE][PASSED] - Keys 'CONTROL + a' sent to object: 'Object Repository/serviceschedule/openschedule/add/input_openScManual_arrTime_hh_'

2018-04-11 13:37:53 - [MESSAGE][PASSED] - Keys 'CONTROL + a' sent to object: 'Object Repository/serviceschedule/openschedule/add/input_openScManual_depTime_hh_'

2018-04-11 13:37:54 - [MESSAGE][PASSED] - Delayed 1 second(s)

2018-04-11 13:37:54 - [MESSAGE][PASSED] - common.serviceschedule.addopenschedule.AddOpenSchedule.setValueToInput is PASSED

2018-04-11 13:37:54 - [TEST_STEP][PASSED] - verifyElementText: Actual text and expected text of test object 'Object Repository/serviceschedule/openschedule/add/input_autocompleteArrivalPortN' are matched.

2018-04-11 13:37:54 - [MESSAGE][PASSED] - Actual text and expected text of test object 'Object Repository/serviceschedule/openschedule/add/input_autocompleteArrivalPortN' are matched.

2018-04-11 13:37:54 - [TEST_STEP][PASSED] - Start listener action : sampleAfterTestCase: Invoke 'com.kms.katalon.core.annotation.AfterTestCase' method: 'CustimeListener.sampleAfterTestCase(...)' completed.

2018-04-11 13:37:54 - [TEST_STEP][PASSED] - comment: Name: /xl/workbook.xml - Content Type: application/vnd.openxmlformats-officedocument.spreadsheetml.sheet.main+xml

2018-04-11 13:37:54 - [TEST_STEP][PASSED] - comment: null

2018-04-11 13:37:54 - [TEST_STEP][PASSED] - comment: 17

2018-04-11 13:37:54 - [TEST_STEP][PASSED] - comment: com.kms.katalon.core.context.internal.InternalTestCaseContext@17690e14

2018-04-11 13:37:54 - [TEST_STEP][PASSED] - Statement - rowIndex = util.exportExcel.createRerportdetail(wb, rowIndex, testCaseContext): Invoke 'com.kms.katalon.core.annotation.AfterTestCase' method: 'CustimeListener.sampleAfterTestCase(...)' completed.]]></system-out>
         <system-err><![CDATA[]]></system-err>
      </testcase>
      <testcase name="Test Cases/serviceschedule/openschedule/add/ArrDepPort" classname="Test Cases/serviceschedule/openschedule/add/ArrDepPort" status="PASSED">
         <system-out><![CDATA[2018-04-11 13:37:54 - [TEST_CASE][PASSED] - Test Cases/serviceschedule/openschedule/add/ArrDepPort: Invoke 'com.kms.katalon.core.annotation.AfterTestCase' method: 'CustimeListener.sampleAfterTestCase(...)' completed.

2018-04-11 13:37:54 - [TEST_STEP][PASSED] - Start listener action : sampleBeforeTestCase: Invoke 'com.kms.katalon.core.annotation.BeforeTestCase' method: 'CustimeListener.sampleBeforeTestCase(...)' completed.

2018-04-11 13:37:54 - [TEST_STEP][PASSED] - common.serviceschedule.addopenschedule.AddOpenSchedule.gotoPage: common.serviceschedule.addopenschedule.AddOpenSchedule.gotoPage is PASSED

2018-04-11 13:37:54 - [MESSAGE][PASSED] - Navigate to 'http://10.100.70.87:8080/cp_cambodia/jsp/serviceschedule/gotoAddOpenSchedule.action' successfully

2018-04-11 13:37:54 - [MESSAGE][PASSED] - common.serviceschedule.addopenschedule.AddOpenSchedule.gotoPage is PASSED

2018-04-11 13:37:54 - [TEST_STEP][PASSED] - common.serviceschedule.addopenschedule.AddOpenSchedule.setValueToInput: common.serviceschedule.addopenschedule.AddOpenSchedule.setValueToInput is PASSED

2018-04-11 13:37:54 - [MESSAGE][PASSED] - Text '' is set on object 'Object Repository/serviceschedule/openschedule/add/input_openScManual.serviceNumb'

2018-04-11 13:37:54 - [MESSAGE][PASSED] - Object 'Object Repository/serviceschedule/openschedule/add/span_Arrival' is visible

2018-04-11 13:37:54 - [MESSAGE][PASSED] - Object: 'Object Repository/serviceschedule/openschedule/add/span_Arrival' is clicked on

2018-04-11 13:37:54 - [MESSAGE][PASSED] - Object 'Object Repository/serviceschedule/openschedule/add/ul_ArrivalDeparture' is visible

2018-04-11 13:37:56 - [MESSAGE][PASSED] - Delayed 1 second(s)

2018-04-11 13:37:56 - [MESSAGE][PASSED] - Text '' is set on object 'Object Repository/serviceschedule/openschedule/add/input_autocompleteDepturePortN'

2018-04-11 13:37:57 - [MESSAGE][PASSED] - Delayed 1 second(s)

2018-04-11 13:37:57 - [MESSAGE][PASSED] - Text 'Dmk' is set on object 'Object Repository/serviceschedule/openschedule/add/input_autocompleteArrivalPortN'

2018-04-11 13:37:58 - [MESSAGE][PASSED] - Delayed 1 second(s)

2018-04-11 13:37:58 - [MESSAGE][PASSED] - Keys 'CONTROL + a' sent to object: 'Object Repository/serviceschedule/openschedule/add/input_openScManual_depDate_dd_'

2018-04-11 13:37:58 - [MESSAGE][PASSED] - Keys 'CONTROL + a' sent to object: 'Object Repository/serviceschedule/openschedule/add/input_openScManual_arrDate_dd_'

2018-04-11 13:37:58 - [MESSAGE][PASSED] - Keys 'CONTROL + a' sent to object: 'Object Repository/serviceschedule/openschedule/add/input_openScManual_arrTime_hh_'

2018-04-11 13:37:58 - [MESSAGE][PASSED] - Keys 'CONTROL + a' sent to object: 'Object Repository/serviceschedule/openschedule/add/input_openScManual_depTime_hh_'

2018-04-11 13:37:59 - [MESSAGE][PASSED] - Delayed 1 second(s)

2018-04-11 13:37:59 - [MESSAGE][PASSED] - common.serviceschedule.addopenschedule.AddOpenSchedule.setValueToInput is PASSED

2018-04-11 13:37:59 - [TEST_STEP][PASSED] - verifyElementText: Actual text and expected text of test object 'Object Repository/serviceschedule/openschedule/add/input_autocompleteArrivalPortN' are matched.

2018-04-11 13:37:59 - [MESSAGE][PASSED] - Actual text and expected text of test object 'Object Repository/serviceschedule/openschedule/add/input_autocompleteArrivalPortN' are matched.

2018-04-11 13:37:59 - [TEST_STEP][PASSED] - Start listener action : sampleAfterTestCase: Invoke 'com.kms.katalon.core.annotation.AfterTestCase' method: 'CustimeListener.sampleAfterTestCase(...)' completed.

2018-04-11 13:37:59 - [TEST_STEP][PASSED] - comment: Name: /xl/workbook.xml - Content Type: application/vnd.openxmlformats-officedocument.spreadsheetml.sheet.main+xml

2018-04-11 13:37:59 - [TEST_STEP][PASSED] - comment: null

2018-04-11 13:37:59 - [TEST_STEP][PASSED] - comment: 18

2018-04-11 13:37:59 - [TEST_STEP][PASSED] - comment: com.kms.katalon.core.context.internal.InternalTestCaseContext@3ad4a7d6

2018-04-11 13:37:59 - [TEST_STEP][PASSED] - Statement - rowIndex = util.exportExcel.createRerportdetail(wb, rowIndex, testCaseContext): Invoke 'com.kms.katalon.core.annotation.AfterTestCase' method: 'CustimeListener.sampleAfterTestCase(...)' completed.]]></system-out>
         <system-err><![CDATA[]]></system-err>
      </testcase>
      <system-out><![CDATA[2018-04-11 13:35:24 - [TEST_SUITE][PASSED] - addOpenSchedule: Invoke 'com.kms.katalon.core.annotation.AfterTestCase' method: 'CustimeListener.sampleAfterTestCase(...)' completed.]]></system-out>
      <system-err><![CDATA[]]></system-err>
   </testsuite>
</testsuites>
