<?xml version="1.0" encoding="UTF-8"?>
<testsuites name="addOpenSchedule" time="85" tests="0" failures="0" errors="4">
   <testsuite name="addOpenSchedule" tests="0" failures="0" errors="4" time="85" timestamp="2018-04-09 15:36:50" hostname="PG-Adul - PG-Adul.mshome.net" id="Test Suites/addOpenSchedule">
      <properties>
         <property name="deviceName" value=""/>
         <property name="devicePlatform" value=""/>
         <property name="logFolder" value="D:\\Demo\\Katalon-Demo\\Reports\\addOpenSchedule\\20180409_153648"/>
         <property name="logFiles" value="D:\\Demo\\Katalon-Demo\\Reports\\addOpenSchedule\\20180409_153648\\execution0.log"/>
         <property name="attachments" value="D:\\Demo\\Katalon-Demo\\Reports\\addOpenSchedule\\20180409_153648\\D:/testreport/addOpenSchedule/addOpenSchedule_09042018153651/TEST-ID-2.png, D:\\Demo\\Katalon-Demo\\Reports\\addOpenSchedule\\20180409_153648\\D:/testreport/addOpenSchedule/addOpenSchedule_09042018153651/TEST-ID-3.png, D:\\Demo\\Katalon-Demo\\Reports\\addOpenSchedule\\20180409_153648\\D:/testreport/addOpenSchedule/addOpenSchedule_09042018153651/TEST-ID-4.png, D:\\Demo\\Katalon-Demo\\Reports\\addOpenSchedule\\20180409_153648\\D:/testreport/addOpenSchedule/addOpenSchedule_09042018153651/TEST-ID-5.png"/>
         <property name="hostName" value="PG-Adul - PG-Adul.mshome.net"/>
         <property name="os" value="Windows 10 64bit"/>
         <property name="katalonVersion" value="5.3.1.1"/>
         <property name="browser" value="Firefox 58.0"/>
         <property name="hostAddress" value="172.27.98.17"/>
         <property name="sessionId" value="a65b4a17-9c9e-4f59-8c23-df690387aacc"/>
         <property name="seleniumVersion" value="3.7.1"/>
         <property name="proxyInformation" value="ProxyInformation{proxyOption=NO_PROXY, proxyServerType=HTTP, password=, proxyServerAddress=, proxyServerPort=0}"/>
         <property name="platform" value="Windows 10"/>
      </properties>
      <testcase name="Test Cases/com/cct/serviceschedule/openschedule/add/FlightNumberFormatFail" classname="Test Cases/com/cct/serviceschedule/openschedule/add/FlightNumberFormatFail" status="ERROR">
         <error type="ERROR" message="Test Cases/com/cct/serviceschedule/openschedule/add/FlightNumberFormatFail FAILED because (of) Variable 'result' is not defined for test case."/>
         <system-out><![CDATA[2018-04-09 15:36:51 - [TEST_CASE][ERROR] - Test Cases/com/cct/serviceschedule/openschedule/add/FlightNumberFormatFail: Test Cases/com/cct/serviceschedule/openschedule/add/FlightNumberFormatFail FAILED because (of) Variable 'result' is not defined for test case.

2018-04-09 15:36:51 - [TEST_STEP][PASSED] - Start listener action : sampleBeforeTestCase: Invoke 'com.kms.katalon.core.annotation.BeforeTestCase' method: 'CustimeListener.sampleBeforeTestCase(...)' completed.

2018-04-09 15:36:51 - [TEST_STEP][PASSED] - com.cct.common.security.login.Login.loginDefault: com.cct.common.security.login.Login.loginDefault is PASSED

2018-04-09 15:36:58 - [MESSAGE][PASSED] - Browser is opened with url: 'http://10.100.70.87:8080/cp_cambodia/jsp/security/initLogin.action'

2018-04-09 15:36:58 - [MESSAGE][PASSED] - Wait for page load successfully

2018-04-09 15:37:02 - [MESSAGE][PASSED] - Current window maximized

2018-04-09 15:37:02 - [MESSAGE][PASSED] - Text 'N01' is set on object 'Object Repository/com/cct/security/login/login/input_carrierCode'

2018-04-09 15:37:02 - [MESSAGE][PASSED] - Text 'N01001' is set on object 'Object Repository/com/cct/security/login/login/input_username'

2018-04-09 15:37:02 - [MESSAGE][PASSED] - Text 'Nn@1234' is set on object 'Object Repository/com/cct/security/login/login/input_password'

2018-04-09 15:37:03 - [MESSAGE][PASSED] - Object: 'Object Repository/com/cct/security/login/login/button_Log-in' is clicked on

2018-04-09 15:37:04 - [MESSAGE][PASSED] - Delayed 1 second(s)

2018-04-09 15:37:04 - [MESSAGE][PASSED] - com.cct.common.security.login.Login.loginDefault is PASSED

2018-04-09 15:37:04 - [TEST_STEP][PASSED] - com.cct.common.serviceschedule.addopenschedule.AddOpenSchedule.gotoPage: com.cct.common.serviceschedule.addopenschedule.AddOpenSchedule.gotoPage is PASSED

2018-04-09 15:37:05 - [MESSAGE][PASSED] - Object: 'Object Repository/com/cct/security/mainpage/main/input_btnSubmit Manage Schedule and Individual Check-Ins' is clicked on

2018-04-09 15:37:05 - [MESSAGE][PASSED] - Object: 'Object Repository/com/cct/serviceschedule/openschedule/search/button_open new schedule' is clicked on

2018-04-09 15:37:06 - [MESSAGE][PASSED] - Object: 'Object Repository/com/cct/serviceschedule/openschedule/search/button_Open schedule manually' is clicked on

2018-04-09 15:37:06 - [MESSAGE][PASSED] - com.cct.common.serviceschedule.addopenschedule.AddOpenSchedule.gotoPage is PASSED

2018-04-09 15:37:06 - [TEST_STEP][PASSED] - com.cct.common.serviceschedule.addopenschedule.AddOpenSchedule.setValueToInput: com.cct.common.serviceschedule.addopenschedule.AddOpenSchedule.setValueToInput is PASSED

2018-04-09 15:37:06 - [MESSAGE][PASSED] - Text 'dsadsad' is set on object 'Object Repository/com/cct/serviceschedule/openschedule/add/input_openScManual.serviceNumb'

2018-04-09 15:37:06 - [MESSAGE][PASSED] - Text 'BBK' is set on object 'Object Repository/com/cct/serviceschedule/openschedule/add/input_autocompleteDepturePortN'

2018-04-09 15:37:07 - [MESSAGE][PASSED] - Delayed 1 second(s)

2018-04-09 15:37:07 - [MESSAGE][PASSED] - Text 'QAA' is set on object 'Object Repository/com/cct/serviceschedule/openschedule/add/input_autocompleteArrivalPortN'

2018-04-09 15:37:08 - [MESSAGE][PASSED] - Delayed 1 second(s)

2018-04-09 15:37:08 - [MESSAGE][PASSED] - Keys 'CONTROL + a' sent to object: 'Object Repository/com/cct/serviceschedule/openschedule/add/input_openScManual_depDate_dd_'

2018-04-09 15:37:08 - [MESSAGE][PASSED] - Keys 'CONTROL + a' sent to object: 'Object Repository/com/cct/serviceschedule/openschedule/add/input_openScManual_arrDate_dd_'

2018-04-09 15:37:09 - [MESSAGE][PASSED] - Keys 'CONTROL + a' sent to object: 'Object Repository/com/cct/serviceschedule/openschedule/add/input_openScManual_arrTime_hh_'

2018-04-09 15:37:09 - [MESSAGE][PASSED] - Keys 'CONTROL + a' sent to object: 'Object Repository/com/cct/serviceschedule/openschedule/add/input_openScManual_depTime_hh_'

2018-04-09 15:37:10 - [MESSAGE][PASSED] - Delayed 1 second(s)

2018-04-09 15:37:10 - [MESSAGE][PASSED] - com.cct.common.serviceschedule.addopenschedule.AddOpenSchedule.setValueToInput is PASSED

2018-04-09 15:37:10 - [TEST_STEP][PASSED] - click: Object: 'Object Repository/com/cct/serviceschedule/openschedule/add/button_Open' is clicked on

2018-04-09 15:37:10 - [MESSAGE][PASSED] - Object: 'Object Repository/com/cct/serviceschedule/openschedule/add/button_Open' is clicked on

2018-04-09 15:37:10 - [TEST_STEP][PASSED] - com.cct.util.Verify.isConTrainsText: Finding Test Object with id 'Object Repository/com/cct/serviceschedule/openschedule/add/alert message'

2018-04-09 15:37:10 - [TEST_STEP][PASSED] - Start listener action : sampleAfterTestCase: Taking screenshot successfully

2018-04-09 15:37:10 - [TEST_STEP][PASSED] - comment: Name: /xl/workbook.xml - Content Type: application/vnd.openxmlformats-officedocument.spreadsheetml.sheet.main+xml

2018-04-09 15:37:10 - [TEST_STEP][PASSED] - comment: null

2018-04-09 15:37:10 - [TEST_STEP][PASSED] - comment: 1

2018-04-09 15:37:10 - [TEST_STEP][PASSED] - comment: com.kms.katalon.core.context.internal.InternalTestCaseContext@77c7ed8e

2018-04-09 15:37:10 - [TEST_STEP][PASSED] - Statement - rowIndex = com.cct.util.exportExcel.createRerportdetail(wb, rowIndex, testCaseContext): Taking screenshot successfully

2018-04-09 15:37:10 - [MESSAGE][PASSED] - Taking screenshot successfully
[[ATTACHMENT|D:\\Demo\\Katalon-Demo\\Reports\\addOpenSchedule\\20180409_153648\\D:/testreport/addOpenSchedule/addOpenSchedule_09042018153651/TEST-ID-2.png]]]]></system-out>
         <system-err><![CDATA[2018-04-09 15:36:51 - [TEST_CASE][ERROR] - Test Cases/com/cct/serviceschedule/openschedule/add/FlightNumberFormatFail: Test Cases/com/cct/serviceschedule/openschedule/add/FlightNumberFormatFail FAILED because (of) Variable 'result' is not defined for test case.]]></system-err>
      </testcase>
      <testcase name="Test Cases/com/cct/serviceschedule/openschedule/add/FlightNumberFormatTrue" classname="Test Cases/com/cct/serviceschedule/openschedule/add/FlightNumberFormatTrue" status="ERROR">
         <error type="ERROR" message="Test Cases/com/cct/serviceschedule/openschedule/add/FlightNumberFormatTrue FAILED because (of) Variable 'result' is not defined for test case."/>
         <system-out><![CDATA[2018-04-09 15:37:10 - [TEST_CASE][ERROR] - Test Cases/com/cct/serviceschedule/openschedule/add/FlightNumberFormatTrue: Test Cases/com/cct/serviceschedule/openschedule/add/FlightNumberFormatTrue FAILED because (of) Variable 'result' is not defined for test case.

2018-04-09 15:37:10 - [TEST_STEP][PASSED] - Start listener action : sampleBeforeTestCase: Invoke 'com.kms.katalon.core.annotation.BeforeTestCase' method: 'CustimeListener.sampleBeforeTestCase(...)' completed.

2018-04-09 15:37:10 - [TEST_STEP][PASSED] - com.cct.common.security.login.Login.loginDefault: com.cct.common.security.login.Login.loginDefault is PASSED

2018-04-09 15:37:10 - [MESSAGE][WARNING] - A browser is already opened. Closing browser and opening a new one

2018-04-09 15:37:17 - [MESSAGE][PASSED] - Browser is opened with url: 'http://10.100.70.87:8080/cp_cambodia/jsp/security/initLogin.action'

2018-04-09 15:37:17 - [MESSAGE][PASSED] - Wait for page load successfully

2018-04-09 15:37:21 - [MESSAGE][PASSED] - Current window maximized

2018-04-09 15:37:21 - [MESSAGE][PASSED] - Text 'N01' is set on object 'Object Repository/com/cct/security/login/login/input_carrierCode'

2018-04-09 15:37:21 - [MESSAGE][PASSED] - Text 'N01001' is set on object 'Object Repository/com/cct/security/login/login/input_username'

2018-04-09 15:37:21 - [MESSAGE][PASSED] - Text 'Nn@1234' is set on object 'Object Repository/com/cct/security/login/login/input_password'

2018-04-09 15:37:21 - [MESSAGE][PASSED] - Object: 'Object Repository/com/cct/security/login/login/button_Log-in' is clicked on

2018-04-09 15:37:22 - [MESSAGE][PASSED] - Delayed 1 second(s)

2018-04-09 15:37:22 - [MESSAGE][PASSED] - com.cct.common.security.login.Login.loginDefault is PASSED

2018-04-09 15:37:22 - [TEST_STEP][PASSED] - com.cct.common.serviceschedule.addopenschedule.AddOpenSchedule.gotoPage: com.cct.common.serviceschedule.addopenschedule.AddOpenSchedule.gotoPage is PASSED

2018-04-09 15:37:32 - [MESSAGE][PASSED] - Object: 'Object Repository/com/cct/security/mainpage/main/input_btnSubmit Manage Schedule and Individual Check-Ins' is clicked on

2018-04-09 15:37:32 - [MESSAGE][PASSED] - Object: 'Object Repository/com/cct/serviceschedule/openschedule/search/button_open new schedule' is clicked on

2018-04-09 15:37:33 - [MESSAGE][PASSED] - Object: 'Object Repository/com/cct/serviceschedule/openschedule/search/button_Open schedule manually' is clicked on

2018-04-09 15:37:33 - [MESSAGE][PASSED] - com.cct.common.serviceschedule.addopenschedule.AddOpenSchedule.gotoPage is PASSED

2018-04-09 15:37:33 - [TEST_STEP][PASSED] - com.cct.common.serviceschedule.addopenschedule.AddOpenSchedule.setValueToInput: com.cct.common.serviceschedule.addopenschedule.AddOpenSchedule.setValueToInput is PASSED

2018-04-09 15:37:33 - [MESSAGE][PASSED] - Text 'A1234A' is set on object 'Object Repository/com/cct/serviceschedule/openschedule/add/input_openScManual.serviceNumb'

2018-04-09 15:37:33 - [MESSAGE][PASSED] - Text '' is set on object 'Object Repository/com/cct/serviceschedule/openschedule/add/input_autocompleteDepturePortN'

2018-04-09 15:37:34 - [MESSAGE][PASSED] - Delayed 1 second(s)

2018-04-09 15:37:34 - [MESSAGE][PASSED] - Text '' is set on object 'Object Repository/com/cct/serviceschedule/openschedule/add/input_autocompleteArrivalPortN'

2018-04-09 15:37:35 - [MESSAGE][PASSED] - Delayed 1 second(s)

2018-04-09 15:37:35 - [MESSAGE][PASSED] - Keys 'CONTROL + a' sent to object: 'Object Repository/com/cct/serviceschedule/openschedule/add/input_openScManual_depDate_dd_'

2018-04-09 15:37:35 - [MESSAGE][PASSED] - Keys 'CONTROL + a' sent to object: 'Object Repository/com/cct/serviceschedule/openschedule/add/input_openScManual_arrDate_dd_'

2018-04-09 15:37:35 - [MESSAGE][PASSED] - Keys 'CONTROL + a' sent to object: 'Object Repository/com/cct/serviceschedule/openschedule/add/input_openScManual_arrTime_hh_'

2018-04-09 15:37:35 - [MESSAGE][PASSED] - Keys 'CONTROL + a' sent to object: 'Object Repository/com/cct/serviceschedule/openschedule/add/input_openScManual_depTime_hh_'

2018-04-09 15:37:36 - [MESSAGE][PASSED] - Delayed 1 second(s)

2018-04-09 15:37:36 - [MESSAGE][PASSED] - com.cct.common.serviceschedule.addopenschedule.AddOpenSchedule.setValueToInput is PASSED

2018-04-09 15:37:36 - [TEST_STEP][PASSED] - click: Object: 'Object Repository/com/cct/serviceschedule/openschedule/add/button_Open' is clicked on

2018-04-09 15:37:37 - [MESSAGE][PASSED] - Object: 'Object Repository/com/cct/serviceschedule/openschedule/add/button_Open' is clicked on

2018-04-09 15:37:37 - [TEST_STEP][PASSED] - com.cct.util.Verify.notConTrainsText: Finding Test Object with id 'Object Repository/com/cct/serviceschedule/openschedule/add/alert message'

2018-04-09 15:37:37 - [TEST_STEP][PASSED] - Start listener action : sampleAfterTestCase: Taking screenshot successfully

2018-04-09 15:37:37 - [TEST_STEP][PASSED] - comment: Name: /xl/workbook.xml - Content Type: application/vnd.openxmlformats-officedocument.spreadsheetml.sheet.main+xml

2018-04-09 15:37:37 - [TEST_STEP][PASSED] - comment: null

2018-04-09 15:37:37 - [TEST_STEP][PASSED] - comment: 2

2018-04-09 15:37:37 - [TEST_STEP][PASSED] - comment: com.kms.katalon.core.context.internal.InternalTestCaseContext@5fc930f0

2018-04-09 15:37:37 - [TEST_STEP][PASSED] - Statement - rowIndex = com.cct.util.exportExcel.createRerportdetail(wb, rowIndex, testCaseContext): Taking screenshot successfully

2018-04-09 15:37:37 - [MESSAGE][PASSED] - Taking screenshot successfully
[[ATTACHMENT|D:\\Demo\\Katalon-Demo\\Reports\\addOpenSchedule\\20180409_153648\\D:/testreport/addOpenSchedule/addOpenSchedule_09042018153651/TEST-ID-3.png]]]]></system-out>
         <system-err><![CDATA[2018-04-09 15:37:10 - [TEST_CASE][ERROR] - Test Cases/com/cct/serviceschedule/openschedule/add/FlightNumberFormatTrue: Test Cases/com/cct/serviceschedule/openschedule/add/FlightNumberFormatTrue FAILED because (of) Variable 'result' is not defined for test case.]]></system-err>
      </testcase>
      <testcase name="Test Cases/com/cct/serviceschedule/openschedule/add/FlightNumberFormatTrue" classname="Test Cases/com/cct/serviceschedule/openschedule/add/FlightNumberFormatTrue" status="ERROR">
         <error type="ERROR" message="Test Cases/com/cct/serviceschedule/openschedule/add/FlightNumberFormatTrue FAILED because (of) Variable 'result' is not defined for test case."/>
         <system-out><![CDATA[2018-04-09 15:37:37 - [TEST_CASE][ERROR] - Test Cases/com/cct/serviceschedule/openschedule/add/FlightNumberFormatTrue: Test Cases/com/cct/serviceschedule/openschedule/add/FlightNumberFormatTrue FAILED because (of) Variable 'result' is not defined for test case.

2018-04-09 15:37:37 - [TEST_STEP][PASSED] - Start listener action : sampleBeforeTestCase: Invoke 'com.kms.katalon.core.annotation.BeforeTestCase' method: 'CustimeListener.sampleBeforeTestCase(...)' completed.

2018-04-09 15:37:37 - [TEST_STEP][PASSED] - com.cct.common.security.login.Login.loginDefault: com.cct.common.security.login.Login.loginDefault is PASSED

2018-04-09 15:37:37 - [MESSAGE][WARNING] - A browser is already opened. Closing browser and opening a new one

2018-04-09 15:37:43 - [MESSAGE][PASSED] - Browser is opened with url: 'http://10.100.70.87:8080/cp_cambodia/jsp/security/initLogin.action'

2018-04-09 15:37:43 - [MESSAGE][PASSED] - Wait for page load successfully

2018-04-09 15:37:46 - [MESSAGE][PASSED] - Current window maximized

2018-04-09 15:37:46 - [MESSAGE][PASSED] - Text 'N01' is set on object 'Object Repository/com/cct/security/login/login/input_carrierCode'

2018-04-09 15:37:47 - [MESSAGE][PASSED] - Text 'N01001' is set on object 'Object Repository/com/cct/security/login/login/input_username'

2018-04-09 15:37:47 - [MESSAGE][PASSED] - Text 'Nn@1234' is set on object 'Object Repository/com/cct/security/login/login/input_password'

2018-04-09 15:37:49 - [MESSAGE][PASSED] - Object: 'Object Repository/com/cct/security/login/login/button_Log-in' is clicked on

2018-04-09 15:37:50 - [MESSAGE][PASSED] - Delayed 1 second(s)

2018-04-09 15:37:50 - [MESSAGE][PASSED] - com.cct.common.security.login.Login.loginDefault is PASSED

2018-04-09 15:37:50 - [TEST_STEP][PASSED] - com.cct.common.serviceschedule.addopenschedule.AddOpenSchedule.gotoPage: com.cct.common.serviceschedule.addopenschedule.AddOpenSchedule.gotoPage is PASSED

2018-04-09 15:37:50 - [MESSAGE][PASSED] - Object: 'Object Repository/com/cct/security/mainpage/main/input_btnSubmit Manage Schedule and Individual Check-Ins' is clicked on

2018-04-09 15:37:51 - [MESSAGE][PASSED] - Object: 'Object Repository/com/cct/serviceschedule/openschedule/search/button_open new schedule' is clicked on

2018-04-09 15:37:51 - [MESSAGE][PASSED] - Object: 'Object Repository/com/cct/serviceschedule/openschedule/search/button_Open schedule manually' is clicked on

2018-04-09 15:37:51 - [MESSAGE][PASSED] - com.cct.common.serviceschedule.addopenschedule.AddOpenSchedule.gotoPage is PASSED

2018-04-09 15:37:51 - [TEST_STEP][PASSED] - com.cct.common.serviceschedule.addopenschedule.AddOpenSchedule.setValueToInput: com.cct.common.serviceschedule.addopenschedule.AddOpenSchedule.setValueToInput is PASSED

2018-04-09 15:37:51 - [MESSAGE][PASSED] - Text '1234' is set on object 'Object Repository/com/cct/serviceschedule/openschedule/add/input_openScManual.serviceNumb'

2018-04-09 15:37:51 - [MESSAGE][PASSED] - Text '' is set on object 'Object Repository/com/cct/serviceschedule/openschedule/add/input_autocompleteDepturePortN'

2018-04-09 15:37:52 - [MESSAGE][PASSED] - Delayed 1 second(s)

2018-04-09 15:37:53 - [MESSAGE][PASSED] - Text '' is set on object 'Object Repository/com/cct/serviceschedule/openschedule/add/input_autocompleteArrivalPortN'

2018-04-09 15:37:54 - [MESSAGE][PASSED] - Delayed 1 second(s)

2018-04-09 15:37:54 - [MESSAGE][PASSED] - Keys 'CONTROL + a' sent to object: 'Object Repository/com/cct/serviceschedule/openschedule/add/input_openScManual_depDate_dd_'

2018-04-09 15:37:54 - [MESSAGE][PASSED] - Keys 'CONTROL + a' sent to object: 'Object Repository/com/cct/serviceschedule/openschedule/add/input_openScManual_arrDate_dd_'

2018-04-09 15:37:54 - [MESSAGE][PASSED] - Keys 'CONTROL + a' sent to object: 'Object Repository/com/cct/serviceschedule/openschedule/add/input_openScManual_arrTime_hh_'

2018-04-09 15:37:54 - [MESSAGE][PASSED] - Keys 'CONTROL + a' sent to object: 'Object Repository/com/cct/serviceschedule/openschedule/add/input_openScManual_depTime_hh_'

2018-04-09 15:37:55 - [MESSAGE][PASSED] - Delayed 1 second(s)

2018-04-09 15:37:55 - [MESSAGE][PASSED] - com.cct.common.serviceschedule.addopenschedule.AddOpenSchedule.setValueToInput is PASSED

2018-04-09 15:37:55 - [TEST_STEP][PASSED] - click: Object: 'Object Repository/com/cct/serviceschedule/openschedule/add/button_Open' is clicked on

2018-04-09 15:37:55 - [MESSAGE][PASSED] - Object: 'Object Repository/com/cct/serviceschedule/openschedule/add/button_Open' is clicked on

2018-04-09 15:37:55 - [TEST_STEP][PASSED] - com.cct.util.Verify.notConTrainsText: Finding Test Object with id 'Object Repository/com/cct/serviceschedule/openschedule/add/alert message'

2018-04-09 15:37:55 - [TEST_STEP][PASSED] - Start listener action : sampleAfterTestCase: Taking screenshot successfully

2018-04-09 15:37:55 - [TEST_STEP][PASSED] - comment: Name: /xl/workbook.xml - Content Type: application/vnd.openxmlformats-officedocument.spreadsheetml.sheet.main+xml

2018-04-09 15:37:55 - [TEST_STEP][PASSED] - comment: null

2018-04-09 15:37:55 - [TEST_STEP][PASSED] - comment: 3

2018-04-09 15:37:55 - [TEST_STEP][PASSED] - comment: com.kms.katalon.core.context.internal.InternalTestCaseContext@31da3d60

2018-04-09 15:37:55 - [TEST_STEP][PASSED] - Statement - rowIndex = com.cct.util.exportExcel.createRerportdetail(wb, rowIndex, testCaseContext): Taking screenshot successfully

2018-04-09 15:37:55 - [MESSAGE][PASSED] - Taking screenshot successfully
[[ATTACHMENT|D:\\Demo\\Katalon-Demo\\Reports\\addOpenSchedule\\20180409_153648\\D:/testreport/addOpenSchedule/addOpenSchedule_09042018153651/TEST-ID-4.png]]]]></system-out>
         <system-err><![CDATA[2018-04-09 15:37:37 - [TEST_CASE][ERROR] - Test Cases/com/cct/serviceschedule/openschedule/add/FlightNumberFormatTrue: Test Cases/com/cct/serviceschedule/openschedule/add/FlightNumberFormatTrue FAILED because (of) Variable 'result' is not defined for test case.]]></system-err>
      </testcase>
      <testcase name="Test Cases/com/cct/serviceschedule/openschedule/add/FlightNumberFormatTrue" classname="Test Cases/com/cct/serviceschedule/openschedule/add/FlightNumberFormatTrue" status="ERROR">
         <error type="ERROR" message="Test Cases/com/cct/serviceschedule/openschedule/add/FlightNumberFormatTrue FAILED because (of) Variable 'result' is not defined for test case."/>
         <system-out><![CDATA[2018-04-09 15:37:55 - [TEST_CASE][ERROR] - Test Cases/com/cct/serviceschedule/openschedule/add/FlightNumberFormatTrue: Test Cases/com/cct/serviceschedule/openschedule/add/FlightNumberFormatTrue FAILED because (of) Variable 'result' is not defined for test case.

2018-04-09 15:37:55 - [TEST_STEP][PASSED] - Start listener action : sampleBeforeTestCase: Invoke 'com.kms.katalon.core.annotation.BeforeTestCase' method: 'CustimeListener.sampleBeforeTestCase(...)' completed.

2018-04-09 15:37:55 - [TEST_STEP][PASSED] - com.cct.common.security.login.Login.loginDefault: com.cct.common.security.login.Login.loginDefault is PASSED

2018-04-09 15:37:55 - [MESSAGE][WARNING] - A browser is already opened. Closing browser and opening a new one

2018-04-09 15:38:01 - [MESSAGE][PASSED] - Browser is opened with url: 'http://10.100.70.87:8080/cp_cambodia/jsp/security/initLogin.action'

2018-04-09 15:38:01 - [MESSAGE][PASSED] - Wait for page load successfully

2018-04-09 15:38:05 - [MESSAGE][PASSED] - Current window maximized

2018-04-09 15:38:05 - [MESSAGE][PASSED] - Text 'N01' is set on object 'Object Repository/com/cct/security/login/login/input_carrierCode'

2018-04-09 15:38:05 - [MESSAGE][PASSED] - Text 'N01001' is set on object 'Object Repository/com/cct/security/login/login/input_username'

2018-04-09 15:38:05 - [MESSAGE][PASSED] - Text 'Nn@1234' is set on object 'Object Repository/com/cct/security/login/login/input_password'

2018-04-09 15:38:08 - [MESSAGE][PASSED] - Object: 'Object Repository/com/cct/security/login/login/button_Log-in' is clicked on

2018-04-09 15:38:09 - [MESSAGE][PASSED] - Delayed 1 second(s)

2018-04-09 15:38:09 - [MESSAGE][PASSED] - com.cct.common.security.login.Login.loginDefault is PASSED

2018-04-09 15:38:09 - [TEST_STEP][PASSED] - com.cct.common.serviceschedule.addopenschedule.AddOpenSchedule.gotoPage: com.cct.common.serviceschedule.addopenschedule.AddOpenSchedule.gotoPage is PASSED

2018-04-09 15:38:10 - [MESSAGE][PASSED] - Object: 'Object Repository/com/cct/security/mainpage/main/input_btnSubmit Manage Schedule and Individual Check-Ins' is clicked on

2018-04-09 15:38:10 - [MESSAGE][PASSED] - Object: 'Object Repository/com/cct/serviceschedule/openschedule/search/button_open new schedule' is clicked on

2018-04-09 15:38:10 - [MESSAGE][PASSED] - Object: 'Object Repository/com/cct/serviceschedule/openschedule/search/button_Open schedule manually' is clicked on

2018-04-09 15:38:10 - [MESSAGE][PASSED] - com.cct.common.serviceschedule.addopenschedule.AddOpenSchedule.gotoPage is PASSED

2018-04-09 15:38:10 - [TEST_STEP][PASSED] - com.cct.common.serviceschedule.addopenschedule.AddOpenSchedule.setValueToInput: com.cct.common.serviceschedule.addopenschedule.AddOpenSchedule.setValueToInput is PASSED

2018-04-09 15:38:11 - [MESSAGE][PASSED] - Text '1234A' is set on object 'Object Repository/com/cct/serviceschedule/openschedule/add/input_openScManual.serviceNumb'

2018-04-09 15:38:11 - [MESSAGE][PASSED] - Text '' is set on object 'Object Repository/com/cct/serviceschedule/openschedule/add/input_autocompleteDepturePortN'

2018-04-09 15:38:12 - [MESSAGE][PASSED] - Delayed 1 second(s)

2018-04-09 15:38:12 - [MESSAGE][PASSED] - Text '' is set on object 'Object Repository/com/cct/serviceschedule/openschedule/add/input_autocompleteArrivalPortN'

2018-04-09 15:38:13 - [MESSAGE][PASSED] - Delayed 1 second(s)

2018-04-09 15:38:13 - [MESSAGE][PASSED] - Keys 'CONTROL + a' sent to object: 'Object Repository/com/cct/serviceschedule/openschedule/add/input_openScManual_depDate_dd_'

2018-04-09 15:38:13 - [MESSAGE][PASSED] - Keys 'CONTROL + a' sent to object: 'Object Repository/com/cct/serviceschedule/openschedule/add/input_openScManual_arrDate_dd_'

2018-04-09 15:38:13 - [MESSAGE][PASSED] - Keys 'CONTROL + a' sent to object: 'Object Repository/com/cct/serviceschedule/openschedule/add/input_openScManual_arrTime_hh_'

2018-04-09 15:38:13 - [MESSAGE][PASSED] - Keys 'CONTROL + a' sent to object: 'Object Repository/com/cct/serviceschedule/openschedule/add/input_openScManual_depTime_hh_'

2018-04-09 15:38:14 - [MESSAGE][PASSED] - Delayed 1 second(s)

2018-04-09 15:38:14 - [MESSAGE][PASSED] - com.cct.common.serviceschedule.addopenschedule.AddOpenSchedule.setValueToInput is PASSED

2018-04-09 15:38:14 - [TEST_STEP][PASSED] - click: Object: 'Object Repository/com/cct/serviceschedule/openschedule/add/button_Open' is clicked on

2018-04-09 15:38:14 - [MESSAGE][PASSED] - Object: 'Object Repository/com/cct/serviceschedule/openschedule/add/button_Open' is clicked on

2018-04-09 15:38:14 - [TEST_STEP][PASSED] - com.cct.util.Verify.notConTrainsText: Finding Test Object with id 'Object Repository/com/cct/serviceschedule/openschedule/add/alert message'

2018-04-09 15:38:14 - [TEST_STEP][PASSED] - Start listener action : sampleAfterTestCase: Taking screenshot successfully

2018-04-09 15:38:14 - [TEST_STEP][PASSED] - comment: Name: /xl/workbook.xml - Content Type: application/vnd.openxmlformats-officedocument.spreadsheetml.sheet.main+xml

2018-04-09 15:38:14 - [TEST_STEP][PASSED] - comment: null

2018-04-09 15:38:14 - [TEST_STEP][PASSED] - comment: 4

2018-04-09 15:38:14 - [TEST_STEP][PASSED] - comment: com.kms.katalon.core.context.internal.InternalTestCaseContext@35342d2f

2018-04-09 15:38:14 - [TEST_STEP][PASSED] - Statement - rowIndex = com.cct.util.exportExcel.createRerportdetail(wb, rowIndex, testCaseContext): Taking screenshot successfully

2018-04-09 15:38:14 - [MESSAGE][PASSED] - Taking screenshot successfully
[[ATTACHMENT|D:\\Demo\\Katalon-Demo\\Reports\\addOpenSchedule\\20180409_153648\\D:/testreport/addOpenSchedule/addOpenSchedule_09042018153651/TEST-ID-5.png]]]]></system-out>
         <system-err><![CDATA[2018-04-09 15:37:55 - [TEST_CASE][ERROR] - Test Cases/com/cct/serviceschedule/openschedule/add/FlightNumberFormatTrue: Test Cases/com/cct/serviceschedule/openschedule/add/FlightNumberFormatTrue FAILED because (of) Variable 'result' is not defined for test case.]]></system-err>
      </testcase>
      <system-out><![CDATA[2018-04-09 15:36:50 - [TEST_SUITE][ERROR] - addOpenSchedule: Test Cases/com/cct/serviceschedule/openschedule/add/FlightNumberFormatFail FAILED because (of) Variable 'result' is not defined for test case.]]></system-out>
      <system-err><![CDATA[2018-04-09 15:36:50 - [TEST_SUITE][ERROR] - addOpenSchedule: Test Cases/com/cct/serviceschedule/openschedule/add/FlightNumberFormatFail FAILED because (of) Variable 'result' is not defined for test case.]]></system-err>
   </testsuite>
</testsuites>
