<?xml version="1.0" encoding="UTF-8"?>
<testsuites name="addOpenSchedule" time="22" tests="0" failures="0" errors="1">
   <testsuite name="addOpenSchedule" tests="0" failures="0" errors="1" time="22" timestamp="2018-04-05 10:27:35" hostname="PG-Adul - PG-Adul.mshome.net" id="Test Suites/addOpenSchedule">
      <properties>
         <property name="deviceName" value=""/>
         <property name="devicePlatform" value=""/>
         <property name="logFolder" value="D:\\Demo\\Katalon-Demo\\Reports\\addOpenSchedule\\20180405_102733"/>
         <property name="logFiles" value="D:\\Demo\\Katalon-Demo\\Reports\\addOpenSchedule\\20180405_102733\\execution0.log"/>
         <property name="attachments" value="D:\\Demo\\Katalon-Demo\\Reports\\addOpenSchedule\\20180405_102733\\D:/testreport/addOpenSchedule.png"/>
         <property name="hostName" value="PG-Adul - PG-Adul.mshome.net"/>
         <property name="os" value="Windows 10 64bit"/>
         <property name="katalonVersion" value="5.3.1.1"/>
         <property name="browser" value="Firefox 58.0"/>
         <property name="hostAddress" value="172.27.98.17"/>
         <property name="sessionId" value="63b8451e-135c-48bd-97fc-807e7bcd0be0"/>
         <property name="seleniumVersion" value="3.7.1"/>
         <property name="proxyInformation" value="ProxyInformation{proxyOption=NO_PROXY, proxyServerType=HTTP, password=, proxyServerAddress=, proxyServerPort=0}"/>
         <property name="platform" value="Windows 10"/>
      </properties>
      <testcase name="Test Cases/com/cct/serviceschedule/openschedule/add/FlightNumberLength" classname="Test Cases/com/cct/serviceschedule/openschedule/add/FlightNumberLength" status="ERROR">
         <error type="ERROR" message="Test Cases/com/cct/serviceschedule/openschedule/add/FlightNumberLength FAILED because (of) java.lang.NullPointerException: Cannot invoke method length() on null object"/>
         <system-out><![CDATA[2018-04-05 10:27:36 - [TEST_CASE][ERROR] - Test Cases/com/cct/serviceschedule/openschedule/add/FlightNumberLength: Test Cases/com/cct/serviceschedule/openschedule/add/FlightNumberLength FAILED because (of) java.lang.NullPointerException: Cannot invoke method length() on null object

2018-04-05 10:27:36 - [TEST_STEP][PASSED] - Start listener action : sampleBeforeTestCase: Invoke 'com.kms.katalon.core.annotation.BeforeTestCase' method: 'NewTestListener.sampleBeforeTestCase(...)' completed.

2018-04-05 10:27:36 - [TEST_STEP][PASSED] - com.cct.common.security.login.Login.loginDefault: com.cct.common.security.login.Login.loginDefault is PASSED

2018-04-05 10:27:41 - [MESSAGE][PASSED] - Browser is opened with url: 'http://10.100.70.87:8080/cp_cambodia/jsp/security/initLogin.action'

2018-04-05 10:27:41 - [MESSAGE][PASSED] - Wait for page load successfully

2018-04-05 10:27:45 - [MESSAGE][PASSED] - Current window maximized

2018-04-05 10:27:45 - [MESSAGE][PASSED] - Text 'N01' is set on object 'Object Repository/com/cct/security/login/login/input_carrierCode'

2018-04-05 10:27:45 - [MESSAGE][PASSED] - Text 'N01001' is set on object 'Object Repository/com/cct/security/login/login/input_username'

2018-04-05 10:27:45 - [MESSAGE][PASSED] - Text 'Nn@1234' is set on object 'Object Repository/com/cct/security/login/login/input_password'

2018-04-05 10:27:45 - [MESSAGE][PASSED] - Object: 'Object Repository/com/cct/security/login/login/button_Log-in' is clicked on

2018-04-05 10:27:46 - [MESSAGE][PASSED] - Delayed 1 second(s)

2018-04-05 10:27:46 - [MESSAGE][PASSED] - com.cct.common.security.login.Login.loginDefault is PASSED

2018-04-05 10:27:46 - [TEST_STEP][PASSED] - com.cct.common.serviceschedule.addopenschedule.AddOpenSchedule.gotoPage: com.cct.common.serviceschedule.addopenschedule.AddOpenSchedule.gotoPage is PASSED

2018-04-05 10:27:52 - [MESSAGE][PASSED] - Object: 'Object Repository/com/cct/security/mainpage/main/input_btnSubmit Manage Schedule and Individual Check-Ins' is clicked on

2018-04-05 10:27:52 - [MESSAGE][PASSED] - Object: 'Object Repository/com/cct/serviceschedule/openschedule/search/button_open new schedule' is clicked on

2018-04-05 10:27:53 - [MESSAGE][PASSED] - Object: 'Object Repository/com/cct/serviceschedule/openschedule/search/button_Open schedule manually' is clicked on

2018-04-05 10:27:53 - [MESSAGE][PASSED] - com.cct.common.serviceschedule.addopenschedule.AddOpenSchedule.gotoPage is PASSED

2018-04-05 10:27:53 - [TEST_STEP][PASSED] - com.cct.common.serviceschedule.addopenschedule.AddOpenSchedule.setValueToInput: com.cct.common.serviceschedule.addopenschedule.AddOpenSchedule.setValueToInput is PASSED

2018-04-05 10:27:53 - [MESSAGE][PASSED] - Text 'A1234Aaa' is set on object 'Object Repository/com/cct/serviceschedule/openschedule/add/input_openScManual.serviceNumb'

2018-04-05 10:27:53 - [MESSAGE][PASSED] - Text '' is set on object 'Object Repository/com/cct/serviceschedule/openschedule/add/input_autocompleteDepturePortN'

2018-04-05 10:27:54 - [MESSAGE][PASSED] - Delayed 1 second(s)

2018-04-05 10:27:54 - [MESSAGE][PASSED] - Text '' is set on object 'Object Repository/com/cct/serviceschedule/openschedule/add/input_autocompleteArrivalPortN'

2018-04-05 10:27:55 - [MESSAGE][PASSED] - Delayed 1 second(s)

2018-04-05 10:27:55 - [MESSAGE][PASSED] - Keys 'CONTROL + a' sent to object: 'Object Repository/com/cct/serviceschedule/openschedule/add/input_openScManual_depDate_dd_'

2018-04-05 10:27:55 - [MESSAGE][PASSED] - Keys 'CONTROL + a' sent to object: 'Object Repository/com/cct/serviceschedule/openschedule/add/input_openScManual_arrDate_dd_'

2018-04-05 10:27:55 - [MESSAGE][PASSED] - Keys 'CONTROL + a' sent to object: 'Object Repository/com/cct/serviceschedule/openschedule/add/input_openScManual_arrTime_hh_'

2018-04-05 10:27:55 - [MESSAGE][PASSED] - Keys 'CONTROL + a' sent to object: 'Object Repository/com/cct/serviceschedule/openschedule/add/input_openScManual_depTime_hh_'

2018-04-05 10:27:56 - [MESSAGE][PASSED] - Delayed 1 second(s)

2018-04-05 10:27:56 - [MESSAGE][PASSED] - com.cct.common.serviceschedule.addopenschedule.AddOpenSchedule.setValueToInput is PASSED

2018-04-05 10:27:56 - [TEST_STEP][ERROR] - com.cct.util.Verify.verifyValueLenght: Cannot invoke method length() on null object

2018-04-05 10:27:57 - [MESSAGE][PASSED] - Attribute 'value' of object 'Object Repository/com/cct/serviceschedule/openschedule/add/alert message' is: 'null'

2018-04-05 10:27:57 - [MESSAGE][ERROR] - Cannot invoke method length() on null object

2018-04-05 10:27:57 - [TEST_STEP][PASSED] - Start listener action : sampleAfterTestCase: Taking screenshot successfully

2018-04-05 10:27:57 - [TEST_STEP][PASSED] - comment: Name: /xl/workbook.xml - Content Type: application/vnd.openxmlformats-officedocument.spreadsheetml.sheet.main+xml

2018-04-05 10:27:57 - [TEST_STEP][PASSED] - comment: null

2018-04-05 10:27:57 - [TEST_STEP][PASSED] - comment: 1

2018-04-05 10:27:57 - [TEST_STEP][PASSED] - comment: com.kms.katalon.core.context.internal.InternalTestCaseContext@76d05cc9

2018-04-05 10:27:57 - [TEST_STEP][PASSED] - Statement - rowIndex = com.cct.util.exportExcel.createRerportdetail(wb, rowIndex, testCaseContext): Taking screenshot successfully

2018-04-05 10:27:57 - [MESSAGE][PASSED] - Taking screenshot successfully
[[ATTACHMENT|D:\\Demo\\Katalon-Demo\\Reports\\addOpenSchedule\\20180405_102733\\D:/testreport/addOpenSchedule.png]]]]></system-out>
         <system-err><![CDATA[2018-04-05 10:27:36 - [TEST_CASE][ERROR] - Test Cases/com/cct/serviceschedule/openschedule/add/FlightNumberLength: Test Cases/com/cct/serviceschedule/openschedule/add/FlightNumberLength FAILED because (of) java.lang.NullPointerException: Cannot invoke method length() on null object]]></system-err>
      </testcase>
      <system-out><![CDATA[2018-04-05 10:27:35 - [TEST_SUITE][ERROR] - addOpenSchedule: Test Cases/com/cct/serviceschedule/openschedule/add/FlightNumberLength FAILED because (of) java.lang.NullPointerException: Cannot invoke method length() on null object]]></system-out>
      <system-err><![CDATA[2018-04-05 10:27:35 - [TEST_SUITE][ERROR] - addOpenSchedule: Test Cases/com/cct/serviceschedule/openschedule/add/FlightNumberLength FAILED because (of) java.lang.NullPointerException: Cannot invoke method length() on null object]]></system-err>
   </testsuite>
</testsuites>
