<?xml version="1.0" encoding="UTF-8"?>
<testsuites name="addOpenSchedule" time="68" tests="4" failures="0" errors="0">
   <testsuite name="addOpenSchedule" tests="4" failures="0" errors="0" time="68" timestamp="2018-04-04 16:08:13" hostname="PG-Adul - PG-Adul.mshome.net" id="Test Suites/com/cct/serviceschdule/add/addOpenSchedule">
      <properties>
         <property name="deviceName" value=""/>
         <property name="devicePlatform" value=""/>
         <property name="logFolder" value="D:\\Demo\\Katalon-Demo\\Reports\\com\\cct\\serviceschdule\\add\\addOpenSchedule\\20180404_160811"/>
         <property name="logFiles" value="D:\\Demo\\Katalon-Demo\\Reports\\com\\cct\\serviceschdule\\add\\addOpenSchedule\\20180404_160811\\execution0.log"/>
         <property name="attachments" value=""/>
         <property name="hostName" value="PG-Adul - PG-Adul.mshome.net"/>
         <property name="os" value="Windows 10 64bit"/>
         <property name="katalonVersion" value="5.3.1.1"/>
         <property name="browser" value="Firefox 58.0"/>
         <property name="hostAddress" value="172.27.98.17"/>
         <property name="sessionId" value="278a5fd4-dc99-4860-a889-e91bb5f24cc4"/>
         <property name="seleniumVersion" value="3.7.1"/>
         <property name="proxyInformation" value="ProxyInformation{proxyOption=NO_PROXY, proxyServerType=HTTP, password=, proxyServerAddress=, proxyServerPort=0}"/>
         <property name="platform" value="Windows 10"/>
      </properties>
      <testcase name="Test Cases/com/cct/serviceschedule/openschedule/add/FlightNumberFormatFail" classname="Test Cases/com/cct/serviceschedule/openschedule/add/FlightNumberFormatFail" status="PASSED">
         <system-out><![CDATA[2018-04-04 16:08:14 - [TEST_CASE][PASSED] - Test Cases/com/cct/serviceschedule/openschedule/add/FlightNumberFormatFail: Invoke 'com.kms.katalon.core.annotation.AfterTestCase' method: 'NewTestListener.sampleAfterTestCase(...)' completed.

2018-04-04 16:08:14 - [TEST_STEP][PASSED] - Start listener action : sampleBeforeTestCase: Invoke 'com.kms.katalon.core.annotation.BeforeTestCase' method: 'NewTestListener.sampleBeforeTestCase(...)' completed.

2018-04-04 16:08:14 - [TEST_STEP][PASSED] - com.cct.common.security.login.Login.loginDefault: com.cct.common.security.login.Login.loginDefault is PASSED

2018-04-04 16:08:20 - [MESSAGE][PASSED] - Browser is opened with url: 'http://10.100.70.87:8080/cp_cambodia/jsp/security/initLogin.action'

2018-04-04 16:08:20 - [MESSAGE][PASSED] - Wait for page load successfully

2018-04-04 16:08:24 - [MESSAGE][PASSED] - Current window maximized

2018-04-04 16:08:24 - [MESSAGE][PASSED] - Text 'N01' is set on object 'Object Repository/com/cct/security/login/login/input_carrierCode'

2018-04-04 16:08:24 - [MESSAGE][PASSED] - Text 'N01001' is set on object 'Object Repository/com/cct/security/login/login/input_username'

2018-04-04 16:08:24 - [MESSAGE][PASSED] - Text 'Nn@1234' is set on object 'Object Repository/com/cct/security/login/login/input_password'

2018-04-04 16:08:25 - [MESSAGE][PASSED] - Object: 'Object Repository/com/cct/security/login/login/button_Log-in' is clicked on

2018-04-04 16:08:26 - [MESSAGE][PASSED] - Delayed 1 second(s)

2018-04-04 16:08:26 - [MESSAGE][PASSED] - com.cct.common.security.login.Login.loginDefault is PASSED

2018-04-04 16:08:26 - [TEST_STEP][PASSED] - com.cct.common.serviceschedule.addopenschedule.AddOpenSchedule.gotoPage: com.cct.common.serviceschedule.addopenschedule.AddOpenSchedule.gotoPage is PASSED

2018-04-04 16:08:27 - [MESSAGE][PASSED] - Object: 'Object Repository/com/cct/security/mainpage/main/input_btnSubmit Manage Schedule and Individual Check-Ins' is clicked on

2018-04-04 16:08:27 - [MESSAGE][PASSED] - Object: 'Object Repository/com/cct/serviceschedule/openschedule/search/button_open new schedule' is clicked on

2018-04-04 16:08:27 - [MESSAGE][PASSED] - Object: 'Object Repository/com/cct/serviceschedule/openschedule/search/button_Open schedule manually' is clicked on

2018-04-04 16:08:27 - [MESSAGE][PASSED] - com.cct.common.serviceschedule.addopenschedule.AddOpenSchedule.gotoPage is PASSED

2018-04-04 16:08:27 - [TEST_STEP][PASSED] - com.cct.common.serviceschedule.addopenschedule.AddOpenSchedule.setValueToInput: com.cct.common.serviceschedule.addopenschedule.AddOpenSchedule.setValueToInput is PASSED

2018-04-04 16:08:28 - [MESSAGE][PASSED] - Text 'dsadsad' is set on object 'Object Repository/com/cct/serviceschedule/openschedule/add/input_openScManual.serviceNumb'

2018-04-04 16:08:28 - [MESSAGE][PASSED] - Text 'BBK' is set on object 'Object Repository/com/cct/serviceschedule/openschedule/add/input_autocompleteDepturePortN'

2018-04-04 16:08:29 - [MESSAGE][PASSED] - Delayed 1 second(s)

2018-04-04 16:08:29 - [MESSAGE][PASSED] - Text 'QAA' is set on object 'Object Repository/com/cct/serviceschedule/openschedule/add/input_autocompleteArrivalPortN'

2018-04-04 16:08:30 - [MESSAGE][PASSED] - Delayed 1 second(s)

2018-04-04 16:08:30 - [MESSAGE][PASSED] - Keys 'CONTROL + a' sent to object: 'Object Repository/com/cct/serviceschedule/openschedule/add/input_openScManual_depDate_dd_'

2018-04-04 16:08:30 - [MESSAGE][PASSED] - Keys 'CONTROL + a' sent to object: 'Object Repository/com/cct/serviceschedule/openschedule/add/input_openScManual_arrDate_dd_'

2018-04-04 16:08:30 - [MESSAGE][PASSED] - Keys 'CONTROL + a' sent to object: 'Object Repository/com/cct/serviceschedule/openschedule/add/input_openScManual_arrTime_hh_'

2018-04-04 16:08:30 - [MESSAGE][PASSED] - Keys 'CONTROL + a' sent to object: 'Object Repository/com/cct/serviceschedule/openschedule/add/input_openScManual_depTime_hh_'

2018-04-04 16:08:31 - [MESSAGE][PASSED] - Delayed 1 second(s)

2018-04-04 16:08:31 - [MESSAGE][PASSED] - com.cct.common.serviceschedule.addopenschedule.AddOpenSchedule.setValueToInput is PASSED

2018-04-04 16:08:31 - [TEST_STEP][PASSED] - click: Object: 'Object Repository/com/cct/serviceschedule/openschedule/add/button_Open' is clicked on

2018-04-04 16:08:32 - [MESSAGE][PASSED] - Object: 'Object Repository/com/cct/serviceschedule/openschedule/add/button_Open' is clicked on

2018-04-04 16:08:32 - [TEST_STEP][PASSED] - com.cct.util.Verify.isConTrainsText: Pass, Object is Contains Text.

2018-04-04 16:08:32 - [MESSAGE][PASSED] - Object 'Object Repository/com/cct/serviceschedule/openschedule/add/alert message' is visible

2018-04-04 16:08:32 - [MESSAGE][PASSED] - Text of object 'Object Repository/com/cct/serviceschedule/openschedule/add/alert message' is: 'Invalid flight number. Must in the format AA(X)NNNN(X) where : ‘AA’ will be IATA CODE, ‘(X)’ is optional alphabet and ‘N is mandatory numeric.'

2018-04-04 16:08:32 - [MESSAGE][PASSED] - Pass, Object is Contains Text.

2018-04-04 16:08:32 - [TEST_STEP][PASSED] - Start listener action : sampleAfterTestCase: Invoke 'com.kms.katalon.core.annotation.AfterTestCase' method: 'NewTestListener.sampleAfterTestCase(...)' completed.

2018-04-04 16:08:32 - [TEST_STEP][PASSED] - comment: Name: /xl/workbook.xml - Content Type: application/vnd.openxmlformats-officedocument.spreadsheetml.sheet.main+xml

2018-04-04 16:08:32 - [TEST_STEP][PASSED] - comment: null

2018-04-04 16:08:32 - [TEST_STEP][PASSED] - comment: 1

2018-04-04 16:08:32 - [TEST_STEP][PASSED] - comment: com.kms.katalon.core.context.internal.InternalTestCaseContext@67c277a0

2018-04-04 16:08:32 - [TEST_STEP][PASSED] - Statement - rowIndex = com.cct.util.exportExcel.createRerportdetail(wb, rowIndex, testCaseContext): Invoke 'com.kms.katalon.core.annotation.AfterTestCase' method: 'NewTestListener.sampleAfterTestCase(...)' completed.]]></system-out>
         <system-err><![CDATA[]]></system-err>
      </testcase>
      <testcase name="Test Cases/com/cct/serviceschedule/openschedule/add/FlightNumberFormatTrue" classname="Test Cases/com/cct/serviceschedule/openschedule/add/FlightNumberFormatTrue" status="PASSED">
         <system-out><![CDATA[2018-04-04 16:08:32 - [TEST_CASE][PASSED] - Test Cases/com/cct/serviceschedule/openschedule/add/FlightNumberFormatTrue: Invoke 'com.kms.katalon.core.annotation.AfterTestCase' method: 'NewTestListener.sampleAfterTestCase(...)' completed.

2018-04-04 16:08:32 - [TEST_STEP][PASSED] - Start listener action : sampleBeforeTestCase: Invoke 'com.kms.katalon.core.annotation.BeforeTestCase' method: 'NewTestListener.sampleBeforeTestCase(...)' completed.

2018-04-04 16:08:32 - [TEST_STEP][PASSED] - com.cct.common.security.login.Login.loginDefault: com.cct.common.security.login.Login.loginDefault is PASSED

2018-04-04 16:08:32 - [MESSAGE][WARNING] - A browser is already opened. Closing browser and opening a new one

2018-04-04 16:08:37 - [MESSAGE][PASSED] - Browser is opened with url: 'http://10.100.70.87:8080/cp_cambodia/jsp/security/initLogin.action'

2018-04-04 16:08:37 - [MESSAGE][PASSED] - Wait for page load successfully

2018-04-04 16:08:41 - [MESSAGE][PASSED] - Current window maximized

2018-04-04 16:08:41 - [MESSAGE][PASSED] - Text 'N01' is set on object 'Object Repository/com/cct/security/login/login/input_carrierCode'

2018-04-04 16:08:41 - [MESSAGE][PASSED] - Text 'N01001' is set on object 'Object Repository/com/cct/security/login/login/input_username'

2018-04-04 16:08:41 - [MESSAGE][PASSED] - Text 'Nn@1234' is set on object 'Object Repository/com/cct/security/login/login/input_password'

2018-04-04 16:08:42 - [MESSAGE][PASSED] - Object: 'Object Repository/com/cct/security/login/login/button_Log-in' is clicked on

2018-04-04 16:08:43 - [MESSAGE][PASSED] - Delayed 1 second(s)

2018-04-04 16:08:43 - [MESSAGE][PASSED] - com.cct.common.security.login.Login.loginDefault is PASSED

2018-04-04 16:08:43 - [TEST_STEP][PASSED] - com.cct.common.serviceschedule.addopenschedule.AddOpenSchedule.gotoPage: com.cct.common.serviceschedule.addopenschedule.AddOpenSchedule.gotoPage is PASSED

2018-04-04 16:08:43 - [MESSAGE][PASSED] - Object: 'Object Repository/com/cct/security/mainpage/main/input_btnSubmit Manage Schedule and Individual Check-Ins' is clicked on

2018-04-04 16:08:44 - [MESSAGE][PASSED] - Object: 'Object Repository/com/cct/serviceschedule/openschedule/search/button_open new schedule' is clicked on

2018-04-04 16:08:44 - [MESSAGE][PASSED] - Object: 'Object Repository/com/cct/serviceschedule/openschedule/search/button_Open schedule manually' is clicked on

2018-04-04 16:08:44 - [MESSAGE][PASSED] - com.cct.common.serviceschedule.addopenschedule.AddOpenSchedule.gotoPage is PASSED

2018-04-04 16:08:44 - [TEST_STEP][PASSED] - com.cct.common.serviceschedule.addopenschedule.AddOpenSchedule.setValueToInput: com.cct.common.serviceschedule.addopenschedule.AddOpenSchedule.setValueToInput is PASSED

2018-04-04 16:08:44 - [MESSAGE][PASSED] - Text 'A1234A' is set on object 'Object Repository/com/cct/serviceschedule/openschedule/add/input_openScManual.serviceNumb'

2018-04-04 16:08:44 - [MESSAGE][PASSED] - Text '' is set on object 'Object Repository/com/cct/serviceschedule/openschedule/add/input_autocompleteDepturePortN'

2018-04-04 16:08:45 - [MESSAGE][PASSED] - Delayed 1 second(s)

2018-04-04 16:08:45 - [MESSAGE][PASSED] - Text '' is set on object 'Object Repository/com/cct/serviceschedule/openschedule/add/input_autocompleteArrivalPortN'

2018-04-04 16:08:46 - [MESSAGE][PASSED] - Delayed 1 second(s)

2018-04-04 16:08:47 - [MESSAGE][PASSED] - Keys 'CONTROL + a' sent to object: 'Object Repository/com/cct/serviceschedule/openschedule/add/input_openScManual_depDate_dd_'

2018-04-04 16:08:47 - [MESSAGE][PASSED] - Keys 'CONTROL + a' sent to object: 'Object Repository/com/cct/serviceschedule/openschedule/add/input_openScManual_arrDate_dd_'

2018-04-04 16:08:47 - [MESSAGE][PASSED] - Keys 'CONTROL + a' sent to object: 'Object Repository/com/cct/serviceschedule/openschedule/add/input_openScManual_arrTime_hh_'

2018-04-04 16:08:47 - [MESSAGE][PASSED] - Keys 'CONTROL + a' sent to object: 'Object Repository/com/cct/serviceschedule/openschedule/add/input_openScManual_depTime_hh_'

2018-04-04 16:08:48 - [MESSAGE][PASSED] - Delayed 1 second(s)

2018-04-04 16:08:48 - [MESSAGE][PASSED] - com.cct.common.serviceschedule.addopenschedule.AddOpenSchedule.setValueToInput is PASSED

2018-04-04 16:08:48 - [TEST_STEP][PASSED] - click: Object: 'Object Repository/com/cct/serviceschedule/openschedule/add/button_Open' is clicked on

2018-04-04 16:08:48 - [MESSAGE][PASSED] - Object: 'Object Repository/com/cct/serviceschedule/openschedule/add/button_Open' is clicked on

2018-04-04 16:08:48 - [TEST_STEP][PASSED] - com.cct.util.Verify.notConTrainsText: Pass, Object is not Contains Text.

2018-04-04 16:08:48 - [MESSAGE][PASSED] - Object 'Object Repository/com/cct/serviceschedule/openschedule/add/alert message' is visible

2018-04-04 16:08:48 - [MESSAGE][PASSED] - Text of object 'Object Repository/com/cct/serviceschedule/openschedule/add/alert message' is: 'Departure port cannot be blank.
Departure date cannot be blank.
Departure time cannot be blank.
Arrival port cannot be blank.
Arrival date cannot be blank.
Arrival time cannot be blank.'

2018-04-04 16:08:48 - [MESSAGE][PASSED] - Pass, Object is not Contains Text.

2018-04-04 16:08:48 - [TEST_STEP][PASSED] - Start listener action : sampleAfterTestCase: Invoke 'com.kms.katalon.core.annotation.AfterTestCase' method: 'NewTestListener.sampleAfterTestCase(...)' completed.

2018-04-04 16:08:48 - [TEST_STEP][PASSED] - comment: Name: /xl/workbook.xml - Content Type: application/vnd.openxmlformats-officedocument.spreadsheetml.sheet.main+xml

2018-04-04 16:08:48 - [TEST_STEP][PASSED] - comment: null

2018-04-04 16:08:48 - [TEST_STEP][PASSED] - comment: 2

2018-04-04 16:08:48 - [TEST_STEP][PASSED] - comment: com.kms.katalon.core.context.internal.InternalTestCaseContext@460510aa

2018-04-04 16:08:48 - [TEST_STEP][PASSED] - Statement - rowIndex = com.cct.util.exportExcel.createRerportdetail(wb, rowIndex, testCaseContext): Invoke 'com.kms.katalon.core.annotation.AfterTestCase' method: 'NewTestListener.sampleAfterTestCase(...)' completed.]]></system-out>
         <system-err><![CDATA[]]></system-err>
      </testcase>
      <testcase name="Test Cases/com/cct/serviceschedule/openschedule/add/FlightNumberFormatTrue" classname="Test Cases/com/cct/serviceschedule/openschedule/add/FlightNumberFormatTrue" status="PASSED">
         <system-out><![CDATA[2018-04-04 16:08:48 - [TEST_CASE][PASSED] - Test Cases/com/cct/serviceschedule/openschedule/add/FlightNumberFormatTrue: Invoke 'com.kms.katalon.core.annotation.AfterTestCase' method: 'NewTestListener.sampleAfterTestCase(...)' completed.

2018-04-04 16:08:48 - [TEST_STEP][PASSED] - Start listener action : sampleBeforeTestCase: Invoke 'com.kms.katalon.core.annotation.BeforeTestCase' method: 'NewTestListener.sampleBeforeTestCase(...)' completed.

2018-04-04 16:08:48 - [TEST_STEP][PASSED] - com.cct.common.security.login.Login.loginDefault: com.cct.common.security.login.Login.loginDefault is PASSED

2018-04-04 16:08:48 - [MESSAGE][WARNING] - A browser is already opened. Closing browser and opening a new one

2018-04-04 16:08:53 - [MESSAGE][PASSED] - Browser is opened with url: 'http://10.100.70.87:8080/cp_cambodia/jsp/security/initLogin.action'

2018-04-04 16:08:53 - [MESSAGE][PASSED] - Wait for page load successfully

2018-04-04 16:08:57 - [MESSAGE][PASSED] - Current window maximized

2018-04-04 16:08:57 - [MESSAGE][PASSED] - Text 'N01' is set on object 'Object Repository/com/cct/security/login/login/input_carrierCode'

2018-04-04 16:08:57 - [MESSAGE][PASSED] - Text 'N01001' is set on object 'Object Repository/com/cct/security/login/login/input_username'

2018-04-04 16:08:57 - [MESSAGE][PASSED] - Text 'Nn@1234' is set on object 'Object Repository/com/cct/security/login/login/input_password'

2018-04-04 16:08:58 - [MESSAGE][PASSED] - Object: 'Object Repository/com/cct/security/login/login/button_Log-in' is clicked on

2018-04-04 16:08:59 - [MESSAGE][PASSED] - Delayed 1 second(s)

2018-04-04 16:08:59 - [MESSAGE][PASSED] - com.cct.common.security.login.Login.loginDefault is PASSED

2018-04-04 16:08:59 - [TEST_STEP][PASSED] - com.cct.common.serviceschedule.addopenschedule.AddOpenSchedule.gotoPage: com.cct.common.serviceschedule.addopenschedule.AddOpenSchedule.gotoPage is PASSED

2018-04-04 16:09:00 - [MESSAGE][PASSED] - Object: 'Object Repository/com/cct/security/mainpage/main/input_btnSubmit Manage Schedule and Individual Check-Ins' is clicked on

2018-04-04 16:09:00 - [MESSAGE][PASSED] - Object: 'Object Repository/com/cct/serviceschedule/openschedule/search/button_open new schedule' is clicked on

2018-04-04 16:09:01 - [MESSAGE][PASSED] - Object: 'Object Repository/com/cct/serviceschedule/openschedule/search/button_Open schedule manually' is clicked on

2018-04-04 16:09:01 - [MESSAGE][PASSED] - com.cct.common.serviceschedule.addopenschedule.AddOpenSchedule.gotoPage is PASSED

2018-04-04 16:09:01 - [TEST_STEP][PASSED] - com.cct.common.serviceschedule.addopenschedule.AddOpenSchedule.setValueToInput: com.cct.common.serviceschedule.addopenschedule.AddOpenSchedule.setValueToInput is PASSED

2018-04-04 16:09:01 - [MESSAGE][PASSED] - Text '1234' is set on object 'Object Repository/com/cct/serviceschedule/openschedule/add/input_openScManual.serviceNumb'

2018-04-04 16:09:01 - [MESSAGE][PASSED] - Text '' is set on object 'Object Repository/com/cct/serviceschedule/openschedule/add/input_autocompleteDepturePortN'

2018-04-04 16:09:02 - [MESSAGE][PASSED] - Delayed 1 second(s)

2018-04-04 16:09:02 - [MESSAGE][PASSED] - Text '' is set on object 'Object Repository/com/cct/serviceschedule/openschedule/add/input_autocompleteArrivalPortN'

2018-04-04 16:09:03 - [MESSAGE][PASSED] - Delayed 1 second(s)

2018-04-04 16:09:03 - [MESSAGE][PASSED] - Keys 'CONTROL + a' sent to object: 'Object Repository/com/cct/serviceschedule/openschedule/add/input_openScManual_depDate_dd_'

2018-04-04 16:09:03 - [MESSAGE][PASSED] - Keys 'CONTROL + a' sent to object: 'Object Repository/com/cct/serviceschedule/openschedule/add/input_openScManual_arrDate_dd_'

2018-04-04 16:09:03 - [MESSAGE][PASSED] - Keys 'CONTROL + a' sent to object: 'Object Repository/com/cct/serviceschedule/openschedule/add/input_openScManual_arrTime_hh_'

2018-04-04 16:09:03 - [MESSAGE][PASSED] - Keys 'CONTROL + a' sent to object: 'Object Repository/com/cct/serviceschedule/openschedule/add/input_openScManual_depTime_hh_'

2018-04-04 16:09:04 - [MESSAGE][PASSED] - Delayed 1 second(s)

2018-04-04 16:09:04 - [MESSAGE][PASSED] - com.cct.common.serviceschedule.addopenschedule.AddOpenSchedule.setValueToInput is PASSED

2018-04-04 16:09:04 - [TEST_STEP][PASSED] - click: Object: 'Object Repository/com/cct/serviceschedule/openschedule/add/button_Open' is clicked on

2018-04-04 16:09:05 - [MESSAGE][PASSED] - Object: 'Object Repository/com/cct/serviceschedule/openschedule/add/button_Open' is clicked on

2018-04-04 16:09:05 - [TEST_STEP][PASSED] - com.cct.util.Verify.notConTrainsText: Pass, Object is not Contains Text.

2018-04-04 16:09:05 - [MESSAGE][PASSED] - Object 'Object Repository/com/cct/serviceschedule/openschedule/add/alert message' is visible

2018-04-04 16:09:05 - [MESSAGE][PASSED] - Text of object 'Object Repository/com/cct/serviceschedule/openschedule/add/alert message' is: 'Departure port cannot be blank.
Departure date cannot be blank.
Departure time cannot be blank.
Arrival port cannot be blank.
Arrival date cannot be blank.
Arrival time cannot be blank.'

2018-04-04 16:09:05 - [MESSAGE][PASSED] - Pass, Object is not Contains Text.

2018-04-04 16:09:05 - [TEST_STEP][PASSED] - Start listener action : sampleAfterTestCase: Invoke 'com.kms.katalon.core.annotation.AfterTestCase' method: 'NewTestListener.sampleAfterTestCase(...)' completed.

2018-04-04 16:09:05 - [TEST_STEP][PASSED] - comment: Name: /xl/workbook.xml - Content Type: application/vnd.openxmlformats-officedocument.spreadsheetml.sheet.main+xml

2018-04-04 16:09:05 - [TEST_STEP][PASSED] - comment: null

2018-04-04 16:09:05 - [TEST_STEP][PASSED] - comment: 3

2018-04-04 16:09:05 - [TEST_STEP][PASSED] - comment: com.kms.katalon.core.context.internal.InternalTestCaseContext@7ae9a33a

2018-04-04 16:09:05 - [TEST_STEP][PASSED] - Statement - rowIndex = com.cct.util.exportExcel.createRerportdetail(wb, rowIndex, testCaseContext): Invoke 'com.kms.katalon.core.annotation.AfterTestCase' method: 'NewTestListener.sampleAfterTestCase(...)' completed.]]></system-out>
         <system-err><![CDATA[]]></system-err>
      </testcase>
      <testcase name="Test Cases/com/cct/serviceschedule/openschedule/add/FlightNumberFormatTrue" classname="Test Cases/com/cct/serviceschedule/openschedule/add/FlightNumberFormatTrue" status="PASSED">
         <system-out><![CDATA[2018-04-04 16:09:05 - [TEST_CASE][PASSED] - Test Cases/com/cct/serviceschedule/openschedule/add/FlightNumberFormatTrue: Invoke 'com.kms.katalon.core.annotation.AfterTestCase' method: 'NewTestListener.sampleAfterTestCase(...)' completed.

2018-04-04 16:09:05 - [TEST_STEP][PASSED] - Start listener action : sampleBeforeTestCase: Invoke 'com.kms.katalon.core.annotation.BeforeTestCase' method: 'NewTestListener.sampleBeforeTestCase(...)' completed.

2018-04-04 16:09:05 - [TEST_STEP][PASSED] - com.cct.common.security.login.Login.loginDefault: com.cct.common.security.login.Login.loginDefault is PASSED

2018-04-04 16:09:05 - [MESSAGE][WARNING] - A browser is already opened. Closing browser and opening a new one

2018-04-04 16:09:10 - [MESSAGE][PASSED] - Browser is opened with url: 'http://10.100.70.87:8080/cp_cambodia/jsp/security/initLogin.action'

2018-04-04 16:09:10 - [MESSAGE][PASSED] - Wait for page load successfully

2018-04-04 16:09:13 - [MESSAGE][PASSED] - Current window maximized

2018-04-04 16:09:13 - [MESSAGE][PASSED] - Text 'N01' is set on object 'Object Repository/com/cct/security/login/login/input_carrierCode'

2018-04-04 16:09:13 - [MESSAGE][PASSED] - Text 'N01001' is set on object 'Object Repository/com/cct/security/login/login/input_username'

2018-04-04 16:09:13 - [MESSAGE][PASSED] - Text 'Nn@1234' is set on object 'Object Repository/com/cct/security/login/login/input_password'

2018-04-04 16:09:15 - [MESSAGE][PASSED] - Object: 'Object Repository/com/cct/security/login/login/button_Log-in' is clicked on

2018-04-04 16:09:16 - [MESSAGE][PASSED] - Delayed 1 second(s)

2018-04-04 16:09:16 - [MESSAGE][PASSED] - com.cct.common.security.login.Login.loginDefault is PASSED

2018-04-04 16:09:16 - [TEST_STEP][PASSED] - com.cct.common.serviceschedule.addopenschedule.AddOpenSchedule.gotoPage: com.cct.common.serviceschedule.addopenschedule.AddOpenSchedule.gotoPage is PASSED

2018-04-04 16:09:16 - [MESSAGE][PASSED] - Object: 'Object Repository/com/cct/security/mainpage/main/input_btnSubmit Manage Schedule and Individual Check-Ins' is clicked on

2018-04-04 16:09:16 - [MESSAGE][PASSED] - Object: 'Object Repository/com/cct/serviceschedule/openschedule/search/button_open new schedule' is clicked on

2018-04-04 16:09:17 - [MESSAGE][PASSED] - Object: 'Object Repository/com/cct/serviceschedule/openschedule/search/button_Open schedule manually' is clicked on

2018-04-04 16:09:17 - [MESSAGE][PASSED] - com.cct.common.serviceschedule.addopenschedule.AddOpenSchedule.gotoPage is PASSED

2018-04-04 16:09:17 - [TEST_STEP][PASSED] - com.cct.common.serviceschedule.addopenschedule.AddOpenSchedule.setValueToInput: com.cct.common.serviceschedule.addopenschedule.AddOpenSchedule.setValueToInput is PASSED

2018-04-04 16:09:17 - [MESSAGE][PASSED] - Text '1234A' is set on object 'Object Repository/com/cct/serviceschedule/openschedule/add/input_openScManual.serviceNumb'

2018-04-04 16:09:17 - [MESSAGE][PASSED] - Text '' is set on object 'Object Repository/com/cct/serviceschedule/openschedule/add/input_autocompleteDepturePortN'

2018-04-04 16:09:18 - [MESSAGE][PASSED] - Delayed 1 second(s)

2018-04-04 16:09:18 - [MESSAGE][PASSED] - Text '' is set on object 'Object Repository/com/cct/serviceschedule/openschedule/add/input_autocompleteArrivalPortN'

2018-04-04 16:09:19 - [MESSAGE][PASSED] - Delayed 1 second(s)

2018-04-04 16:09:19 - [MESSAGE][PASSED] - Keys 'CONTROL + a' sent to object: 'Object Repository/com/cct/serviceschedule/openschedule/add/input_openScManual_depDate_dd_'

2018-04-04 16:09:19 - [MESSAGE][PASSED] - Keys 'CONTROL + a' sent to object: 'Object Repository/com/cct/serviceschedule/openschedule/add/input_openScManual_arrDate_dd_'

2018-04-04 16:09:19 - [MESSAGE][PASSED] - Keys 'CONTROL + a' sent to object: 'Object Repository/com/cct/serviceschedule/openschedule/add/input_openScManual_arrTime_hh_'

2018-04-04 16:09:19 - [MESSAGE][PASSED] - Keys 'CONTROL + a' sent to object: 'Object Repository/com/cct/serviceschedule/openschedule/add/input_openScManual_depTime_hh_'

2018-04-04 16:09:20 - [MESSAGE][PASSED] - Delayed 1 second(s)

2018-04-04 16:09:20 - [MESSAGE][PASSED] - com.cct.common.serviceschedule.addopenschedule.AddOpenSchedule.setValueToInput is PASSED

2018-04-04 16:09:20 - [TEST_STEP][PASSED] - click: Object: 'Object Repository/com/cct/serviceschedule/openschedule/add/button_Open' is clicked on

2018-04-04 16:09:21 - [MESSAGE][PASSED] - Object: 'Object Repository/com/cct/serviceschedule/openschedule/add/button_Open' is clicked on

2018-04-04 16:09:21 - [TEST_STEP][PASSED] - com.cct.util.Verify.notConTrainsText: Pass, Object is not Contains Text.

2018-04-04 16:09:21 - [MESSAGE][PASSED] - Object 'Object Repository/com/cct/serviceschedule/openschedule/add/alert message' is visible

2018-04-04 16:09:21 - [MESSAGE][PASSED] - Text of object 'Object Repository/com/cct/serviceschedule/openschedule/add/alert message' is: 'Departure port cannot be blank.
Departure date cannot be blank.
Departure time cannot be blank.
Arrival port cannot be blank.
Arrival date cannot be blank.
Arrival time cannot be blank.'

2018-04-04 16:09:21 - [MESSAGE][PASSED] - Pass, Object is not Contains Text.

2018-04-04 16:09:21 - [TEST_STEP][PASSED] - Start listener action : sampleAfterTestCase: Invoke 'com.kms.katalon.core.annotation.AfterTestCase' method: 'NewTestListener.sampleAfterTestCase(...)' completed.

2018-04-04 16:09:21 - [TEST_STEP][PASSED] - comment: Name: /xl/workbook.xml - Content Type: application/vnd.openxmlformats-officedocument.spreadsheetml.sheet.main+xml

2018-04-04 16:09:21 - [TEST_STEP][PASSED] - comment: null

2018-04-04 16:09:21 - [TEST_STEP][PASSED] - comment: 4

2018-04-04 16:09:21 - [TEST_STEP][PASSED] - comment: com.kms.katalon.core.context.internal.InternalTestCaseContext@60acd609

2018-04-04 16:09:21 - [TEST_STEP][PASSED] - Statement - rowIndex = com.cct.util.exportExcel.createRerportdetail(wb, rowIndex, testCaseContext): Invoke 'com.kms.katalon.core.annotation.AfterTestCase' method: 'NewTestListener.sampleAfterTestCase(...)' completed.]]></system-out>
         <system-err><![CDATA[]]></system-err>
      </testcase>
      <system-out><![CDATA[2018-04-04 16:08:13 - [TEST_SUITE][PASSED] - addOpenSchedule: Invoke 'com.kms.katalon.core.annotation.AfterTestCase' method: 'NewTestListener.sampleAfterTestCase(...)' completed.]]></system-out>
      <system-err><![CDATA[]]></system-err>
   </testsuite>
</testsuites>
