<?xml version="1.0" encoding="UTF-8"?>
<testsuites name="addOpenSchedule" time="195" tests="0" failures="4" errors="0">
   <testsuite name="addOpenSchedule" tests="0" failures="4" errors="0" time="195" timestamp="2018-04-04 15:38:55" hostname="PG-Adul - PG-Adul.mshome.net" id="Test Suites/com/cct/serviceschdule/add/addOpenSchedule">
      <properties>
         <property name="deviceName" value=""/>
         <property name="devicePlatform" value=""/>
         <property name="logFolder" value="D:\\Demo\\Katalon-Demo\\Reports\\com\\cct\\serviceschdule\\add\\addOpenSchedule\\20180404_153853"/>
         <property name="logFiles" value="D:\\Demo\\Katalon-Demo\\Reports\\com\\cct\\serviceschdule\\add\\addOpenSchedule\\20180404_153853\\execution0.log"/>
         <property name="attachments" value="D:\\Demo\\Katalon-Demo\\Reports\\com\\cct\\serviceschdule\\add\\addOpenSchedule\\20180404_153853\\1522831185752.png, D:\\Demo\\Katalon-Demo\\Reports\\com\\cct\\serviceschdule\\add\\addOpenSchedule\\20180404_153853\\1522831234019.png, D:\\Demo\\Katalon-Demo\\Reports\\com\\cct\\serviceschdule\\add\\addOpenSchedule\\20180404_153853\\1522831282206.png, D:\\Demo\\Katalon-Demo\\Reports\\com\\cct\\serviceschdule\\add\\addOpenSchedule\\20180404_153853\\1522831330525.png"/>
         <property name="hostName" value="PG-Adul - PG-Adul.mshome.net"/>
         <property name="os" value="Windows 10 64bit"/>
         <property name="katalonVersion" value="5.3.1.1"/>
         <property name="browser" value="Firefox 58.0"/>
         <property name="hostAddress" value="172.27.98.17"/>
         <property name="sessionId" value="4b072b6d-d6d4-41b3-9165-53bc43a644f3"/>
         <property name="seleniumVersion" value="3.7.1"/>
         <property name="proxyInformation" value="ProxyInformation{proxyOption=NO_PROXY, proxyServerType=HTTP, password=, proxyServerAddress=, proxyServerPort=0}"/>
         <property name="platform" value="Windows 10"/>
      </properties>
      <testcase name="Test Cases/com/cct/serviceschedule/openschedule/add/FlightNumberFormatFail" classname="Test Cases/com/cct/serviceschedule/openschedule/add/FlightNumberFormatFail" status="FAILED">
         <failure type="FAILED" message="Unable to get text of object 'Object Repository/com/cct/serviceschedule/openschedule/add/alert message' (Root cause: com.kms.katalon.core.webui.exception.WebElementNotFoundException: Web element with id: 'Object Repository/com/cct/serviceschedule/openschedule/add/alert message' located by 'By.xpath: //td[(text() = 'Flight number cannot be blank.Departure port cannot be blank.Departure date cannot be blank.Departure time cannot be blank.Arrival port cannot be blank.Arrival date cannot be blank.Arrival time cannot be blank.' or . = 'Flight number cannot be blank.Departure port cannot be blank.Departure date cannot be blank.Departure time cannot be blank.Arrival port cannot be blank.Arrival date cannot be blank.Arrival time cannot be blank.')]' not found)"/>
         <system-out><![CDATA[2018-04-04 15:38:56 - [TEST_CASE][FAILED] - Test Cases/com/cct/serviceschedule/openschedule/add/FlightNumberFormatFail: Test Cases/com/cct/serviceschedule/openschedule/add/FlightNumberFormatFail FAILED because (of) Unable to get text of object 'Object Repository/com/cct/serviceschedule/openschedule/add/alert message' (Root cause: com.kms.katalon.core.webui.exception.WebElementNotFoundException: Web element with id: 'Object Repository/com/cct/serviceschedule/openschedule/add/alert message' located by 'By.xpath: //td[(text() = 'Flight number cannot be blank.Departure port cannot be blank.Departure date cannot be blank.Departure time cannot be blank.Arrival port cannot be blank.Arrival date cannot be blank.Arrival time cannot be blank.' or . = 'Flight number cannot be blank.Departure port cannot be blank.Departure date cannot be blank.Departure time cannot be blank.Arrival port cannot be blank.Arrival date cannot be blank.Arrival time cannot be blank.')]' not found)

2018-04-04 15:38:56 - [TEST_STEP][PASSED] - Start listener action : sampleBeforeTestCase: Invoke 'com.kms.katalon.core.annotation.BeforeTestCase' method: 'NewTestListener.sampleBeforeTestCase(...)' completed.

2018-04-04 15:38:56 - [TEST_STEP][PASSED] - com.cct.common.security.login.Login.loginDefault: com.cct.common.security.login.Login.loginDefault is PASSED

2018-04-04 15:39:03 - [MESSAGE][PASSED] - Browser is opened with url: 'http://10.100.70.87:8080/cp_cambodia/jsp/security/initLogin.action'

2018-04-04 15:39:03 - [MESSAGE][PASSED] - Wait for page load successfully

2018-04-04 15:39:06 - [MESSAGE][PASSED] - Current window maximized

2018-04-04 15:39:06 - [MESSAGE][PASSED] - Text 'N01' is set on object 'Object Repository/com/cct/security/login/login/input_carrierCode'

2018-04-04 15:39:06 - [MESSAGE][PASSED] - Text 'N01001' is set on object 'Object Repository/com/cct/security/login/login/input_username'

2018-04-04 15:39:06 - [MESSAGE][PASSED] - Text 'Nn@1234' is set on object 'Object Repository/com/cct/security/login/login/input_password'

2018-04-04 15:39:07 - [MESSAGE][PASSED] - Object: 'Object Repository/com/cct/security/login/login/button_Log-in' is clicked on

2018-04-04 15:39:09 - [MESSAGE][PASSED] - Delayed 1 second(s)

2018-04-04 15:39:09 - [MESSAGE][PASSED] - com.cct.common.security.login.Login.loginDefault is PASSED

2018-04-04 15:39:09 - [TEST_STEP][PASSED] - com.cct.common.serviceschedule.addopenschedule.AddOpenSchedule.gotoPage: com.cct.common.serviceschedule.addopenschedule.AddOpenSchedule.gotoPage is PASSED

2018-04-04 15:39:09 - [MESSAGE][PASSED] - Object: 'Object Repository/com/cct/security/mainpage/main/input_btnSubmit Manage Schedule and Individual Check-Ins' is clicked on

2018-04-04 15:39:09 - [MESSAGE][PASSED] - Object: 'Object Repository/com/cct/serviceschedule/openschedule/search/button_open new schedule' is clicked on

2018-04-04 15:39:10 - [MESSAGE][PASSED] - Object: 'Object Repository/com/cct/serviceschedule/openschedule/search/button_Open schedule manually' is clicked on

2018-04-04 15:39:10 - [MESSAGE][PASSED] - com.cct.common.serviceschedule.addopenschedule.AddOpenSchedule.gotoPage is PASSED

2018-04-04 15:39:10 - [TEST_STEP][PASSED] - com.cct.common.serviceschedule.addopenschedule.AddOpenSchedule.setValueToInput: com.cct.common.serviceschedule.addopenschedule.AddOpenSchedule.setValueToInput is PASSED

2018-04-04 15:39:10 - [MESSAGE][PASSED] - Text 'A1234A' is set on object 'Object Repository/com/cct/serviceschedule/openschedule/add/input_openScManual.serviceNumb'

2018-04-04 15:39:10 - [MESSAGE][PASSED] - Text '' is set on object 'Object Repository/com/cct/serviceschedule/openschedule/add/input_autocompleteDepturePortN'

2018-04-04 15:39:11 - [MESSAGE][PASSED] - Delayed 1 second(s)

2018-04-04 15:39:11 - [MESSAGE][PASSED] - Text '' is set on object 'Object Repository/com/cct/serviceschedule/openschedule/add/input_autocompleteArrivalPortN'

2018-04-04 15:39:12 - [MESSAGE][PASSED] - Delayed 1 second(s)

2018-04-04 15:39:12 - [MESSAGE][PASSED] - Keys 'CONTROL + a' sent to object: 'Object Repository/com/cct/serviceschedule/openschedule/add/input_openScManual_depDate_dd_'

2018-04-04 15:39:12 - [MESSAGE][PASSED] - Keys 'CONTROL + a' sent to object: 'Object Repository/com/cct/serviceschedule/openschedule/add/input_openScManual_arrDate_dd_'

2018-04-04 15:39:12 - [MESSAGE][PASSED] - Keys 'CONTROL + a' sent to object: 'Object Repository/com/cct/serviceschedule/openschedule/add/input_openScManual_arrTime_hh_'

2018-04-04 15:39:12 - [MESSAGE][PASSED] - Keys 'CONTROL + a' sent to object: 'Object Repository/com/cct/serviceschedule/openschedule/add/input_openScManual_depTime_hh_'

2018-04-04 15:39:14 - [MESSAGE][PASSED] - Delayed 1 second(s)

2018-04-04 15:39:14 - [MESSAGE][PASSED] - com.cct.common.serviceschedule.addopenschedule.AddOpenSchedule.setValueToInput is PASSED

2018-04-04 15:39:14 - [TEST_STEP][PASSED] - click: Object: 'Object Repository/com/cct/serviceschedule/openschedule/add/button_Open' is clicked on

2018-04-04 15:39:14 - [MESSAGE][PASSED] - Object: 'Object Repository/com/cct/serviceschedule/openschedule/add/button_Open' is clicked on

2018-04-04 15:39:14 - [TEST_STEP][FAILED] - com.cct.util.Verify.isConTrainsText: Unable to get text of object 'Object Repository/com/cct/serviceschedule/openschedule/add/alert message' (Root cause: com.kms.katalon.core.webui.exception.WebElementNotFoundException: Web element with id: 'Object Repository/com/cct/serviceschedule/openschedule/add/alert message' located by 'By.xpath: //td[(text() = 'Flight number cannot be blank.Departure port cannot be blank.Departure date cannot be blank.Departure time cannot be blank.Arrival port cannot be blank.Arrival date cannot be blank.Arrival time cannot be blank.' or . = 'Flight number cannot be blank.Departure port cannot be blank.Departure date cannot be blank.Departure time cannot be blank.Arrival port cannot be blank.Arrival date cannot be blank.Arrival time cannot be blank.')]' not found)

2018-04-04 15:39:45 - [MESSAGE][FAILED] - Unable to get text of object 'Object Repository/com/cct/serviceschedule/openschedule/add/alert message' (Root cause: com.kms.katalon.core.webui.exception.WebElementNotFoundException: Web element with id: 'Object Repository/com/cct/serviceschedule/openschedule/add/alert message' located by 'By.xpath: //td[(text() = 'Flight number cannot be blank.Departure port cannot be blank.Departure date cannot be blank.Departure time cannot be blank.Arrival port cannot be blank.Arrival date cannot be blank.Arrival time cannot be blank.' or . = 'Flight number cannot be blank.Departure port cannot be blank.Departure date cannot be blank.Departure time cannot be blank.Arrival port cannot be blank.Arrival date cannot be blank.Arrival time cannot be blank.')]' not found)
[[ATTACHMENT|D:\\Demo\\Katalon-Demo\\Reports\\com\\cct\\serviceschdule\\add\\addOpenSchedule\\20180404_153853\\1522831185752.png]]

2018-04-04 15:39:45 - [MESSAGE][FAILED] - Unable to get text of object 'Object Repository/com/cct/serviceschedule/openschedule/add/alert message' (Root cause: com.kms.katalon.core.webui.exception.WebElementNotFoundException: Web element with id: 'Object Repository/com/cct/serviceschedule/openschedule/add/alert message' located by 'By.xpath: //td[(text() = 'Flight number cannot be blank.Departure port cannot be blank.Departure date cannot be blank.Departure time cannot be blank.Arrival port cannot be blank.Arrival date cannot be blank.Arrival time cannot be blank.' or . = 'Flight number cannot be blank.Departure port cannot be blank.Departure date cannot be blank.Departure time cannot be blank.Arrival port cannot be blank.Arrival date cannot be blank.Arrival time cannot be blank.')]' not found)

2018-04-04 15:39:45 - [TEST_STEP][PASSED] - Start listener action : sampleAfterTestCase: Invoke 'com.kms.katalon.core.annotation.AfterTestCase' method: 'NewTestListener.sampleAfterTestCase(...)' completed.

2018-04-04 15:39:45 - [TEST_STEP][PASSED] - comment: Name: /xl/workbook.xml - Content Type: application/vnd.openxmlformats-officedocument.spreadsheetml.sheet.main+xml

2018-04-04 15:39:45 - [TEST_STEP][PASSED] - comment: null

2018-04-04 15:39:45 - [TEST_STEP][PASSED] - comment: 1

2018-04-04 15:39:45 - [TEST_STEP][PASSED] - comment: com.kms.katalon.core.context.internal.InternalTestCaseContext@7ad54c55

2018-04-04 15:39:45 - [TEST_STEP][PASSED] - Statement - rowIndex = com.cct.util.exportExcel.createRerportdetail(wb, rowIndex, testCaseContext): Invoke 'com.kms.katalon.core.annotation.AfterTestCase' method: 'NewTestListener.sampleAfterTestCase(...)' completed.]]></system-out>
         <system-err><![CDATA[2018-04-04 15:38:56 - [TEST_CASE][FAILED] - Test Cases/com/cct/serviceschedule/openschedule/add/FlightNumberFormatFail: Test Cases/com/cct/serviceschedule/openschedule/add/FlightNumberFormatFail FAILED because (of) Unable to get text of object 'Object Repository/com/cct/serviceschedule/openschedule/add/alert message' (Root cause: com.kms.katalon.core.webui.exception.WebElementNotFoundException: Web element with id: 'Object Repository/com/cct/serviceschedule/openschedule/add/alert message' located by 'By.xpath: //td[(text() = 'Flight number cannot be blank.Departure port cannot be blank.Departure date cannot be blank.Departure time cannot be blank.Arrival port cannot be blank.Arrival date cannot be blank.Arrival time cannot be blank.' or . = 'Flight number cannot be blank.Departure port cannot be blank.Departure date cannot be blank.Departure time cannot be blank.Arrival port cannot be blank.Arrival date cannot be blank.Arrival time cannot be blank.')]' not found)]]></system-err>
      </testcase>
      <testcase name="Test Cases/com/cct/serviceschedule/openschedule/add/FlightNumberFormatFail" classname="Test Cases/com/cct/serviceschedule/openschedule/add/FlightNumberFormatFail" status="FAILED">
         <failure type="FAILED" message="Unable to get text of object 'Object Repository/com/cct/serviceschedule/openschedule/add/alert message' (Root cause: com.kms.katalon.core.webui.exception.WebElementNotFoundException: Web element with id: 'Object Repository/com/cct/serviceschedule/openschedule/add/alert message' located by 'By.xpath: //td[(text() = 'Flight number cannot be blank.Departure port cannot be blank.Departure date cannot be blank.Departure time cannot be blank.Arrival port cannot be blank.Arrival date cannot be blank.Arrival time cannot be blank.' or . = 'Flight number cannot be blank.Departure port cannot be blank.Departure date cannot be blank.Departure time cannot be blank.Arrival port cannot be blank.Arrival date cannot be blank.Arrival time cannot be blank.')]' not found)"/>
         <system-out><![CDATA[2018-04-04 15:39:46 - [TEST_CASE][FAILED] - Test Cases/com/cct/serviceschedule/openschedule/add/FlightNumberFormatFail: Test Cases/com/cct/serviceschedule/openschedule/add/FlightNumberFormatFail FAILED because (of) Unable to get text of object 'Object Repository/com/cct/serviceschedule/openschedule/add/alert message' (Root cause: com.kms.katalon.core.webui.exception.WebElementNotFoundException: Web element with id: 'Object Repository/com/cct/serviceschedule/openschedule/add/alert message' located by 'By.xpath: //td[(text() = 'Flight number cannot be blank.Departure port cannot be blank.Departure date cannot be blank.Departure time cannot be blank.Arrival port cannot be blank.Arrival date cannot be blank.Arrival time cannot be blank.' or . = 'Flight number cannot be blank.Departure port cannot be blank.Departure date cannot be blank.Departure time cannot be blank.Arrival port cannot be blank.Arrival date cannot be blank.Arrival time cannot be blank.')]' not found)

2018-04-04 15:39:46 - [TEST_STEP][PASSED] - Start listener action : sampleBeforeTestCase: Invoke 'com.kms.katalon.core.annotation.BeforeTestCase' method: 'NewTestListener.sampleBeforeTestCase(...)' completed.

2018-04-04 15:39:46 - [TEST_STEP][PASSED] - com.cct.common.security.login.Login.loginDefault: com.cct.common.security.login.Login.loginDefault is PASSED

2018-04-04 15:39:46 - [MESSAGE][WARNING] - A browser is already opened. Closing browser and opening a new one

2018-04-04 15:39:51 - [MESSAGE][PASSED] - Browser is opened with url: 'http://10.100.70.87:8080/cp_cambodia/jsp/security/initLogin.action'

2018-04-04 15:39:51 - [MESSAGE][PASSED] - Wait for page load successfully

2018-04-04 15:39:55 - [MESSAGE][PASSED] - Current window maximized

2018-04-04 15:39:55 - [MESSAGE][PASSED] - Text 'N01' is set on object 'Object Repository/com/cct/security/login/login/input_carrierCode'

2018-04-04 15:39:55 - [MESSAGE][PASSED] - Text 'N01001' is set on object 'Object Repository/com/cct/security/login/login/input_username'

2018-04-04 15:39:55 - [MESSAGE][PASSED] - Text 'Nn@1234' is set on object 'Object Repository/com/cct/security/login/login/input_password'

2018-04-04 15:39:56 - [MESSAGE][PASSED] - Object: 'Object Repository/com/cct/security/login/login/button_Log-in' is clicked on

2018-04-04 15:39:57 - [MESSAGE][PASSED] - Delayed 1 second(s)

2018-04-04 15:39:57 - [MESSAGE][PASSED] - com.cct.common.security.login.Login.loginDefault is PASSED

2018-04-04 15:39:57 - [TEST_STEP][PASSED] - com.cct.common.serviceschedule.addopenschedule.AddOpenSchedule.gotoPage: com.cct.common.serviceschedule.addopenschedule.AddOpenSchedule.gotoPage is PASSED

2018-04-04 15:39:58 - [MESSAGE][PASSED] - Object: 'Object Repository/com/cct/security/mainpage/main/input_btnSubmit Manage Schedule and Individual Check-Ins' is clicked on

2018-04-04 15:39:58 - [MESSAGE][PASSED] - Object: 'Object Repository/com/cct/serviceschedule/openschedule/search/button_open new schedule' is clicked on

2018-04-04 15:39:58 - [MESSAGE][PASSED] - Object: 'Object Repository/com/cct/serviceschedule/openschedule/search/button_Open schedule manually' is clicked on

2018-04-04 15:39:58 - [MESSAGE][PASSED] - com.cct.common.serviceschedule.addopenschedule.AddOpenSchedule.gotoPage is PASSED

2018-04-04 15:39:58 - [TEST_STEP][PASSED] - com.cct.common.serviceschedule.addopenschedule.AddOpenSchedule.setValueToInput: com.cct.common.serviceschedule.addopenschedule.AddOpenSchedule.setValueToInput is PASSED

2018-04-04 15:39:58 - [MESSAGE][PASSED] - Text '1234' is set on object 'Object Repository/com/cct/serviceschedule/openschedule/add/input_openScManual.serviceNumb'

2018-04-04 15:39:58 - [MESSAGE][PASSED] - Text '' is set on object 'Object Repository/com/cct/serviceschedule/openschedule/add/input_autocompleteDepturePortN'

2018-04-04 15:39:59 - [MESSAGE][PASSED] - Delayed 1 second(s)

2018-04-04 15:40:00 - [MESSAGE][PASSED] - Text '' is set on object 'Object Repository/com/cct/serviceschedule/openschedule/add/input_autocompleteArrivalPortN'

2018-04-04 15:40:01 - [MESSAGE][PASSED] - Delayed 1 second(s)

2018-04-04 15:40:01 - [MESSAGE][PASSED] - Keys 'CONTROL + a' sent to object: 'Object Repository/com/cct/serviceschedule/openschedule/add/input_openScManual_depDate_dd_'

2018-04-04 15:40:01 - [MESSAGE][PASSED] - Keys 'CONTROL + a' sent to object: 'Object Repository/com/cct/serviceschedule/openschedule/add/input_openScManual_arrDate_dd_'

2018-04-04 15:40:01 - [MESSAGE][PASSED] - Keys 'CONTROL + a' sent to object: 'Object Repository/com/cct/serviceschedule/openschedule/add/input_openScManual_arrTime_hh_'

2018-04-04 15:40:01 - [MESSAGE][PASSED] - Keys 'CONTROL + a' sent to object: 'Object Repository/com/cct/serviceschedule/openschedule/add/input_openScManual_depTime_hh_'

2018-04-04 15:40:02 - [MESSAGE][PASSED] - Delayed 1 second(s)

2018-04-04 15:40:02 - [MESSAGE][PASSED] - com.cct.common.serviceschedule.addopenschedule.AddOpenSchedule.setValueToInput is PASSED

2018-04-04 15:40:02 - [TEST_STEP][PASSED] - click: Object: 'Object Repository/com/cct/serviceschedule/openschedule/add/button_Open' is clicked on

2018-04-04 15:40:02 - [MESSAGE][PASSED] - Object: 'Object Repository/com/cct/serviceschedule/openschedule/add/button_Open' is clicked on

2018-04-04 15:40:02 - [TEST_STEP][FAILED] - com.cct.util.Verify.isConTrainsText: Unable to get text of object 'Object Repository/com/cct/serviceschedule/openschedule/add/alert message' (Root cause: com.kms.katalon.core.webui.exception.WebElementNotFoundException: Web element with id: 'Object Repository/com/cct/serviceschedule/openschedule/add/alert message' located by 'By.xpath: //td[(text() = 'Flight number cannot be blank.Departure port cannot be blank.Departure date cannot be blank.Departure time cannot be blank.Arrival port cannot be blank.Arrival date cannot be blank.Arrival time cannot be blank.' or . = 'Flight number cannot be blank.Departure port cannot be blank.Departure date cannot be blank.Departure time cannot be blank.Arrival port cannot be blank.Arrival date cannot be blank.Arrival time cannot be blank.')]' not found)

2018-04-04 15:40:34 - [MESSAGE][FAILED] - Unable to get text of object 'Object Repository/com/cct/serviceschedule/openschedule/add/alert message' (Root cause: com.kms.katalon.core.webui.exception.WebElementNotFoundException: Web element with id: 'Object Repository/com/cct/serviceschedule/openschedule/add/alert message' located by 'By.xpath: //td[(text() = 'Flight number cannot be blank.Departure port cannot be blank.Departure date cannot be blank.Departure time cannot be blank.Arrival port cannot be blank.Arrival date cannot be blank.Arrival time cannot be blank.' or . = 'Flight number cannot be blank.Departure port cannot be blank.Departure date cannot be blank.Departure time cannot be blank.Arrival port cannot be blank.Arrival date cannot be blank.Arrival time cannot be blank.')]' not found)
[[ATTACHMENT|D:\\Demo\\Katalon-Demo\\Reports\\com\\cct\\serviceschdule\\add\\addOpenSchedule\\20180404_153853\\1522831234019.png]]

2018-04-04 15:40:34 - [MESSAGE][FAILED] - Unable to get text of object 'Object Repository/com/cct/serviceschedule/openschedule/add/alert message' (Root cause: com.kms.katalon.core.webui.exception.WebElementNotFoundException: Web element with id: 'Object Repository/com/cct/serviceschedule/openschedule/add/alert message' located by 'By.xpath: //td[(text() = 'Flight number cannot be blank.Departure port cannot be blank.Departure date cannot be blank.Departure time cannot be blank.Arrival port cannot be blank.Arrival date cannot be blank.Arrival time cannot be blank.' or . = 'Flight number cannot be blank.Departure port cannot be blank.Departure date cannot be blank.Departure time cannot be blank.Arrival port cannot be blank.Arrival date cannot be blank.Arrival time cannot be blank.')]' not found)

2018-04-04 15:40:34 - [TEST_STEP][PASSED] - Start listener action : sampleAfterTestCase: Invoke 'com.kms.katalon.core.annotation.AfterTestCase' method: 'NewTestListener.sampleAfterTestCase(...)' completed.

2018-04-04 15:40:34 - [TEST_STEP][PASSED] - comment: Name: /xl/workbook.xml - Content Type: application/vnd.openxmlformats-officedocument.spreadsheetml.sheet.main+xml

2018-04-04 15:40:34 - [TEST_STEP][PASSED] - comment: null

2018-04-04 15:40:34 - [TEST_STEP][PASSED] - comment: 2

2018-04-04 15:40:34 - [TEST_STEP][PASSED] - comment: com.kms.katalon.core.context.internal.InternalTestCaseContext@3e7545e8

2018-04-04 15:40:34 - [TEST_STEP][PASSED] - Statement - rowIndex = com.cct.util.exportExcel.createRerportdetail(wb, rowIndex, testCaseContext): Invoke 'com.kms.katalon.core.annotation.AfterTestCase' method: 'NewTestListener.sampleAfterTestCase(...)' completed.]]></system-out>
         <system-err><![CDATA[2018-04-04 15:39:46 - [TEST_CASE][FAILED] - Test Cases/com/cct/serviceschedule/openschedule/add/FlightNumberFormatFail: Test Cases/com/cct/serviceschedule/openschedule/add/FlightNumberFormatFail FAILED because (of) Unable to get text of object 'Object Repository/com/cct/serviceschedule/openschedule/add/alert message' (Root cause: com.kms.katalon.core.webui.exception.WebElementNotFoundException: Web element with id: 'Object Repository/com/cct/serviceschedule/openschedule/add/alert message' located by 'By.xpath: //td[(text() = 'Flight number cannot be blank.Departure port cannot be blank.Departure date cannot be blank.Departure time cannot be blank.Arrival port cannot be blank.Arrival date cannot be blank.Arrival time cannot be blank.' or . = 'Flight number cannot be blank.Departure port cannot be blank.Departure date cannot be blank.Departure time cannot be blank.Arrival port cannot be blank.Arrival date cannot be blank.Arrival time cannot be blank.')]' not found)]]></system-err>
      </testcase>
      <testcase name="Test Cases/com/cct/serviceschedule/openschedule/add/FlightNumberFormatFail" classname="Test Cases/com/cct/serviceschedule/openschedule/add/FlightNumberFormatFail" status="FAILED">
         <failure type="FAILED" message="Unable to get text of object 'Object Repository/com/cct/serviceschedule/openschedule/add/alert message' (Root cause: com.kms.katalon.core.webui.exception.WebElementNotFoundException: Web element with id: 'Object Repository/com/cct/serviceschedule/openschedule/add/alert message' located by 'By.xpath: //td[(text() = 'Flight number cannot be blank.Departure port cannot be blank.Departure date cannot be blank.Departure time cannot be blank.Arrival port cannot be blank.Arrival date cannot be blank.Arrival time cannot be blank.' or . = 'Flight number cannot be blank.Departure port cannot be blank.Departure date cannot be blank.Departure time cannot be blank.Arrival port cannot be blank.Arrival date cannot be blank.Arrival time cannot be blank.')]' not found)"/>
         <system-out><![CDATA[2018-04-04 15:40:34 - [TEST_CASE][FAILED] - Test Cases/com/cct/serviceschedule/openschedule/add/FlightNumberFormatFail: Test Cases/com/cct/serviceschedule/openschedule/add/FlightNumberFormatFail FAILED because (of) Unable to get text of object 'Object Repository/com/cct/serviceschedule/openschedule/add/alert message' (Root cause: com.kms.katalon.core.webui.exception.WebElementNotFoundException: Web element with id: 'Object Repository/com/cct/serviceschedule/openschedule/add/alert message' located by 'By.xpath: //td[(text() = 'Flight number cannot be blank.Departure port cannot be blank.Departure date cannot be blank.Departure time cannot be blank.Arrival port cannot be blank.Arrival date cannot be blank.Arrival time cannot be blank.' or . = 'Flight number cannot be blank.Departure port cannot be blank.Departure date cannot be blank.Departure time cannot be blank.Arrival port cannot be blank.Arrival date cannot be blank.Arrival time cannot be blank.')]' not found)

2018-04-04 15:40:34 - [TEST_STEP][PASSED] - Start listener action : sampleBeforeTestCase: Invoke 'com.kms.katalon.core.annotation.BeforeTestCase' method: 'NewTestListener.sampleBeforeTestCase(...)' completed.

2018-04-04 15:40:34 - [TEST_STEP][PASSED] - com.cct.common.security.login.Login.loginDefault: com.cct.common.security.login.Login.loginDefault is PASSED

2018-04-04 15:40:34 - [MESSAGE][WARNING] - A browser is already opened. Closing browser and opening a new one

2018-04-04 15:40:39 - [MESSAGE][PASSED] - Browser is opened with url: 'http://10.100.70.87:8080/cp_cambodia/jsp/security/initLogin.action'

2018-04-04 15:40:39 - [MESSAGE][PASSED] - Wait for page load successfully

2018-04-04 15:40:43 - [MESSAGE][PASSED] - Current window maximized

2018-04-04 15:40:43 - [MESSAGE][PASSED] - Text 'N01' is set on object 'Object Repository/com/cct/security/login/login/input_carrierCode'

2018-04-04 15:40:43 - [MESSAGE][PASSED] - Text 'N01001' is set on object 'Object Repository/com/cct/security/login/login/input_username'

2018-04-04 15:40:43 - [MESSAGE][PASSED] - Text 'Nn@1234' is set on object 'Object Repository/com/cct/security/login/login/input_password'

2018-04-04 15:40:44 - [MESSAGE][PASSED] - Object: 'Object Repository/com/cct/security/login/login/button_Log-in' is clicked on

2018-04-04 15:40:45 - [MESSAGE][PASSED] - Delayed 1 second(s)

2018-04-04 15:40:45 - [MESSAGE][PASSED] - com.cct.common.security.login.Login.loginDefault is PASSED

2018-04-04 15:40:45 - [TEST_STEP][PASSED] - com.cct.common.serviceschedule.addopenschedule.AddOpenSchedule.gotoPage: com.cct.common.serviceschedule.addopenschedule.AddOpenSchedule.gotoPage is PASSED

2018-04-04 15:40:46 - [MESSAGE][PASSED] - Object: 'Object Repository/com/cct/security/mainpage/main/input_btnSubmit Manage Schedule and Individual Check-Ins' is clicked on

2018-04-04 15:40:46 - [MESSAGE][PASSED] - Object: 'Object Repository/com/cct/serviceschedule/openschedule/search/button_open new schedule' is clicked on

2018-04-04 15:40:46 - [MESSAGE][PASSED] - Object: 'Object Repository/com/cct/serviceschedule/openschedule/search/button_Open schedule manually' is clicked on

2018-04-04 15:40:47 - [MESSAGE][PASSED] - com.cct.common.serviceschedule.addopenschedule.AddOpenSchedule.gotoPage is PASSED

2018-04-04 15:40:47 - [TEST_STEP][PASSED] - com.cct.common.serviceschedule.addopenschedule.AddOpenSchedule.setValueToInput: com.cct.common.serviceschedule.addopenschedule.AddOpenSchedule.setValueToInput is PASSED

2018-04-04 15:40:47 - [MESSAGE][PASSED] - Text '1234A' is set on object 'Object Repository/com/cct/serviceschedule/openschedule/add/input_openScManual.serviceNumb'

2018-04-04 15:40:47 - [MESSAGE][PASSED] - Text '' is set on object 'Object Repository/com/cct/serviceschedule/openschedule/add/input_autocompleteDepturePortN'

2018-04-04 15:40:48 - [MESSAGE][PASSED] - Delayed 1 second(s)

2018-04-04 15:40:48 - [MESSAGE][PASSED] - Text '' is set on object 'Object Repository/com/cct/serviceschedule/openschedule/add/input_autocompleteArrivalPortN'

2018-04-04 15:40:49 - [MESSAGE][PASSED] - Delayed 1 second(s)

2018-04-04 15:40:49 - [MESSAGE][PASSED] - Keys 'CONTROL + a' sent to object: 'Object Repository/com/cct/serviceschedule/openschedule/add/input_openScManual_depDate_dd_'

2018-04-04 15:40:49 - [MESSAGE][PASSED] - Keys 'CONTROL + a' sent to object: 'Object Repository/com/cct/serviceschedule/openschedule/add/input_openScManual_arrDate_dd_'

2018-04-04 15:40:49 - [MESSAGE][PASSED] - Keys 'CONTROL + a' sent to object: 'Object Repository/com/cct/serviceschedule/openschedule/add/input_openScManual_arrTime_hh_'

2018-04-04 15:40:49 - [MESSAGE][PASSED] - Keys 'CONTROL + a' sent to object: 'Object Repository/com/cct/serviceschedule/openschedule/add/input_openScManual_depTime_hh_'

2018-04-04 15:40:50 - [MESSAGE][PASSED] - Delayed 1 second(s)

2018-04-04 15:40:50 - [MESSAGE][PASSED] - com.cct.common.serviceschedule.addopenschedule.AddOpenSchedule.setValueToInput is PASSED

2018-04-04 15:40:50 - [TEST_STEP][PASSED] - click: Object: 'Object Repository/com/cct/serviceschedule/openschedule/add/button_Open' is clicked on

2018-04-04 15:40:50 - [MESSAGE][PASSED] - Object: 'Object Repository/com/cct/serviceschedule/openschedule/add/button_Open' is clicked on

2018-04-04 15:40:50 - [TEST_STEP][FAILED] - com.cct.util.Verify.isConTrainsText: Unable to get text of object 'Object Repository/com/cct/serviceschedule/openschedule/add/alert message' (Root cause: com.kms.katalon.core.webui.exception.WebElementNotFoundException: Web element with id: 'Object Repository/com/cct/serviceschedule/openschedule/add/alert message' located by 'By.xpath: //td[(text() = 'Flight number cannot be blank.Departure port cannot be blank.Departure date cannot be blank.Departure time cannot be blank.Arrival port cannot be blank.Arrival date cannot be blank.Arrival time cannot be blank.' or . = 'Flight number cannot be blank.Departure port cannot be blank.Departure date cannot be blank.Departure time cannot be blank.Arrival port cannot be blank.Arrival date cannot be blank.Arrival time cannot be blank.')]' not found)

2018-04-04 15:41:22 - [MESSAGE][FAILED] - Unable to get text of object 'Object Repository/com/cct/serviceschedule/openschedule/add/alert message' (Root cause: com.kms.katalon.core.webui.exception.WebElementNotFoundException: Web element with id: 'Object Repository/com/cct/serviceschedule/openschedule/add/alert message' located by 'By.xpath: //td[(text() = 'Flight number cannot be blank.Departure port cannot be blank.Departure date cannot be blank.Departure time cannot be blank.Arrival port cannot be blank.Arrival date cannot be blank.Arrival time cannot be blank.' or . = 'Flight number cannot be blank.Departure port cannot be blank.Departure date cannot be blank.Departure time cannot be blank.Arrival port cannot be blank.Arrival date cannot be blank.Arrival time cannot be blank.')]' not found)
[[ATTACHMENT|D:\\Demo\\Katalon-Demo\\Reports\\com\\cct\\serviceschdule\\add\\addOpenSchedule\\20180404_153853\\1522831282206.png]]

2018-04-04 15:41:22 - [MESSAGE][FAILED] - Unable to get text of object 'Object Repository/com/cct/serviceschedule/openschedule/add/alert message' (Root cause: com.kms.katalon.core.webui.exception.WebElementNotFoundException: Web element with id: 'Object Repository/com/cct/serviceschedule/openschedule/add/alert message' located by 'By.xpath: //td[(text() = 'Flight number cannot be blank.Departure port cannot be blank.Departure date cannot be blank.Departure time cannot be blank.Arrival port cannot be blank.Arrival date cannot be blank.Arrival time cannot be blank.' or . = 'Flight number cannot be blank.Departure port cannot be blank.Departure date cannot be blank.Departure time cannot be blank.Arrival port cannot be blank.Arrival date cannot be blank.Arrival time cannot be blank.')]' not found)

2018-04-04 15:41:22 - [TEST_STEP][PASSED] - Start listener action : sampleAfterTestCase: Invoke 'com.kms.katalon.core.annotation.AfterTestCase' method: 'NewTestListener.sampleAfterTestCase(...)' completed.

2018-04-04 15:41:22 - [TEST_STEP][PASSED] - comment: Name: /xl/workbook.xml - Content Type: application/vnd.openxmlformats-officedocument.spreadsheetml.sheet.main+xml

2018-04-04 15:41:22 - [TEST_STEP][PASSED] - comment: null

2018-04-04 15:41:22 - [TEST_STEP][PASSED] - comment: 3

2018-04-04 15:41:22 - [TEST_STEP][PASSED] - comment: com.kms.katalon.core.context.internal.InternalTestCaseContext@4248e66b

2018-04-04 15:41:22 - [TEST_STEP][PASSED] - Statement - rowIndex = com.cct.util.exportExcel.createRerportdetail(wb, rowIndex, testCaseContext): Invoke 'com.kms.katalon.core.annotation.AfterTestCase' method: 'NewTestListener.sampleAfterTestCase(...)' completed.]]></system-out>
         <system-err><![CDATA[2018-04-04 15:40:34 - [TEST_CASE][FAILED] - Test Cases/com/cct/serviceschedule/openschedule/add/FlightNumberFormatFail: Test Cases/com/cct/serviceschedule/openschedule/add/FlightNumberFormatFail FAILED because (of) Unable to get text of object 'Object Repository/com/cct/serviceschedule/openschedule/add/alert message' (Root cause: com.kms.katalon.core.webui.exception.WebElementNotFoundException: Web element with id: 'Object Repository/com/cct/serviceschedule/openschedule/add/alert message' located by 'By.xpath: //td[(text() = 'Flight number cannot be blank.Departure port cannot be blank.Departure date cannot be blank.Departure time cannot be blank.Arrival port cannot be blank.Arrival date cannot be blank.Arrival time cannot be blank.' or . = 'Flight number cannot be blank.Departure port cannot be blank.Departure date cannot be blank.Departure time cannot be blank.Arrival port cannot be blank.Arrival date cannot be blank.Arrival time cannot be blank.')]' not found)]]></system-err>
      </testcase>
      <testcase name="Test Cases/com/cct/serviceschedule/openschedule/add/FlightNumberFormatTrue" classname="Test Cases/com/cct/serviceschedule/openschedule/add/FlightNumberFormatTrue" status="FAILED">
         <failure type="FAILED" message="Unable to get text of object 'Object Repository/com/cct/serviceschedule/openschedule/add/alert message' (Root cause: com.kms.katalon.core.webui.exception.WebElementNotFoundException: Web element with id: 'Object Repository/com/cct/serviceschedule/openschedule/add/alert message' located by 'By.xpath: //td[(text() = 'Flight number cannot be blank.Departure port cannot be blank.Departure date cannot be blank.Departure time cannot be blank.Arrival port cannot be blank.Arrival date cannot be blank.Arrival time cannot be blank.' or . = 'Flight number cannot be blank.Departure port cannot be blank.Departure date cannot be blank.Departure time cannot be blank.Arrival port cannot be blank.Arrival date cannot be blank.Arrival time cannot be blank.')]' not found)"/>
         <system-out><![CDATA[2018-04-04 15:41:22 - [TEST_CASE][FAILED] - Test Cases/com/cct/serviceschedule/openschedule/add/FlightNumberFormatTrue: Test Cases/com/cct/serviceschedule/openschedule/add/FlightNumberFormatTrue FAILED because (of) Unable to get text of object 'Object Repository/com/cct/serviceschedule/openschedule/add/alert message' (Root cause: com.kms.katalon.core.webui.exception.WebElementNotFoundException: Web element with id: 'Object Repository/com/cct/serviceschedule/openschedule/add/alert message' located by 'By.xpath: //td[(text() = 'Flight number cannot be blank.Departure port cannot be blank.Departure date cannot be blank.Departure time cannot be blank.Arrival port cannot be blank.Arrival date cannot be blank.Arrival time cannot be blank.' or . = 'Flight number cannot be blank.Departure port cannot be blank.Departure date cannot be blank.Departure time cannot be blank.Arrival port cannot be blank.Arrival date cannot be blank.Arrival time cannot be blank.')]' not found)

2018-04-04 15:41:22 - [TEST_STEP][PASSED] - Start listener action : sampleBeforeTestCase: Invoke 'com.kms.katalon.core.annotation.BeforeTestCase' method: 'NewTestListener.sampleBeforeTestCase(...)' completed.

2018-04-04 15:41:22 - [TEST_STEP][PASSED] - com.cct.common.security.login.Login.loginDefault: com.cct.common.security.login.Login.loginDefault is PASSED

2018-04-04 15:41:22 - [MESSAGE][WARNING] - A browser is already opened. Closing browser and opening a new one

2018-04-04 15:41:28 - [MESSAGE][PASSED] - Browser is opened with url: 'http://10.100.70.87:8080/cp_cambodia/jsp/security/initLogin.action'

2018-04-04 15:41:28 - [MESSAGE][PASSED] - Wait for page load successfully

2018-04-04 15:41:31 - [MESSAGE][PASSED] - Current window maximized

2018-04-04 15:41:31 - [MESSAGE][PASSED] - Text 'N01' is set on object 'Object Repository/com/cct/security/login/login/input_carrierCode'

2018-04-04 15:41:31 - [MESSAGE][PASSED] - Text 'N01001' is set on object 'Object Repository/com/cct/security/login/login/input_username'

2018-04-04 15:41:31 - [MESSAGE][PASSED] - Text 'Nn@1234' is set on object 'Object Repository/com/cct/security/login/login/input_password'

2018-04-04 15:41:32 - [MESSAGE][PASSED] - Object: 'Object Repository/com/cct/security/login/login/button_Log-in' is clicked on

2018-04-04 15:41:33 - [MESSAGE][PASSED] - Delayed 1 second(s)

2018-04-04 15:41:33 - [MESSAGE][PASSED] - com.cct.common.security.login.Login.loginDefault is PASSED

2018-04-04 15:41:33 - [TEST_STEP][PASSED] - com.cct.common.serviceschedule.addopenschedule.AddOpenSchedule.gotoPage: com.cct.common.serviceschedule.addopenschedule.AddOpenSchedule.gotoPage is PASSED

2018-04-04 15:41:34 - [MESSAGE][PASSED] - Object: 'Object Repository/com/cct/security/mainpage/main/input_btnSubmit Manage Schedule and Individual Check-Ins' is clicked on

2018-04-04 15:41:34 - [MESSAGE][PASSED] - Object: 'Object Repository/com/cct/serviceschedule/openschedule/search/button_open new schedule' is clicked on

2018-04-04 15:41:35 - [MESSAGE][PASSED] - Object: 'Object Repository/com/cct/serviceschedule/openschedule/search/button_Open schedule manually' is clicked on

2018-04-04 15:41:35 - [MESSAGE][PASSED] - com.cct.common.serviceschedule.addopenschedule.AddOpenSchedule.gotoPage is PASSED

2018-04-04 15:41:35 - [TEST_STEP][PASSED] - com.cct.common.serviceschedule.addopenschedule.AddOpenSchedule.setValueToInput: com.cct.common.serviceschedule.addopenschedule.AddOpenSchedule.setValueToInput is PASSED

2018-04-04 15:41:35 - [MESSAGE][PASSED] - Text 'dsadsad' is set on object 'Object Repository/com/cct/serviceschedule/openschedule/add/input_openScManual.serviceNumb'

2018-04-04 15:41:35 - [MESSAGE][PASSED] - Text 'BBK' is set on object 'Object Repository/com/cct/serviceschedule/openschedule/add/input_autocompleteDepturePortN'

2018-04-04 15:41:36 - [MESSAGE][PASSED] - Delayed 1 second(s)

2018-04-04 15:41:36 - [MESSAGE][PASSED] - Text 'QAA' is set on object 'Object Repository/com/cct/serviceschedule/openschedule/add/input_autocompleteArrivalPortN'

2018-04-04 15:41:37 - [MESSAGE][PASSED] - Delayed 1 second(s)

2018-04-04 15:41:37 - [MESSAGE][PASSED] - Keys 'CONTROL + a' sent to object: 'Object Repository/com/cct/serviceschedule/openschedule/add/input_openScManual_depDate_dd_'

2018-04-04 15:41:37 - [MESSAGE][PASSED] - Keys 'CONTROL + a' sent to object: 'Object Repository/com/cct/serviceschedule/openschedule/add/input_openScManual_arrDate_dd_'

2018-04-04 15:41:38 - [MESSAGE][PASSED] - Keys 'CONTROL + a' sent to object: 'Object Repository/com/cct/serviceschedule/openschedule/add/input_openScManual_arrTime_hh_'

2018-04-04 15:41:38 - [MESSAGE][PASSED] - Keys 'CONTROL + a' sent to object: 'Object Repository/com/cct/serviceschedule/openschedule/add/input_openScManual_depTime_hh_'

2018-04-04 15:41:39 - [MESSAGE][PASSED] - Delayed 1 second(s)

2018-04-04 15:41:39 - [MESSAGE][PASSED] - com.cct.common.serviceschedule.addopenschedule.AddOpenSchedule.setValueToInput is PASSED

2018-04-04 15:41:39 - [TEST_STEP][PASSED] - click: Object: 'Object Repository/com/cct/serviceschedule/openschedule/add/button_Open' is clicked on

2018-04-04 15:41:39 - [MESSAGE][PASSED] - Object: 'Object Repository/com/cct/serviceschedule/openschedule/add/button_Open' is clicked on

2018-04-04 15:41:39 - [TEST_STEP][FAILED] - com.cct.util.Verify.notConTrainsText: Unable to get text of object 'Object Repository/com/cct/serviceschedule/openschedule/add/alert message' (Root cause: com.kms.katalon.core.webui.exception.WebElementNotFoundException: Web element with id: 'Object Repository/com/cct/serviceschedule/openschedule/add/alert message' located by 'By.xpath: //td[(text() = 'Flight number cannot be blank.Departure port cannot be blank.Departure date cannot be blank.Departure time cannot be blank.Arrival port cannot be blank.Arrival date cannot be blank.Arrival time cannot be blank.' or . = 'Flight number cannot be blank.Departure port cannot be blank.Departure date cannot be blank.Departure time cannot be blank.Arrival port cannot be blank.Arrival date cannot be blank.Arrival time cannot be blank.')]' not found)

2018-04-04 15:42:10 - [MESSAGE][FAILED] - Unable to get text of object 'Object Repository/com/cct/serviceschedule/openschedule/add/alert message' (Root cause: com.kms.katalon.core.webui.exception.WebElementNotFoundException: Web element with id: 'Object Repository/com/cct/serviceschedule/openschedule/add/alert message' located by 'By.xpath: //td[(text() = 'Flight number cannot be blank.Departure port cannot be blank.Departure date cannot be blank.Departure time cannot be blank.Arrival port cannot be blank.Arrival date cannot be blank.Arrival time cannot be blank.' or . = 'Flight number cannot be blank.Departure port cannot be blank.Departure date cannot be blank.Departure time cannot be blank.Arrival port cannot be blank.Arrival date cannot be blank.Arrival time cannot be blank.')]' not found)
[[ATTACHMENT|D:\\Demo\\Katalon-Demo\\Reports\\com\\cct\\serviceschdule\\add\\addOpenSchedule\\20180404_153853\\1522831330525.png]]

2018-04-04 15:42:10 - [MESSAGE][FAILED] - Unable to get text of object 'Object Repository/com/cct/serviceschedule/openschedule/add/alert message' (Root cause: com.kms.katalon.core.webui.exception.WebElementNotFoundException: Web element with id: 'Object Repository/com/cct/serviceschedule/openschedule/add/alert message' located by 'By.xpath: //td[(text() = 'Flight number cannot be blank.Departure port cannot be blank.Departure date cannot be blank.Departure time cannot be blank.Arrival port cannot be blank.Arrival date cannot be blank.Arrival time cannot be blank.' or . = 'Flight number cannot be blank.Departure port cannot be blank.Departure date cannot be blank.Departure time cannot be blank.Arrival port cannot be blank.Arrival date cannot be blank.Arrival time cannot be blank.')]' not found)

2018-04-04 15:42:10 - [TEST_STEP][PASSED] - Start listener action : sampleAfterTestCase: Invoke 'com.kms.katalon.core.annotation.AfterTestCase' method: 'NewTestListener.sampleAfterTestCase(...)' completed.

2018-04-04 15:42:10 - [TEST_STEP][PASSED] - comment: Name: /xl/workbook.xml - Content Type: application/vnd.openxmlformats-officedocument.spreadsheetml.sheet.main+xml

2018-04-04 15:42:10 - [TEST_STEP][PASSED] - comment: null

2018-04-04 15:42:10 - [TEST_STEP][PASSED] - comment: 4

2018-04-04 15:42:10 - [TEST_STEP][PASSED] - comment: com.kms.katalon.core.context.internal.InternalTestCaseContext@736048ed

2018-04-04 15:42:10 - [TEST_STEP][PASSED] - Statement - rowIndex = com.cct.util.exportExcel.createRerportdetail(wb, rowIndex, testCaseContext): Invoke 'com.kms.katalon.core.annotation.AfterTestCase' method: 'NewTestListener.sampleAfterTestCase(...)' completed.]]></system-out>
         <system-err><![CDATA[2018-04-04 15:41:22 - [TEST_CASE][FAILED] - Test Cases/com/cct/serviceschedule/openschedule/add/FlightNumberFormatTrue: Test Cases/com/cct/serviceschedule/openschedule/add/FlightNumberFormatTrue FAILED because (of) Unable to get text of object 'Object Repository/com/cct/serviceschedule/openschedule/add/alert message' (Root cause: com.kms.katalon.core.webui.exception.WebElementNotFoundException: Web element with id: 'Object Repository/com/cct/serviceschedule/openschedule/add/alert message' located by 'By.xpath: //td[(text() = 'Flight number cannot be blank.Departure port cannot be blank.Departure date cannot be blank.Departure time cannot be blank.Arrival port cannot be blank.Arrival date cannot be blank.Arrival time cannot be blank.' or . = 'Flight number cannot be blank.Departure port cannot be blank.Departure date cannot be blank.Departure time cannot be blank.Arrival port cannot be blank.Arrival date cannot be blank.Arrival time cannot be blank.')]' not found)]]></system-err>
      </testcase>
      <system-out><![CDATA[2018-04-04 15:38:55 - [TEST_SUITE][FAILED] - addOpenSchedule: Test Cases/com/cct/serviceschedule/openschedule/add/FlightNumberFormatFail FAILED because (of) Unable to get text of object 'Object Repository/com/cct/serviceschedule/openschedule/add/alert message' (Root cause: com.kms.katalon.core.webui.exception.WebElementNotFoundException: Web element with id: 'Object Repository/com/cct/serviceschedule/openschedule/add/alert message' located by 'By.xpath: //td[(text() = 'Flight number cannot be blank.Departure port cannot be blank.Departure date cannot be blank.Departure time cannot be blank.Arrival port cannot be blank.Arrival date cannot be blank.Arrival time cannot be blank.' or . = 'Flight number cannot be blank.Departure port cannot be blank.Departure date cannot be blank.Departure time cannot be blank.Arrival port cannot be blank.Arrival date cannot be blank.Arrival time cannot be blank.')]' not found)]]></system-out>
      <system-err><![CDATA[2018-04-04 15:38:55 - [TEST_SUITE][FAILED] - addOpenSchedule: Test Cases/com/cct/serviceschedule/openschedule/add/FlightNumberFormatFail FAILED because (of) Unable to get text of object 'Object Repository/com/cct/serviceschedule/openschedule/add/alert message' (Root cause: com.kms.katalon.core.webui.exception.WebElementNotFoundException: Web element with id: 'Object Repository/com/cct/serviceschedule/openschedule/add/alert message' located by 'By.xpath: //td[(text() = 'Flight number cannot be blank.Departure port cannot be blank.Departure date cannot be blank.Departure time cannot be blank.Arrival port cannot be blank.Arrival date cannot be blank.Arrival time cannot be blank.' or . = 'Flight number cannot be blank.Departure port cannot be blank.Departure date cannot be blank.Departure time cannot be blank.Arrival port cannot be blank.Arrival date cannot be blank.Arrival time cannot be blank.')]' not found)]]></system-err>
   </testsuite>
</testsuites>
