<?xml version="1.0" encoding="UTF-8"?>
<testsuites name="addOpenSchedule" time="138" tests="15" failures="3" errors="0">
   <testsuite name="addOpenSchedule" tests="15" failures="3" errors="0" time="138" timestamp="2018-04-11 10:13:03" hostname="PG-Adul - PG-Adul.mshome.net" id="Test Suites/serviceschdule/add/addOpenSchedule">
      <properties>
         <property name="deviceName" value=""/>
         <property name="devicePlatform" value=""/>
         <property name="logFolder" value="D:\\Demo\\Katalon-Demo\\Reports\\serviceschdule\\add\\addOpenSchedule\\20180411_101301"/>
         <property name="logFiles" value="D:\\Demo\\Katalon-Demo\\Reports\\serviceschdule\\add\\addOpenSchedule\\20180411_101301\\execution0.log"/>
         <property name="attachments" value="D:\\Demo\\Katalon-Demo\\Reports\\serviceschdule\\add\\addOpenSchedule\\20180411_101301\\D:/testreport/addOpenSchedule/addOpenSchedule_11042018101304/TEST-ID-16.png, D:\\Demo\\Katalon-Demo\\Reports\\serviceschdule\\add\\addOpenSchedule\\20180411_101301\\D:/testreport/addOpenSchedule/addOpenSchedule_11042018101304/TEST-ID-18.png, D:\\Demo\\Katalon-Demo\\Reports\\serviceschdule\\add\\addOpenSchedule\\20180411_101301\\D:/testreport/addOpenSchedule/addOpenSchedule_11042018101304/TEST-ID-19.png"/>
         <property name="hostName" value="PG-Adul - PG-Adul.mshome.net"/>
         <property name="os" value="Windows 10 64bit"/>
         <property name="katalonVersion" value="5.3.1.1"/>
         <property name="browser" value="Firefox 58.0"/>
         <property name="hostAddress" value="172.27.98.17"/>
         <property name="sessionId" value="c3c2cac8-b15f-4892-b60d-b3f72b63a875"/>
         <property name="seleniumVersion" value="3.7.1"/>
         <property name="proxyInformation" value="ProxyInformation{proxyOption=NO_PROXY, proxyServerType=HTTP, password=, proxyServerAddress=, proxyServerPort=0}"/>
         <property name="platform" value="Windows 10"/>
      </properties>
      <testcase name="Test Cases/serviceschedule/openschedule/add/FlightNumberFormatFail" classname="Test Cases/serviceschedule/openschedule/add/FlightNumberFormatFail" status="PASSED">
         <system-out><![CDATA[2018-04-11 10:13:19 - [TEST_CASE][PASSED] - Test Cases/serviceschedule/openschedule/add/FlightNumberFormatFail: Invoke 'com.kms.katalon.core.annotation.AfterTestCase' method: 'CustimeListener.sampleAfterTestCase(...)' completed.

2018-04-11 10:13:19 - [TEST_STEP][PASSED] - Start listener action : sampleBeforeTestCase: Invoke 'com.kms.katalon.core.annotation.BeforeTestCase' method: 'CustimeListener.sampleBeforeTestCase(...)' completed.

2018-04-11 10:13:19 - [TEST_STEP][PASSED] - common.serviceschedule.addopenschedule.AddOpenSchedule.gotoPage: common.serviceschedule.addopenschedule.AddOpenSchedule.gotoPage is PASSED

2018-04-11 10:13:20 - [MESSAGE][PASSED] - Navigate to 'http://10.100.70.87:8080/cp_cambodia/jsp/serviceschedule/gotoAddOpenSchedule.action' successfully

2018-04-11 10:13:20 - [MESSAGE][PASSED] - common.serviceschedule.addopenschedule.AddOpenSchedule.gotoPage is PASSED

2018-04-11 10:13:20 - [TEST_STEP][PASSED] - common.serviceschedule.addopenschedule.AddOpenSchedule.setValueToInput: common.serviceschedule.addopenschedule.AddOpenSchedule.setValueToInput is PASSED

2018-04-11 10:13:20 - [MESSAGE][PASSED] - Text 'dsadsad' is set on object 'Object Repository/serviceschedule/openschedule/add/input_openScManual.serviceNumb'

2018-04-11 10:13:20 - [MESSAGE][PASSED] - Object 'Object Repository/serviceschedule/openschedule/add/span_Arrival' is visible

2018-04-11 10:13:20 - [MESSAGE][PASSED] - Object: 'Object Repository/serviceschedule/openschedule/add/span_Arrival' is clicked on

2018-04-11 10:13:20 - [MESSAGE][PASSED] - Object 'Object Repository/serviceschedule/openschedule/add/ul_ArrivalDeparture' is visible

2018-04-11 10:13:22 - [MESSAGE][PASSED] - Delayed 1 second(s)

2018-04-11 10:13:22 - [MESSAGE][PASSED] - Text 'BBK' is set on object 'Object Repository/serviceschedule/openschedule/add/input_autocompleteDepturePortN'

2018-04-11 10:13:23 - [MESSAGE][PASSED] - Delayed 1 second(s)

2018-04-11 10:13:23 - [MESSAGE][PASSED] - Text 'QAA' is set on object 'Object Repository/serviceschedule/openschedule/add/input_autocompleteArrivalPortN'

2018-04-11 10:13:24 - [MESSAGE][PASSED] - Delayed 1 second(s)

2018-04-11 10:13:24 - [MESSAGE][PASSED] - Keys 'CONTROL + a' sent to object: 'Object Repository/serviceschedule/openschedule/add/input_openScManual_depDate_dd_'

2018-04-11 10:13:25 - [MESSAGE][PASSED] - Keys 'CONTROL + a' sent to object: 'Object Repository/serviceschedule/openschedule/add/input_openScManual_arrDate_dd_'

2018-04-11 10:13:25 - [MESSAGE][PASSED] - Keys 'CONTROL + a' sent to object: 'Object Repository/serviceschedule/openschedule/add/input_openScManual_arrTime_hh_'

2018-04-11 10:13:25 - [MESSAGE][PASSED] - Keys 'CONTROL + a' sent to object: 'Object Repository/serviceschedule/openschedule/add/input_openScManual_depTime_hh_'

2018-04-11 10:13:26 - [MESSAGE][PASSED] - Delayed 1 second(s)

2018-04-11 10:13:26 - [MESSAGE][PASSED] - common.serviceschedule.addopenschedule.AddOpenSchedule.setValueToInput is PASSED

2018-04-11 10:13:26 - [TEST_STEP][PASSED] - click: Object: 'Object Repository/serviceschedule/openschedule/add/button_Open' is clicked on

2018-04-11 10:13:26 - [MESSAGE][PASSED] - Object: 'Object Repository/serviceschedule/openschedule/add/button_Open' is clicked on

2018-04-11 10:13:26 - [TEST_STEP][PASSED] - util.Verify.isConTrainsText: Pass, Object is Contains Text.

2018-04-11 10:13:26 - [MESSAGE][PASSED] - Object 'Object Repository/serviceschedule/openschedule/add/alert message' is visible

2018-04-11 10:13:26 - [MESSAGE][PASSED] - Text of object 'Object Repository/serviceschedule/openschedule/add/alert message' is: 'Invalid flight number. Must in the format AA(X)NNNN(X) where : ‘AA’ will be IATA CODE, ‘(X)’ is optional alphabet and ‘N is mandatory numeric.'

2018-04-11 10:13:26 - [MESSAGE][PASSED] - Pass, Object is Contains Text.

2018-04-11 10:13:26 - [TEST_STEP][PASSED] - Start listener action : sampleAfterTestCase: Invoke 'com.kms.katalon.core.annotation.AfterTestCase' method: 'CustimeListener.sampleAfterTestCase(...)' completed.

2018-04-11 10:13:26 - [TEST_STEP][PASSED] - comment: Name: /xl/workbook.xml - Content Type: application/vnd.openxmlformats-officedocument.spreadsheetml.sheet.main+xml

2018-04-11 10:13:26 - [TEST_STEP][PASSED] - comment: null

2018-04-11 10:13:26 - [TEST_STEP][PASSED] - comment: 1

2018-04-11 10:13:26 - [TEST_STEP][PASSED] - comment: com.kms.katalon.core.context.internal.InternalTestCaseContext@460510aa

2018-04-11 10:13:26 - [TEST_STEP][PASSED] - Statement - rowIndex = util.exportExcel.createRerportdetail(wb, rowIndex, testCaseContext): Invoke 'com.kms.katalon.core.annotation.AfterTestCase' method: 'CustimeListener.sampleAfterTestCase(...)' completed.]]></system-out>
         <system-err><![CDATA[]]></system-err>
      </testcase>
      <testcase name="Test Cases/serviceschedule/openschedule/add/FlightNumberFormatTrue" classname="Test Cases/serviceschedule/openschedule/add/FlightNumberFormatTrue" status="PASSED">
         <system-out><![CDATA[2018-04-11 10:13:26 - [TEST_CASE][PASSED] - Test Cases/serviceschedule/openschedule/add/FlightNumberFormatTrue: Invoke 'com.kms.katalon.core.annotation.AfterTestCase' method: 'CustimeListener.sampleAfterTestCase(...)' completed.

2018-04-11 10:13:27 - [TEST_STEP][PASSED] - Start listener action : sampleBeforeTestCase: Invoke 'com.kms.katalon.core.annotation.BeforeTestCase' method: 'CustimeListener.sampleBeforeTestCase(...)' completed.

2018-04-11 10:13:27 - [TEST_STEP][PASSED] - common.serviceschedule.addopenschedule.AddOpenSchedule.gotoPage: common.serviceschedule.addopenschedule.AddOpenSchedule.gotoPage is PASSED

2018-04-11 10:13:27 - [MESSAGE][PASSED] - Navigate to 'http://10.100.70.87:8080/cp_cambodia/jsp/serviceschedule/gotoAddOpenSchedule.action' successfully

2018-04-11 10:13:27 - [MESSAGE][PASSED] - common.serviceschedule.addopenschedule.AddOpenSchedule.gotoPage is PASSED

2018-04-11 10:13:27 - [TEST_STEP][PASSED] - common.serviceschedule.addopenschedule.AddOpenSchedule.setValueToInput: common.serviceschedule.addopenschedule.AddOpenSchedule.setValueToInput is PASSED

2018-04-11 10:13:27 - [MESSAGE][PASSED] - Text 'A1234A' is set on object 'Object Repository/serviceschedule/openschedule/add/input_openScManual.serviceNumb'

2018-04-11 10:13:28 - [MESSAGE][PASSED] - Object 'Object Repository/serviceschedule/openschedule/add/span_Arrival' is visible

2018-04-11 10:13:28 - [MESSAGE][PASSED] - Object: 'Object Repository/serviceschedule/openschedule/add/span_Arrival' is clicked on

2018-04-11 10:13:28 - [MESSAGE][PASSED] - Object 'Object Repository/serviceschedule/openschedule/add/ul_ArrivalDeparture' is visible

2018-04-11 10:13:29 - [MESSAGE][PASSED] - Delayed 1 second(s)

2018-04-11 10:13:29 - [MESSAGE][PASSED] - Text '' is set on object 'Object Repository/serviceschedule/openschedule/add/input_autocompleteDepturePortN'

2018-04-11 10:13:30 - [MESSAGE][PASSED] - Delayed 1 second(s)

2018-04-11 10:13:31 - [MESSAGE][PASSED] - Text '' is set on object 'Object Repository/serviceschedule/openschedule/add/input_autocompleteArrivalPortN'

2018-04-11 10:13:32 - [MESSAGE][PASSED] - Delayed 1 second(s)

2018-04-11 10:13:32 - [MESSAGE][PASSED] - Keys 'CONTROL + a' sent to object: 'Object Repository/serviceschedule/openschedule/add/input_openScManual_depDate_dd_'

2018-04-11 10:13:32 - [MESSAGE][PASSED] - Keys 'CONTROL + a' sent to object: 'Object Repository/serviceschedule/openschedule/add/input_openScManual_arrDate_dd_'

2018-04-11 10:13:32 - [MESSAGE][PASSED] - Keys 'CONTROL + a' sent to object: 'Object Repository/serviceschedule/openschedule/add/input_openScManual_arrTime_hh_'

2018-04-11 10:13:32 - [MESSAGE][PASSED] - Keys 'CONTROL + a' sent to object: 'Object Repository/serviceschedule/openschedule/add/input_openScManual_depTime_hh_'

2018-04-11 10:13:33 - [MESSAGE][PASSED] - Delayed 1 second(s)

2018-04-11 10:13:33 - [MESSAGE][PASSED] - common.serviceschedule.addopenschedule.AddOpenSchedule.setValueToInput is PASSED

2018-04-11 10:13:33 - [TEST_STEP][PASSED] - click: Object: 'Object Repository/serviceschedule/openschedule/add/button_Open' is clicked on

2018-04-11 10:13:33 - [MESSAGE][PASSED] - Object: 'Object Repository/serviceschedule/openschedule/add/button_Open' is clicked on

2018-04-11 10:13:33 - [TEST_STEP][PASSED] - util.Verify.notConTrainsText: Pass, Object is not Contains Text.

2018-04-11 10:13:33 - [MESSAGE][PASSED] - Object 'Object Repository/serviceschedule/openschedule/add/alert message' is visible

2018-04-11 10:13:34 - [MESSAGE][PASSED] - Text of object 'Object Repository/serviceschedule/openschedule/add/alert message' is: 'Departure port cannot be blank.
Departure date cannot be blank.
Departure time cannot be blank.
Arrival port cannot be blank.
Arrival date cannot be blank.
Arrival time cannot be blank.'

2018-04-11 10:13:34 - [MESSAGE][PASSED] - Pass, Object is not Contains Text.

2018-04-11 10:13:34 - [TEST_STEP][PASSED] - Start listener action : sampleAfterTestCase: Invoke 'com.kms.katalon.core.annotation.AfterTestCase' method: 'CustimeListener.sampleAfterTestCase(...)' completed.

2018-04-11 10:13:34 - [TEST_STEP][PASSED] - comment: Name: /xl/workbook.xml - Content Type: application/vnd.openxmlformats-officedocument.spreadsheetml.sheet.main+xml

2018-04-11 10:13:34 - [TEST_STEP][PASSED] - comment: null

2018-04-11 10:13:34 - [TEST_STEP][PASSED] - comment: 2

2018-04-11 10:13:34 - [TEST_STEP][PASSED] - comment: com.kms.katalon.core.context.internal.InternalTestCaseContext@69e49a81

2018-04-11 10:13:34 - [TEST_STEP][PASSED] - Statement - rowIndex = util.exportExcel.createRerportdetail(wb, rowIndex, testCaseContext): Invoke 'com.kms.katalon.core.annotation.AfterTestCase' method: 'CustimeListener.sampleAfterTestCase(...)' completed.]]></system-out>
         <system-err><![CDATA[]]></system-err>
      </testcase>
      <testcase name="Test Cases/serviceschedule/openschedule/add/FlightNumberFormatTrue" classname="Test Cases/serviceschedule/openschedule/add/FlightNumberFormatTrue" status="PASSED">
         <system-out><![CDATA[2018-04-11 10:13:34 - [TEST_CASE][PASSED] - Test Cases/serviceschedule/openschedule/add/FlightNumberFormatTrue: Invoke 'com.kms.katalon.core.annotation.AfterTestCase' method: 'CustimeListener.sampleAfterTestCase(...)' completed.

2018-04-11 10:13:34 - [TEST_STEP][PASSED] - Start listener action : sampleBeforeTestCase: Invoke 'com.kms.katalon.core.annotation.BeforeTestCase' method: 'CustimeListener.sampleBeforeTestCase(...)' completed.

2018-04-11 10:13:34 - [TEST_STEP][PASSED] - common.serviceschedule.addopenschedule.AddOpenSchedule.gotoPage: common.serviceschedule.addopenschedule.AddOpenSchedule.gotoPage is PASSED

2018-04-11 10:13:34 - [MESSAGE][PASSED] - Navigate to 'http://10.100.70.87:8080/cp_cambodia/jsp/serviceschedule/gotoAddOpenSchedule.action' successfully

2018-04-11 10:13:34 - [MESSAGE][PASSED] - common.serviceschedule.addopenschedule.AddOpenSchedule.gotoPage is PASSED

2018-04-11 10:13:34 - [TEST_STEP][PASSED] - common.serviceschedule.addopenschedule.AddOpenSchedule.setValueToInput: common.serviceschedule.addopenschedule.AddOpenSchedule.setValueToInput is PASSED

2018-04-11 10:13:34 - [MESSAGE][PASSED] - Text '1234' is set on object 'Object Repository/serviceschedule/openschedule/add/input_openScManual.serviceNumb'

2018-04-11 10:13:34 - [MESSAGE][PASSED] - Object 'Object Repository/serviceschedule/openschedule/add/span_Arrival' is visible

2018-04-11 10:13:34 - [MESSAGE][PASSED] - Object: 'Object Repository/serviceschedule/openschedule/add/span_Arrival' is clicked on

2018-04-11 10:13:34 - [MESSAGE][PASSED] - Object 'Object Repository/serviceschedule/openschedule/add/ul_ArrivalDeparture' is visible

2018-04-11 10:13:36 - [MESSAGE][PASSED] - Delayed 1 second(s)

2018-04-11 10:13:36 - [MESSAGE][PASSED] - Text '' is set on object 'Object Repository/serviceschedule/openschedule/add/input_autocompleteDepturePortN'

2018-04-11 10:13:37 - [MESSAGE][PASSED] - Delayed 1 second(s)

2018-04-11 10:13:37 - [MESSAGE][PASSED] - Text '' is set on object 'Object Repository/serviceschedule/openschedule/add/input_autocompleteArrivalPortN'

2018-04-11 10:13:38 - [MESSAGE][PASSED] - Delayed 1 second(s)

2018-04-11 10:13:38 - [MESSAGE][PASSED] - Keys 'CONTROL + a' sent to object: 'Object Repository/serviceschedule/openschedule/add/input_openScManual_depDate_dd_'

2018-04-11 10:13:38 - [MESSAGE][PASSED] - Keys 'CONTROL + a' sent to object: 'Object Repository/serviceschedule/openschedule/add/input_openScManual_arrDate_dd_'

2018-04-11 10:13:39 - [MESSAGE][PASSED] - Keys 'CONTROL + a' sent to object: 'Object Repository/serviceschedule/openschedule/add/input_openScManual_arrTime_hh_'

2018-04-11 10:13:39 - [MESSAGE][PASSED] - Keys 'CONTROL + a' sent to object: 'Object Repository/serviceschedule/openschedule/add/input_openScManual_depTime_hh_'

2018-04-11 10:13:40 - [MESSAGE][PASSED] - Delayed 1 second(s)

2018-04-11 10:13:40 - [MESSAGE][PASSED] - common.serviceschedule.addopenschedule.AddOpenSchedule.setValueToInput is PASSED

2018-04-11 10:13:40 - [TEST_STEP][PASSED] - click: Object: 'Object Repository/serviceschedule/openschedule/add/button_Open' is clicked on

2018-04-11 10:13:40 - [MESSAGE][PASSED] - Object: 'Object Repository/serviceschedule/openschedule/add/button_Open' is clicked on

2018-04-11 10:13:40 - [TEST_STEP][PASSED] - util.Verify.notConTrainsText: Pass, Object is not Contains Text.

2018-04-11 10:13:40 - [MESSAGE][PASSED] - Object 'Object Repository/serviceschedule/openschedule/add/alert message' is visible

2018-04-11 10:13:40 - [MESSAGE][PASSED] - Text of object 'Object Repository/serviceschedule/openschedule/add/alert message' is: 'Departure port cannot be blank.
Departure date cannot be blank.
Departure time cannot be blank.
Arrival port cannot be blank.
Arrival date cannot be blank.
Arrival time cannot be blank.'

2018-04-11 10:13:40 - [MESSAGE][PASSED] - Pass, Object is not Contains Text.

2018-04-11 10:13:40 - [TEST_STEP][PASSED] - Start listener action : sampleAfterTestCase: Invoke 'com.kms.katalon.core.annotation.AfterTestCase' method: 'CustimeListener.sampleAfterTestCase(...)' completed.

2018-04-11 10:13:40 - [TEST_STEP][PASSED] - comment: Name: /xl/workbook.xml - Content Type: application/vnd.openxmlformats-officedocument.spreadsheetml.sheet.main+xml

2018-04-11 10:13:40 - [TEST_STEP][PASSED] - comment: null

2018-04-11 10:13:40 - [TEST_STEP][PASSED] - comment: 3

2018-04-11 10:13:40 - [TEST_STEP][PASSED] - comment: com.kms.katalon.core.context.internal.InternalTestCaseContext@7aead3af

2018-04-11 10:13:40 - [TEST_STEP][PASSED] - Statement - rowIndex = util.exportExcel.createRerportdetail(wb, rowIndex, testCaseContext): Invoke 'com.kms.katalon.core.annotation.AfterTestCase' method: 'CustimeListener.sampleAfterTestCase(...)' completed.]]></system-out>
         <system-err><![CDATA[]]></system-err>
      </testcase>
      <testcase name="Test Cases/serviceschedule/openschedule/add/FlightNumberFormatTrue" classname="Test Cases/serviceschedule/openschedule/add/FlightNumberFormatTrue" status="PASSED">
         <system-out><![CDATA[2018-04-11 10:13:40 - [TEST_CASE][PASSED] - Test Cases/serviceschedule/openschedule/add/FlightNumberFormatTrue: Invoke 'com.kms.katalon.core.annotation.AfterTestCase' method: 'CustimeListener.sampleAfterTestCase(...)' completed.

2018-04-11 10:13:40 - [TEST_STEP][PASSED] - Start listener action : sampleBeforeTestCase: Invoke 'com.kms.katalon.core.annotation.BeforeTestCase' method: 'CustimeListener.sampleBeforeTestCase(...)' completed.

2018-04-11 10:13:40 - [TEST_STEP][PASSED] - common.serviceschedule.addopenschedule.AddOpenSchedule.gotoPage: common.serviceschedule.addopenschedule.AddOpenSchedule.gotoPage is PASSED

2018-04-11 10:13:40 - [MESSAGE][PASSED] - Navigate to 'http://10.100.70.87:8080/cp_cambodia/jsp/serviceschedule/gotoAddOpenSchedule.action' successfully

2018-04-11 10:13:40 - [MESSAGE][PASSED] - common.serviceschedule.addopenschedule.AddOpenSchedule.gotoPage is PASSED

2018-04-11 10:13:40 - [TEST_STEP][PASSED] - common.serviceschedule.addopenschedule.AddOpenSchedule.setValueToInput: common.serviceschedule.addopenschedule.AddOpenSchedule.setValueToInput is PASSED

2018-04-11 10:13:40 - [MESSAGE][PASSED] - Text '1234A' is set on object 'Object Repository/serviceschedule/openschedule/add/input_openScManual.serviceNumb'

2018-04-11 10:13:41 - [MESSAGE][PASSED] - Object 'Object Repository/serviceschedule/openschedule/add/span_Arrival' is visible

2018-04-11 10:13:41 - [MESSAGE][PASSED] - Object: 'Object Repository/serviceschedule/openschedule/add/span_Arrival' is clicked on

2018-04-11 10:13:41 - [MESSAGE][PASSED] - Object 'Object Repository/serviceschedule/openschedule/add/ul_ArrivalDeparture' is visible

2018-04-11 10:13:42 - [MESSAGE][PASSED] - Delayed 1 second(s)

2018-04-11 10:13:42 - [MESSAGE][PASSED] - Text '' is set on object 'Object Repository/serviceschedule/openschedule/add/input_autocompleteDepturePortN'

2018-04-11 10:13:43 - [MESSAGE][PASSED] - Delayed 1 second(s)

2018-04-11 10:13:43 - [MESSAGE][PASSED] - Text '' is set on object 'Object Repository/serviceschedule/openschedule/add/input_autocompleteArrivalPortN'

2018-04-11 10:13:44 - [MESSAGE][PASSED] - Delayed 1 second(s)

2018-04-11 10:13:45 - [MESSAGE][PASSED] - Keys 'CONTROL + a' sent to object: 'Object Repository/serviceschedule/openschedule/add/input_openScManual_depDate_dd_'

2018-04-11 10:13:45 - [MESSAGE][PASSED] - Keys 'CONTROL + a' sent to object: 'Object Repository/serviceschedule/openschedule/add/input_openScManual_arrDate_dd_'

2018-04-11 10:13:45 - [MESSAGE][PASSED] - Keys 'CONTROL + a' sent to object: 'Object Repository/serviceschedule/openschedule/add/input_openScManual_arrTime_hh_'

2018-04-11 10:13:45 - [MESSAGE][PASSED] - Keys 'CONTROL + a' sent to object: 'Object Repository/serviceschedule/openschedule/add/input_openScManual_depTime_hh_'

2018-04-11 10:13:46 - [MESSAGE][PASSED] - Delayed 1 second(s)

2018-04-11 10:13:46 - [MESSAGE][PASSED] - common.serviceschedule.addopenschedule.AddOpenSchedule.setValueToInput is PASSED

2018-04-11 10:13:46 - [TEST_STEP][PASSED] - click: Object: 'Object Repository/serviceschedule/openschedule/add/button_Open' is clicked on

2018-04-11 10:13:46 - [MESSAGE][PASSED] - Object: 'Object Repository/serviceschedule/openschedule/add/button_Open' is clicked on

2018-04-11 10:13:46 - [TEST_STEP][PASSED] - util.Verify.notConTrainsText: Pass, Object is not Contains Text.

2018-04-11 10:13:46 - [MESSAGE][PASSED] - Object 'Object Repository/serviceschedule/openschedule/add/alert message' is visible

2018-04-11 10:13:46 - [MESSAGE][PASSED] - Text of object 'Object Repository/serviceschedule/openschedule/add/alert message' is: 'Departure port cannot be blank.
Departure date cannot be blank.
Departure time cannot be blank.
Arrival port cannot be blank.
Arrival date cannot be blank.
Arrival time cannot be blank.'

2018-04-11 10:13:46 - [MESSAGE][PASSED] - Pass, Object is not Contains Text.

2018-04-11 10:13:46 - [TEST_STEP][PASSED] - Start listener action : sampleAfterTestCase: Invoke 'com.kms.katalon.core.annotation.AfterTestCase' method: 'CustimeListener.sampleAfterTestCase(...)' completed.

2018-04-11 10:13:46 - [TEST_STEP][PASSED] - comment: Name: /xl/workbook.xml - Content Type: application/vnd.openxmlformats-officedocument.spreadsheetml.sheet.main+xml

2018-04-11 10:13:46 - [TEST_STEP][PASSED] - comment: null

2018-04-11 10:13:46 - [TEST_STEP][PASSED] - comment: 4

2018-04-11 10:13:46 - [TEST_STEP][PASSED] - comment: com.kms.katalon.core.context.internal.InternalTestCaseContext@537c8c7e

2018-04-11 10:13:46 - [TEST_STEP][PASSED] - Statement - rowIndex = util.exportExcel.createRerportdetail(wb, rowIndex, testCaseContext): Invoke 'com.kms.katalon.core.annotation.AfterTestCase' method: 'CustimeListener.sampleAfterTestCase(...)' completed.]]></system-out>
         <system-err><![CDATA[]]></system-err>
      </testcase>
      <testcase name="Test Cases/serviceschedule/openschedule/add/blankValue" classname="Test Cases/serviceschedule/openschedule/add/blankValue" status="PASSED">
         <system-out><![CDATA[2018-04-11 10:13:46 - [TEST_CASE][PASSED] - Test Cases/serviceschedule/openschedule/add/blankValue: Invoke 'com.kms.katalon.core.annotation.AfterTestCase' method: 'CustimeListener.sampleAfterTestCase(...)' completed.

2018-04-11 10:13:46 - [TEST_STEP][PASSED] - Start listener action : sampleBeforeTestCase: Invoke 'com.kms.katalon.core.annotation.BeforeTestCase' method: 'CustimeListener.sampleBeforeTestCase(...)' completed.

2018-04-11 10:13:47 - [TEST_STEP][PASSED] - common.serviceschedule.addopenschedule.AddOpenSchedule.gotoPage: common.serviceschedule.addopenschedule.AddOpenSchedule.gotoPage is PASSED

2018-04-11 10:13:47 - [MESSAGE][PASSED] - Navigate to 'http://10.100.70.87:8080/cp_cambodia/jsp/serviceschedule/gotoAddOpenSchedule.action' successfully

2018-04-11 10:13:47 - [MESSAGE][PASSED] - common.serviceschedule.addopenschedule.AddOpenSchedule.gotoPage is PASSED

2018-04-11 10:13:47 - [TEST_STEP][PASSED] - common.serviceschedule.addopenschedule.AddOpenSchedule.setValueToInput: common.serviceschedule.addopenschedule.AddOpenSchedule.setValueToInput is PASSED

2018-04-11 10:13:47 - [MESSAGE][PASSED] - Text '' is set on object 'Object Repository/serviceschedule/openschedule/add/input_openScManual.serviceNumb'

2018-04-11 10:13:47 - [MESSAGE][PASSED] - Object 'Object Repository/serviceschedule/openschedule/add/span_Arrival' is visible

2018-04-11 10:13:47 - [MESSAGE][PASSED] - Object: 'Object Repository/serviceschedule/openschedule/add/span_Arrival' is clicked on

2018-04-11 10:13:47 - [MESSAGE][PASSED] - Object 'Object Repository/serviceschedule/openschedule/add/ul_ArrivalDeparture' is visible

2018-04-11 10:13:48 - [MESSAGE][PASSED] - Delayed 1 second(s)

2018-04-11 10:13:49 - [MESSAGE][PASSED] - Text 'PQQ' is set on object 'Object Repository/serviceschedule/openschedule/add/input_autocompleteDepturePortN'

2018-04-11 10:13:50 - [MESSAGE][PASSED] - Delayed 1 second(s)

2018-04-11 10:13:50 - [MESSAGE][PASSED] - Text 'DMK' is set on object 'Object Repository/serviceschedule/openschedule/add/input_autocompleteArrivalPortN'

2018-04-11 10:13:51 - [MESSAGE][PASSED] - Delayed 1 second(s)

2018-04-11 10:13:51 - [MESSAGE][PASSED] - Keys 'CONTROL + a' sent to object: 'Object Repository/serviceschedule/openschedule/add/input_openScManual_depDate_dd_'

2018-04-11 10:13:52 - [MESSAGE][PASSED] - Keys 'CONTROL + a' sent to object: 'Object Repository/serviceschedule/openschedule/add/input_openScManual_arrDate_dd_'

2018-04-11 10:13:52 - [MESSAGE][PASSED] - Keys 'CONTROL + a' sent to object: 'Object Repository/serviceschedule/openschedule/add/input_openScManual_arrTime_hh_'

2018-04-11 10:13:52 - [MESSAGE][PASSED] - Keys 'CONTROL + a' sent to object: 'Object Repository/serviceschedule/openschedule/add/input_openScManual_depTime_hh_'

2018-04-11 10:13:53 - [MESSAGE][PASSED] - Delayed 1 second(s)

2018-04-11 10:13:53 - [MESSAGE][PASSED] - common.serviceschedule.addopenschedule.AddOpenSchedule.setValueToInput is PASSED

2018-04-11 10:13:53 - [TEST_STEP][PASSED] - click: Object: 'Object Repository/serviceschedule/openschedule/add/button_Open' is clicked on

2018-04-11 10:13:53 - [MESSAGE][PASSED] - Object: 'Object Repository/serviceschedule/openschedule/add/button_Open' is clicked on

2018-04-11 10:13:53 - [TEST_STEP][PASSED] - verifyElementText: Actual text and expected text of test object 'Object Repository/serviceschedule/openschedule/add/alert message' are matched.

2018-04-11 10:13:53 - [MESSAGE][PASSED] - Actual text and expected text of test object 'Object Repository/serviceschedule/openschedule/add/alert message' are matched.

2018-04-11 10:13:53 - [TEST_STEP][PASSED] - Start listener action : sampleAfterTestCase: Invoke 'com.kms.katalon.core.annotation.AfterTestCase' method: 'CustimeListener.sampleAfterTestCase(...)' completed.

2018-04-11 10:13:53 - [TEST_STEP][PASSED] - comment: Name: /xl/workbook.xml - Content Type: application/vnd.openxmlformats-officedocument.spreadsheetml.sheet.main+xml

2018-04-11 10:13:53 - [TEST_STEP][PASSED] - comment: null

2018-04-11 10:13:53 - [TEST_STEP][PASSED] - comment: 5

2018-04-11 10:13:53 - [TEST_STEP][PASSED] - comment: com.kms.katalon.core.context.internal.InternalTestCaseContext@2b329bbd

2018-04-11 10:13:53 - [TEST_STEP][PASSED] - Statement - rowIndex = util.exportExcel.createRerportdetail(wb, rowIndex, testCaseContext): Invoke 'com.kms.katalon.core.annotation.AfterTestCase' method: 'CustimeListener.sampleAfterTestCase(...)' completed.]]></system-out>
         <system-err><![CDATA[]]></system-err>
      </testcase>
      <testcase name="Test Cases/serviceschedule/openschedule/add/blankValue" classname="Test Cases/serviceschedule/openschedule/add/blankValue" status="PASSED">
         <system-out><![CDATA[2018-04-11 10:13:53 - [TEST_CASE][PASSED] - Test Cases/serviceschedule/openschedule/add/blankValue: Invoke 'com.kms.katalon.core.annotation.AfterTestCase' method: 'CustimeListener.sampleAfterTestCase(...)' completed.

2018-04-11 10:13:53 - [TEST_STEP][PASSED] - Start listener action : sampleBeforeTestCase: Invoke 'com.kms.katalon.core.annotation.BeforeTestCase' method: 'CustimeListener.sampleBeforeTestCase(...)' completed.

2018-04-11 10:13:53 - [TEST_STEP][PASSED] - common.serviceschedule.addopenschedule.AddOpenSchedule.gotoPage: common.serviceschedule.addopenschedule.AddOpenSchedule.gotoPage is PASSED

2018-04-11 10:13:54 - [MESSAGE][PASSED] - Navigate to 'http://10.100.70.87:8080/cp_cambodia/jsp/serviceschedule/gotoAddOpenSchedule.action' successfully

2018-04-11 10:13:54 - [MESSAGE][PASSED] - common.serviceschedule.addopenschedule.AddOpenSchedule.gotoPage is PASSED

2018-04-11 10:13:54 - [TEST_STEP][PASSED] - common.serviceschedule.addopenschedule.AddOpenSchedule.setValueToInput: common.serviceschedule.addopenschedule.AddOpenSchedule.setValueToInput is PASSED

2018-04-11 10:13:54 - [MESSAGE][PASSED] - Text 'A1234A' is set on object 'Object Repository/serviceschedule/openschedule/add/input_openScManual.serviceNumb'

2018-04-11 10:13:54 - [MESSAGE][PASSED] - Object 'Object Repository/serviceschedule/openschedule/add/span_Arrival' is visible

2018-04-11 10:13:54 - [MESSAGE][PASSED] - Object: 'Object Repository/serviceschedule/openschedule/add/span_Arrival' is clicked on

2018-04-11 10:13:54 - [MESSAGE][PASSED] - Object 'Object Repository/serviceschedule/openschedule/add/ul_ArrivalDeparture' is visible

2018-04-11 10:13:55 - [MESSAGE][PASSED] - Delayed 1 second(s)

2018-04-11 10:13:56 - [MESSAGE][PASSED] - Text '' is set on object 'Object Repository/serviceschedule/openschedule/add/input_autocompleteDepturePortN'

2018-04-11 10:13:57 - [MESSAGE][PASSED] - Delayed 1 second(s)

2018-04-11 10:13:57 - [MESSAGE][PASSED] - Text 'DMK' is set on object 'Object Repository/serviceschedule/openschedule/add/input_autocompleteArrivalPortN'

2018-04-11 10:13:58 - [MESSAGE][PASSED] - Delayed 1 second(s)

2018-04-11 10:13:58 - [MESSAGE][PASSED] - Keys 'CONTROL + a' sent to object: 'Object Repository/serviceschedule/openschedule/add/input_openScManual_depDate_dd_'

2018-04-11 10:13:58 - [MESSAGE][PASSED] - Keys 'CONTROL + a' sent to object: 'Object Repository/serviceschedule/openschedule/add/input_openScManual_arrDate_dd_'

2018-04-11 10:13:58 - [MESSAGE][PASSED] - Keys 'CONTROL + a' sent to object: 'Object Repository/serviceschedule/openschedule/add/input_openScManual_arrTime_hh_'

2018-04-11 10:13:58 - [MESSAGE][PASSED] - Keys 'CONTROL + a' sent to object: 'Object Repository/serviceschedule/openschedule/add/input_openScManual_depTime_hh_'

2018-04-11 10:13:59 - [MESSAGE][PASSED] - Delayed 1 second(s)

2018-04-11 10:13:59 - [MESSAGE][PASSED] - common.serviceschedule.addopenschedule.AddOpenSchedule.setValueToInput is PASSED

2018-04-11 10:13:59 - [TEST_STEP][PASSED] - click: Object: 'Object Repository/serviceschedule/openschedule/add/button_Open' is clicked on

2018-04-11 10:14:00 - [MESSAGE][PASSED] - Object: 'Object Repository/serviceschedule/openschedule/add/button_Open' is clicked on

2018-04-11 10:14:00 - [TEST_STEP][PASSED] - verifyElementText: Actual text and expected text of test object 'Object Repository/serviceschedule/openschedule/add/alert message' are matched.

2018-04-11 10:14:00 - [MESSAGE][PASSED] - Actual text and expected text of test object 'Object Repository/serviceschedule/openschedule/add/alert message' are matched.

2018-04-11 10:14:00 - [TEST_STEP][PASSED] - Start listener action : sampleAfterTestCase: Invoke 'com.kms.katalon.core.annotation.AfterTestCase' method: 'CustimeListener.sampleAfterTestCase(...)' completed.

2018-04-11 10:14:00 - [TEST_STEP][PASSED] - comment: Name: /xl/workbook.xml - Content Type: application/vnd.openxmlformats-officedocument.spreadsheetml.sheet.main+xml

2018-04-11 10:14:00 - [TEST_STEP][PASSED] - comment: null

2018-04-11 10:14:00 - [TEST_STEP][PASSED] - comment: 6

2018-04-11 10:14:00 - [TEST_STEP][PASSED] - comment: com.kms.katalon.core.context.internal.InternalTestCaseContext@6009bea

2018-04-11 10:14:00 - [TEST_STEP][PASSED] - Statement - rowIndex = util.exportExcel.createRerportdetail(wb, rowIndex, testCaseContext): Invoke 'com.kms.katalon.core.annotation.AfterTestCase' method: 'CustimeListener.sampleAfterTestCase(...)' completed.]]></system-out>
         <system-err><![CDATA[]]></system-err>
      </testcase>
      <testcase name="Test Cases/serviceschedule/openschedule/add/blankValue" classname="Test Cases/serviceschedule/openschedule/add/blankValue" status="PASSED">
         <system-out><![CDATA[2018-04-11 10:14:00 - [TEST_CASE][PASSED] - Test Cases/serviceschedule/openschedule/add/blankValue: Invoke 'com.kms.katalon.core.annotation.AfterTestCase' method: 'CustimeListener.sampleAfterTestCase(...)' completed.

2018-04-11 10:14:00 - [TEST_STEP][PASSED] - Start listener action : sampleBeforeTestCase: Invoke 'com.kms.katalon.core.annotation.BeforeTestCase' method: 'CustimeListener.sampleBeforeTestCase(...)' completed.

2018-04-11 10:14:00 - [TEST_STEP][PASSED] - common.serviceschedule.addopenschedule.AddOpenSchedule.gotoPage: common.serviceschedule.addopenschedule.AddOpenSchedule.gotoPage is PASSED

2018-04-11 10:14:00 - [MESSAGE][PASSED] - Navigate to 'http://10.100.70.87:8080/cp_cambodia/jsp/serviceschedule/gotoAddOpenSchedule.action' successfully

2018-04-11 10:14:00 - [MESSAGE][PASSED] - common.serviceschedule.addopenschedule.AddOpenSchedule.gotoPage is PASSED

2018-04-11 10:14:00 - [TEST_STEP][PASSED] - common.serviceschedule.addopenschedule.AddOpenSchedule.setValueToInput: common.serviceschedule.addopenschedule.AddOpenSchedule.setValueToInput is PASSED

2018-04-11 10:14:01 - [MESSAGE][PASSED] - Text 'A1234A' is set on object 'Object Repository/serviceschedule/openschedule/add/input_openScManual.serviceNumb'

2018-04-11 10:14:01 - [MESSAGE][PASSED] - Object 'Object Repository/serviceschedule/openschedule/add/span_Arrival' is visible

2018-04-11 10:14:01 - [MESSAGE][PASSED] - Object: 'Object Repository/serviceschedule/openschedule/add/span_Arrival' is clicked on

2018-04-11 10:14:01 - [MESSAGE][PASSED] - Object 'Object Repository/serviceschedule/openschedule/add/ul_ArrivalDeparture' is visible

2018-04-11 10:14:02 - [MESSAGE][PASSED] - Delayed 1 second(s)

2018-04-11 10:14:02 - [MESSAGE][PASSED] - Text 'PQQ' is set on object 'Object Repository/serviceschedule/openschedule/add/input_autocompleteDepturePortN'

2018-04-11 10:14:03 - [MESSAGE][PASSED] - Delayed 1 second(s)

2018-04-11 10:14:04 - [MESSAGE][PASSED] - Text '' is set on object 'Object Repository/serviceschedule/openschedule/add/input_autocompleteArrivalPortN'

2018-04-11 10:14:05 - [MESSAGE][PASSED] - Delayed 1 second(s)

2018-04-11 10:14:05 - [MESSAGE][PASSED] - Keys 'CONTROL + a' sent to object: 'Object Repository/serviceschedule/openschedule/add/input_openScManual_depDate_dd_'

2018-04-11 10:14:05 - [MESSAGE][PASSED] - Keys 'CONTROL + a' sent to object: 'Object Repository/serviceschedule/openschedule/add/input_openScManual_arrDate_dd_'

2018-04-11 10:14:05 - [MESSAGE][PASSED] - Keys 'CONTROL + a' sent to object: 'Object Repository/serviceschedule/openschedule/add/input_openScManual_arrTime_hh_'

2018-04-11 10:14:05 - [MESSAGE][PASSED] - Keys 'CONTROL + a' sent to object: 'Object Repository/serviceschedule/openschedule/add/input_openScManual_depTime_hh_'

2018-04-11 10:14:06 - [MESSAGE][PASSED] - Delayed 1 second(s)

2018-04-11 10:14:06 - [MESSAGE][PASSED] - common.serviceschedule.addopenschedule.AddOpenSchedule.setValueToInput is PASSED

2018-04-11 10:14:06 - [TEST_STEP][PASSED] - click: Object: 'Object Repository/serviceschedule/openschedule/add/button_Open' is clicked on

2018-04-11 10:14:06 - [MESSAGE][PASSED] - Object: 'Object Repository/serviceschedule/openschedule/add/button_Open' is clicked on

2018-04-11 10:14:06 - [TEST_STEP][PASSED] - verifyElementText: Actual text and expected text of test object 'Object Repository/serviceschedule/openschedule/add/alert message' are matched.

2018-04-11 10:14:06 - [MESSAGE][PASSED] - Actual text and expected text of test object 'Object Repository/serviceschedule/openschedule/add/alert message' are matched.

2018-04-11 10:14:06 - [TEST_STEP][PASSED] - Start listener action : sampleAfterTestCase: Invoke 'com.kms.katalon.core.annotation.AfterTestCase' method: 'CustimeListener.sampleAfterTestCase(...)' completed.

2018-04-11 10:14:06 - [TEST_STEP][PASSED] - comment: Name: /xl/workbook.xml - Content Type: application/vnd.openxmlformats-officedocument.spreadsheetml.sheet.main+xml

2018-04-11 10:14:06 - [TEST_STEP][PASSED] - comment: null

2018-04-11 10:14:06 - [TEST_STEP][PASSED] - comment: 7

2018-04-11 10:14:06 - [TEST_STEP][PASSED] - comment: com.kms.katalon.core.context.internal.InternalTestCaseContext@2cec704c

2018-04-11 10:14:06 - [TEST_STEP][PASSED] - Statement - rowIndex = util.exportExcel.createRerportdetail(wb, rowIndex, testCaseContext): Invoke 'com.kms.katalon.core.annotation.AfterTestCase' method: 'CustimeListener.sampleAfterTestCase(...)' completed.]]></system-out>
         <system-err><![CDATA[]]></system-err>
      </testcase>
      <testcase name="Test Cases/serviceschedule/openschedule/add/blankValue" classname="Test Cases/serviceschedule/openschedule/add/blankValue" status="PASSED">
         <system-out><![CDATA[2018-04-11 10:14:06 - [TEST_CASE][PASSED] - Test Cases/serviceschedule/openschedule/add/blankValue: Invoke 'com.kms.katalon.core.annotation.AfterTestCase' method: 'CustimeListener.sampleAfterTestCase(...)' completed.

2018-04-11 10:14:06 - [TEST_STEP][PASSED] - Start listener action : sampleBeforeTestCase: Invoke 'com.kms.katalon.core.annotation.BeforeTestCase' method: 'CustimeListener.sampleBeforeTestCase(...)' completed.

2018-04-11 10:14:06 - [TEST_STEP][PASSED] - common.serviceschedule.addopenschedule.AddOpenSchedule.gotoPage: common.serviceschedule.addopenschedule.AddOpenSchedule.gotoPage is PASSED

2018-04-11 10:14:07 - [MESSAGE][PASSED] - Navigate to 'http://10.100.70.87:8080/cp_cambodia/jsp/serviceschedule/gotoAddOpenSchedule.action' successfully

2018-04-11 10:14:07 - [MESSAGE][PASSED] - common.serviceschedule.addopenschedule.AddOpenSchedule.gotoPage is PASSED

2018-04-11 10:14:07 - [TEST_STEP][PASSED] - common.serviceschedule.addopenschedule.AddOpenSchedule.setValueToInput: common.serviceschedule.addopenschedule.AddOpenSchedule.setValueToInput is PASSED

2018-04-11 10:14:07 - [MESSAGE][PASSED] - Text 'A1234A' is set on object 'Object Repository/serviceschedule/openschedule/add/input_openScManual.serviceNumb'

2018-04-11 10:14:07 - [MESSAGE][PASSED] - Object 'Object Repository/serviceschedule/openschedule/add/span_Arrival' is visible

2018-04-11 10:14:07 - [MESSAGE][PASSED] - Object: 'Object Repository/serviceschedule/openschedule/add/span_Arrival' is clicked on

2018-04-11 10:14:07 - [MESSAGE][PASSED] - Object 'Object Repository/serviceschedule/openschedule/add/ul_ArrivalDeparture' is visible

2018-04-11 10:14:08 - [MESSAGE][PASSED] - Delayed 1 second(s)

2018-04-11 10:14:09 - [MESSAGE][PASSED] - Text 'PQQ' is set on object 'Object Repository/serviceschedule/openschedule/add/input_autocompleteDepturePortN'

2018-04-11 10:14:10 - [MESSAGE][PASSED] - Delayed 1 second(s)

2018-04-11 10:14:10 - [MESSAGE][PASSED] - Text 'DMK' is set on object 'Object Repository/serviceschedule/openschedule/add/input_autocompleteArrivalPortN'

2018-04-11 10:14:11 - [MESSAGE][PASSED] - Delayed 1 second(s)

2018-04-11 10:14:11 - [MESSAGE][PASSED] - Keys 'CONTROL + a' sent to object: 'Object Repository/serviceschedule/openschedule/add/input_openScManual_depDate_dd_'

2018-04-11 10:14:11 - [MESSAGE][PASSED] - Keys 'CONTROL + a' sent to object: 'Object Repository/serviceschedule/openschedule/add/input_openScManual_arrDate_dd_'

2018-04-11 10:14:11 - [MESSAGE][PASSED] - Keys 'CONTROL + a' sent to object: 'Object Repository/serviceschedule/openschedule/add/input_openScManual_arrTime_hh_'

2018-04-11 10:14:12 - [MESSAGE][PASSED] - Keys 'CONTROL + a' sent to object: 'Object Repository/serviceschedule/openschedule/add/input_openScManual_depTime_hh_'

2018-04-11 10:14:13 - [MESSAGE][PASSED] - Delayed 1 second(s)

2018-04-11 10:14:13 - [MESSAGE][PASSED] - common.serviceschedule.addopenschedule.AddOpenSchedule.setValueToInput is PASSED

2018-04-11 10:14:13 - [TEST_STEP][PASSED] - click: Object: 'Object Repository/serviceschedule/openschedule/add/button_Open' is clicked on

2018-04-11 10:14:13 - [MESSAGE][PASSED] - Object: 'Object Repository/serviceschedule/openschedule/add/button_Open' is clicked on

2018-04-11 10:14:13 - [TEST_STEP][PASSED] - verifyElementText: Actual text and expected text of test object 'Object Repository/serviceschedule/openschedule/add/alert message' are matched.

2018-04-11 10:14:13 - [MESSAGE][PASSED] - Actual text and expected text of test object 'Object Repository/serviceschedule/openschedule/add/alert message' are matched.

2018-04-11 10:14:13 - [TEST_STEP][PASSED] - Start listener action : sampleAfterTestCase: Invoke 'com.kms.katalon.core.annotation.AfterTestCase' method: 'CustimeListener.sampleAfterTestCase(...)' completed.

2018-04-11 10:14:13 - [TEST_STEP][PASSED] - comment: Name: /xl/workbook.xml - Content Type: application/vnd.openxmlformats-officedocument.spreadsheetml.sheet.main+xml

2018-04-11 10:14:13 - [TEST_STEP][PASSED] - comment: null

2018-04-11 10:14:13 - [TEST_STEP][PASSED] - comment: 8

2018-04-11 10:14:13 - [TEST_STEP][PASSED] - comment: com.kms.katalon.core.context.internal.InternalTestCaseContext@77e7246b

2018-04-11 10:14:13 - [TEST_STEP][PASSED] - Statement - rowIndex = util.exportExcel.createRerportdetail(wb, rowIndex, testCaseContext): Invoke 'com.kms.katalon.core.annotation.AfterTestCase' method: 'CustimeListener.sampleAfterTestCase(...)' completed.]]></system-out>
         <system-err><![CDATA[]]></system-err>
      </testcase>
      <testcase name="Test Cases/serviceschedule/openschedule/add/blankValue" classname="Test Cases/serviceschedule/openschedule/add/blankValue" status="PASSED">
         <system-out><![CDATA[2018-04-11 10:14:13 - [TEST_CASE][PASSED] - Test Cases/serviceschedule/openschedule/add/blankValue: Invoke 'com.kms.katalon.core.annotation.AfterTestCase' method: 'CustimeListener.sampleAfterTestCase(...)' completed.

2018-04-11 10:14:13 - [TEST_STEP][PASSED] - Start listener action : sampleBeforeTestCase: Invoke 'com.kms.katalon.core.annotation.BeforeTestCase' method: 'CustimeListener.sampleBeforeTestCase(...)' completed.

2018-04-11 10:14:13 - [TEST_STEP][PASSED] - common.serviceschedule.addopenschedule.AddOpenSchedule.gotoPage: common.serviceschedule.addopenschedule.AddOpenSchedule.gotoPage is PASSED

2018-04-11 10:14:13 - [MESSAGE][PASSED] - Navigate to 'http://10.100.70.87:8080/cp_cambodia/jsp/serviceschedule/gotoAddOpenSchedule.action' successfully

2018-04-11 10:14:13 - [MESSAGE][PASSED] - common.serviceschedule.addopenschedule.AddOpenSchedule.gotoPage is PASSED

2018-04-11 10:14:13 - [TEST_STEP][PASSED] - common.serviceschedule.addopenschedule.AddOpenSchedule.setValueToInput: common.serviceschedule.addopenschedule.AddOpenSchedule.setValueToInput is PASSED

2018-04-11 10:14:13 - [MESSAGE][PASSED] - Text 'A1234A' is set on object 'Object Repository/serviceschedule/openschedule/add/input_openScManual.serviceNumb'

2018-04-11 10:14:14 - [MESSAGE][PASSED] - Object 'Object Repository/serviceschedule/openschedule/add/span_Arrival' is visible

2018-04-11 10:14:14 - [MESSAGE][PASSED] - Object: 'Object Repository/serviceschedule/openschedule/add/span_Arrival' is clicked on

2018-04-11 10:14:14 - [MESSAGE][PASSED] - Object 'Object Repository/serviceschedule/openschedule/add/ul_ArrivalDeparture' is visible

2018-04-11 10:14:15 - [MESSAGE][PASSED] - Delayed 1 second(s)

2018-04-11 10:14:15 - [MESSAGE][PASSED] - Text 'PQQ' is set on object 'Object Repository/serviceschedule/openschedule/add/input_autocompleteDepturePortN'

2018-04-11 10:14:16 - [MESSAGE][PASSED] - Delayed 1 second(s)

2018-04-11 10:14:16 - [MESSAGE][PASSED] - Text 'DMK' is set on object 'Object Repository/serviceschedule/openschedule/add/input_autocompleteArrivalPortN'

2018-04-11 10:14:17 - [MESSAGE][PASSED] - Delayed 1 second(s)

2018-04-11 10:14:18 - [MESSAGE][PASSED] - Keys 'CONTROL + a' sent to object: 'Object Repository/serviceschedule/openschedule/add/input_openScManual_depDate_dd_'

2018-04-11 10:14:18 - [MESSAGE][PASSED] - Keys 'CONTROL + a' sent to object: 'Object Repository/serviceschedule/openschedule/add/input_openScManual_arrDate_dd_'

2018-04-11 10:14:18 - [MESSAGE][PASSED] - Keys 'CONTROL + a' sent to object: 'Object Repository/serviceschedule/openschedule/add/input_openScManual_arrTime_hh_'

2018-04-11 10:14:18 - [MESSAGE][PASSED] - Keys 'CONTROL + a' sent to object: 'Object Repository/serviceschedule/openschedule/add/input_openScManual_depTime_hh_'

2018-04-11 10:14:19 - [MESSAGE][PASSED] - Delayed 1 second(s)

2018-04-11 10:14:19 - [MESSAGE][PASSED] - common.serviceschedule.addopenschedule.AddOpenSchedule.setValueToInput is PASSED

2018-04-11 10:14:19 - [TEST_STEP][PASSED] - click: Object: 'Object Repository/serviceschedule/openschedule/add/button_Open' is clicked on

2018-04-11 10:14:19 - [MESSAGE][PASSED] - Object: 'Object Repository/serviceschedule/openschedule/add/button_Open' is clicked on

2018-04-11 10:14:19 - [TEST_STEP][PASSED] - verifyElementText: Actual text and expected text of test object 'Object Repository/serviceschedule/openschedule/add/alert message' are matched.

2018-04-11 10:14:19 - [MESSAGE][PASSED] - Actual text and expected text of test object 'Object Repository/serviceschedule/openschedule/add/alert message' are matched.

2018-04-11 10:14:19 - [TEST_STEP][PASSED] - Start listener action : sampleAfterTestCase: Invoke 'com.kms.katalon.core.annotation.AfterTestCase' method: 'CustimeListener.sampleAfterTestCase(...)' completed.

2018-04-11 10:14:19 - [TEST_STEP][PASSED] - comment: Name: /xl/workbook.xml - Content Type: application/vnd.openxmlformats-officedocument.spreadsheetml.sheet.main+xml

2018-04-11 10:14:19 - [TEST_STEP][PASSED] - comment: null

2018-04-11 10:14:19 - [TEST_STEP][PASSED] - comment: 9

2018-04-11 10:14:19 - [TEST_STEP][PASSED] - comment: com.kms.katalon.core.context.internal.InternalTestCaseContext@51d9b06c

2018-04-11 10:14:19 - [TEST_STEP][PASSED] - Statement - rowIndex = util.exportExcel.createRerportdetail(wb, rowIndex, testCaseContext): Invoke 'com.kms.katalon.core.annotation.AfterTestCase' method: 'CustimeListener.sampleAfterTestCase(...)' completed.]]></system-out>
         <system-err><![CDATA[]]></system-err>
      </testcase>
      <testcase name="Test Cases/serviceschedule/openschedule/add/blankValue" classname="Test Cases/serviceschedule/openschedule/add/blankValue" status="PASSED">
         <system-out><![CDATA[2018-04-11 10:14:19 - [TEST_CASE][PASSED] - Test Cases/serviceschedule/openschedule/add/blankValue: Invoke 'com.kms.katalon.core.annotation.AfterTestCase' method: 'CustimeListener.sampleAfterTestCase(...)' completed.

2018-04-11 10:14:19 - [TEST_STEP][PASSED] - Start listener action : sampleBeforeTestCase: Invoke 'com.kms.katalon.core.annotation.BeforeTestCase' method: 'CustimeListener.sampleBeforeTestCase(...)' completed.

2018-04-11 10:14:19 - [TEST_STEP][PASSED] - common.serviceschedule.addopenschedule.AddOpenSchedule.gotoPage: common.serviceschedule.addopenschedule.AddOpenSchedule.gotoPage is PASSED

2018-04-11 10:14:20 - [MESSAGE][PASSED] - Navigate to 'http://10.100.70.87:8080/cp_cambodia/jsp/serviceschedule/gotoAddOpenSchedule.action' successfully

2018-04-11 10:14:20 - [MESSAGE][PASSED] - common.serviceschedule.addopenschedule.AddOpenSchedule.gotoPage is PASSED

2018-04-11 10:14:20 - [TEST_STEP][PASSED] - common.serviceschedule.addopenschedule.AddOpenSchedule.setValueToInput: common.serviceschedule.addopenschedule.AddOpenSchedule.setValueToInput is PASSED

2018-04-11 10:14:20 - [MESSAGE][PASSED] - Text 'A1234A' is set on object 'Object Repository/serviceschedule/openschedule/add/input_openScManual.serviceNumb'

2018-04-11 10:14:20 - [MESSAGE][PASSED] - Object 'Object Repository/serviceschedule/openschedule/add/span_Arrival' is visible

2018-04-11 10:14:20 - [MESSAGE][PASSED] - Object: 'Object Repository/serviceschedule/openschedule/add/span_Arrival' is clicked on

2018-04-11 10:14:20 - [MESSAGE][PASSED] - Object 'Object Repository/serviceschedule/openschedule/add/ul_ArrivalDeparture' is visible

2018-04-11 10:14:21 - [MESSAGE][PASSED] - Delayed 1 second(s)

2018-04-11 10:14:22 - [MESSAGE][PASSED] - Text 'PQQ' is set on object 'Object Repository/serviceschedule/openschedule/add/input_autocompleteDepturePortN'

2018-04-11 10:14:23 - [MESSAGE][PASSED] - Delayed 1 second(s)

2018-04-11 10:14:23 - [MESSAGE][PASSED] - Text 'DMK' is set on object 'Object Repository/serviceschedule/openschedule/add/input_autocompleteArrivalPortN'

2018-04-11 10:14:24 - [MESSAGE][PASSED] - Delayed 1 second(s)

2018-04-11 10:14:24 - [MESSAGE][PASSED] - Keys 'CONTROL + a' sent to object: 'Object Repository/serviceschedule/openschedule/add/input_openScManual_depDate_dd_'

2018-04-11 10:14:24 - [MESSAGE][PASSED] - Keys 'CONTROL + a' sent to object: 'Object Repository/serviceschedule/openschedule/add/input_openScManual_arrDate_dd_'

2018-04-11 10:14:24 - [MESSAGE][PASSED] - Keys 'CONTROL + a' sent to object: 'Object Repository/serviceschedule/openschedule/add/input_openScManual_arrTime_hh_'

2018-04-11 10:14:24 - [MESSAGE][PASSED] - Keys 'CONTROL + a' sent to object: 'Object Repository/serviceschedule/openschedule/add/input_openScManual_depTime_hh_'

2018-04-11 10:14:25 - [MESSAGE][PASSED] - Delayed 1 second(s)

2018-04-11 10:14:25 - [MESSAGE][PASSED] - common.serviceschedule.addopenschedule.AddOpenSchedule.setValueToInput is PASSED

2018-04-11 10:14:25 - [TEST_STEP][PASSED] - click: Object: 'Object Repository/serviceschedule/openschedule/add/button_Open' is clicked on

2018-04-11 10:14:26 - [MESSAGE][PASSED] - Object: 'Object Repository/serviceschedule/openschedule/add/button_Open' is clicked on

2018-04-11 10:14:26 - [TEST_STEP][PASSED] - verifyElementText: Actual text and expected text of test object 'Object Repository/serviceschedule/openschedule/add/alert message' are matched.

2018-04-11 10:14:26 - [MESSAGE][PASSED] - Actual text and expected text of test object 'Object Repository/serviceschedule/openschedule/add/alert message' are matched.

2018-04-11 10:14:26 - [TEST_STEP][PASSED] - Start listener action : sampleAfterTestCase: Invoke 'com.kms.katalon.core.annotation.AfterTestCase' method: 'CustimeListener.sampleAfterTestCase(...)' completed.

2018-04-11 10:14:26 - [TEST_STEP][PASSED] - comment: Name: /xl/workbook.xml - Content Type: application/vnd.openxmlformats-officedocument.spreadsheetml.sheet.main+xml

2018-04-11 10:14:26 - [TEST_STEP][PASSED] - comment: null

2018-04-11 10:14:26 - [TEST_STEP][PASSED] - comment: 10

2018-04-11 10:14:26 - [TEST_STEP][PASSED] - comment: com.kms.katalon.core.context.internal.InternalTestCaseContext@4f3e7344

2018-04-11 10:14:26 - [TEST_STEP][PASSED] - Statement - rowIndex = util.exportExcel.createRerportdetail(wb, rowIndex, testCaseContext): Invoke 'com.kms.katalon.core.annotation.AfterTestCase' method: 'CustimeListener.sampleAfterTestCase(...)' completed.]]></system-out>
         <system-err><![CDATA[]]></system-err>
      </testcase>
      <testcase name="Test Cases/serviceschedule/openschedule/add/blankValue" classname="Test Cases/serviceschedule/openschedule/add/blankValue" status="PASSED">
         <system-out><![CDATA[2018-04-11 10:14:26 - [TEST_CASE][PASSED] - Test Cases/serviceschedule/openschedule/add/blankValue: Invoke 'com.kms.katalon.core.annotation.AfterTestCase' method: 'CustimeListener.sampleAfterTestCase(...)' completed.

2018-04-11 10:14:26 - [TEST_STEP][PASSED] - Start listener action : sampleBeforeTestCase: Invoke 'com.kms.katalon.core.annotation.BeforeTestCase' method: 'CustimeListener.sampleBeforeTestCase(...)' completed.

2018-04-11 10:14:26 - [TEST_STEP][PASSED] - common.serviceschedule.addopenschedule.AddOpenSchedule.gotoPage: common.serviceschedule.addopenschedule.AddOpenSchedule.gotoPage is PASSED

2018-04-11 10:14:26 - [MESSAGE][PASSED] - Navigate to 'http://10.100.70.87:8080/cp_cambodia/jsp/serviceschedule/gotoAddOpenSchedule.action' successfully

2018-04-11 10:14:26 - [MESSAGE][PASSED] - common.serviceschedule.addopenschedule.AddOpenSchedule.gotoPage is PASSED

2018-04-11 10:14:26 - [TEST_STEP][PASSED] - common.serviceschedule.addopenschedule.AddOpenSchedule.setValueToInput: common.serviceschedule.addopenschedule.AddOpenSchedule.setValueToInput is PASSED

2018-04-11 10:14:26 - [MESSAGE][PASSED] - Text 'A1234A' is set on object 'Object Repository/serviceschedule/openschedule/add/input_openScManual.serviceNumb'

2018-04-11 10:14:26 - [MESSAGE][PASSED] - Object 'Object Repository/serviceschedule/openschedule/add/span_Arrival' is visible

2018-04-11 10:14:27 - [MESSAGE][PASSED] - Object: 'Object Repository/serviceschedule/openschedule/add/span_Arrival' is clicked on

2018-04-11 10:14:27 - [MESSAGE][PASSED] - Object 'Object Repository/serviceschedule/openschedule/add/ul_ArrivalDeparture' is visible

2018-04-11 10:14:28 - [MESSAGE][PASSED] - Delayed 1 second(s)

2018-04-11 10:14:28 - [MESSAGE][PASSED] - Text 'PQQ' is set on object 'Object Repository/serviceschedule/openschedule/add/input_autocompleteDepturePortN'

2018-04-11 10:14:29 - [MESSAGE][PASSED] - Delayed 1 second(s)

2018-04-11 10:14:29 - [MESSAGE][PASSED] - Text 'DMK' is set on object 'Object Repository/serviceschedule/openschedule/add/input_autocompleteArrivalPortN'

2018-04-11 10:14:30 - [MESSAGE][PASSED] - Delayed 1 second(s)

2018-04-11 10:14:30 - [MESSAGE][PASSED] - Keys 'CONTROL + a' sent to object: 'Object Repository/serviceschedule/openschedule/add/input_openScManual_depDate_dd_'

2018-04-11 10:14:31 - [MESSAGE][PASSED] - Keys 'CONTROL + a' sent to object: 'Object Repository/serviceschedule/openschedule/add/input_openScManual_arrDate_dd_'

2018-04-11 10:14:31 - [MESSAGE][PASSED] - Keys 'CONTROL + a' sent to object: 'Object Repository/serviceschedule/openschedule/add/input_openScManual_arrTime_hh_'

2018-04-11 10:14:31 - [MESSAGE][PASSED] - Keys 'CONTROL + a' sent to object: 'Object Repository/serviceschedule/openschedule/add/input_openScManual_depTime_hh_'

2018-04-11 10:14:32 - [MESSAGE][PASSED] - Delayed 1 second(s)

2018-04-11 10:14:32 - [MESSAGE][PASSED] - common.serviceschedule.addopenschedule.AddOpenSchedule.setValueToInput is PASSED

2018-04-11 10:14:32 - [TEST_STEP][PASSED] - click: Object: 'Object Repository/serviceschedule/openschedule/add/button_Open' is clicked on

2018-04-11 10:14:32 - [MESSAGE][PASSED] - Object: 'Object Repository/serviceschedule/openschedule/add/button_Open' is clicked on

2018-04-11 10:14:32 - [TEST_STEP][PASSED] - verifyElementText: Actual text and expected text of test object 'Object Repository/serviceschedule/openschedule/add/alert message' are matched.

2018-04-11 10:14:32 - [MESSAGE][PASSED] - Actual text and expected text of test object 'Object Repository/serviceschedule/openschedule/add/alert message' are matched.

2018-04-11 10:14:32 - [TEST_STEP][PASSED] - Start listener action : sampleAfterTestCase: Invoke 'com.kms.katalon.core.annotation.AfterTestCase' method: 'CustimeListener.sampleAfterTestCase(...)' completed.

2018-04-11 10:14:32 - [TEST_STEP][PASSED] - comment: Name: /xl/workbook.xml - Content Type: application/vnd.openxmlformats-officedocument.spreadsheetml.sheet.main+xml

2018-04-11 10:14:32 - [TEST_STEP][PASSED] - comment: null

2018-04-11 10:14:32 - [TEST_STEP][PASSED] - comment: 11

2018-04-11 10:14:32 - [TEST_STEP][PASSED] - comment: com.kms.katalon.core.context.internal.InternalTestCaseContext@7be3a9ce

2018-04-11 10:14:32 - [TEST_STEP][PASSED] - Statement - rowIndex = util.exportExcel.createRerportdetail(wb, rowIndex, testCaseContext): Invoke 'com.kms.katalon.core.annotation.AfterTestCase' method: 'CustimeListener.sampleAfterTestCase(...)' completed.]]></system-out>
         <system-err><![CDATA[]]></system-err>
      </testcase>
      <testcase name="Test Cases/serviceschedule/openschedule/add/FlightNumberLength" classname="Test Cases/serviceschedule/openschedule/add/FlightNumberLength" status="PASSED">
         <system-out><![CDATA[2018-04-11 10:14:32 - [TEST_CASE][PASSED] - Test Cases/serviceschedule/openschedule/add/FlightNumberLength: Invoke 'com.kms.katalon.core.annotation.AfterTestCase' method: 'CustimeListener.sampleAfterTestCase(...)' completed.

2018-04-11 10:14:32 - [TEST_STEP][PASSED] - Start listener action : sampleBeforeTestCase: Invoke 'com.kms.katalon.core.annotation.BeforeTestCase' method: 'CustimeListener.sampleBeforeTestCase(...)' completed.

2018-04-11 10:14:32 - [TEST_STEP][PASSED] - common.serviceschedule.addopenschedule.AddOpenSchedule.gotoPage: common.serviceschedule.addopenschedule.AddOpenSchedule.gotoPage is PASSED

2018-04-11 10:14:33 - [MESSAGE][PASSED] - Navigate to 'http://10.100.70.87:8080/cp_cambodia/jsp/serviceschedule/gotoAddOpenSchedule.action' successfully

2018-04-11 10:14:33 - [MESSAGE][PASSED] - common.serviceschedule.addopenschedule.AddOpenSchedule.gotoPage is PASSED

2018-04-11 10:14:33 - [TEST_STEP][PASSED] - common.serviceschedule.addopenschedule.AddOpenSchedule.setValueToInput: common.serviceschedule.addopenschedule.AddOpenSchedule.setValueToInput is PASSED

2018-04-11 10:14:33 - [MESSAGE][PASSED] - Text 'A1234Aaa' is set on object 'Object Repository/serviceschedule/openschedule/add/input_openScManual.serviceNumb'

2018-04-11 10:14:33 - [MESSAGE][PASSED] - Object 'Object Repository/serviceschedule/openschedule/add/span_Arrival' is visible

2018-04-11 10:14:33 - [MESSAGE][PASSED] - Object: 'Object Repository/serviceschedule/openschedule/add/span_Arrival' is clicked on

2018-04-11 10:14:33 - [MESSAGE][PASSED] - Object 'Object Repository/serviceschedule/openschedule/add/ul_ArrivalDeparture' is visible

2018-04-11 10:14:34 - [MESSAGE][PASSED] - Delayed 1 second(s)

2018-04-11 10:14:35 - [MESSAGE][PASSED] - Text '' is set on object 'Object Repository/serviceschedule/openschedule/add/input_autocompleteDepturePortN'

2018-04-11 10:14:36 - [MESSAGE][PASSED] - Delayed 1 second(s)

2018-04-11 10:14:36 - [MESSAGE][PASSED] - Text '' is set on object 'Object Repository/serviceschedule/openschedule/add/input_autocompleteArrivalPortN'

2018-04-11 10:14:37 - [MESSAGE][PASSED] - Delayed 1 second(s)

2018-04-11 10:14:37 - [MESSAGE][PASSED] - Keys 'CONTROL + a' sent to object: 'Object Repository/serviceschedule/openschedule/add/input_openScManual_depDate_dd_'

2018-04-11 10:14:37 - [MESSAGE][PASSED] - Keys 'CONTROL + a' sent to object: 'Object Repository/serviceschedule/openschedule/add/input_openScManual_arrDate_dd_'

2018-04-11 10:14:37 - [MESSAGE][PASSED] - Keys 'CONTROL + a' sent to object: 'Object Repository/serviceschedule/openschedule/add/input_openScManual_arrTime_hh_'

2018-04-11 10:14:37 - [MESSAGE][PASSED] - Keys 'CONTROL + a' sent to object: 'Object Repository/serviceschedule/openschedule/add/input_openScManual_depTime_hh_'

2018-04-11 10:14:38 - [MESSAGE][PASSED] - Delayed 1 second(s)

2018-04-11 10:14:38 - [MESSAGE][PASSED] - common.serviceschedule.addopenschedule.AddOpenSchedule.setValueToInput is PASSED

2018-04-11 10:14:38 - [TEST_STEP][PASSED] - util.Verify.verifyValueLenght: util.Verify.verifyValueLenght is PASSED

2018-04-11 10:14:38 - [MESSAGE][PASSED] - Attribute 'value' of object 'Object Repository/serviceschedule/openschedule/add/input_openScManual.serviceNumb' is: 'A1234A'

2018-04-11 10:14:38 - [MESSAGE][PASSED] - Actual number '6' is less than or equal to expected number '6'

2018-04-11 10:14:38 - [MESSAGE][PASSED] - util.Verify.verifyValueLenght is PASSED

2018-04-11 10:14:38 - [TEST_STEP][PASSED] - Start listener action : sampleAfterTestCase: Invoke 'com.kms.katalon.core.annotation.AfterTestCase' method: 'CustimeListener.sampleAfterTestCase(...)' completed.

2018-04-11 10:14:38 - [TEST_STEP][PASSED] - comment: Name: /xl/workbook.xml - Content Type: application/vnd.openxmlformats-officedocument.spreadsheetml.sheet.main+xml

2018-04-11 10:14:38 - [TEST_STEP][PASSED] - comment: null

2018-04-11 10:14:38 - [TEST_STEP][PASSED] - comment: 12

2018-04-11 10:14:38 - [TEST_STEP][PASSED] - comment: com.kms.katalon.core.context.internal.InternalTestCaseContext@ad3324b

2018-04-11 10:14:38 - [TEST_STEP][PASSED] - Statement - rowIndex = util.exportExcel.createRerportdetail(wb, rowIndex, testCaseContext): Invoke 'com.kms.katalon.core.annotation.AfterTestCase' method: 'CustimeListener.sampleAfterTestCase(...)' completed.]]></system-out>
         <system-err><![CDATA[]]></system-err>
      </testcase>
      <testcase name="Test Cases/serviceschedule/openschedule/add/arrDate_depDate" classname="Test Cases/serviceschedule/openschedule/add/arrDate_depDate" status="FAILED">
         <failure type="FAILED" message="Actual text 'Arrival date/time out of range.
Arrival date/time shall not be before departure date more than defined.' and expected text 'Arrival date/time shall not be before departure date more than defined.' of test object 'Object Repository/serviceschedule/openschedule/add/alert message' are NOT matched."/>
         <system-out><![CDATA[2018-04-11 10:14:38 - [TEST_CASE][FAILED] - Test Cases/serviceschedule/openschedule/add/arrDate_depDate: Test Cases/serviceschedule/openschedule/add/arrDate_depDate FAILED because (of) Actual text 'Arrival date/time out of range.
Arrival date/time shall not be before departure date more than defined.' and expected text 'Arrival date/time shall not be before departure date more than defined.' of test object 'Object Repository/serviceschedule/openschedule/add/alert message' are NOT matched.

2018-04-11 10:14:38 - [TEST_STEP][PASSED] - Start listener action : sampleBeforeTestCase: Invoke 'com.kms.katalon.core.annotation.BeforeTestCase' method: 'CustimeListener.sampleBeforeTestCase(...)' completed.

2018-04-11 10:14:38 - [TEST_STEP][PASSED] - common.serviceschedule.addopenschedule.AddOpenSchedule.gotoPage: common.serviceschedule.addopenschedule.AddOpenSchedule.gotoPage is PASSED

2018-04-11 10:14:39 - [MESSAGE][PASSED] - Navigate to 'http://10.100.70.87:8080/cp_cambodia/jsp/serviceschedule/gotoAddOpenSchedule.action' successfully

2018-04-11 10:14:39 - [MESSAGE][PASSED] - common.serviceschedule.addopenschedule.AddOpenSchedule.gotoPage is PASSED

2018-04-11 10:14:39 - [TEST_STEP][PASSED] - common.serviceschedule.addopenschedule.AddOpenSchedule.setValueToInput: common.serviceschedule.addopenschedule.AddOpenSchedule.setValueToInput is PASSED

2018-04-11 10:14:39 - [MESSAGE][PASSED] - Text 'A123' is set on object 'Object Repository/serviceschedule/openschedule/add/input_openScManual.serviceNumb'

2018-04-11 10:14:39 - [MESSAGE][PASSED] - Object 'Object Repository/serviceschedule/openschedule/add/span_Arrival' is visible

2018-04-11 10:14:39 - [MESSAGE][PASSED] - Object: 'Object Repository/serviceschedule/openschedule/add/span_Arrival' is clicked on

2018-04-11 10:14:39 - [MESSAGE][PASSED] - Object 'Object Repository/serviceschedule/openschedule/add/ul_ArrivalDeparture' is visible

2018-04-11 10:14:40 - [MESSAGE][PASSED] - Delayed 1 second(s)

2018-04-11 10:14:41 - [MESSAGE][PASSED] - Text 'PQQ' is set on object 'Object Repository/serviceschedule/openschedule/add/input_autocompleteDepturePortN'

2018-04-11 10:14:42 - [MESSAGE][PASSED] - Delayed 1 second(s)

2018-04-11 10:14:42 - [MESSAGE][PASSED] - Text 'DMK' is set on object 'Object Repository/serviceschedule/openschedule/add/input_autocompleteArrivalPortN'

2018-04-11 10:14:43 - [MESSAGE][PASSED] - Delayed 1 second(s)

2018-04-11 10:14:43 - [MESSAGE][PASSED] - Keys 'CONTROL + a' sent to object: 'Object Repository/serviceschedule/openschedule/add/input_openScManual_depDate_dd_'

2018-04-11 10:14:43 - [MESSAGE][PASSED] - Keys 'CONTROL + a' sent to object: 'Object Repository/serviceschedule/openschedule/add/input_openScManual_arrDate_dd_'

2018-04-11 10:14:43 - [MESSAGE][PASSED] - Keys 'CONTROL + a' sent to object: 'Object Repository/serviceschedule/openschedule/add/input_openScManual_arrTime_hh_'

2018-04-11 10:14:43 - [MESSAGE][PASSED] - Keys 'CONTROL + a' sent to object: 'Object Repository/serviceschedule/openschedule/add/input_openScManual_depTime_hh_'

2018-04-11 10:14:45 - [MESSAGE][PASSED] - Delayed 1 second(s)

2018-04-11 10:14:45 - [MESSAGE][PASSED] - common.serviceschedule.addopenschedule.AddOpenSchedule.setValueToInput is PASSED

2018-04-11 10:14:45 - [TEST_STEP][PASSED] - click: Object: 'Object Repository/serviceschedule/openschedule/add/button_Open' is clicked on

2018-04-11 10:14:45 - [MESSAGE][PASSED] - Object: 'Object Repository/serviceschedule/openschedule/add/button_Open' is clicked on

2018-04-11 10:14:45 - [TEST_STEP][PASSED] - waitForElementVisible: Object 'Object Repository/serviceschedule/openschedule/add/alert message' is visible

2018-04-11 10:14:45 - [MESSAGE][PASSED] - Object 'Object Repository/serviceschedule/openschedule/add/alert message' is visible

2018-04-11 10:14:45 - [TEST_STEP][FAILED] - verifyElementText: Actual text 'Arrival date/time out of range.
Arrival date/time shall not be before departure date more than defined.' and expected text 'Arrival date/time shall not be before departure date more than defined.' of test object 'Object Repository/serviceschedule/openschedule/add/alert message' are NOT matched.

2018-04-11 10:14:45 - [MESSAGE][FAILED] - Actual text 'Arrival date/time out of range.
Arrival date/time shall not be before departure date more than defined.' and expected text 'Arrival date/time shall not be before departure date more than defined.' of test object 'Object Repository/serviceschedule/openschedule/add/alert message' are NOT matched.

2018-04-11 10:14:45 - [TEST_STEP][PASSED] - Start listener action : sampleAfterTestCase: Taking screenshot successfully

2018-04-11 10:14:45 - [TEST_STEP][PASSED] - comment: Name: /xl/workbook.xml - Content Type: application/vnd.openxmlformats-officedocument.spreadsheetml.sheet.main+xml

2018-04-11 10:14:45 - [TEST_STEP][PASSED] - comment: null

2018-04-11 10:14:45 - [TEST_STEP][PASSED] - comment: 13

2018-04-11 10:14:45 - [TEST_STEP][PASSED] - comment: com.kms.katalon.core.context.internal.InternalTestCaseContext@81b5db0

2018-04-11 10:14:45 - [TEST_STEP][PASSED] - Statement - rowIndex = util.exportExcel.createRerportdetail(wb, rowIndex, testCaseContext): Taking screenshot successfully

2018-04-11 10:14:46 - [MESSAGE][PASSED] - Delayed 1 second(s)

2018-04-11 10:14:46 - [MESSAGE][PASSED] - Taking screenshot successfully
[[ATTACHMENT|D:\\Demo\\Katalon-Demo\\Reports\\serviceschdule\\add\\addOpenSchedule\\20180411_101301\\D:/testreport/addOpenSchedule/addOpenSchedule_11042018101304/TEST-ID-16.png]]]]></system-out>
         <system-err><![CDATA[2018-04-11 10:14:38 - [TEST_CASE][FAILED] - Test Cases/serviceschedule/openschedule/add/arrDate_depDate: Test Cases/serviceschedule/openschedule/add/arrDate_depDate FAILED because (of) Actual text 'Arrival date/time out of range.
Arrival date/time shall not be before departure date more than defined.' and expected text 'Arrival date/time shall not be before departure date more than defined.' of test object 'Object Repository/serviceschedule/openschedule/add/alert message' are NOT matched.]]></system-err>
      </testcase>
      <testcase name="Test Cases/serviceschedule/openschedule/add/arrDate_depDate" classname="Test Cases/serviceschedule/openschedule/add/arrDate_depDate" status="PASSED">
         <system-out><![CDATA[2018-04-11 10:14:46 - [TEST_CASE][PASSED] - Test Cases/serviceschedule/openschedule/add/arrDate_depDate: Invoke 'com.kms.katalon.core.annotation.AfterTestCase' method: 'CustimeListener.sampleAfterTestCase(...)' completed.

2018-04-11 10:14:46 - [TEST_STEP][PASSED] - Start listener action : sampleBeforeTestCase: Invoke 'com.kms.katalon.core.annotation.BeforeTestCase' method: 'CustimeListener.sampleBeforeTestCase(...)' completed.

2018-04-11 10:14:46 - [TEST_STEP][PASSED] - common.serviceschedule.addopenschedule.AddOpenSchedule.gotoPage: common.serviceschedule.addopenschedule.AddOpenSchedule.gotoPage is PASSED

2018-04-11 10:14:47 - [MESSAGE][PASSED] - Navigate to 'http://10.100.70.87:8080/cp_cambodia/jsp/serviceschedule/gotoAddOpenSchedule.action' successfully

2018-04-11 10:14:47 - [MESSAGE][PASSED] - common.serviceschedule.addopenschedule.AddOpenSchedule.gotoPage is PASSED

2018-04-11 10:14:47 - [TEST_STEP][PASSED] - common.serviceschedule.addopenschedule.AddOpenSchedule.setValueToInput: common.serviceschedule.addopenschedule.AddOpenSchedule.setValueToInput is PASSED

2018-04-11 10:14:47 - [MESSAGE][PASSED] - Text 'A123' is set on object 'Object Repository/serviceschedule/openschedule/add/input_openScManual.serviceNumb'

2018-04-11 10:14:47 - [MESSAGE][PASSED] - Object 'Object Repository/serviceschedule/openschedule/add/span_Arrival' is visible

2018-04-11 10:14:47 - [MESSAGE][PASSED] - Object: 'Object Repository/serviceschedule/openschedule/add/span_Arrival' is clicked on

2018-04-11 10:14:47 - [MESSAGE][PASSED] - Object 'Object Repository/serviceschedule/openschedule/add/ul_ArrivalDeparture' is visible

2018-04-11 10:14:48 - [MESSAGE][PASSED] - Delayed 1 second(s)

2018-04-11 10:14:49 - [MESSAGE][PASSED] - Text 'PQQ' is set on object 'Object Repository/serviceschedule/openschedule/add/input_autocompleteDepturePortN'

2018-04-11 10:14:50 - [MESSAGE][PASSED] - Delayed 1 second(s)

2018-04-11 10:14:50 - [MESSAGE][PASSED] - Text 'DMK' is set on object 'Object Repository/serviceschedule/openschedule/add/input_autocompleteArrivalPortN'

2018-04-11 10:14:51 - [MESSAGE][PASSED] - Delayed 1 second(s)

2018-04-11 10:14:51 - [MESSAGE][PASSED] - Keys 'CONTROL + a' sent to object: 'Object Repository/serviceschedule/openschedule/add/input_openScManual_depDate_dd_'

2018-04-11 10:14:51 - [MESSAGE][PASSED] - Keys 'CONTROL + a' sent to object: 'Object Repository/serviceschedule/openschedule/add/input_openScManual_arrDate_dd_'

2018-04-11 10:14:51 - [MESSAGE][PASSED] - Keys 'CONTROL + a' sent to object: 'Object Repository/serviceschedule/openschedule/add/input_openScManual_arrTime_hh_'

2018-04-11 10:14:51 - [MESSAGE][PASSED] - Keys 'CONTROL + a' sent to object: 'Object Repository/serviceschedule/openschedule/add/input_openScManual_depTime_hh_'

2018-04-11 10:14:52 - [MESSAGE][PASSED] - Delayed 1 second(s)

2018-04-11 10:14:52 - [MESSAGE][PASSED] - common.serviceschedule.addopenschedule.AddOpenSchedule.setValueToInput is PASSED

2018-04-11 10:14:52 - [TEST_STEP][PASSED] - click: Object: 'Object Repository/serviceschedule/openschedule/add/button_Open' is clicked on

2018-04-11 10:14:53 - [MESSAGE][PASSED] - Object: 'Object Repository/serviceschedule/openschedule/add/button_Open' is clicked on

2018-04-11 10:14:53 - [TEST_STEP][PASSED] - waitForElementVisible: Object 'Object Repository/serviceschedule/openschedule/add/alert message' is visible

2018-04-11 10:14:53 - [MESSAGE][PASSED] - Object 'Object Repository/serviceschedule/openschedule/add/alert message' is visible

2018-04-11 10:14:53 - [TEST_STEP][PASSED] - verifyElementText: Actual text and expected text of test object 'Object Repository/serviceschedule/openschedule/add/alert message' are matched.

2018-04-11 10:14:53 - [MESSAGE][PASSED] - Actual text and expected text of test object 'Object Repository/serviceschedule/openschedule/add/alert message' are matched.

2018-04-11 10:14:53 - [TEST_STEP][PASSED] - Start listener action : sampleAfterTestCase: Invoke 'com.kms.katalon.core.annotation.AfterTestCase' method: 'CustimeListener.sampleAfterTestCase(...)' completed.

2018-04-11 10:14:53 - [TEST_STEP][PASSED] - comment: Name: /xl/workbook.xml - Content Type: application/vnd.openxmlformats-officedocument.spreadsheetml.sheet.main+xml

2018-04-11 10:14:53 - [TEST_STEP][PASSED] - comment: null

2018-04-11 10:14:53 - [TEST_STEP][PASSED] - comment: 14

2018-04-11 10:14:53 - [TEST_STEP][PASSED] - comment: com.kms.katalon.core.context.internal.InternalTestCaseContext@5a2bd7c8

2018-04-11 10:14:53 - [TEST_STEP][PASSED] - Statement - rowIndex = util.exportExcel.createRerportdetail(wb, rowIndex, testCaseContext): Invoke 'com.kms.katalon.core.annotation.AfterTestCase' method: 'CustimeListener.sampleAfterTestCase(...)' completed.]]></system-out>
         <system-err><![CDATA[]]></system-err>
      </testcase>
      <testcase name="Test Cases/serviceschedule/openschedule/add/arrDate_depDate" classname="Test Cases/serviceschedule/openschedule/add/arrDate_depDate" status="FAILED">
         <failure type="FAILED" message="Actual text 'Departure date/time out of range.
Arrival date/time out of range.' and expected text 'Departure date/time out of range.' of test object 'Object Repository/serviceschedule/openschedule/add/alert message' are NOT matched."/>
         <system-out><![CDATA[2018-04-11 10:14:53 - [TEST_CASE][FAILED] - Test Cases/serviceschedule/openschedule/add/arrDate_depDate: Test Cases/serviceschedule/openschedule/add/arrDate_depDate FAILED because (of) Actual text 'Departure date/time out of range.
Arrival date/time out of range.' and expected text 'Departure date/time out of range.' of test object 'Object Repository/serviceschedule/openschedule/add/alert message' are NOT matched.

2018-04-11 10:14:53 - [TEST_STEP][PASSED] - Start listener action : sampleBeforeTestCase: Invoke 'com.kms.katalon.core.annotation.BeforeTestCase' method: 'CustimeListener.sampleBeforeTestCase(...)' completed.

2018-04-11 10:14:53 - [TEST_STEP][PASSED] - common.serviceschedule.addopenschedule.AddOpenSchedule.gotoPage: common.serviceschedule.addopenschedule.AddOpenSchedule.gotoPage is PASSED

2018-04-11 10:14:53 - [MESSAGE][PASSED] - Navigate to 'http://10.100.70.87:8080/cp_cambodia/jsp/serviceschedule/gotoAddOpenSchedule.action' successfully

2018-04-11 10:14:53 - [MESSAGE][PASSED] - common.serviceschedule.addopenschedule.AddOpenSchedule.gotoPage is PASSED

2018-04-11 10:14:53 - [TEST_STEP][PASSED] - common.serviceschedule.addopenschedule.AddOpenSchedule.setValueToInput: common.serviceschedule.addopenschedule.AddOpenSchedule.setValueToInput is PASSED

2018-04-11 10:14:53 - [MESSAGE][PASSED] - Text 'A123' is set on object 'Object Repository/serviceschedule/openschedule/add/input_openScManual.serviceNumb'

2018-04-11 10:14:53 - [MESSAGE][PASSED] - Object 'Object Repository/serviceschedule/openschedule/add/span_Arrival' is visible

2018-04-11 10:14:54 - [MESSAGE][PASSED] - Object: 'Object Repository/serviceschedule/openschedule/add/span_Arrival' is clicked on

2018-04-11 10:14:54 - [MESSAGE][PASSED] - Object 'Object Repository/serviceschedule/openschedule/add/ul_ArrivalDeparture' is visible

2018-04-11 10:14:55 - [MESSAGE][PASSED] - Delayed 1 second(s)

2018-04-11 10:14:55 - [MESSAGE][PASSED] - Text 'PQQ' is set on object 'Object Repository/serviceschedule/openschedule/add/input_autocompleteDepturePortN'

2018-04-11 10:14:56 - [MESSAGE][PASSED] - Delayed 1 second(s)

2018-04-11 10:14:56 - [MESSAGE][PASSED] - Text 'DMK' is set on object 'Object Repository/serviceschedule/openschedule/add/input_autocompleteArrivalPortN'

2018-04-11 10:14:57 - [MESSAGE][PASSED] - Delayed 1 second(s)

2018-04-11 10:14:58 - [MESSAGE][PASSED] - Keys 'CONTROL + a' sent to object: 'Object Repository/serviceschedule/openschedule/add/input_openScManual_depDate_dd_'

2018-04-11 10:14:58 - [MESSAGE][PASSED] - Keys 'CONTROL + a' sent to object: 'Object Repository/serviceschedule/openschedule/add/input_openScManual_arrDate_dd_'

2018-04-11 10:14:58 - [MESSAGE][PASSED] - Keys 'CONTROL + a' sent to object: 'Object Repository/serviceschedule/openschedule/add/input_openScManual_arrTime_hh_'

2018-04-11 10:14:58 - [MESSAGE][PASSED] - Keys 'CONTROL + a' sent to object: 'Object Repository/serviceschedule/openschedule/add/input_openScManual_depTime_hh_'

2018-04-11 10:14:59 - [MESSAGE][PASSED] - Delayed 1 second(s)

2018-04-11 10:14:59 - [MESSAGE][PASSED] - common.serviceschedule.addopenschedule.AddOpenSchedule.setValueToInput is PASSED

2018-04-11 10:14:59 - [TEST_STEP][PASSED] - click: Object: 'Object Repository/serviceschedule/openschedule/add/button_Open' is clicked on

2018-04-11 10:14:59 - [MESSAGE][PASSED] - Object: 'Object Repository/serviceschedule/openschedule/add/button_Open' is clicked on

2018-04-11 10:14:59 - [TEST_STEP][PASSED] - waitForElementVisible: Object 'Object Repository/serviceschedule/openschedule/add/alert message' is visible

2018-04-11 10:14:59 - [MESSAGE][PASSED] - Object 'Object Repository/serviceschedule/openschedule/add/alert message' is visible

2018-04-11 10:14:59 - [TEST_STEP][FAILED] - verifyElementText: Actual text 'Departure date/time out of range.
Arrival date/time out of range.' and expected text 'Departure date/time out of range.' of test object 'Object Repository/serviceschedule/openschedule/add/alert message' are NOT matched.

2018-04-11 10:14:59 - [MESSAGE][FAILED] - Actual text 'Departure date/time out of range.
Arrival date/time out of range.' and expected text 'Departure date/time out of range.' of test object 'Object Repository/serviceschedule/openschedule/add/alert message' are NOT matched.

2018-04-11 10:14:59 - [TEST_STEP][PASSED] - Start listener action : sampleAfterTestCase: Taking screenshot successfully

2018-04-11 10:14:59 - [TEST_STEP][PASSED] - comment: Name: /xl/workbook.xml - Content Type: application/vnd.openxmlformats-officedocument.spreadsheetml.sheet.main+xml

2018-04-11 10:14:59 - [TEST_STEP][PASSED] - comment: null

2018-04-11 10:14:59 - [TEST_STEP][PASSED] - comment: 15

2018-04-11 10:14:59 - [TEST_STEP][PASSED] - comment: com.kms.katalon.core.context.internal.InternalTestCaseContext@382c90c2

2018-04-11 10:14:59 - [TEST_STEP][PASSED] - Statement - rowIndex = util.exportExcel.createRerportdetail(wb, rowIndex, testCaseContext): Taking screenshot successfully

2018-04-11 10:15:00 - [MESSAGE][PASSED] - Delayed 1 second(s)

2018-04-11 10:15:01 - [MESSAGE][PASSED] - Taking screenshot successfully
[[ATTACHMENT|D:\\Demo\\Katalon-Demo\\Reports\\serviceschdule\\add\\addOpenSchedule\\20180411_101301\\D:/testreport/addOpenSchedule/addOpenSchedule_11042018101304/TEST-ID-18.png]]]]></system-out>
         <system-err><![CDATA[2018-04-11 10:14:53 - [TEST_CASE][FAILED] - Test Cases/serviceschedule/openschedule/add/arrDate_depDate: Test Cases/serviceschedule/openschedule/add/arrDate_depDate FAILED because (of) Actual text 'Departure date/time out of range.
Arrival date/time out of range.' and expected text 'Departure date/time out of range.' of test object 'Object Repository/serviceschedule/openschedule/add/alert message' are NOT matched.]]></system-err>
      </testcase>
      <testcase name="Test Cases/serviceschedule/openschedule/add/arrDate_depDate" classname="Test Cases/serviceschedule/openschedule/add/arrDate_depDate" status="FAILED">
         <failure type="FAILED" message="Actual text 'Departure date/time out of range.
Arrival date/time out of range.
Arrival date/time shall not be before departure date more than defined.' and expected text 'Arrival date/time out of range.' of test object 'Object Repository/serviceschedule/openschedule/add/alert message' are NOT matched."/>
         <system-out><![CDATA[2018-04-11 10:15:01 - [TEST_CASE][FAILED] - Test Cases/serviceschedule/openschedule/add/arrDate_depDate: Test Cases/serviceschedule/openschedule/add/arrDate_depDate FAILED because (of) Actual text 'Departure date/time out of range.
Arrival date/time out of range.
Arrival date/time shall not be before departure date more than defined.' and expected text 'Arrival date/time out of range.' of test object 'Object Repository/serviceschedule/openschedule/add/alert message' are NOT matched.

2018-04-11 10:15:01 - [TEST_STEP][PASSED] - Start listener action : sampleBeforeTestCase: Invoke 'com.kms.katalon.core.annotation.BeforeTestCase' method: 'CustimeListener.sampleBeforeTestCase(...)' completed.

2018-04-11 10:15:01 - [TEST_STEP][PASSED] - common.serviceschedule.addopenschedule.AddOpenSchedule.gotoPage: common.serviceschedule.addopenschedule.AddOpenSchedule.gotoPage is PASSED

2018-04-11 10:15:01 - [MESSAGE][PASSED] - Navigate to 'http://10.100.70.87:8080/cp_cambodia/jsp/serviceschedule/gotoAddOpenSchedule.action' successfully

2018-04-11 10:15:01 - [MESSAGE][PASSED] - common.serviceschedule.addopenschedule.AddOpenSchedule.gotoPage is PASSED

2018-04-11 10:15:01 - [TEST_STEP][PASSED] - common.serviceschedule.addopenschedule.AddOpenSchedule.setValueToInput: common.serviceschedule.addopenschedule.AddOpenSchedule.setValueToInput is PASSED

2018-04-11 10:15:01 - [MESSAGE][PASSED] - Text 'A123' is set on object 'Object Repository/serviceschedule/openschedule/add/input_openScManual.serviceNumb'

2018-04-11 10:15:01 - [MESSAGE][PASSED] - Object 'Object Repository/serviceschedule/openschedule/add/span_Arrival' is visible

2018-04-11 10:15:01 - [MESSAGE][PASSED] - Object: 'Object Repository/serviceschedule/openschedule/add/span_Arrival' is clicked on

2018-04-11 10:15:01 - [MESSAGE][PASSED] - Object 'Object Repository/serviceschedule/openschedule/add/ul_ArrivalDeparture' is visible

2018-04-11 10:15:03 - [MESSAGE][PASSED] - Delayed 1 second(s)

2018-04-11 10:15:03 - [MESSAGE][PASSED] - Text 'PQQ' is set on object 'Object Repository/serviceschedule/openschedule/add/input_autocompleteDepturePortN'

2018-04-11 10:15:04 - [MESSAGE][PASSED] - Delayed 1 second(s)

2018-04-11 10:15:04 - [MESSAGE][PASSED] - Text 'DMK' is set on object 'Object Repository/serviceschedule/openschedule/add/input_autocompleteArrivalPortN'

2018-04-11 10:15:05 - [MESSAGE][PASSED] - Delayed 1 second(s)

2018-04-11 10:15:05 - [MESSAGE][PASSED] - Keys 'CONTROL + a' sent to object: 'Object Repository/serviceschedule/openschedule/add/input_openScManual_depDate_dd_'

2018-04-11 10:15:06 - [MESSAGE][PASSED] - Keys 'CONTROL + a' sent to object: 'Object Repository/serviceschedule/openschedule/add/input_openScManual_arrDate_dd_'

2018-04-11 10:15:06 - [MESSAGE][PASSED] - Keys 'CONTROL + a' sent to object: 'Object Repository/serviceschedule/openschedule/add/input_openScManual_arrTime_hh_'

2018-04-11 10:15:06 - [MESSAGE][PASSED] - Keys 'CONTROL + a' sent to object: 'Object Repository/serviceschedule/openschedule/add/input_openScManual_depTime_hh_'

2018-04-11 10:15:07 - [MESSAGE][PASSED] - Delayed 1 second(s)

2018-04-11 10:15:07 - [MESSAGE][PASSED] - common.serviceschedule.addopenschedule.AddOpenSchedule.setValueToInput is PASSED

2018-04-11 10:15:07 - [TEST_STEP][PASSED] - click: Object: 'Object Repository/serviceschedule/openschedule/add/button_Open' is clicked on

2018-04-11 10:15:08 - [MESSAGE][PASSED] - Object: 'Object Repository/serviceschedule/openschedule/add/button_Open' is clicked on

2018-04-11 10:15:08 - [TEST_STEP][PASSED] - waitForElementVisible: Object 'Object Repository/serviceschedule/openschedule/add/alert message' is visible

2018-04-11 10:15:08 - [MESSAGE][PASSED] - Object 'Object Repository/serviceschedule/openschedule/add/alert message' is visible

2018-04-11 10:15:08 - [TEST_STEP][FAILED] - verifyElementText: Actual text 'Departure date/time out of range.
Arrival date/time out of range.
Arrival date/time shall not be before departure date more than defined.' and expected text 'Arrival date/time out of range.' of test object 'Object Repository/serviceschedule/openschedule/add/alert message' are NOT matched.

2018-04-11 10:15:08 - [MESSAGE][FAILED] - Actual text 'Departure date/time out of range.
Arrival date/time out of range.
Arrival date/time shall not be before departure date more than defined.' and expected text 'Arrival date/time out of range.' of test object 'Object Repository/serviceschedule/openschedule/add/alert message' are NOT matched.

2018-04-11 10:15:08 - [TEST_STEP][PASSED] - Start listener action : sampleAfterTestCase: Taking screenshot successfully

2018-04-11 10:15:08 - [TEST_STEP][PASSED] - comment: Name: /xl/workbook.xml - Content Type: application/vnd.openxmlformats-officedocument.spreadsheetml.sheet.main+xml

2018-04-11 10:15:08 - [TEST_STEP][PASSED] - comment: null

2018-04-11 10:15:08 - [TEST_STEP][PASSED] - comment: 16

2018-04-11 10:15:08 - [TEST_STEP][PASSED] - comment: com.kms.katalon.core.context.internal.InternalTestCaseContext@1894593a

2018-04-11 10:15:08 - [TEST_STEP][PASSED] - Statement - rowIndex = util.exportExcel.createRerportdetail(wb, rowIndex, testCaseContext): Taking screenshot successfully

2018-04-11 10:15:09 - [MESSAGE][PASSED] - Delayed 1 second(s)

2018-04-11 10:15:09 - [MESSAGE][PASSED] - Taking screenshot successfully
[[ATTACHMENT|D:\\Demo\\Katalon-Demo\\Reports\\serviceschdule\\add\\addOpenSchedule\\20180411_101301\\D:/testreport/addOpenSchedule/addOpenSchedule_11042018101304/TEST-ID-19.png]]]]></system-out>
         <system-err><![CDATA[2018-04-11 10:15:01 - [TEST_CASE][FAILED] - Test Cases/serviceschedule/openschedule/add/arrDate_depDate: Test Cases/serviceschedule/openschedule/add/arrDate_depDate FAILED because (of) Actual text 'Departure date/time out of range.
Arrival date/time out of range.
Arrival date/time shall not be before departure date more than defined.' and expected text 'Arrival date/time out of range.' of test object 'Object Repository/serviceschedule/openschedule/add/alert message' are NOT matched.]]></system-err>
      </testcase>
      <testcase name="Test Cases/serviceschedule/openschedule/add/ArrDepPort" classname="Test Cases/serviceschedule/openschedule/add/ArrDepPort" status="PASSED">
         <system-out><![CDATA[2018-04-11 10:15:09 - [TEST_CASE][PASSED] - Test Cases/serviceschedule/openschedule/add/ArrDepPort: Invoke 'com.kms.katalon.core.annotation.AfterTestCase' method: 'CustimeListener.sampleAfterTestCase(...)' completed.

2018-04-11 10:15:09 - [TEST_STEP][PASSED] - Start listener action : sampleBeforeTestCase: Invoke 'com.kms.katalon.core.annotation.BeforeTestCase' method: 'CustimeListener.sampleBeforeTestCase(...)' completed.

2018-04-11 10:15:09 - [TEST_STEP][PASSED] - common.serviceschedule.addopenschedule.AddOpenSchedule.gotoPage: common.serviceschedule.addopenschedule.AddOpenSchedule.gotoPage is PASSED

2018-04-11 10:15:09 - [MESSAGE][PASSED] - Navigate to 'http://10.100.70.87:8080/cp_cambodia/jsp/serviceschedule/gotoAddOpenSchedule.action' successfully

2018-04-11 10:15:09 - [MESSAGE][PASSED] - common.serviceschedule.addopenschedule.AddOpenSchedule.gotoPage is PASSED

2018-04-11 10:15:09 - [TEST_STEP][PASSED] - common.serviceschedule.addopenschedule.AddOpenSchedule.setValueToInput: common.serviceschedule.addopenschedule.AddOpenSchedule.setValueToInput is PASSED

2018-04-11 10:15:10 - [MESSAGE][PASSED] - Text '' is set on object 'Object Repository/serviceschedule/openschedule/add/input_openScManual.serviceNumb'

2018-04-11 10:15:10 - [MESSAGE][PASSED] - Object 'Object Repository/serviceschedule/openschedule/add/span_Arrival' is visible

2018-04-11 10:15:10 - [MESSAGE][PASSED] - Object: 'Object Repository/serviceschedule/openschedule/add/span_Arrival' is clicked on

2018-04-11 10:15:10 - [MESSAGE][PASSED] - Object 'Object Repository/serviceschedule/openschedule/add/ul_ArrivalDeparture' is visible

2018-04-11 10:15:11 - [MESSAGE][PASSED] - Delayed 1 second(s)

2018-04-11 10:15:11 - [MESSAGE][PASSED] - Text 'DMK' is set on object 'Object Repository/serviceschedule/openschedule/add/input_autocompleteDepturePortN'

2018-04-11 10:15:12 - [MESSAGE][PASSED] - Delayed 1 second(s)

2018-04-11 10:15:13 - [MESSAGE][PASSED] - Text '' is set on object 'Object Repository/serviceschedule/openschedule/add/input_autocompleteArrivalPortN'

2018-04-11 10:15:14 - [MESSAGE][PASSED] - Delayed 1 second(s)

2018-04-11 10:15:14 - [MESSAGE][PASSED] - Keys 'CONTROL + a' sent to object: 'Object Repository/serviceschedule/openschedule/add/input_openScManual_depDate_dd_'

2018-04-11 10:15:14 - [MESSAGE][PASSED] - Keys 'CONTROL + a' sent to object: 'Object Repository/serviceschedule/openschedule/add/input_openScManual_arrDate_dd_'

2018-04-11 10:15:14 - [MESSAGE][PASSED] - Keys 'CONTROL + a' sent to object: 'Object Repository/serviceschedule/openschedule/add/input_openScManual_arrTime_hh_'

2018-04-11 10:15:14 - [MESSAGE][PASSED] - Keys 'CONTROL + a' sent to object: 'Object Repository/serviceschedule/openschedule/add/input_openScManual_depTime_hh_'

2018-04-11 10:15:15 - [MESSAGE][PASSED] - Delayed 1 second(s)

2018-04-11 10:15:15 - [MESSAGE][PASSED] - common.serviceschedule.addopenschedule.AddOpenSchedule.setValueToInput is PASSED

2018-04-11 10:15:15 - [TEST_STEP][PASSED] - verifyElementText: Actual text and expected text of test object 'Object Repository/serviceschedule/openschedule/add/input_autocompleteArrivalPortN' are matched.

2018-04-11 10:15:15 - [MESSAGE][PASSED] - Actual text and expected text of test object 'Object Repository/serviceschedule/openschedule/add/input_autocompleteArrivalPortN' are matched.

2018-04-11 10:15:15 - [TEST_STEP][PASSED] - Start listener action : sampleAfterTestCase: Invoke 'com.kms.katalon.core.annotation.AfterTestCase' method: 'CustimeListener.sampleAfterTestCase(...)' completed.

2018-04-11 10:15:15 - [TEST_STEP][PASSED] - comment: Name: /xl/workbook.xml - Content Type: application/vnd.openxmlformats-officedocument.spreadsheetml.sheet.main+xml

2018-04-11 10:15:15 - [TEST_STEP][PASSED] - comment: null

2018-04-11 10:15:15 - [TEST_STEP][PASSED] - comment: 17

2018-04-11 10:15:15 - [TEST_STEP][PASSED] - comment: com.kms.katalon.core.context.internal.InternalTestCaseContext@496a31da

2018-04-11 10:15:15 - [TEST_STEP][PASSED] - Statement - rowIndex = util.exportExcel.createRerportdetail(wb, rowIndex, testCaseContext): Invoke 'com.kms.katalon.core.annotation.AfterTestCase' method: 'CustimeListener.sampleAfterTestCase(...)' completed.]]></system-out>
         <system-err><![CDATA[]]></system-err>
      </testcase>
      <testcase name="Test Cases/serviceschedule/openschedule/add/ArrDepPort" classname="Test Cases/serviceschedule/openschedule/add/ArrDepPort" status="PASSED">
         <system-out><![CDATA[2018-04-11 10:15:15 - [TEST_CASE][PASSED] - Test Cases/serviceschedule/openschedule/add/ArrDepPort: Invoke 'com.kms.katalon.core.annotation.AfterTestCase' method: 'CustimeListener.sampleAfterTestCase(...)' completed.

2018-04-11 10:15:15 - [TEST_STEP][PASSED] - Start listener action : sampleBeforeTestCase: Invoke 'com.kms.katalon.core.annotation.BeforeTestCase' method: 'CustimeListener.sampleBeforeTestCase(...)' completed.

2018-04-11 10:15:15 - [TEST_STEP][PASSED] - common.serviceschedule.addopenschedule.AddOpenSchedule.gotoPage: common.serviceschedule.addopenschedule.AddOpenSchedule.gotoPage is PASSED

2018-04-11 10:15:16 - [MESSAGE][PASSED] - Navigate to 'http://10.100.70.87:8080/cp_cambodia/jsp/serviceschedule/gotoAddOpenSchedule.action' successfully

2018-04-11 10:15:16 - [MESSAGE][PASSED] - common.serviceschedule.addopenschedule.AddOpenSchedule.gotoPage is PASSED

2018-04-11 10:15:16 - [TEST_STEP][PASSED] - common.serviceschedule.addopenschedule.AddOpenSchedule.setValueToInput: common.serviceschedule.addopenschedule.AddOpenSchedule.setValueToInput is PASSED

2018-04-11 10:15:16 - [MESSAGE][PASSED] - Text '' is set on object 'Object Repository/serviceschedule/openschedule/add/input_openScManual.serviceNumb'

2018-04-11 10:15:16 - [MESSAGE][PASSED] - Object 'Object Repository/serviceschedule/openschedule/add/span_Arrival' is visible

2018-04-11 10:15:16 - [MESSAGE][PASSED] - Object: 'Object Repository/serviceschedule/openschedule/add/span_Arrival' is clicked on

2018-04-11 10:15:16 - [MESSAGE][PASSED] - Object 'Object Repository/serviceschedule/openschedule/add/ul_ArrivalDeparture' is visible

2018-04-11 10:15:17 - [MESSAGE][PASSED] - Delayed 1 second(s)

2018-04-11 10:15:17 - [MESSAGE][PASSED] - Text '' is set on object 'Object Repository/serviceschedule/openschedule/add/input_autocompleteDepturePortN'

2018-04-11 10:15:18 - [MESSAGE][PASSED] - Delayed 1 second(s)

2018-04-11 10:15:19 - [MESSAGE][PASSED] - Text 'Dmk' is set on object 'Object Repository/serviceschedule/openschedule/add/input_autocompleteArrivalPortN'

2018-04-11 10:15:20 - [MESSAGE][PASSED] - Delayed 1 second(s)

2018-04-11 10:15:20 - [MESSAGE][PASSED] - Keys 'CONTROL + a' sent to object: 'Object Repository/serviceschedule/openschedule/add/input_openScManual_depDate_dd_'

2018-04-11 10:15:20 - [MESSAGE][PASSED] - Keys 'CONTROL + a' sent to object: 'Object Repository/serviceschedule/openschedule/add/input_openScManual_arrDate_dd_'

2018-04-11 10:15:20 - [MESSAGE][PASSED] - Keys 'CONTROL + a' sent to object: 'Object Repository/serviceschedule/openschedule/add/input_openScManual_arrTime_hh_'

2018-04-11 10:15:20 - [MESSAGE][PASSED] - Keys 'CONTROL + a' sent to object: 'Object Repository/serviceschedule/openschedule/add/input_openScManual_depTime_hh_'

2018-04-11 10:15:21 - [MESSAGE][PASSED] - Delayed 1 second(s)

2018-04-11 10:15:21 - [MESSAGE][PASSED] - common.serviceschedule.addopenschedule.AddOpenSchedule.setValueToInput is PASSED

2018-04-11 10:15:21 - [TEST_STEP][PASSED] - verifyElementText: Actual text and expected text of test object 'Object Repository/serviceschedule/openschedule/add/input_autocompleteArrivalPortN' are matched.

2018-04-11 10:15:21 - [MESSAGE][PASSED] - Actual text and expected text of test object 'Object Repository/serviceschedule/openschedule/add/input_autocompleteArrivalPortN' are matched.

2018-04-11 10:15:21 - [TEST_STEP][PASSED] - Start listener action : sampleAfterTestCase: Invoke 'com.kms.katalon.core.annotation.AfterTestCase' method: 'CustimeListener.sampleAfterTestCase(...)' completed.

2018-04-11 10:15:21 - [TEST_STEP][PASSED] - comment: Name: /xl/workbook.xml - Content Type: application/vnd.openxmlformats-officedocument.spreadsheetml.sheet.main+xml

2018-04-11 10:15:21 - [TEST_STEP][PASSED] - comment: null

2018-04-11 10:15:21 - [TEST_STEP][PASSED] - comment: 18

2018-04-11 10:15:21 - [TEST_STEP][PASSED] - comment: com.kms.katalon.core.context.internal.InternalTestCaseContext@5d51e129

2018-04-11 10:15:21 - [TEST_STEP][PASSED] - Statement - rowIndex = util.exportExcel.createRerportdetail(wb, rowIndex, testCaseContext): Invoke 'com.kms.katalon.core.annotation.AfterTestCase' method: 'CustimeListener.sampleAfterTestCase(...)' completed.]]></system-out>
         <system-err><![CDATA[]]></system-err>
      </testcase>
      <system-out><![CDATA[2018-04-11 10:13:03 - [TEST_SUITE][FAILED] - addOpenSchedule: Test Cases/serviceschedule/openschedule/add/arrDate_depDate FAILED because (of) Actual text 'Arrival date/time out of range.
Arrival date/time shall not be before departure date more than defined.' and expected text 'Arrival date/time shall not be before departure date more than defined.' of test object 'Object Repository/serviceschedule/openschedule/add/alert message' are NOT matched.]]></system-out>
      <system-err><![CDATA[2018-04-11 10:13:03 - [TEST_SUITE][FAILED] - addOpenSchedule: Test Cases/serviceschedule/openschedule/add/arrDate_depDate FAILED because (of) Actual text 'Arrival date/time out of range.
Arrival date/time shall not be before departure date more than defined.' and expected text 'Arrival date/time shall not be before departure date more than defined.' of test object 'Object Repository/serviceschedule/openschedule/add/alert message' are NOT matched.]]></system-err>
   </testsuite>
</testsuites>
