<?xml version="1.0" encoding="UTF-8"?>
<testsuites name="addOpenSchedule" time="133" tests="18" failures="0" errors="0">
   <testsuite name="addOpenSchedule" tests="18" failures="0" errors="0" time="133" timestamp="2018-04-11 11:18:08" hostname="PG-Adul - PG-Adul.mshome.net" id="Test Suites/serviceschdule/add/addOpenSchedule">
      <properties>
         <property name="deviceName" value=""/>
         <property name="devicePlatform" value=""/>
         <property name="logFolder" value="D:\\Demo\\Katalon-Demo\\Reports\\serviceschdule\\add\\addOpenSchedule\\20180411_111804"/>
         <property name="logFiles" value="D:\\Demo\\Katalon-Demo\\Reports\\serviceschdule\\add\\addOpenSchedule\\20180411_111804\\execution0.log"/>
         <property name="attachments" value=""/>
         <property name="hostName" value="PG-Adul - PG-Adul.mshome.net"/>
         <property name="os" value="Windows 10 64bit"/>
         <property name="katalonVersion" value="5.3.1.1"/>
         <property name="browser" value="Firefox 58.0"/>
         <property name="hostAddress" value="172.27.98.17"/>
         <property name="sessionId" value="2e06637d-8bb8-4250-b4c0-a003455b0fbe"/>
         <property name="seleniumVersion" value="3.7.1"/>
         <property name="proxyInformation" value="ProxyInformation{proxyOption=NO_PROXY, proxyServerType=HTTP, password=, proxyServerAddress=, proxyServerPort=0}"/>
         <property name="platform" value="Windows 10"/>
      </properties>
      <testcase name="Test Cases/serviceschedule/openschedule/add/FlightNumberFormatFail" classname="Test Cases/serviceschedule/openschedule/add/FlightNumberFormatFail" status="PASSED">
         <system-out><![CDATA[2018-04-11 11:18:27 - [TEST_CASE][PASSED] - Test Cases/serviceschedule/openschedule/add/FlightNumberFormatFail: Invoke 'com.kms.katalon.core.annotation.AfterTestCase' method: 'CustimeListener.sampleAfterTestCase(...)' completed.

2018-04-11 11:18:27 - [TEST_STEP][PASSED] - Start listener action : sampleBeforeTestCase: Invoke 'com.kms.katalon.core.annotation.BeforeTestCase' method: 'CustimeListener.sampleBeforeTestCase(...)' completed.

2018-04-11 11:18:27 - [TEST_STEP][PASSED] - common.serviceschedule.addopenschedule.AddOpenSchedule.gotoPage: common.serviceschedule.addopenschedule.AddOpenSchedule.gotoPage is PASSED

2018-04-11 11:18:27 - [MESSAGE][PASSED] - Navigate to 'http://10.100.70.87:8080/cp_cambodia/jsp/serviceschedule/gotoAddOpenSchedule.action' successfully

2018-04-11 11:18:27 - [MESSAGE][PASSED] - common.serviceschedule.addopenschedule.AddOpenSchedule.gotoPage is PASSED

2018-04-11 11:18:27 - [TEST_STEP][PASSED] - common.serviceschedule.addopenschedule.AddOpenSchedule.setValueToInput: common.serviceschedule.addopenschedule.AddOpenSchedule.setValueToInput is PASSED

2018-04-11 11:18:27 - [MESSAGE][PASSED] - Text 'dsadsad' is set on object 'Object Repository/serviceschedule/openschedule/add/input_openScManual.serviceNumb'

2018-04-11 11:18:27 - [MESSAGE][PASSED] - Object 'Object Repository/serviceschedule/openschedule/add/span_Arrival' is visible

2018-04-11 11:18:28 - [MESSAGE][PASSED] - Object: 'Object Repository/serviceschedule/openschedule/add/span_Arrival' is clicked on

2018-04-11 11:18:28 - [MESSAGE][PASSED] - Object 'Object Repository/serviceschedule/openschedule/add/ul_ArrivalDeparture' is visible

2018-04-11 11:18:29 - [MESSAGE][PASSED] - Delayed 1 second(s)

2018-04-11 11:18:29 - [MESSAGE][PASSED] - Text 'BBK' is set on object 'Object Repository/serviceschedule/openschedule/add/input_autocompleteDepturePortN'

2018-04-11 11:18:30 - [MESSAGE][PASSED] - Delayed 1 second(s)

2018-04-11 11:18:30 - [MESSAGE][PASSED] - Text 'QAA' is set on object 'Object Repository/serviceschedule/openschedule/add/input_autocompleteArrivalPortN'

2018-04-11 11:18:31 - [MESSAGE][PASSED] - Delayed 1 second(s)

2018-04-11 11:18:32 - [MESSAGE][PASSED] - Keys 'CONTROL + a' sent to object: 'Object Repository/serviceschedule/openschedule/add/input_openScManual_depDate_dd_'

2018-04-11 11:18:32 - [MESSAGE][PASSED] - Keys 'CONTROL + a' sent to object: 'Object Repository/serviceschedule/openschedule/add/input_openScManual_arrDate_dd_'

2018-04-11 11:18:32 - [MESSAGE][PASSED] - Keys 'CONTROL + a' sent to object: 'Object Repository/serviceschedule/openschedule/add/input_openScManual_arrTime_hh_'

2018-04-11 11:18:32 - [MESSAGE][PASSED] - Keys 'CONTROL + a' sent to object: 'Object Repository/serviceschedule/openschedule/add/input_openScManual_depTime_hh_'

2018-04-11 11:18:33 - [MESSAGE][PASSED] - Delayed 1 second(s)

2018-04-11 11:18:33 - [MESSAGE][PASSED] - common.serviceschedule.addopenschedule.AddOpenSchedule.setValueToInput is PASSED

2018-04-11 11:18:33 - [TEST_STEP][PASSED] - click: Object: 'Object Repository/serviceschedule/openschedule/add/button_Open' is clicked on

2018-04-11 11:18:33 - [MESSAGE][PASSED] - Object: 'Object Repository/serviceschedule/openschedule/add/button_Open' is clicked on

2018-04-11 11:18:33 - [TEST_STEP][PASSED] - util.Verify.isConTrainsText: Pass, Object is Contains Text.

2018-04-11 11:18:33 - [MESSAGE][PASSED] - Object 'Object Repository/serviceschedule/openschedule/add/alert message' is visible

2018-04-11 11:18:33 - [MESSAGE][PASSED] - Text of object 'Object Repository/serviceschedule/openschedule/add/alert message' is: 'Invalid flight number. Must in the format AA(X)NNNN(X) where : ‘AA’ will be IATA CODE, ‘(X)’ is optional alphabet and ‘N is mandatory numeric.'

2018-04-11 11:18:33 - [MESSAGE][PASSED] - Pass, Object is Contains Text.

2018-04-11 11:18:33 - [TEST_STEP][PASSED] - Start listener action : sampleAfterTestCase: Invoke 'com.kms.katalon.core.annotation.AfterTestCase' method: 'CustimeListener.sampleAfterTestCase(...)' completed.

2018-04-11 11:18:33 - [TEST_STEP][PASSED] - comment: Name: /xl/workbook.xml - Content Type: application/vnd.openxmlformats-officedocument.spreadsheetml.sheet.main+xml

2018-04-11 11:18:33 - [TEST_STEP][PASSED] - comment: null

2018-04-11 11:18:33 - [TEST_STEP][PASSED] - comment: 1

2018-04-11 11:18:33 - [TEST_STEP][PASSED] - comment: com.kms.katalon.core.context.internal.InternalTestCaseContext@1ab6718

2018-04-11 11:18:33 - [TEST_STEP][PASSED] - Statement - rowIndex = util.exportExcel.createRerportdetail(wb, rowIndex, testCaseContext): Invoke 'com.kms.katalon.core.annotation.AfterTestCase' method: 'CustimeListener.sampleAfterTestCase(...)' completed.]]></system-out>
         <system-err><![CDATA[]]></system-err>
      </testcase>
      <testcase name="Test Cases/serviceschedule/openschedule/add/FlightNumberFormatTrue" classname="Test Cases/serviceschedule/openschedule/add/FlightNumberFormatTrue" status="PASSED">
         <system-out><![CDATA[2018-04-11 11:18:33 - [TEST_CASE][PASSED] - Test Cases/serviceschedule/openschedule/add/FlightNumberFormatTrue: Invoke 'com.kms.katalon.core.annotation.AfterTestCase' method: 'CustimeListener.sampleAfterTestCase(...)' completed.

2018-04-11 11:18:34 - [TEST_STEP][PASSED] - Start listener action : sampleBeforeTestCase: Invoke 'com.kms.katalon.core.annotation.BeforeTestCase' method: 'CustimeListener.sampleBeforeTestCase(...)' completed.

2018-04-11 11:18:34 - [TEST_STEP][PASSED] - common.serviceschedule.addopenschedule.AddOpenSchedule.gotoPage: common.serviceschedule.addopenschedule.AddOpenSchedule.gotoPage is PASSED

2018-04-11 11:18:34 - [MESSAGE][PASSED] - Navigate to 'http://10.100.70.87:8080/cp_cambodia/jsp/serviceschedule/gotoAddOpenSchedule.action' successfully

2018-04-11 11:18:34 - [MESSAGE][PASSED] - common.serviceschedule.addopenschedule.AddOpenSchedule.gotoPage is PASSED

2018-04-11 11:18:34 - [TEST_STEP][PASSED] - common.serviceschedule.addopenschedule.AddOpenSchedule.setValueToInput: common.serviceschedule.addopenschedule.AddOpenSchedule.setValueToInput is PASSED

2018-04-11 11:18:35 - [MESSAGE][PASSED] - Text 'A1234A' is set on object 'Object Repository/serviceschedule/openschedule/add/input_openScManual.serviceNumb'

2018-04-11 11:18:35 - [MESSAGE][PASSED] - Object 'Object Repository/serviceschedule/openschedule/add/span_Arrival' is visible

2018-04-11 11:18:35 - [MESSAGE][PASSED] - Object: 'Object Repository/serviceschedule/openschedule/add/span_Arrival' is clicked on

2018-04-11 11:18:35 - [MESSAGE][PASSED] - Object 'Object Repository/serviceschedule/openschedule/add/ul_ArrivalDeparture' is visible

2018-04-11 11:18:36 - [MESSAGE][PASSED] - Delayed 1 second(s)

2018-04-11 11:18:36 - [MESSAGE][PASSED] - Text '' is set on object 'Object Repository/serviceschedule/openschedule/add/input_autocompleteDepturePortN'

2018-04-11 11:18:37 - [MESSAGE][PASSED] - Delayed 1 second(s)

2018-04-11 11:18:37 - [MESSAGE][PASSED] - Text '' is set on object 'Object Repository/serviceschedule/openschedule/add/input_autocompleteArrivalPortN'

2018-04-11 11:18:38 - [MESSAGE][PASSED] - Delayed 1 second(s)

2018-04-11 11:18:39 - [MESSAGE][PASSED] - Keys 'CONTROL + a' sent to object: 'Object Repository/serviceschedule/openschedule/add/input_openScManual_depDate_dd_'

2018-04-11 11:18:39 - [MESSAGE][PASSED] - Keys 'CONTROL + a' sent to object: 'Object Repository/serviceschedule/openschedule/add/input_openScManual_arrDate_dd_'

2018-04-11 11:18:39 - [MESSAGE][PASSED] - Keys 'CONTROL + a' sent to object: 'Object Repository/serviceschedule/openschedule/add/input_openScManual_arrTime_hh_'

2018-04-11 11:18:39 - [MESSAGE][PASSED] - Keys 'CONTROL + a' sent to object: 'Object Repository/serviceschedule/openschedule/add/input_openScManual_depTime_hh_'

2018-04-11 11:18:40 - [MESSAGE][PASSED] - Delayed 1 second(s)

2018-04-11 11:18:40 - [MESSAGE][PASSED] - common.serviceschedule.addopenschedule.AddOpenSchedule.setValueToInput is PASSED

2018-04-11 11:18:40 - [TEST_STEP][PASSED] - click: Object: 'Object Repository/serviceschedule/openschedule/add/button_Open' is clicked on

2018-04-11 11:18:40 - [MESSAGE][PASSED] - Object: 'Object Repository/serviceschedule/openschedule/add/button_Open' is clicked on

2018-04-11 11:18:40 - [TEST_STEP][PASSED] - util.Verify.notConTrainsText: Pass, Object is not Contains Text.

2018-04-11 11:18:40 - [MESSAGE][PASSED] - Object 'Object Repository/serviceschedule/openschedule/add/alert message' is visible

2018-04-11 11:18:40 - [MESSAGE][PASSED] - Text of object 'Object Repository/serviceschedule/openschedule/add/alert message' is: 'Departure port cannot be blank.
Departure date cannot be blank.
Departure time cannot be blank.
Arrival port cannot be blank.
Arrival date cannot be blank.
Arrival time cannot be blank.'

2018-04-11 11:18:40 - [MESSAGE][PASSED] - Pass, Object is not Contains Text.

2018-04-11 11:18:40 - [TEST_STEP][PASSED] - Start listener action : sampleAfterTestCase: Invoke 'com.kms.katalon.core.annotation.AfterTestCase' method: 'CustimeListener.sampleAfterTestCase(...)' completed.

2018-04-11 11:18:40 - [TEST_STEP][PASSED] - comment: Name: /xl/workbook.xml - Content Type: application/vnd.openxmlformats-officedocument.spreadsheetml.sheet.main+xml

2018-04-11 11:18:40 - [TEST_STEP][PASSED] - comment: null

2018-04-11 11:18:40 - [TEST_STEP][PASSED] - comment: 2

2018-04-11 11:18:40 - [TEST_STEP][PASSED] - comment: com.kms.katalon.core.context.internal.InternalTestCaseContext@69e49a81

2018-04-11 11:18:40 - [TEST_STEP][PASSED] - Statement - rowIndex = util.exportExcel.createRerportdetail(wb, rowIndex, testCaseContext): Invoke 'com.kms.katalon.core.annotation.AfterTestCase' method: 'CustimeListener.sampleAfterTestCase(...)' completed.]]></system-out>
         <system-err><![CDATA[]]></system-err>
      </testcase>
      <testcase name="Test Cases/serviceschedule/openschedule/add/FlightNumberFormatTrue" classname="Test Cases/serviceschedule/openschedule/add/FlightNumberFormatTrue" status="PASSED">
         <system-out><![CDATA[2018-04-11 11:18:40 - [TEST_CASE][PASSED] - Test Cases/serviceschedule/openschedule/add/FlightNumberFormatTrue: Invoke 'com.kms.katalon.core.annotation.AfterTestCase' method: 'CustimeListener.sampleAfterTestCase(...)' completed.

2018-04-11 11:18:40 - [TEST_STEP][PASSED] - Start listener action : sampleBeforeTestCase: Invoke 'com.kms.katalon.core.annotation.BeforeTestCase' method: 'CustimeListener.sampleBeforeTestCase(...)' completed.

2018-04-11 11:18:40 - [TEST_STEP][PASSED] - common.serviceschedule.addopenschedule.AddOpenSchedule.gotoPage: common.serviceschedule.addopenschedule.AddOpenSchedule.gotoPage is PASSED

2018-04-11 11:18:41 - [MESSAGE][PASSED] - Navigate to 'http://10.100.70.87:8080/cp_cambodia/jsp/serviceschedule/gotoAddOpenSchedule.action' successfully

2018-04-11 11:18:41 - [MESSAGE][PASSED] - common.serviceschedule.addopenschedule.AddOpenSchedule.gotoPage is PASSED

2018-04-11 11:18:41 - [TEST_STEP][PASSED] - common.serviceschedule.addopenschedule.AddOpenSchedule.setValueToInput: common.serviceschedule.addopenschedule.AddOpenSchedule.setValueToInput is PASSED

2018-04-11 11:18:41 - [MESSAGE][PASSED] - Text '1234' is set on object 'Object Repository/serviceschedule/openschedule/add/input_openScManual.serviceNumb'

2018-04-11 11:18:41 - [MESSAGE][PASSED] - Object 'Object Repository/serviceschedule/openschedule/add/span_Arrival' is visible

2018-04-11 11:18:41 - [MESSAGE][PASSED] - Object: 'Object Repository/serviceschedule/openschedule/add/span_Arrival' is clicked on

2018-04-11 11:18:41 - [MESSAGE][PASSED] - Object 'Object Repository/serviceschedule/openschedule/add/ul_ArrivalDeparture' is visible

2018-04-11 11:18:42 - [MESSAGE][PASSED] - Delayed 1 second(s)

2018-04-11 11:18:43 - [MESSAGE][PASSED] - Text '' is set on object 'Object Repository/serviceschedule/openschedule/add/input_autocompleteDepturePortN'

2018-04-11 11:18:44 - [MESSAGE][PASSED] - Delayed 1 second(s)

2018-04-11 11:18:44 - [MESSAGE][PASSED] - Text '' is set on object 'Object Repository/serviceschedule/openschedule/add/input_autocompleteArrivalPortN'

2018-04-11 11:18:45 - [MESSAGE][PASSED] - Delayed 1 second(s)

2018-04-11 11:18:45 - [MESSAGE][PASSED] - Keys 'CONTROL + a' sent to object: 'Object Repository/serviceschedule/openschedule/add/input_openScManual_depDate_dd_'

2018-04-11 11:18:45 - [MESSAGE][PASSED] - Keys 'CONTROL + a' sent to object: 'Object Repository/serviceschedule/openschedule/add/input_openScManual_arrDate_dd_'

2018-04-11 11:18:45 - [MESSAGE][PASSED] - Keys 'CONTROL + a' sent to object: 'Object Repository/serviceschedule/openschedule/add/input_openScManual_arrTime_hh_'

2018-04-11 11:18:45 - [MESSAGE][PASSED] - Keys 'CONTROL + a' sent to object: 'Object Repository/serviceschedule/openschedule/add/input_openScManual_depTime_hh_'

2018-04-11 11:18:46 - [MESSAGE][PASSED] - Delayed 1 second(s)

2018-04-11 11:18:46 - [MESSAGE][PASSED] - common.serviceschedule.addopenschedule.AddOpenSchedule.setValueToInput is PASSED

2018-04-11 11:18:46 - [TEST_STEP][PASSED] - click: Object: 'Object Repository/serviceschedule/openschedule/add/button_Open' is clicked on

2018-04-11 11:18:46 - [MESSAGE][PASSED] - Object: 'Object Repository/serviceschedule/openschedule/add/button_Open' is clicked on

2018-04-11 11:18:46 - [TEST_STEP][PASSED] - util.Verify.notConTrainsText: Pass, Object is not Contains Text.

2018-04-11 11:18:46 - [MESSAGE][PASSED] - Object 'Object Repository/serviceschedule/openschedule/add/alert message' is visible

2018-04-11 11:18:47 - [MESSAGE][PASSED] - Text of object 'Object Repository/serviceschedule/openschedule/add/alert message' is: 'Departure port cannot be blank.
Departure date cannot be blank.
Departure time cannot be blank.
Arrival port cannot be blank.
Arrival date cannot be blank.
Arrival time cannot be blank.'

2018-04-11 11:18:47 - [MESSAGE][PASSED] - Pass, Object is not Contains Text.

2018-04-11 11:18:47 - [TEST_STEP][PASSED] - Start listener action : sampleAfterTestCase: Invoke 'com.kms.katalon.core.annotation.AfterTestCase' method: 'CustimeListener.sampleAfterTestCase(...)' completed.

2018-04-11 11:18:47 - [TEST_STEP][PASSED] - comment: Name: /xl/workbook.xml - Content Type: application/vnd.openxmlformats-officedocument.spreadsheetml.sheet.main+xml

2018-04-11 11:18:47 - [TEST_STEP][PASSED] - comment: null

2018-04-11 11:18:47 - [TEST_STEP][PASSED] - comment: 3

2018-04-11 11:18:47 - [TEST_STEP][PASSED] - comment: com.kms.katalon.core.context.internal.InternalTestCaseContext@7aead3af

2018-04-11 11:18:47 - [TEST_STEP][PASSED] - Statement - rowIndex = util.exportExcel.createRerportdetail(wb, rowIndex, testCaseContext): Invoke 'com.kms.katalon.core.annotation.AfterTestCase' method: 'CustimeListener.sampleAfterTestCase(...)' completed.]]></system-out>
         <system-err><![CDATA[]]></system-err>
      </testcase>
      <testcase name="Test Cases/serviceschedule/openschedule/add/FlightNumberFormatTrue" classname="Test Cases/serviceschedule/openschedule/add/FlightNumberFormatTrue" status="PASSED">
         <system-out><![CDATA[2018-04-11 11:18:47 - [TEST_CASE][PASSED] - Test Cases/serviceschedule/openschedule/add/FlightNumberFormatTrue: Invoke 'com.kms.katalon.core.annotation.AfterTestCase' method: 'CustimeListener.sampleAfterTestCase(...)' completed.

2018-04-11 11:18:47 - [TEST_STEP][PASSED] - Start listener action : sampleBeforeTestCase: Invoke 'com.kms.katalon.core.annotation.BeforeTestCase' method: 'CustimeListener.sampleBeforeTestCase(...)' completed.

2018-04-11 11:18:47 - [TEST_STEP][PASSED] - common.serviceschedule.addopenschedule.AddOpenSchedule.gotoPage: common.serviceschedule.addopenschedule.AddOpenSchedule.gotoPage is PASSED

2018-04-11 11:18:47 - [MESSAGE][PASSED] - Navigate to 'http://10.100.70.87:8080/cp_cambodia/jsp/serviceschedule/gotoAddOpenSchedule.action' successfully

2018-04-11 11:18:47 - [MESSAGE][PASSED] - common.serviceschedule.addopenschedule.AddOpenSchedule.gotoPage is PASSED

2018-04-11 11:18:47 - [TEST_STEP][PASSED] - common.serviceschedule.addopenschedule.AddOpenSchedule.setValueToInput: common.serviceschedule.addopenschedule.AddOpenSchedule.setValueToInput is PASSED

2018-04-11 11:18:47 - [MESSAGE][PASSED] - Text '1234A' is set on object 'Object Repository/serviceschedule/openschedule/add/input_openScManual.serviceNumb'

2018-04-11 11:18:47 - [MESSAGE][PASSED] - Object 'Object Repository/serviceschedule/openschedule/add/span_Arrival' is visible

2018-04-11 11:18:47 - [MESSAGE][PASSED] - Object: 'Object Repository/serviceschedule/openschedule/add/span_Arrival' is clicked on

2018-04-11 11:18:47 - [MESSAGE][PASSED] - Object 'Object Repository/serviceschedule/openschedule/add/ul_ArrivalDeparture' is visible

2018-04-11 11:18:49 - [MESSAGE][PASSED] - Delayed 1 second(s)

2018-04-11 11:18:49 - [MESSAGE][PASSED] - Text '' is set on object 'Object Repository/serviceschedule/openschedule/add/input_autocompleteDepturePortN'

2018-04-11 11:18:50 - [MESSAGE][PASSED] - Delayed 1 second(s)

2018-04-11 11:18:50 - [MESSAGE][PASSED] - Text '' is set on object 'Object Repository/serviceschedule/openschedule/add/input_autocompleteArrivalPortN'

2018-04-11 11:18:51 - [MESSAGE][PASSED] - Delayed 1 second(s)

2018-04-11 11:18:51 - [MESSAGE][PASSED] - Keys 'CONTROL + a' sent to object: 'Object Repository/serviceschedule/openschedule/add/input_openScManual_depDate_dd_'

2018-04-11 11:18:51 - [MESSAGE][PASSED] - Keys 'CONTROL + a' sent to object: 'Object Repository/serviceschedule/openschedule/add/input_openScManual_arrDate_dd_'

2018-04-11 11:18:51 - [MESSAGE][PASSED] - Keys 'CONTROL + a' sent to object: 'Object Repository/serviceschedule/openschedule/add/input_openScManual_arrTime_hh_'

2018-04-11 11:18:51 - [MESSAGE][PASSED] - Keys 'CONTROL + a' sent to object: 'Object Repository/serviceschedule/openschedule/add/input_openScManual_depTime_hh_'

2018-04-11 11:18:52 - [MESSAGE][PASSED] - Delayed 1 second(s)

2018-04-11 11:18:52 - [MESSAGE][PASSED] - common.serviceschedule.addopenschedule.AddOpenSchedule.setValueToInput is PASSED

2018-04-11 11:18:52 - [TEST_STEP][PASSED] - click: Object: 'Object Repository/serviceschedule/openschedule/add/button_Open' is clicked on

2018-04-11 11:18:53 - [MESSAGE][PASSED] - Object: 'Object Repository/serviceschedule/openschedule/add/button_Open' is clicked on

2018-04-11 11:18:53 - [TEST_STEP][PASSED] - util.Verify.notConTrainsText: Pass, Object is not Contains Text.

2018-04-11 11:18:53 - [MESSAGE][PASSED] - Object 'Object Repository/serviceschedule/openschedule/add/alert message' is visible

2018-04-11 11:18:53 - [MESSAGE][PASSED] - Text of object 'Object Repository/serviceschedule/openschedule/add/alert message' is: 'Departure port cannot be blank.
Departure date cannot be blank.
Departure time cannot be blank.
Arrival port cannot be blank.
Arrival date cannot be blank.
Arrival time cannot be blank.'

2018-04-11 11:18:53 - [MESSAGE][PASSED] - Pass, Object is not Contains Text.

2018-04-11 11:18:53 - [TEST_STEP][PASSED] - Start listener action : sampleAfterTestCase: Invoke 'com.kms.katalon.core.annotation.AfterTestCase' method: 'CustimeListener.sampleAfterTestCase(...)' completed.

2018-04-11 11:18:53 - [TEST_STEP][PASSED] - comment: Name: /xl/workbook.xml - Content Type: application/vnd.openxmlformats-officedocument.spreadsheetml.sheet.main+xml

2018-04-11 11:18:53 - [TEST_STEP][PASSED] - comment: null

2018-04-11 11:18:53 - [TEST_STEP][PASSED] - comment: 4

2018-04-11 11:18:53 - [TEST_STEP][PASSED] - comment: com.kms.katalon.core.context.internal.InternalTestCaseContext@537c8c7e

2018-04-11 11:18:53 - [TEST_STEP][PASSED] - Statement - rowIndex = util.exportExcel.createRerportdetail(wb, rowIndex, testCaseContext): Invoke 'com.kms.katalon.core.annotation.AfterTestCase' method: 'CustimeListener.sampleAfterTestCase(...)' completed.]]></system-out>
         <system-err><![CDATA[]]></system-err>
      </testcase>
      <testcase name="Test Cases/serviceschedule/openschedule/add/blankValue" classname="Test Cases/serviceschedule/openschedule/add/blankValue" status="PASSED">
         <system-out><![CDATA[2018-04-11 11:18:53 - [TEST_CASE][PASSED] - Test Cases/serviceschedule/openschedule/add/blankValue: Invoke 'com.kms.katalon.core.annotation.AfterTestCase' method: 'CustimeListener.sampleAfterTestCase(...)' completed.

2018-04-11 11:18:53 - [TEST_STEP][PASSED] - Start listener action : sampleBeforeTestCase: Invoke 'com.kms.katalon.core.annotation.BeforeTestCase' method: 'CustimeListener.sampleBeforeTestCase(...)' completed.

2018-04-11 11:18:53 - [TEST_STEP][PASSED] - common.serviceschedule.addopenschedule.AddOpenSchedule.gotoPage: common.serviceschedule.addopenschedule.AddOpenSchedule.gotoPage is PASSED

2018-04-11 11:18:54 - [MESSAGE][PASSED] - Navigate to 'http://10.100.70.87:8080/cp_cambodia/jsp/serviceschedule/gotoAddOpenSchedule.action' successfully

2018-04-11 11:18:54 - [MESSAGE][PASSED] - common.serviceschedule.addopenschedule.AddOpenSchedule.gotoPage is PASSED

2018-04-11 11:18:54 - [TEST_STEP][PASSED] - common.serviceschedule.addopenschedule.AddOpenSchedule.setValueToInput: common.serviceschedule.addopenschedule.AddOpenSchedule.setValueToInput is PASSED

2018-04-11 11:18:54 - [MESSAGE][PASSED] - Text '' is set on object 'Object Repository/serviceschedule/openschedule/add/input_openScManual.serviceNumb'

2018-04-11 11:18:54 - [MESSAGE][PASSED] - Object 'Object Repository/serviceschedule/openschedule/add/span_Arrival' is visible

2018-04-11 11:18:54 - [MESSAGE][PASSED] - Object: 'Object Repository/serviceschedule/openschedule/add/span_Arrival' is clicked on

2018-04-11 11:18:54 - [MESSAGE][PASSED] - Object 'Object Repository/serviceschedule/openschedule/add/ul_ArrivalDeparture' is visible

2018-04-11 11:18:55 - [MESSAGE][PASSED] - Delayed 1 second(s)

2018-04-11 11:18:55 - [MESSAGE][PASSED] - Text 'PQQ' is set on object 'Object Repository/serviceschedule/openschedule/add/input_autocompleteDepturePortN'

2018-04-11 11:18:56 - [MESSAGE][PASSED] - Delayed 1 second(s)

2018-04-11 11:18:57 - [MESSAGE][PASSED] - Text 'DMK' is set on object 'Object Repository/serviceschedule/openschedule/add/input_autocompleteArrivalPortN'

2018-04-11 11:18:58 - [MESSAGE][PASSED] - Delayed 1 second(s)

2018-04-11 11:18:58 - [MESSAGE][PASSED] - Keys 'CONTROL + a' sent to object: 'Object Repository/serviceschedule/openschedule/add/input_openScManual_depDate_dd_'

2018-04-11 11:18:58 - [MESSAGE][PASSED] - Keys 'CONTROL + a' sent to object: 'Object Repository/serviceschedule/openschedule/add/input_openScManual_arrDate_dd_'

2018-04-11 11:18:58 - [MESSAGE][PASSED] - Keys 'CONTROL + a' sent to object: 'Object Repository/serviceschedule/openschedule/add/input_openScManual_arrTime_hh_'

2018-04-11 11:18:58 - [MESSAGE][PASSED] - Keys 'CONTROL + a' sent to object: 'Object Repository/serviceschedule/openschedule/add/input_openScManual_depTime_hh_'

2018-04-11 11:18:59 - [MESSAGE][PASSED] - Delayed 1 second(s)

2018-04-11 11:18:59 - [MESSAGE][PASSED] - common.serviceschedule.addopenschedule.AddOpenSchedule.setValueToInput is PASSED

2018-04-11 11:18:59 - [TEST_STEP][PASSED] - click: Object: 'Object Repository/serviceschedule/openschedule/add/button_Open' is clicked on

2018-04-11 11:18:59 - [MESSAGE][PASSED] - Object: 'Object Repository/serviceschedule/openschedule/add/button_Open' is clicked on

2018-04-11 11:18:59 - [TEST_STEP][PASSED] - verifyElementText: Actual text and expected text of test object 'Object Repository/serviceschedule/openschedule/add/alert message' are matched.

2018-04-11 11:18:59 - [MESSAGE][PASSED] - Actual text and expected text of test object 'Object Repository/serviceschedule/openschedule/add/alert message' are matched.

2018-04-11 11:18:59 - [TEST_STEP][PASSED] - Start listener action : sampleAfterTestCase: Invoke 'com.kms.katalon.core.annotation.AfterTestCase' method: 'CustimeListener.sampleAfterTestCase(...)' completed.

2018-04-11 11:18:59 - [TEST_STEP][PASSED] - comment: Name: /xl/workbook.xml - Content Type: application/vnd.openxmlformats-officedocument.spreadsheetml.sheet.main+xml

2018-04-11 11:18:59 - [TEST_STEP][PASSED] - comment: null

2018-04-11 11:18:59 - [TEST_STEP][PASSED] - comment: 5

2018-04-11 11:18:59 - [TEST_STEP][PASSED] - comment: com.kms.katalon.core.context.internal.InternalTestCaseContext@2b329bbd

2018-04-11 11:18:59 - [TEST_STEP][PASSED] - Statement - rowIndex = util.exportExcel.createRerportdetail(wb, rowIndex, testCaseContext): Invoke 'com.kms.katalon.core.annotation.AfterTestCase' method: 'CustimeListener.sampleAfterTestCase(...)' completed.]]></system-out>
         <system-err><![CDATA[]]></system-err>
      </testcase>
      <testcase name="Test Cases/serviceschedule/openschedule/add/blankValue" classname="Test Cases/serviceschedule/openschedule/add/blankValue" status="PASSED">
         <system-out><![CDATA[2018-04-11 11:18:59 - [TEST_CASE][PASSED] - Test Cases/serviceschedule/openschedule/add/blankValue: Invoke 'com.kms.katalon.core.annotation.AfterTestCase' method: 'CustimeListener.sampleAfterTestCase(...)' completed.

2018-04-11 11:18:59 - [TEST_STEP][PASSED] - Start listener action : sampleBeforeTestCase: Invoke 'com.kms.katalon.core.annotation.BeforeTestCase' method: 'CustimeListener.sampleBeforeTestCase(...)' completed.

2018-04-11 11:18:59 - [TEST_STEP][PASSED] - common.serviceschedule.addopenschedule.AddOpenSchedule.gotoPage: common.serviceschedule.addopenschedule.AddOpenSchedule.gotoPage is PASSED

2018-04-11 11:19:00 - [MESSAGE][PASSED] - Navigate to 'http://10.100.70.87:8080/cp_cambodia/jsp/serviceschedule/gotoAddOpenSchedule.action' successfully

2018-04-11 11:19:00 - [MESSAGE][PASSED] - common.serviceschedule.addopenschedule.AddOpenSchedule.gotoPage is PASSED

2018-04-11 11:19:00 - [TEST_STEP][PASSED] - common.serviceschedule.addopenschedule.AddOpenSchedule.setValueToInput: common.serviceschedule.addopenschedule.AddOpenSchedule.setValueToInput is PASSED

2018-04-11 11:19:00 - [MESSAGE][PASSED] - Text 'A1234A' is set on object 'Object Repository/serviceschedule/openschedule/add/input_openScManual.serviceNumb'

2018-04-11 11:19:00 - [MESSAGE][PASSED] - Object 'Object Repository/serviceschedule/openschedule/add/span_Arrival' is visible

2018-04-11 11:19:00 - [MESSAGE][PASSED] - Object: 'Object Repository/serviceschedule/openschedule/add/span_Arrival' is clicked on

2018-04-11 11:19:00 - [MESSAGE][PASSED] - Object 'Object Repository/serviceschedule/openschedule/add/ul_ArrivalDeparture' is visible

2018-04-11 11:19:01 - [MESSAGE][PASSED] - Delayed 1 second(s)

2018-04-11 11:19:02 - [MESSAGE][PASSED] - Text '' is set on object 'Object Repository/serviceschedule/openschedule/add/input_autocompleteDepturePortN'

2018-04-11 11:19:03 - [MESSAGE][PASSED] - Delayed 1 second(s)

2018-04-11 11:19:03 - [MESSAGE][PASSED] - Text 'DMK' is set on object 'Object Repository/serviceschedule/openschedule/add/input_autocompleteArrivalPortN'

2018-04-11 11:19:04 - [MESSAGE][PASSED] - Delayed 1 second(s)

2018-04-11 11:19:04 - [MESSAGE][PASSED] - Keys 'CONTROL + a' sent to object: 'Object Repository/serviceschedule/openschedule/add/input_openScManual_depDate_dd_'

2018-04-11 11:19:04 - [MESSAGE][PASSED] - Keys 'CONTROL + a' sent to object: 'Object Repository/serviceschedule/openschedule/add/input_openScManual_arrDate_dd_'

2018-04-11 11:19:04 - [MESSAGE][PASSED] - Keys 'CONTROL + a' sent to object: 'Object Repository/serviceschedule/openschedule/add/input_openScManual_arrTime_hh_'

2018-04-11 11:19:04 - [MESSAGE][PASSED] - Keys 'CONTROL + a' sent to object: 'Object Repository/serviceschedule/openschedule/add/input_openScManual_depTime_hh_'

2018-04-11 11:19:05 - [MESSAGE][PASSED] - Delayed 1 second(s)

2018-04-11 11:19:05 - [MESSAGE][PASSED] - common.serviceschedule.addopenschedule.AddOpenSchedule.setValueToInput is PASSED

2018-04-11 11:19:05 - [TEST_STEP][PASSED] - click: Object: 'Object Repository/serviceschedule/openschedule/add/button_Open' is clicked on

2018-04-11 11:19:06 - [MESSAGE][PASSED] - Object: 'Object Repository/serviceschedule/openschedule/add/button_Open' is clicked on

2018-04-11 11:19:06 - [TEST_STEP][PASSED] - verifyElementText: Actual text and expected text of test object 'Object Repository/serviceschedule/openschedule/add/alert message' are matched.

2018-04-11 11:19:06 - [MESSAGE][PASSED] - Actual text and expected text of test object 'Object Repository/serviceschedule/openschedule/add/alert message' are matched.

2018-04-11 11:19:06 - [TEST_STEP][PASSED] - Start listener action : sampleAfterTestCase: Invoke 'com.kms.katalon.core.annotation.AfterTestCase' method: 'CustimeListener.sampleAfterTestCase(...)' completed.

2018-04-11 11:19:06 - [TEST_STEP][PASSED] - comment: Name: /xl/workbook.xml - Content Type: application/vnd.openxmlformats-officedocument.spreadsheetml.sheet.main+xml

2018-04-11 11:19:06 - [TEST_STEP][PASSED] - comment: null

2018-04-11 11:19:06 - [TEST_STEP][PASSED] - comment: 6

2018-04-11 11:19:06 - [TEST_STEP][PASSED] - comment: com.kms.katalon.core.context.internal.InternalTestCaseContext@6009bea

2018-04-11 11:19:06 - [TEST_STEP][PASSED] - Statement - rowIndex = util.exportExcel.createRerportdetail(wb, rowIndex, testCaseContext): Invoke 'com.kms.katalon.core.annotation.AfterTestCase' method: 'CustimeListener.sampleAfterTestCase(...)' completed.]]></system-out>
         <system-err><![CDATA[]]></system-err>
      </testcase>
      <testcase name="Test Cases/serviceschedule/openschedule/add/blankValue" classname="Test Cases/serviceschedule/openschedule/add/blankValue" status="PASSED">
         <system-out><![CDATA[2018-04-11 11:19:06 - [TEST_CASE][PASSED] - Test Cases/serviceschedule/openschedule/add/blankValue: Invoke 'com.kms.katalon.core.annotation.AfterTestCase' method: 'CustimeListener.sampleAfterTestCase(...)' completed.

2018-04-11 11:19:06 - [TEST_STEP][PASSED] - Start listener action : sampleBeforeTestCase: Invoke 'com.kms.katalon.core.annotation.BeforeTestCase' method: 'CustimeListener.sampleBeforeTestCase(...)' completed.

2018-04-11 11:19:06 - [TEST_STEP][PASSED] - common.serviceschedule.addopenschedule.AddOpenSchedule.gotoPage: common.serviceschedule.addopenschedule.AddOpenSchedule.gotoPage is PASSED

2018-04-11 11:19:06 - [MESSAGE][PASSED] - Navigate to 'http://10.100.70.87:8080/cp_cambodia/jsp/serviceschedule/gotoAddOpenSchedule.action' successfully

2018-04-11 11:19:06 - [MESSAGE][PASSED] - common.serviceschedule.addopenschedule.AddOpenSchedule.gotoPage is PASSED

2018-04-11 11:19:06 - [TEST_STEP][PASSED] - common.serviceschedule.addopenschedule.AddOpenSchedule.setValueToInput: common.serviceschedule.addopenschedule.AddOpenSchedule.setValueToInput is PASSED

2018-04-11 11:19:06 - [MESSAGE][PASSED] - Text 'A1234A' is set on object 'Object Repository/serviceschedule/openschedule/add/input_openScManual.serviceNumb'

2018-04-11 11:19:06 - [MESSAGE][PASSED] - Object 'Object Repository/serviceschedule/openschedule/add/span_Arrival' is visible

2018-04-11 11:19:06 - [MESSAGE][PASSED] - Object: 'Object Repository/serviceschedule/openschedule/add/span_Arrival' is clicked on

2018-04-11 11:19:06 - [MESSAGE][PASSED] - Object 'Object Repository/serviceschedule/openschedule/add/ul_ArrivalDeparture' is visible

2018-04-11 11:19:08 - [MESSAGE][PASSED] - Delayed 1 second(s)

2018-04-11 11:19:08 - [MESSAGE][PASSED] - Text 'PQQ' is set on object 'Object Repository/serviceschedule/openschedule/add/input_autocompleteDepturePortN'

2018-04-11 11:19:09 - [MESSAGE][PASSED] - Delayed 1 second(s)

2018-04-11 11:19:09 - [MESSAGE][PASSED] - Text '' is set on object 'Object Repository/serviceschedule/openschedule/add/input_autocompleteArrivalPortN'

2018-04-11 11:19:10 - [MESSAGE][PASSED] - Delayed 1 second(s)

2018-04-11 11:19:10 - [MESSAGE][PASSED] - Keys 'CONTROL + a' sent to object: 'Object Repository/serviceschedule/openschedule/add/input_openScManual_depDate_dd_'

2018-04-11 11:19:10 - [MESSAGE][PASSED] - Keys 'CONTROL + a' sent to object: 'Object Repository/serviceschedule/openschedule/add/input_openScManual_arrDate_dd_'

2018-04-11 11:19:10 - [MESSAGE][PASSED] - Keys 'CONTROL + a' sent to object: 'Object Repository/serviceschedule/openschedule/add/input_openScManual_arrTime_hh_'

2018-04-11 11:19:10 - [MESSAGE][PASSED] - Keys 'CONTROL + a' sent to object: 'Object Repository/serviceschedule/openschedule/add/input_openScManual_depTime_hh_'

2018-04-11 11:19:11 - [MESSAGE][PASSED] - Delayed 1 second(s)

2018-04-11 11:19:11 - [MESSAGE][PASSED] - common.serviceschedule.addopenschedule.AddOpenSchedule.setValueToInput is PASSED

2018-04-11 11:19:11 - [TEST_STEP][PASSED] - click: Object: 'Object Repository/serviceschedule/openschedule/add/button_Open' is clicked on

2018-04-11 11:19:12 - [MESSAGE][PASSED] - Object: 'Object Repository/serviceschedule/openschedule/add/button_Open' is clicked on

2018-04-11 11:19:12 - [TEST_STEP][PASSED] - verifyElementText: Actual text and expected text of test object 'Object Repository/serviceschedule/openschedule/add/alert message' are matched.

2018-04-11 11:19:12 - [MESSAGE][PASSED] - Actual text and expected text of test object 'Object Repository/serviceschedule/openschedule/add/alert message' are matched.

2018-04-11 11:19:12 - [TEST_STEP][PASSED] - Start listener action : sampleAfterTestCase: Invoke 'com.kms.katalon.core.annotation.AfterTestCase' method: 'CustimeListener.sampleAfterTestCase(...)' completed.

2018-04-11 11:19:12 - [TEST_STEP][PASSED] - comment: Name: /xl/workbook.xml - Content Type: application/vnd.openxmlformats-officedocument.spreadsheetml.sheet.main+xml

2018-04-11 11:19:12 - [TEST_STEP][PASSED] - comment: null

2018-04-11 11:19:12 - [TEST_STEP][PASSED] - comment: 7

2018-04-11 11:19:12 - [TEST_STEP][PASSED] - comment: com.kms.katalon.core.context.internal.InternalTestCaseContext@2cec704c

2018-04-11 11:19:12 - [TEST_STEP][PASSED] - Statement - rowIndex = util.exportExcel.createRerportdetail(wb, rowIndex, testCaseContext): Invoke 'com.kms.katalon.core.annotation.AfterTestCase' method: 'CustimeListener.sampleAfterTestCase(...)' completed.]]></system-out>
         <system-err><![CDATA[]]></system-err>
      </testcase>
      <testcase name="Test Cases/serviceschedule/openschedule/add/blankValue" classname="Test Cases/serviceschedule/openschedule/add/blankValue" status="PASSED">
         <system-out><![CDATA[2018-04-11 11:19:12 - [TEST_CASE][PASSED] - Test Cases/serviceschedule/openschedule/add/blankValue: Invoke 'com.kms.katalon.core.annotation.AfterTestCase' method: 'CustimeListener.sampleAfterTestCase(...)' completed.

2018-04-11 11:19:12 - [TEST_STEP][PASSED] - Start listener action : sampleBeforeTestCase: Invoke 'com.kms.katalon.core.annotation.BeforeTestCase' method: 'CustimeListener.sampleBeforeTestCase(...)' completed.

2018-04-11 11:19:12 - [TEST_STEP][PASSED] - common.serviceschedule.addopenschedule.AddOpenSchedule.gotoPage: common.serviceschedule.addopenschedule.AddOpenSchedule.gotoPage is PASSED

2018-04-11 11:19:13 - [MESSAGE][PASSED] - Navigate to 'http://10.100.70.87:8080/cp_cambodia/jsp/serviceschedule/gotoAddOpenSchedule.action' successfully

2018-04-11 11:19:13 - [MESSAGE][PASSED] - common.serviceschedule.addopenschedule.AddOpenSchedule.gotoPage is PASSED

2018-04-11 11:19:13 - [TEST_STEP][PASSED] - common.serviceschedule.addopenschedule.AddOpenSchedule.setValueToInput: common.serviceschedule.addopenschedule.AddOpenSchedule.setValueToInput is PASSED

2018-04-11 11:19:13 - [MESSAGE][PASSED] - Text 'A1234A' is set on object 'Object Repository/serviceschedule/openschedule/add/input_openScManual.serviceNumb'

2018-04-11 11:19:13 - [MESSAGE][PASSED] - Object 'Object Repository/serviceschedule/openschedule/add/span_Arrival' is visible

2018-04-11 11:19:13 - [MESSAGE][PASSED] - Object: 'Object Repository/serviceschedule/openschedule/add/span_Arrival' is clicked on

2018-04-11 11:19:13 - [MESSAGE][PASSED] - Object 'Object Repository/serviceschedule/openschedule/add/ul_ArrivalDeparture' is visible

2018-04-11 11:19:14 - [MESSAGE][PASSED] - Delayed 1 second(s)

2018-04-11 11:19:14 - [MESSAGE][PASSED] - Text 'PQQ' is set on object 'Object Repository/serviceschedule/openschedule/add/input_autocompleteDepturePortN'

2018-04-11 11:19:15 - [MESSAGE][PASSED] - Delayed 1 second(s)

2018-04-11 11:19:16 - [MESSAGE][PASSED] - Text 'DMK' is set on object 'Object Repository/serviceschedule/openschedule/add/input_autocompleteArrivalPortN'

2018-04-11 11:19:17 - [MESSAGE][PASSED] - Delayed 1 second(s)

2018-04-11 11:19:17 - [MESSAGE][PASSED] - Keys 'CONTROL + a' sent to object: 'Object Repository/serviceschedule/openschedule/add/input_openScManual_depDate_dd_'

2018-04-11 11:19:17 - [MESSAGE][PASSED] - Keys 'CONTROL + a' sent to object: 'Object Repository/serviceschedule/openschedule/add/input_openScManual_arrDate_dd_'

2018-04-11 11:19:17 - [MESSAGE][PASSED] - Keys 'CONTROL + a' sent to object: 'Object Repository/serviceschedule/openschedule/add/input_openScManual_arrTime_hh_'

2018-04-11 11:19:17 - [MESSAGE][PASSED] - Keys 'CONTROL + a' sent to object: 'Object Repository/serviceschedule/openschedule/add/input_openScManual_depTime_hh_'

2018-04-11 11:19:18 - [MESSAGE][PASSED] - Delayed 1 second(s)

2018-04-11 11:19:18 - [MESSAGE][PASSED] - common.serviceschedule.addopenschedule.AddOpenSchedule.setValueToInput is PASSED

2018-04-11 11:19:18 - [TEST_STEP][PASSED] - click: Object: 'Object Repository/serviceschedule/openschedule/add/button_Open' is clicked on

2018-04-11 11:19:18 - [MESSAGE][PASSED] - Object: 'Object Repository/serviceschedule/openschedule/add/button_Open' is clicked on

2018-04-11 11:19:18 - [TEST_STEP][PASSED] - verifyElementText: Actual text and expected text of test object 'Object Repository/serviceschedule/openschedule/add/alert message' are matched.

2018-04-11 11:19:18 - [MESSAGE][PASSED] - Actual text and expected text of test object 'Object Repository/serviceschedule/openschedule/add/alert message' are matched.

2018-04-11 11:19:18 - [TEST_STEP][PASSED] - Start listener action : sampleAfterTestCase: Invoke 'com.kms.katalon.core.annotation.AfterTestCase' method: 'CustimeListener.sampleAfterTestCase(...)' completed.

2018-04-11 11:19:18 - [TEST_STEP][PASSED] - comment: Name: /xl/workbook.xml - Content Type: application/vnd.openxmlformats-officedocument.spreadsheetml.sheet.main+xml

2018-04-11 11:19:18 - [TEST_STEP][PASSED] - comment: null

2018-04-11 11:19:18 - [TEST_STEP][PASSED] - comment: 8

2018-04-11 11:19:18 - [TEST_STEP][PASSED] - comment: com.kms.katalon.core.context.internal.InternalTestCaseContext@77e7246b

2018-04-11 11:19:18 - [TEST_STEP][PASSED] - Statement - rowIndex = util.exportExcel.createRerportdetail(wb, rowIndex, testCaseContext): Invoke 'com.kms.katalon.core.annotation.AfterTestCase' method: 'CustimeListener.sampleAfterTestCase(...)' completed.]]></system-out>
         <system-err><![CDATA[]]></system-err>
      </testcase>
      <testcase name="Test Cases/serviceschedule/openschedule/add/blankValue" classname="Test Cases/serviceschedule/openschedule/add/blankValue" status="PASSED">
         <system-out><![CDATA[2018-04-11 11:19:18 - [TEST_CASE][PASSED] - Test Cases/serviceschedule/openschedule/add/blankValue: Invoke 'com.kms.katalon.core.annotation.AfterTestCase' method: 'CustimeListener.sampleAfterTestCase(...)' completed.

2018-04-11 11:19:18 - [TEST_STEP][PASSED] - Start listener action : sampleBeforeTestCase: Invoke 'com.kms.katalon.core.annotation.BeforeTestCase' method: 'CustimeListener.sampleBeforeTestCase(...)' completed.

2018-04-11 11:19:18 - [TEST_STEP][PASSED] - common.serviceschedule.addopenschedule.AddOpenSchedule.gotoPage: common.serviceschedule.addopenschedule.AddOpenSchedule.gotoPage is PASSED

2018-04-11 11:19:19 - [MESSAGE][PASSED] - Navigate to 'http://10.100.70.87:8080/cp_cambodia/jsp/serviceschedule/gotoAddOpenSchedule.action' successfully

2018-04-11 11:19:19 - [MESSAGE][PASSED] - common.serviceschedule.addopenschedule.AddOpenSchedule.gotoPage is PASSED

2018-04-11 11:19:19 - [TEST_STEP][PASSED] - common.serviceschedule.addopenschedule.AddOpenSchedule.setValueToInput: common.serviceschedule.addopenschedule.AddOpenSchedule.setValueToInput is PASSED

2018-04-11 11:19:19 - [MESSAGE][PASSED] - Text 'A1234A' is set on object 'Object Repository/serviceschedule/openschedule/add/input_openScManual.serviceNumb'

2018-04-11 11:19:19 - [MESSAGE][PASSED] - Object 'Object Repository/serviceschedule/openschedule/add/span_Arrival' is visible

2018-04-11 11:19:19 - [MESSAGE][PASSED] - Object: 'Object Repository/serviceschedule/openschedule/add/span_Arrival' is clicked on

2018-04-11 11:19:19 - [MESSAGE][PASSED] - Object 'Object Repository/serviceschedule/openschedule/add/ul_ArrivalDeparture' is visible

2018-04-11 11:19:20 - [MESSAGE][PASSED] - Delayed 1 second(s)

2018-04-11 11:19:21 - [MESSAGE][PASSED] - Text 'PQQ' is set on object 'Object Repository/serviceschedule/openschedule/add/input_autocompleteDepturePortN'

2018-04-11 11:19:22 - [MESSAGE][PASSED] - Delayed 1 second(s)

2018-04-11 11:19:22 - [MESSAGE][PASSED] - Text 'DMK' is set on object 'Object Repository/serviceschedule/openschedule/add/input_autocompleteArrivalPortN'

2018-04-11 11:19:23 - [MESSAGE][PASSED] - Delayed 1 second(s)

2018-04-11 11:19:23 - [MESSAGE][PASSED] - Keys 'CONTROL + a' sent to object: 'Object Repository/serviceschedule/openschedule/add/input_openScManual_depDate_dd_'

2018-04-11 11:19:23 - [MESSAGE][PASSED] - Keys 'CONTROL + a' sent to object: 'Object Repository/serviceschedule/openschedule/add/input_openScManual_arrDate_dd_'

2018-04-11 11:19:23 - [MESSAGE][PASSED] - Keys 'CONTROL + a' sent to object: 'Object Repository/serviceschedule/openschedule/add/input_openScManual_arrTime_hh_'

2018-04-11 11:19:23 - [MESSAGE][PASSED] - Keys 'CONTROL + a' sent to object: 'Object Repository/serviceschedule/openschedule/add/input_openScManual_depTime_hh_'

2018-04-11 11:19:24 - [MESSAGE][PASSED] - Delayed 1 second(s)

2018-04-11 11:19:24 - [MESSAGE][PASSED] - common.serviceschedule.addopenschedule.AddOpenSchedule.setValueToInput is PASSED

2018-04-11 11:19:24 - [TEST_STEP][PASSED] - click: Object: 'Object Repository/serviceschedule/openschedule/add/button_Open' is clicked on

2018-04-11 11:19:25 - [MESSAGE][PASSED] - Object: 'Object Repository/serviceschedule/openschedule/add/button_Open' is clicked on

2018-04-11 11:19:25 - [TEST_STEP][PASSED] - verifyElementText: Actual text and expected text of test object 'Object Repository/serviceschedule/openschedule/add/alert message' are matched.

2018-04-11 11:19:25 - [MESSAGE][PASSED] - Actual text and expected text of test object 'Object Repository/serviceschedule/openschedule/add/alert message' are matched.

2018-04-11 11:19:25 - [TEST_STEP][PASSED] - Start listener action : sampleAfterTestCase: Invoke 'com.kms.katalon.core.annotation.AfterTestCase' method: 'CustimeListener.sampleAfterTestCase(...)' completed.

2018-04-11 11:19:25 - [TEST_STEP][PASSED] - comment: Name: /xl/workbook.xml - Content Type: application/vnd.openxmlformats-officedocument.spreadsheetml.sheet.main+xml

2018-04-11 11:19:25 - [TEST_STEP][PASSED] - comment: null

2018-04-11 11:19:25 - [TEST_STEP][PASSED] - comment: 9

2018-04-11 11:19:25 - [TEST_STEP][PASSED] - comment: com.kms.katalon.core.context.internal.InternalTestCaseContext@51d9b06c

2018-04-11 11:19:25 - [TEST_STEP][PASSED] - Statement - rowIndex = util.exportExcel.createRerportdetail(wb, rowIndex, testCaseContext): Invoke 'com.kms.katalon.core.annotation.AfterTestCase' method: 'CustimeListener.sampleAfterTestCase(...)' completed.]]></system-out>
         <system-err><![CDATA[]]></system-err>
      </testcase>
      <testcase name="Test Cases/serviceschedule/openschedule/add/blankValue" classname="Test Cases/serviceschedule/openschedule/add/blankValue" status="PASSED">
         <system-out><![CDATA[2018-04-11 11:19:25 - [TEST_CASE][PASSED] - Test Cases/serviceschedule/openschedule/add/blankValue: Invoke 'com.kms.katalon.core.annotation.AfterTestCase' method: 'CustimeListener.sampleAfterTestCase(...)' completed.

2018-04-11 11:19:25 - [TEST_STEP][PASSED] - Start listener action : sampleBeforeTestCase: Invoke 'com.kms.katalon.core.annotation.BeforeTestCase' method: 'CustimeListener.sampleBeforeTestCase(...)' completed.

2018-04-11 11:19:25 - [TEST_STEP][PASSED] - common.serviceschedule.addopenschedule.AddOpenSchedule.gotoPage: common.serviceschedule.addopenschedule.AddOpenSchedule.gotoPage is PASSED

2018-04-11 11:19:25 - [MESSAGE][PASSED] - Navigate to 'http://10.100.70.87:8080/cp_cambodia/jsp/serviceschedule/gotoAddOpenSchedule.action' successfully

2018-04-11 11:19:25 - [MESSAGE][PASSED] - common.serviceschedule.addopenschedule.AddOpenSchedule.gotoPage is PASSED

2018-04-11 11:19:25 - [TEST_STEP][PASSED] - common.serviceschedule.addopenschedule.AddOpenSchedule.setValueToInput: common.serviceschedule.addopenschedule.AddOpenSchedule.setValueToInput is PASSED

2018-04-11 11:19:25 - [MESSAGE][PASSED] - Text 'A1234A' is set on object 'Object Repository/serviceschedule/openschedule/add/input_openScManual.serviceNumb'

2018-04-11 11:19:25 - [MESSAGE][PASSED] - Object 'Object Repository/serviceschedule/openschedule/add/span_Arrival' is visible

2018-04-11 11:19:25 - [MESSAGE][PASSED] - Object: 'Object Repository/serviceschedule/openschedule/add/span_Arrival' is clicked on

2018-04-11 11:19:26 - [MESSAGE][PASSED] - Object 'Object Repository/serviceschedule/openschedule/add/ul_ArrivalDeparture' is visible

2018-04-11 11:19:27 - [MESSAGE][PASSED] - Delayed 1 second(s)

2018-04-11 11:19:27 - [MESSAGE][PASSED] - Text 'PQQ' is set on object 'Object Repository/serviceschedule/openschedule/add/input_autocompleteDepturePortN'

2018-04-11 11:19:28 - [MESSAGE][PASSED] - Delayed 1 second(s)

2018-04-11 11:19:28 - [MESSAGE][PASSED] - Text 'DMK' is set on object 'Object Repository/serviceschedule/openschedule/add/input_autocompleteArrivalPortN'

2018-04-11 11:19:29 - [MESSAGE][PASSED] - Delayed 1 second(s)

2018-04-11 11:19:29 - [MESSAGE][PASSED] - Keys 'CONTROL + a' sent to object: 'Object Repository/serviceschedule/openschedule/add/input_openScManual_depDate_dd_'

2018-04-11 11:19:29 - [MESSAGE][PASSED] - Keys 'CONTROL + a' sent to object: 'Object Repository/serviceschedule/openschedule/add/input_openScManual_arrDate_dd_'

2018-04-11 11:19:29 - [MESSAGE][PASSED] - Keys 'CONTROL + a' sent to object: 'Object Repository/serviceschedule/openschedule/add/input_openScManual_arrTime_hh_'

2018-04-11 11:19:30 - [MESSAGE][PASSED] - Keys 'CONTROL + a' sent to object: 'Object Repository/serviceschedule/openschedule/add/input_openScManual_depTime_hh_'

2018-04-11 11:19:31 - [MESSAGE][PASSED] - Delayed 1 second(s)

2018-04-11 11:19:31 - [MESSAGE][PASSED] - common.serviceschedule.addopenschedule.AddOpenSchedule.setValueToInput is PASSED

2018-04-11 11:19:31 - [TEST_STEP][PASSED] - click: Object: 'Object Repository/serviceschedule/openschedule/add/button_Open' is clicked on

2018-04-11 11:19:31 - [MESSAGE][PASSED] - Object: 'Object Repository/serviceschedule/openschedule/add/button_Open' is clicked on

2018-04-11 11:19:31 - [TEST_STEP][PASSED] - verifyElementText: Actual text and expected text of test object 'Object Repository/serviceschedule/openschedule/add/alert message' are matched.

2018-04-11 11:19:31 - [MESSAGE][PASSED] - Actual text and expected text of test object 'Object Repository/serviceschedule/openschedule/add/alert message' are matched.

2018-04-11 11:19:31 - [TEST_STEP][PASSED] - Start listener action : sampleAfterTestCase: Invoke 'com.kms.katalon.core.annotation.AfterTestCase' method: 'CustimeListener.sampleAfterTestCase(...)' completed.

2018-04-11 11:19:31 - [TEST_STEP][PASSED] - comment: Name: /xl/workbook.xml - Content Type: application/vnd.openxmlformats-officedocument.spreadsheetml.sheet.main+xml

2018-04-11 11:19:31 - [TEST_STEP][PASSED] - comment: null

2018-04-11 11:19:31 - [TEST_STEP][PASSED] - comment: 10

2018-04-11 11:19:31 - [TEST_STEP][PASSED] - comment: com.kms.katalon.core.context.internal.InternalTestCaseContext@4f3e7344

2018-04-11 11:19:31 - [TEST_STEP][PASSED] - Statement - rowIndex = util.exportExcel.createRerportdetail(wb, rowIndex, testCaseContext): Invoke 'com.kms.katalon.core.annotation.AfterTestCase' method: 'CustimeListener.sampleAfterTestCase(...)' completed.]]></system-out>
         <system-err><![CDATA[]]></system-err>
      </testcase>
      <testcase name="Test Cases/serviceschedule/openschedule/add/blankValue" classname="Test Cases/serviceschedule/openschedule/add/blankValue" status="PASSED">
         <system-out><![CDATA[2018-04-11 11:19:31 - [TEST_CASE][PASSED] - Test Cases/serviceschedule/openschedule/add/blankValue: Invoke 'com.kms.katalon.core.annotation.AfterTestCase' method: 'CustimeListener.sampleAfterTestCase(...)' completed.

2018-04-11 11:19:31 - [TEST_STEP][PASSED] - Start listener action : sampleBeforeTestCase: Invoke 'com.kms.katalon.core.annotation.BeforeTestCase' method: 'CustimeListener.sampleBeforeTestCase(...)' completed.

2018-04-11 11:19:31 - [TEST_STEP][PASSED] - common.serviceschedule.addopenschedule.AddOpenSchedule.gotoPage: common.serviceschedule.addopenschedule.AddOpenSchedule.gotoPage is PASSED

2018-04-11 11:19:31 - [MESSAGE][PASSED] - Navigate to 'http://10.100.70.87:8080/cp_cambodia/jsp/serviceschedule/gotoAddOpenSchedule.action' successfully

2018-04-11 11:19:31 - [MESSAGE][PASSED] - common.serviceschedule.addopenschedule.AddOpenSchedule.gotoPage is PASSED

2018-04-11 11:19:31 - [TEST_STEP][PASSED] - common.serviceschedule.addopenschedule.AddOpenSchedule.setValueToInput: common.serviceschedule.addopenschedule.AddOpenSchedule.setValueToInput is PASSED

2018-04-11 11:19:32 - [MESSAGE][PASSED] - Text 'A1234A' is set on object 'Object Repository/serviceschedule/openschedule/add/input_openScManual.serviceNumb'

2018-04-11 11:19:32 - [MESSAGE][PASSED] - Object 'Object Repository/serviceschedule/openschedule/add/span_Arrival' is visible

2018-04-11 11:19:32 - [MESSAGE][PASSED] - Object: 'Object Repository/serviceschedule/openschedule/add/span_Arrival' is clicked on

2018-04-11 11:19:32 - [MESSAGE][PASSED] - Object 'Object Repository/serviceschedule/openschedule/add/ul_ArrivalDeparture' is visible

2018-04-11 11:19:33 - [MESSAGE][PASSED] - Delayed 1 second(s)

2018-04-11 11:19:33 - [MESSAGE][PASSED] - Text 'PQQ' is set on object 'Object Repository/serviceschedule/openschedule/add/input_autocompleteDepturePortN'

2018-04-11 11:19:34 - [MESSAGE][PASSED] - Delayed 1 second(s)

2018-04-11 11:19:34 - [MESSAGE][PASSED] - Text 'DMK' is set on object 'Object Repository/serviceschedule/openschedule/add/input_autocompleteArrivalPortN'

2018-04-11 11:19:35 - [MESSAGE][PASSED] - Delayed 1 second(s)

2018-04-11 11:19:36 - [MESSAGE][PASSED] - Keys 'CONTROL + a' sent to object: 'Object Repository/serviceschedule/openschedule/add/input_openScManual_depDate_dd_'

2018-04-11 11:19:36 - [MESSAGE][PASSED] - Keys 'CONTROL + a' sent to object: 'Object Repository/serviceschedule/openschedule/add/input_openScManual_arrDate_dd_'

2018-04-11 11:19:36 - [MESSAGE][PASSED] - Keys 'CONTROL + a' sent to object: 'Object Repository/serviceschedule/openschedule/add/input_openScManual_arrTime_hh_'

2018-04-11 11:19:36 - [MESSAGE][PASSED] - Keys 'CONTROL + a' sent to object: 'Object Repository/serviceschedule/openschedule/add/input_openScManual_depTime_hh_'

2018-04-11 11:19:37 - [MESSAGE][PASSED] - Delayed 1 second(s)

2018-04-11 11:19:37 - [MESSAGE][PASSED] - common.serviceschedule.addopenschedule.AddOpenSchedule.setValueToInput is PASSED

2018-04-11 11:19:37 - [TEST_STEP][PASSED] - click: Object: 'Object Repository/serviceschedule/openschedule/add/button_Open' is clicked on

2018-04-11 11:19:37 - [MESSAGE][PASSED] - Object: 'Object Repository/serviceschedule/openschedule/add/button_Open' is clicked on

2018-04-11 11:19:37 - [TEST_STEP][PASSED] - verifyElementText: Actual text and expected text of test object 'Object Repository/serviceschedule/openschedule/add/alert message' are matched.

2018-04-11 11:19:37 - [MESSAGE][PASSED] - Actual text and expected text of test object 'Object Repository/serviceschedule/openschedule/add/alert message' are matched.

2018-04-11 11:19:37 - [TEST_STEP][PASSED] - Start listener action : sampleAfterTestCase: Invoke 'com.kms.katalon.core.annotation.AfterTestCase' method: 'CustimeListener.sampleAfterTestCase(...)' completed.

2018-04-11 11:19:37 - [TEST_STEP][PASSED] - comment: Name: /xl/workbook.xml - Content Type: application/vnd.openxmlformats-officedocument.spreadsheetml.sheet.main+xml

2018-04-11 11:19:37 - [TEST_STEP][PASSED] - comment: null

2018-04-11 11:19:37 - [TEST_STEP][PASSED] - comment: 11

2018-04-11 11:19:37 - [TEST_STEP][PASSED] - comment: com.kms.katalon.core.context.internal.InternalTestCaseContext@7be3a9ce

2018-04-11 11:19:37 - [TEST_STEP][PASSED] - Statement - rowIndex = util.exportExcel.createRerportdetail(wb, rowIndex, testCaseContext): Invoke 'com.kms.katalon.core.annotation.AfterTestCase' method: 'CustimeListener.sampleAfterTestCase(...)' completed.]]></system-out>
         <system-err><![CDATA[]]></system-err>
      </testcase>
      <testcase name="Test Cases/serviceschedule/openschedule/add/FlightNumberLength" classname="Test Cases/serviceschedule/openschedule/add/FlightNumberLength" status="PASSED">
         <system-out><![CDATA[2018-04-11 11:19:37 - [TEST_CASE][PASSED] - Test Cases/serviceschedule/openschedule/add/FlightNumberLength: Invoke 'com.kms.katalon.core.annotation.AfterTestCase' method: 'CustimeListener.sampleAfterTestCase(...)' completed.

2018-04-11 11:19:37 - [TEST_STEP][PASSED] - Start listener action : sampleBeforeTestCase: Invoke 'com.kms.katalon.core.annotation.BeforeTestCase' method: 'CustimeListener.sampleBeforeTestCase(...)' completed.

2018-04-11 11:19:37 - [TEST_STEP][PASSED] - common.serviceschedule.addopenschedule.AddOpenSchedule.gotoPage: common.serviceschedule.addopenschedule.AddOpenSchedule.gotoPage is PASSED

2018-04-11 11:19:38 - [MESSAGE][PASSED] - Navigate to 'http://10.100.70.87:8080/cp_cambodia/jsp/serviceschedule/gotoAddOpenSchedule.action' successfully

2018-04-11 11:19:38 - [MESSAGE][PASSED] - common.serviceschedule.addopenschedule.AddOpenSchedule.gotoPage is PASSED

2018-04-11 11:19:38 - [TEST_STEP][PASSED] - common.serviceschedule.addopenschedule.AddOpenSchedule.setValueToInput: common.serviceschedule.addopenschedule.AddOpenSchedule.setValueToInput is PASSED

2018-04-11 11:19:38 - [MESSAGE][PASSED] - Text 'A1234Aaa' is set on object 'Object Repository/serviceschedule/openschedule/add/input_openScManual.serviceNumb'

2018-04-11 11:19:38 - [MESSAGE][PASSED] - Object 'Object Repository/serviceschedule/openschedule/add/span_Arrival' is visible

2018-04-11 11:19:38 - [MESSAGE][PASSED] - Object: 'Object Repository/serviceschedule/openschedule/add/span_Arrival' is clicked on

2018-04-11 11:19:38 - [MESSAGE][PASSED] - Object 'Object Repository/serviceschedule/openschedule/add/ul_ArrivalDeparture' is visible

2018-04-11 11:19:39 - [MESSAGE][PASSED] - Delayed 1 second(s)

2018-04-11 11:19:40 - [MESSAGE][PASSED] - Text '' is set on object 'Object Repository/serviceschedule/openschedule/add/input_autocompleteDepturePortN'

2018-04-11 11:19:41 - [MESSAGE][PASSED] - Delayed 1 second(s)

2018-04-11 11:19:41 - [MESSAGE][PASSED] - Text '' is set on object 'Object Repository/serviceschedule/openschedule/add/input_autocompleteArrivalPortN'

2018-04-11 11:19:42 - [MESSAGE][PASSED] - Delayed 1 second(s)

2018-04-11 11:19:42 - [MESSAGE][PASSED] - Keys 'CONTROL + a' sent to object: 'Object Repository/serviceschedule/openschedule/add/input_openScManual_depDate_dd_'

2018-04-11 11:19:42 - [MESSAGE][PASSED] - Keys 'CONTROL + a' sent to object: 'Object Repository/serviceschedule/openschedule/add/input_openScManual_arrDate_dd_'

2018-04-11 11:19:42 - [MESSAGE][PASSED] - Keys 'CONTROL + a' sent to object: 'Object Repository/serviceschedule/openschedule/add/input_openScManual_arrTime_hh_'

2018-04-11 11:19:42 - [MESSAGE][PASSED] - Keys 'CONTROL + a' sent to object: 'Object Repository/serviceschedule/openschedule/add/input_openScManual_depTime_hh_'

2018-04-11 11:19:43 - [MESSAGE][PASSED] - Delayed 1 second(s)

2018-04-11 11:19:43 - [MESSAGE][PASSED] - common.serviceschedule.addopenschedule.AddOpenSchedule.setValueToInput is PASSED

2018-04-11 11:19:43 - [TEST_STEP][PASSED] - util.Verify.verifyValueLenght: util.Verify.verifyValueLenght is PASSED

2018-04-11 11:19:43 - [MESSAGE][PASSED] - Attribute 'value' of object 'Object Repository/serviceschedule/openschedule/add/input_openScManual.serviceNumb' is: 'A1234A'

2018-04-11 11:19:43 - [MESSAGE][PASSED] - Actual number '6' is less than or equal to expected number '6'

2018-04-11 11:19:43 - [MESSAGE][PASSED] - util.Verify.verifyValueLenght is PASSED

2018-04-11 11:19:43 - [TEST_STEP][PASSED] - Start listener action : sampleAfterTestCase: Invoke 'com.kms.katalon.core.annotation.AfterTestCase' method: 'CustimeListener.sampleAfterTestCase(...)' completed.

2018-04-11 11:19:43 - [TEST_STEP][PASSED] - comment: Name: /xl/workbook.xml - Content Type: application/vnd.openxmlformats-officedocument.spreadsheetml.sheet.main+xml

2018-04-11 11:19:43 - [TEST_STEP][PASSED] - comment: null

2018-04-11 11:19:43 - [TEST_STEP][PASSED] - comment: 12

2018-04-11 11:19:43 - [TEST_STEP][PASSED] - comment: com.kms.katalon.core.context.internal.InternalTestCaseContext@ad3324b

2018-04-11 11:19:43 - [TEST_STEP][PASSED] - Statement - rowIndex = util.exportExcel.createRerportdetail(wb, rowIndex, testCaseContext): Invoke 'com.kms.katalon.core.annotation.AfterTestCase' method: 'CustimeListener.sampleAfterTestCase(...)' completed.]]></system-out>
         <system-err><![CDATA[]]></system-err>
      </testcase>
      <testcase name="Test Cases/serviceschedule/openschedule/add/arrDate_depDate" classname="Test Cases/serviceschedule/openschedule/add/arrDate_depDate" status="PASSED">
         <system-out><![CDATA[2018-04-11 11:19:43 - [TEST_CASE][PASSED] - Test Cases/serviceschedule/openschedule/add/arrDate_depDate: Invoke 'com.kms.katalon.core.annotation.AfterTestCase' method: 'CustimeListener.sampleAfterTestCase(...)' completed.

2018-04-11 11:19:43 - [TEST_STEP][PASSED] - Start listener action : sampleBeforeTestCase: Invoke 'com.kms.katalon.core.annotation.BeforeTestCase' method: 'CustimeListener.sampleBeforeTestCase(...)' completed.

2018-04-11 11:19:43 - [TEST_STEP][PASSED] - common.serviceschedule.addopenschedule.AddOpenSchedule.gotoPage: common.serviceschedule.addopenschedule.AddOpenSchedule.gotoPage is PASSED

2018-04-11 11:19:44 - [MESSAGE][PASSED] - Navigate to 'http://10.100.70.87:8080/cp_cambodia/jsp/serviceschedule/gotoAddOpenSchedule.action' successfully

2018-04-11 11:19:44 - [MESSAGE][PASSED] - common.serviceschedule.addopenschedule.AddOpenSchedule.gotoPage is PASSED

2018-04-11 11:19:44 - [TEST_STEP][PASSED] - common.serviceschedule.addopenschedule.AddOpenSchedule.setValueToInput: common.serviceschedule.addopenschedule.AddOpenSchedule.setValueToInput is PASSED

2018-04-11 11:19:44 - [MESSAGE][PASSED] - Text 'A123' is set on object 'Object Repository/serviceschedule/openschedule/add/input_openScManual.serviceNumb'

2018-04-11 11:19:44 - [MESSAGE][PASSED] - Object 'Object Repository/serviceschedule/openschedule/add/span_Arrival' is visible

2018-04-11 11:19:44 - [MESSAGE][PASSED] - Object: 'Object Repository/serviceschedule/openschedule/add/span_Arrival' is clicked on

2018-04-11 11:19:44 - [MESSAGE][PASSED] - Object 'Object Repository/serviceschedule/openschedule/add/ul_ArrivalDeparture' is visible

2018-04-11 11:19:45 - [MESSAGE][PASSED] - Delayed 1 second(s)

2018-04-11 11:19:46 - [MESSAGE][PASSED] - Text 'PQQ' is set on object 'Object Repository/serviceschedule/openschedule/add/input_autocompleteDepturePortN'

2018-04-11 11:19:47 - [MESSAGE][PASSED] - Delayed 1 second(s)

2018-04-11 11:19:47 - [MESSAGE][PASSED] - Text 'DMK' is set on object 'Object Repository/serviceschedule/openschedule/add/input_autocompleteArrivalPortN'

2018-04-11 11:19:48 - [MESSAGE][PASSED] - Delayed 1 second(s)

2018-04-11 11:19:48 - [MESSAGE][PASSED] - Keys 'CONTROL + a' sent to object: 'Object Repository/serviceschedule/openschedule/add/input_openScManual_depDate_dd_'

2018-04-11 11:19:48 - [MESSAGE][PASSED] - Keys 'CONTROL + a' sent to object: 'Object Repository/serviceschedule/openschedule/add/input_openScManual_arrDate_dd_'

2018-04-11 11:19:48 - [MESSAGE][PASSED] - Keys 'CONTROL + a' sent to object: 'Object Repository/serviceschedule/openschedule/add/input_openScManual_arrTime_hh_'

2018-04-11 11:19:48 - [MESSAGE][PASSED] - Keys 'CONTROL + a' sent to object: 'Object Repository/serviceschedule/openschedule/add/input_openScManual_depTime_hh_'

2018-04-11 11:19:49 - [MESSAGE][PASSED] - Delayed 1 second(s)

2018-04-11 11:19:49 - [MESSAGE][PASSED] - common.serviceschedule.addopenschedule.AddOpenSchedule.setValueToInput is PASSED

2018-04-11 11:19:49 - [TEST_STEP][PASSED] - click: Object: 'Object Repository/serviceschedule/openschedule/add/button_Open' is clicked on

2018-04-11 11:19:50 - [MESSAGE][PASSED] - Object: 'Object Repository/serviceschedule/openschedule/add/button_Open' is clicked on

2018-04-11 11:19:50 - [TEST_STEP][PASSED] - waitForElementVisible: Object 'Object Repository/serviceschedule/openschedule/add/alert message' is visible

2018-04-11 11:19:50 - [MESSAGE][PASSED] - Object 'Object Repository/serviceschedule/openschedule/add/alert message' is visible

2018-04-11 11:19:50 - [TEST_STEP][PASSED] - verifyElementText: Actual text and expected text of test object 'Object Repository/serviceschedule/openschedule/add/alert message' are matched.

2018-04-11 11:19:50 - [MESSAGE][PASSED] - Actual text and expected text of test object 'Object Repository/serviceschedule/openschedule/add/alert message' are matched.

2018-04-11 11:19:50 - [TEST_STEP][PASSED] - Start listener action : sampleAfterTestCase: Invoke 'com.kms.katalon.core.annotation.AfterTestCase' method: 'CustimeListener.sampleAfterTestCase(...)' completed.

2018-04-11 11:19:50 - [TEST_STEP][PASSED] - comment: Name: /xl/workbook.xml - Content Type: application/vnd.openxmlformats-officedocument.spreadsheetml.sheet.main+xml

2018-04-11 11:19:50 - [TEST_STEP][PASSED] - comment: null

2018-04-11 11:19:50 - [TEST_STEP][PASSED] - comment: 13

2018-04-11 11:19:50 - [TEST_STEP][PASSED] - comment: com.kms.katalon.core.context.internal.InternalTestCaseContext@260ff5b7

2018-04-11 11:19:50 - [TEST_STEP][PASSED] - Statement - rowIndex = util.exportExcel.createRerportdetail(wb, rowIndex, testCaseContext): Invoke 'com.kms.katalon.core.annotation.AfterTestCase' method: 'CustimeListener.sampleAfterTestCase(...)' completed.]]></system-out>
         <system-err><![CDATA[]]></system-err>
      </testcase>
      <testcase name="Test Cases/serviceschedule/openschedule/add/arrDate_depDate" classname="Test Cases/serviceschedule/openschedule/add/arrDate_depDate" status="PASSED">
         <system-out><![CDATA[2018-04-11 11:19:50 - [TEST_CASE][PASSED] - Test Cases/serviceschedule/openschedule/add/arrDate_depDate: Invoke 'com.kms.katalon.core.annotation.AfterTestCase' method: 'CustimeListener.sampleAfterTestCase(...)' completed.

2018-04-11 11:19:50 - [TEST_STEP][PASSED] - Start listener action : sampleBeforeTestCase: Invoke 'com.kms.katalon.core.annotation.BeforeTestCase' method: 'CustimeListener.sampleBeforeTestCase(...)' completed.

2018-04-11 11:19:50 - [TEST_STEP][PASSED] - common.serviceschedule.addopenschedule.AddOpenSchedule.gotoPage: common.serviceschedule.addopenschedule.AddOpenSchedule.gotoPage is PASSED

2018-04-11 11:19:50 - [MESSAGE][PASSED] - Navigate to 'http://10.100.70.87:8080/cp_cambodia/jsp/serviceschedule/gotoAddOpenSchedule.action' successfully

2018-04-11 11:19:50 - [MESSAGE][PASSED] - common.serviceschedule.addopenschedule.AddOpenSchedule.gotoPage is PASSED

2018-04-11 11:19:50 - [TEST_STEP][PASSED] - common.serviceschedule.addopenschedule.AddOpenSchedule.setValueToInput: common.serviceschedule.addopenschedule.AddOpenSchedule.setValueToInput is PASSED

2018-04-11 11:19:50 - [MESSAGE][PASSED] - Text 'A123' is set on object 'Object Repository/serviceschedule/openschedule/add/input_openScManual.serviceNumb'

2018-04-11 11:19:50 - [MESSAGE][PASSED] - Object 'Object Repository/serviceschedule/openschedule/add/span_Arrival' is visible

2018-04-11 11:19:51 - [MESSAGE][PASSED] - Object: 'Object Repository/serviceschedule/openschedule/add/span_Arrival' is clicked on

2018-04-11 11:19:51 - [MESSAGE][PASSED] - Object 'Object Repository/serviceschedule/openschedule/add/ul_ArrivalDeparture' is visible

2018-04-11 11:19:52 - [MESSAGE][PASSED] - Delayed 1 second(s)

2018-04-11 11:19:52 - [MESSAGE][PASSED] - Text 'PQQ' is set on object 'Object Repository/serviceschedule/openschedule/add/input_autocompleteDepturePortN'

2018-04-11 11:19:53 - [MESSAGE][PASSED] - Delayed 1 second(s)

2018-04-11 11:19:53 - [MESSAGE][PASSED] - Text 'DMK' is set on object 'Object Repository/serviceschedule/openschedule/add/input_autocompleteArrivalPortN'

2018-04-11 11:19:54 - [MESSAGE][PASSED] - Delayed 1 second(s)

2018-04-11 11:19:54 - [MESSAGE][PASSED] - Keys 'CONTROL + a' sent to object: 'Object Repository/serviceschedule/openschedule/add/input_openScManual_depDate_dd_'

2018-04-11 11:19:55 - [MESSAGE][PASSED] - Keys 'CONTROL + a' sent to object: 'Object Repository/serviceschedule/openschedule/add/input_openScManual_arrDate_dd_'

2018-04-11 11:19:55 - [MESSAGE][PASSED] - Keys 'CONTROL + a' sent to object: 'Object Repository/serviceschedule/openschedule/add/input_openScManual_arrTime_hh_'

2018-04-11 11:19:55 - [MESSAGE][PASSED] - Keys 'CONTROL + a' sent to object: 'Object Repository/serviceschedule/openschedule/add/input_openScManual_depTime_hh_'

2018-04-11 11:19:56 - [MESSAGE][PASSED] - Delayed 1 second(s)

2018-04-11 11:19:56 - [MESSAGE][PASSED] - common.serviceschedule.addopenschedule.AddOpenSchedule.setValueToInput is PASSED

2018-04-11 11:19:56 - [TEST_STEP][PASSED] - click: Object: 'Object Repository/serviceschedule/openschedule/add/button_Open' is clicked on

2018-04-11 11:19:56 - [MESSAGE][PASSED] - Object: 'Object Repository/serviceschedule/openschedule/add/button_Open' is clicked on

2018-04-11 11:19:56 - [TEST_STEP][PASSED] - waitForElementVisible: Object 'Object Repository/serviceschedule/openschedule/add/alert message' is visible

2018-04-11 11:19:56 - [MESSAGE][PASSED] - Object 'Object Repository/serviceschedule/openschedule/add/alert message' is visible

2018-04-11 11:19:56 - [TEST_STEP][PASSED] - verifyElementText: Actual text and expected text of test object 'Object Repository/serviceschedule/openschedule/add/alert message' are matched.

2018-04-11 11:19:56 - [MESSAGE][PASSED] - Actual text and expected text of test object 'Object Repository/serviceschedule/openschedule/add/alert message' are matched.

2018-04-11 11:19:56 - [TEST_STEP][PASSED] - Start listener action : sampleAfterTestCase: Invoke 'com.kms.katalon.core.annotation.AfterTestCase' method: 'CustimeListener.sampleAfterTestCase(...)' completed.

2018-04-11 11:19:56 - [TEST_STEP][PASSED] - comment: Name: /xl/workbook.xml - Content Type: application/vnd.openxmlformats-officedocument.spreadsheetml.sheet.main+xml

2018-04-11 11:19:56 - [TEST_STEP][PASSED] - comment: null

2018-04-11 11:19:56 - [TEST_STEP][PASSED] - comment: 14

2018-04-11 11:19:56 - [TEST_STEP][PASSED] - comment: com.kms.katalon.core.context.internal.InternalTestCaseContext@18acfe88

2018-04-11 11:19:56 - [TEST_STEP][PASSED] - Statement - rowIndex = util.exportExcel.createRerportdetail(wb, rowIndex, testCaseContext): Invoke 'com.kms.katalon.core.annotation.AfterTestCase' method: 'CustimeListener.sampleAfterTestCase(...)' completed.]]></system-out>
         <system-err><![CDATA[]]></system-err>
      </testcase>
      <testcase name="Test Cases/serviceschedule/openschedule/add/arrDate_depDate" classname="Test Cases/serviceschedule/openschedule/add/arrDate_depDate" status="PASSED">
         <system-out><![CDATA[2018-04-11 11:19:56 - [TEST_CASE][PASSED] - Test Cases/serviceschedule/openschedule/add/arrDate_depDate: Invoke 'com.kms.katalon.core.annotation.AfterTestCase' method: 'CustimeListener.sampleAfterTestCase(...)' completed.

2018-04-11 11:19:56 - [TEST_STEP][PASSED] - Start listener action : sampleBeforeTestCase: Invoke 'com.kms.katalon.core.annotation.BeforeTestCase' method: 'CustimeListener.sampleBeforeTestCase(...)' completed.

2018-04-11 11:19:56 - [TEST_STEP][PASSED] - common.serviceschedule.addopenschedule.AddOpenSchedule.gotoPage: common.serviceschedule.addopenschedule.AddOpenSchedule.gotoPage is PASSED

2018-04-11 11:19:57 - [MESSAGE][PASSED] - Navigate to 'http://10.100.70.87:8080/cp_cambodia/jsp/serviceschedule/gotoAddOpenSchedule.action' successfully

2018-04-11 11:19:57 - [MESSAGE][PASSED] - common.serviceschedule.addopenschedule.AddOpenSchedule.gotoPage is PASSED

2018-04-11 11:19:57 - [TEST_STEP][PASSED] - common.serviceschedule.addopenschedule.AddOpenSchedule.setValueToInput: common.serviceschedule.addopenschedule.AddOpenSchedule.setValueToInput is PASSED

2018-04-11 11:19:57 - [MESSAGE][PASSED] - Text 'A123' is set on object 'Object Repository/serviceschedule/openschedule/add/input_openScManual.serviceNumb'

2018-04-11 11:19:57 - [MESSAGE][PASSED] - Object 'Object Repository/serviceschedule/openschedule/add/span_Arrival' is visible

2018-04-11 11:19:57 - [MESSAGE][PASSED] - Object: 'Object Repository/serviceschedule/openschedule/add/span_Arrival' is clicked on

2018-04-11 11:19:57 - [MESSAGE][PASSED] - Object 'Object Repository/serviceschedule/openschedule/add/ul_ArrivalDeparture' is visible

2018-04-11 11:19:58 - [MESSAGE][PASSED] - Delayed 1 second(s)

2018-04-11 11:19:58 - [MESSAGE][PASSED] - Text 'PQQ' is set on object 'Object Repository/serviceschedule/openschedule/add/input_autocompleteDepturePortN'

2018-04-11 11:19:59 - [MESSAGE][PASSED] - Delayed 1 second(s)

2018-04-11 11:20:00 - [MESSAGE][PASSED] - Text 'DMK' is set on object 'Object Repository/serviceschedule/openschedule/add/input_autocompleteArrivalPortN'

2018-04-11 11:20:01 - [MESSAGE][PASSED] - Delayed 1 second(s)

2018-04-11 11:20:01 - [MESSAGE][PASSED] - Keys 'CONTROL + a' sent to object: 'Object Repository/serviceschedule/openschedule/add/input_openScManual_depDate_dd_'

2018-04-11 11:20:01 - [MESSAGE][PASSED] - Keys 'CONTROL + a' sent to object: 'Object Repository/serviceschedule/openschedule/add/input_openScManual_arrDate_dd_'

2018-04-11 11:20:01 - [MESSAGE][PASSED] - Keys 'CONTROL + a' sent to object: 'Object Repository/serviceschedule/openschedule/add/input_openScManual_arrTime_hh_'

2018-04-11 11:20:01 - [MESSAGE][PASSED] - Keys 'CONTROL + a' sent to object: 'Object Repository/serviceschedule/openschedule/add/input_openScManual_depTime_hh_'

2018-04-11 11:20:02 - [MESSAGE][PASSED] - Delayed 1 second(s)

2018-04-11 11:20:02 - [MESSAGE][PASSED] - common.serviceschedule.addopenschedule.AddOpenSchedule.setValueToInput is PASSED

2018-04-11 11:20:02 - [TEST_STEP][PASSED] - click: Object: 'Object Repository/serviceschedule/openschedule/add/button_Open' is clicked on

2018-04-11 11:20:02 - [MESSAGE][PASSED] - Object: 'Object Repository/serviceschedule/openschedule/add/button_Open' is clicked on

2018-04-11 11:20:02 - [TEST_STEP][PASSED] - waitForElementVisible: Object 'Object Repository/serviceschedule/openschedule/add/alert message' is visible

2018-04-11 11:20:02 - [MESSAGE][PASSED] - Object 'Object Repository/serviceschedule/openschedule/add/alert message' is visible

2018-04-11 11:20:02 - [TEST_STEP][PASSED] - verifyElementText: Actual text and expected text of test object 'Object Repository/serviceschedule/openschedule/add/alert message' are matched.

2018-04-11 11:20:02 - [MESSAGE][PASSED] - Actual text and expected text of test object 'Object Repository/serviceschedule/openschedule/add/alert message' are matched.

2018-04-11 11:20:02 - [TEST_STEP][PASSED] - Start listener action : sampleAfterTestCase: Invoke 'com.kms.katalon.core.annotation.AfterTestCase' method: 'CustimeListener.sampleAfterTestCase(...)' completed.

2018-04-11 11:20:02 - [TEST_STEP][PASSED] - comment: Name: /xl/workbook.xml - Content Type: application/vnd.openxmlformats-officedocument.spreadsheetml.sheet.main+xml

2018-04-11 11:20:02 - [TEST_STEP][PASSED] - comment: null

2018-04-11 11:20:02 - [TEST_STEP][PASSED] - comment: 15

2018-04-11 11:20:02 - [TEST_STEP][PASSED] - comment: com.kms.katalon.core.context.internal.InternalTestCaseContext@13fed1ec

2018-04-11 11:20:02 - [TEST_STEP][PASSED] - Statement - rowIndex = util.exportExcel.createRerportdetail(wb, rowIndex, testCaseContext): Invoke 'com.kms.katalon.core.annotation.AfterTestCase' method: 'CustimeListener.sampleAfterTestCase(...)' completed.]]></system-out>
         <system-err><![CDATA[]]></system-err>
      </testcase>
      <testcase name="Test Cases/serviceschedule/openschedule/add/arrDate_depDate" classname="Test Cases/serviceschedule/openschedule/add/arrDate_depDate" status="PASSED">
         <system-out><![CDATA[2018-04-11 11:20:02 - [TEST_CASE][PASSED] - Test Cases/serviceschedule/openschedule/add/arrDate_depDate: Invoke 'com.kms.katalon.core.annotation.AfterTestCase' method: 'CustimeListener.sampleAfterTestCase(...)' completed.

2018-04-11 11:20:02 - [TEST_STEP][PASSED] - Start listener action : sampleBeforeTestCase: Invoke 'com.kms.katalon.core.annotation.BeforeTestCase' method: 'CustimeListener.sampleBeforeTestCase(...)' completed.

2018-04-11 11:20:02 - [TEST_STEP][PASSED] - common.serviceschedule.addopenschedule.AddOpenSchedule.gotoPage: common.serviceschedule.addopenschedule.AddOpenSchedule.gotoPage is PASSED

2018-04-11 11:20:03 - [MESSAGE][PASSED] - Navigate to 'http://10.100.70.87:8080/cp_cambodia/jsp/serviceschedule/gotoAddOpenSchedule.action' successfully

2018-04-11 11:20:03 - [MESSAGE][PASSED] - common.serviceschedule.addopenschedule.AddOpenSchedule.gotoPage is PASSED

2018-04-11 11:20:03 - [TEST_STEP][PASSED] - common.serviceschedule.addopenschedule.AddOpenSchedule.setValueToInput: common.serviceschedule.addopenschedule.AddOpenSchedule.setValueToInput is PASSED

2018-04-11 11:20:03 - [MESSAGE][PASSED] - Text 'A123' is set on object 'Object Repository/serviceschedule/openschedule/add/input_openScManual.serviceNumb'

2018-04-11 11:20:03 - [MESSAGE][PASSED] - Object 'Object Repository/serviceschedule/openschedule/add/span_Arrival' is visible

2018-04-11 11:20:03 - [MESSAGE][PASSED] - Object: 'Object Repository/serviceschedule/openschedule/add/span_Arrival' is clicked on

2018-04-11 11:20:03 - [MESSAGE][PASSED] - Object 'Object Repository/serviceschedule/openschedule/add/ul_ArrivalDeparture' is visible

2018-04-11 11:20:04 - [MESSAGE][PASSED] - Delayed 1 second(s)

2018-04-11 11:20:05 - [MESSAGE][PASSED] - Text 'PQQ' is set on object 'Object Repository/serviceschedule/openschedule/add/input_autocompleteDepturePortN'

2018-04-11 11:20:06 - [MESSAGE][PASSED] - Delayed 1 second(s)

2018-04-11 11:20:06 - [MESSAGE][PASSED] - Text 'DMK' is set on object 'Object Repository/serviceschedule/openschedule/add/input_autocompleteArrivalPortN'

2018-04-11 11:20:07 - [MESSAGE][PASSED] - Delayed 1 second(s)

2018-04-11 11:20:07 - [MESSAGE][PASSED] - Keys 'CONTROL + a' sent to object: 'Object Repository/serviceschedule/openschedule/add/input_openScManual_depDate_dd_'

2018-04-11 11:20:07 - [MESSAGE][PASSED] - Keys 'CONTROL + a' sent to object: 'Object Repository/serviceschedule/openschedule/add/input_openScManual_arrDate_dd_'

2018-04-11 11:20:07 - [MESSAGE][PASSED] - Keys 'CONTROL + a' sent to object: 'Object Repository/serviceschedule/openschedule/add/input_openScManual_arrTime_hh_'

2018-04-11 11:20:07 - [MESSAGE][PASSED] - Keys 'CONTROL + a' sent to object: 'Object Repository/serviceschedule/openschedule/add/input_openScManual_depTime_hh_'

2018-04-11 11:20:08 - [MESSAGE][PASSED] - Delayed 1 second(s)

2018-04-11 11:20:08 - [MESSAGE][PASSED] - common.serviceschedule.addopenschedule.AddOpenSchedule.setValueToInput is PASSED

2018-04-11 11:20:08 - [TEST_STEP][PASSED] - click: Object: 'Object Repository/serviceschedule/openschedule/add/button_Open' is clicked on

2018-04-11 11:20:09 - [MESSAGE][PASSED] - Object: 'Object Repository/serviceschedule/openschedule/add/button_Open' is clicked on

2018-04-11 11:20:09 - [TEST_STEP][PASSED] - waitForElementVisible: Object 'Object Repository/serviceschedule/openschedule/add/alert message' is visible

2018-04-11 11:20:09 - [MESSAGE][PASSED] - Object 'Object Repository/serviceschedule/openschedule/add/alert message' is visible

2018-04-11 11:20:09 - [TEST_STEP][PASSED] - verifyElementText: Actual text and expected text of test object 'Object Repository/serviceschedule/openschedule/add/alert message' are matched.

2018-04-11 11:20:09 - [MESSAGE][PASSED] - Actual text and expected text of test object 'Object Repository/serviceschedule/openschedule/add/alert message' are matched.

2018-04-11 11:20:09 - [TEST_STEP][PASSED] - Start listener action : sampleAfterTestCase: Invoke 'com.kms.katalon.core.annotation.AfterTestCase' method: 'CustimeListener.sampleAfterTestCase(...)' completed.

2018-04-11 11:20:09 - [TEST_STEP][PASSED] - comment: Name: /xl/workbook.xml - Content Type: application/vnd.openxmlformats-officedocument.spreadsheetml.sheet.main+xml

2018-04-11 11:20:09 - [TEST_STEP][PASSED] - comment: null

2018-04-11 11:20:09 - [TEST_STEP][PASSED] - comment: 16

2018-04-11 11:20:09 - [TEST_STEP][PASSED] - comment: com.kms.katalon.core.context.internal.InternalTestCaseContext@7dd611c8

2018-04-11 11:20:09 - [TEST_STEP][PASSED] - Statement - rowIndex = util.exportExcel.createRerportdetail(wb, rowIndex, testCaseContext): Invoke 'com.kms.katalon.core.annotation.AfterTestCase' method: 'CustimeListener.sampleAfterTestCase(...)' completed.]]></system-out>
         <system-err><![CDATA[]]></system-err>
      </testcase>
      <testcase name="Test Cases/serviceschedule/openschedule/add/ArrDepPort" classname="Test Cases/serviceschedule/openschedule/add/ArrDepPort" status="PASSED">
         <system-out><![CDATA[2018-04-11 11:20:09 - [TEST_CASE][PASSED] - Test Cases/serviceschedule/openschedule/add/ArrDepPort: Invoke 'com.kms.katalon.core.annotation.AfterTestCase' method: 'CustimeListener.sampleAfterTestCase(...)' completed.

2018-04-11 11:20:09 - [TEST_STEP][PASSED] - Start listener action : sampleBeforeTestCase: Invoke 'com.kms.katalon.core.annotation.BeforeTestCase' method: 'CustimeListener.sampleBeforeTestCase(...)' completed.

2018-04-11 11:20:09 - [TEST_STEP][PASSED] - common.serviceschedule.addopenschedule.AddOpenSchedule.gotoPage: common.serviceschedule.addopenschedule.AddOpenSchedule.gotoPage is PASSED

2018-04-11 11:20:09 - [MESSAGE][PASSED] - Navigate to 'http://10.100.70.87:8080/cp_cambodia/jsp/serviceschedule/gotoAddOpenSchedule.action' successfully

2018-04-11 11:20:09 - [MESSAGE][PASSED] - common.serviceschedule.addopenschedule.AddOpenSchedule.gotoPage is PASSED

2018-04-11 11:20:09 - [TEST_STEP][PASSED] - common.serviceschedule.addopenschedule.AddOpenSchedule.setValueToInput: common.serviceschedule.addopenschedule.AddOpenSchedule.setValueToInput is PASSED

2018-04-11 11:20:09 - [MESSAGE][PASSED] - Text '' is set on object 'Object Repository/serviceschedule/openschedule/add/input_openScManual.serviceNumb'

2018-04-11 11:20:09 - [MESSAGE][PASSED] - Object 'Object Repository/serviceschedule/openschedule/add/span_Arrival' is visible

2018-04-11 11:20:10 - [MESSAGE][PASSED] - Object: 'Object Repository/serviceschedule/openschedule/add/span_Arrival' is clicked on

2018-04-11 11:20:10 - [MESSAGE][PASSED] - Object 'Object Repository/serviceschedule/openschedule/add/ul_ArrivalDeparture' is visible

2018-04-11 11:20:11 - [MESSAGE][PASSED] - Delayed 1 second(s)

2018-04-11 11:20:11 - [MESSAGE][PASSED] - Text 'DMK' is set on object 'Object Repository/serviceschedule/openschedule/add/input_autocompleteDepturePortN'

2018-04-11 11:20:12 - [MESSAGE][PASSED] - Delayed 1 second(s)

2018-04-11 11:20:12 - [MESSAGE][PASSED] - Text '' is set on object 'Object Repository/serviceschedule/openschedule/add/input_autocompleteArrivalPortN'

2018-04-11 11:20:13 - [MESSAGE][PASSED] - Delayed 1 second(s)

2018-04-11 11:20:13 - [MESSAGE][PASSED] - Keys 'CONTROL + a' sent to object: 'Object Repository/serviceschedule/openschedule/add/input_openScManual_depDate_dd_'

2018-04-11 11:20:14 - [MESSAGE][PASSED] - Keys 'CONTROL + a' sent to object: 'Object Repository/serviceschedule/openschedule/add/input_openScManual_arrDate_dd_'

2018-04-11 11:20:14 - [MESSAGE][PASSED] - Keys 'CONTROL + a' sent to object: 'Object Repository/serviceschedule/openschedule/add/input_openScManual_arrTime_hh_'

2018-04-11 11:20:14 - [MESSAGE][PASSED] - Keys 'CONTROL + a' sent to object: 'Object Repository/serviceschedule/openschedule/add/input_openScManual_depTime_hh_'

2018-04-11 11:20:15 - [MESSAGE][PASSED] - Delayed 1 second(s)

2018-04-11 11:20:15 - [MESSAGE][PASSED] - common.serviceschedule.addopenschedule.AddOpenSchedule.setValueToInput is PASSED

2018-04-11 11:20:15 - [TEST_STEP][PASSED] - verifyElementText: Actual text and expected text of test object 'Object Repository/serviceschedule/openschedule/add/input_autocompleteArrivalPortN' are matched.

2018-04-11 11:20:15 - [MESSAGE][PASSED] - Actual text and expected text of test object 'Object Repository/serviceschedule/openschedule/add/input_autocompleteArrivalPortN' are matched.

2018-04-11 11:20:15 - [TEST_STEP][PASSED] - Start listener action : sampleAfterTestCase: Invoke 'com.kms.katalon.core.annotation.AfterTestCase' method: 'CustimeListener.sampleAfterTestCase(...)' completed.

2018-04-11 11:20:15 - [TEST_STEP][PASSED] - comment: Name: /xl/workbook.xml - Content Type: application/vnd.openxmlformats-officedocument.spreadsheetml.sheet.main+xml

2018-04-11 11:20:15 - [TEST_STEP][PASSED] - comment: null

2018-04-11 11:20:15 - [TEST_STEP][PASSED] - comment: 17

2018-04-11 11:20:15 - [TEST_STEP][PASSED] - comment: com.kms.katalon.core.context.internal.InternalTestCaseContext@2123064f

2018-04-11 11:20:15 - [TEST_STEP][PASSED] - Statement - rowIndex = util.exportExcel.createRerportdetail(wb, rowIndex, testCaseContext): Invoke 'com.kms.katalon.core.annotation.AfterTestCase' method: 'CustimeListener.sampleAfterTestCase(...)' completed.]]></system-out>
         <system-err><![CDATA[]]></system-err>
      </testcase>
      <testcase name="Test Cases/serviceschedule/openschedule/add/ArrDepPort" classname="Test Cases/serviceschedule/openschedule/add/ArrDepPort" status="PASSED">
         <system-out><![CDATA[2018-04-11 11:20:15 - [TEST_CASE][PASSED] - Test Cases/serviceschedule/openschedule/add/ArrDepPort: Invoke 'com.kms.katalon.core.annotation.AfterTestCase' method: 'CustimeListener.sampleAfterTestCase(...)' completed.

2018-04-11 11:20:15 - [TEST_STEP][PASSED] - Start listener action : sampleBeforeTestCase: Invoke 'com.kms.katalon.core.annotation.BeforeTestCase' method: 'CustimeListener.sampleBeforeTestCase(...)' completed.

2018-04-11 11:20:15 - [TEST_STEP][PASSED] - common.serviceschedule.addopenschedule.AddOpenSchedule.gotoPage: common.serviceschedule.addopenschedule.AddOpenSchedule.gotoPage is PASSED

2018-04-11 11:20:15 - [MESSAGE][PASSED] - Navigate to 'http://10.100.70.87:8080/cp_cambodia/jsp/serviceschedule/gotoAddOpenSchedule.action' successfully

2018-04-11 11:20:15 - [MESSAGE][PASSED] - common.serviceschedule.addopenschedule.AddOpenSchedule.gotoPage is PASSED

2018-04-11 11:20:15 - [TEST_STEP][PASSED] - common.serviceschedule.addopenschedule.AddOpenSchedule.setValueToInput: common.serviceschedule.addopenschedule.AddOpenSchedule.setValueToInput is PASSED

2018-04-11 11:20:15 - [MESSAGE][PASSED] - Text '' is set on object 'Object Repository/serviceschedule/openschedule/add/input_openScManual.serviceNumb'

2018-04-11 11:20:15 - [MESSAGE][PASSED] - Object 'Object Repository/serviceschedule/openschedule/add/span_Arrival' is visible

2018-04-11 11:20:15 - [MESSAGE][PASSED] - Object: 'Object Repository/serviceschedule/openschedule/add/span_Arrival' is clicked on

2018-04-11 11:20:15 - [MESSAGE][PASSED] - Object 'Object Repository/serviceschedule/openschedule/add/ul_ArrivalDeparture' is visible

2018-04-11 11:20:17 - [MESSAGE][PASSED] - Delayed 1 second(s)

2018-04-11 11:20:17 - [MESSAGE][PASSED] - Text '' is set on object 'Object Repository/serviceschedule/openschedule/add/input_autocompleteDepturePortN'

2018-04-11 11:20:18 - [MESSAGE][PASSED] - Delayed 1 second(s)

2018-04-11 11:20:18 - [MESSAGE][PASSED] - Text 'Dmk' is set on object 'Object Repository/serviceschedule/openschedule/add/input_autocompleteArrivalPortN'

2018-04-11 11:20:19 - [MESSAGE][PASSED] - Delayed 1 second(s)

2018-04-11 11:20:19 - [MESSAGE][PASSED] - Keys 'CONTROL + a' sent to object: 'Object Repository/serviceschedule/openschedule/add/input_openScManual_depDate_dd_'

2018-04-11 11:20:19 - [MESSAGE][PASSED] - Keys 'CONTROL + a' sent to object: 'Object Repository/serviceschedule/openschedule/add/input_openScManual_arrDate_dd_'

2018-04-11 11:20:19 - [MESSAGE][PASSED] - Keys 'CONTROL + a' sent to object: 'Object Repository/serviceschedule/openschedule/add/input_openScManual_arrTime_hh_'

2018-04-11 11:20:19 - [MESSAGE][PASSED] - Keys 'CONTROL + a' sent to object: 'Object Repository/serviceschedule/openschedule/add/input_openScManual_depTime_hh_'

2018-04-11 11:20:20 - [MESSAGE][PASSED] - Delayed 1 second(s)

2018-04-11 11:20:20 - [MESSAGE][PASSED] - common.serviceschedule.addopenschedule.AddOpenSchedule.setValueToInput is PASSED

2018-04-11 11:20:20 - [TEST_STEP][PASSED] - verifyElementText: Actual text and expected text of test object 'Object Repository/serviceschedule/openschedule/add/input_autocompleteArrivalPortN' are matched.

2018-04-11 11:20:20 - [MESSAGE][PASSED] - Actual text and expected text of test object 'Object Repository/serviceschedule/openschedule/add/input_autocompleteArrivalPortN' are matched.

2018-04-11 11:20:20 - [TEST_STEP][PASSED] - Start listener action : sampleAfterTestCase: Invoke 'com.kms.katalon.core.annotation.AfterTestCase' method: 'CustimeListener.sampleAfterTestCase(...)' completed.

2018-04-11 11:20:20 - [TEST_STEP][PASSED] - comment: Name: /xl/workbook.xml - Content Type: application/vnd.openxmlformats-officedocument.spreadsheetml.sheet.main+xml

2018-04-11 11:20:20 - [TEST_STEP][PASSED] - comment: null

2018-04-11 11:20:20 - [TEST_STEP][PASSED] - comment: 18

2018-04-11 11:20:20 - [TEST_STEP][PASSED] - comment: com.kms.katalon.core.context.internal.InternalTestCaseContext@4beabeec

2018-04-11 11:20:20 - [TEST_STEP][PASSED] - Statement - rowIndex = util.exportExcel.createRerportdetail(wb, rowIndex, testCaseContext): Invoke 'com.kms.katalon.core.annotation.AfterTestCase' method: 'CustimeListener.sampleAfterTestCase(...)' completed.]]></system-out>
         <system-err><![CDATA[]]></system-err>
      </testcase>
      <system-out><![CDATA[2018-04-11 11:18:08 - [TEST_SUITE][PASSED] - addOpenSchedule: Invoke 'com.kms.katalon.core.annotation.AfterTestCase' method: 'CustimeListener.sampleAfterTestCase(...)' completed.]]></system-out>
      <system-err><![CDATA[]]></system-err>
   </testsuite>
</testsuites>
