<?xml version="1.0" encoding="UTF-8"?>
<testsuites name="addOpenSchedule" time="77" tests="0" failures="0" errors="4">
   <testsuite name="addOpenSchedule" tests="0" failures="0" errors="4" time="77" timestamp="2018-04-09 15:43:18" hostname="PG-Adul - PG-Adul.mshome.net" id="Test Suites/addOpenSchedule">
      <properties>
         <property name="deviceName" value=""/>
         <property name="devicePlatform" value=""/>
         <property name="logFolder" value="D:\\Demo\\Katalon-Demo\\Reports\\addOpenSchedule\\20180409_154316"/>
         <property name="logFiles" value="D:\\Demo\\Katalon-Demo\\Reports\\addOpenSchedule\\20180409_154316\\execution0.log"/>
         <property name="attachments" value="D:\\Demo\\Katalon-Demo\\Reports\\addOpenSchedule\\20180409_154316\\D:/testreport/addOpenSchedule/addOpenSchedule_09042018154319/TEST-ID-2.png, D:\\Demo\\Katalon-Demo\\Reports\\addOpenSchedule\\20180409_154316\\D:/testreport/addOpenSchedule/addOpenSchedule_09042018154319/TEST-ID-3.png, D:\\Demo\\Katalon-Demo\\Reports\\addOpenSchedule\\20180409_154316\\D:/testreport/addOpenSchedule/addOpenSchedule_09042018154319/TEST-ID-4.png, D:\\Demo\\Katalon-Demo\\Reports\\addOpenSchedule\\20180409_154316\\D:/testreport/addOpenSchedule/addOpenSchedule_09042018154319/TEST-ID-5.png"/>
         <property name="hostName" value="PG-Adul - PG-Adul.mshome.net"/>
         <property name="os" value="Windows 10 64bit"/>
         <property name="katalonVersion" value="5.3.1.1"/>
         <property name="browser" value="Firefox 58.0"/>
         <property name="hostAddress" value="172.27.98.17"/>
         <property name="sessionId" value="e6715ab2-1a9f-48b8-9b97-66a79c83eae3"/>
         <property name="seleniumVersion" value="3.7.1"/>
         <property name="proxyInformation" value="ProxyInformation{proxyOption=NO_PROXY, proxyServerType=HTTP, password=, proxyServerAddress=, proxyServerPort=0}"/>
         <property name="platform" value="Windows 10"/>
      </properties>
      <testcase name="Test Cases/com/cct/serviceschedule/openschedule/add/FlightNumberFormatFail" classname="Test Cases/com/cct/serviceschedule/openschedule/add/FlightNumberFormatFail" status="ERROR">
         <error type="ERROR" message="Test Cases/com/cct/serviceschedule/openschedule/add/FlightNumberFormatFail FAILED because (of) Variable 'result' is not defined for test case."/>
         <system-out><![CDATA[2018-04-09 15:43:20 - [TEST_CASE][ERROR] - Test Cases/com/cct/serviceschedule/openschedule/add/FlightNumberFormatFail: Test Cases/com/cct/serviceschedule/openschedule/add/FlightNumberFormatFail FAILED because (of) Variable 'result' is not defined for test case.

2018-04-09 15:43:20 - [TEST_STEP][PASSED] - Start listener action : sampleBeforeTestCase: Invoke 'com.kms.katalon.core.annotation.BeforeTestCase' method: 'CustimeListener.sampleBeforeTestCase(...)' completed.

2018-04-09 15:43:20 - [TEST_STEP][PASSED] - com.cct.common.security.login.Login.loginDefault: com.cct.common.security.login.Login.loginDefault is PASSED

2018-04-09 15:43:27 - [MESSAGE][PASSED] - Browser is opened with url: 'http://10.100.70.87:8080/cp_cambodia/jsp/security/initLogin.action'

2018-04-09 15:43:27 - [MESSAGE][PASSED] - Wait for page load successfully

2018-04-09 15:43:31 - [MESSAGE][PASSED] - Current window maximized

2018-04-09 15:43:31 - [MESSAGE][PASSED] - Text 'N01' is set on object 'Object Repository/com/cct/security/login/login/input_carrierCode'

2018-04-09 15:43:31 - [MESSAGE][PASSED] - Text 'N01001' is set on object 'Object Repository/com/cct/security/login/login/input_username'

2018-04-09 15:43:31 - [MESSAGE][PASSED] - Text 'Nn@1234' is set on object 'Object Repository/com/cct/security/login/login/input_password'

2018-04-09 15:43:33 - [MESSAGE][PASSED] - Object: 'Object Repository/com/cct/security/login/login/button_Log-in' is clicked on

2018-04-09 15:43:34 - [MESSAGE][PASSED] - Delayed 1 second(s)

2018-04-09 15:43:34 - [MESSAGE][PASSED] - com.cct.common.security.login.Login.loginDefault is PASSED

2018-04-09 15:43:34 - [TEST_STEP][PASSED] - com.cct.common.serviceschedule.addopenschedule.AddOpenSchedule.gotoPage: com.cct.common.serviceschedule.addopenschedule.AddOpenSchedule.gotoPage is PASSED

2018-04-09 15:43:35 - [MESSAGE][PASSED] - Object: 'Object Repository/com/cct/security/mainpage/main/input_btnSubmit Manage Schedule and Individual Check-Ins' is clicked on

2018-04-09 15:43:35 - [MESSAGE][PASSED] - Object: 'Object Repository/com/cct/serviceschedule/openschedule/search/button_open new schedule' is clicked on

2018-04-09 15:43:36 - [MESSAGE][PASSED] - Object: 'Object Repository/com/cct/serviceschedule/openschedule/search/button_Open schedule manually' is clicked on

2018-04-09 15:43:36 - [MESSAGE][PASSED] - com.cct.common.serviceschedule.addopenschedule.AddOpenSchedule.gotoPage is PASSED

2018-04-09 15:43:36 - [TEST_STEP][PASSED] - com.cct.common.serviceschedule.addopenschedule.AddOpenSchedule.setValueToInput: com.cct.common.serviceschedule.addopenschedule.AddOpenSchedule.setValueToInput is PASSED

2018-04-09 15:43:36 - [MESSAGE][PASSED] - Text 'dsadsad' is set on object 'Object Repository/com/cct/serviceschedule/openschedule/add/input_openScManual.serviceNumb'

2018-04-09 15:43:36 - [MESSAGE][PASSED] - Text 'BBK' is set on object 'Object Repository/com/cct/serviceschedule/openschedule/add/input_autocompleteDepturePortN'

2018-04-09 15:43:37 - [MESSAGE][PASSED] - Delayed 1 second(s)

2018-04-09 15:43:37 - [MESSAGE][PASSED] - Text 'QAA' is set on object 'Object Repository/com/cct/serviceschedule/openschedule/add/input_autocompleteArrivalPortN'

2018-04-09 15:43:38 - [MESSAGE][PASSED] - Delayed 1 second(s)

2018-04-09 15:43:38 - [MESSAGE][PASSED] - Keys 'CONTROL + a' sent to object: 'Object Repository/com/cct/serviceschedule/openschedule/add/input_openScManual_depDate_dd_'

2018-04-09 15:43:38 - [MESSAGE][PASSED] - Keys 'CONTROL + a' sent to object: 'Object Repository/com/cct/serviceschedule/openschedule/add/input_openScManual_arrDate_dd_'

2018-04-09 15:43:38 - [MESSAGE][PASSED] - Keys 'CONTROL + a' sent to object: 'Object Repository/com/cct/serviceschedule/openschedule/add/input_openScManual_arrTime_hh_'

2018-04-09 15:43:39 - [MESSAGE][PASSED] - Keys 'CONTROL + a' sent to object: 'Object Repository/com/cct/serviceschedule/openschedule/add/input_openScManual_depTime_hh_'

2018-04-09 15:43:40 - [MESSAGE][PASSED] - Delayed 1 second(s)

2018-04-09 15:43:40 - [MESSAGE][PASSED] - com.cct.common.serviceschedule.addopenschedule.AddOpenSchedule.setValueToInput is PASSED

2018-04-09 15:43:40 - [TEST_STEP][PASSED] - click: Object: 'Object Repository/com/cct/serviceschedule/openschedule/add/button_Open' is clicked on

2018-04-09 15:43:40 - [MESSAGE][PASSED] - Object: 'Object Repository/com/cct/serviceschedule/openschedule/add/button_Open' is clicked on

2018-04-09 15:43:40 - [TEST_STEP][PASSED] - com.cct.util.Verify.isConTrainsText: Finding Test Object with id 'Object Repository/com/cct/serviceschedule/openschedule/add/alert message'

2018-04-09 15:43:40 - [TEST_STEP][PASSED] - Start listener action : sampleAfterTestCase: Taking screenshot successfully

2018-04-09 15:43:40 - [TEST_STEP][PASSED] - comment: Name: /xl/workbook.xml - Content Type: application/vnd.openxmlformats-officedocument.spreadsheetml.sheet.main+xml

2018-04-09 15:43:40 - [TEST_STEP][PASSED] - comment: null

2018-04-09 15:43:40 - [TEST_STEP][PASSED] - comment: 1

2018-04-09 15:43:40 - [TEST_STEP][PASSED] - comment: com.kms.katalon.core.context.internal.InternalTestCaseContext@191a709b

2018-04-09 15:43:40 - [TEST_STEP][PASSED] - Statement - rowIndex = com.cct.util.exportExcel.createRerportdetail(wb, rowIndex, testCaseContext): Taking screenshot successfully

2018-04-09 15:43:40 - [MESSAGE][PASSED] - Taking screenshot successfully
[[ATTACHMENT|D:\\Demo\\Katalon-Demo\\Reports\\addOpenSchedule\\20180409_154316\\D:/testreport/addOpenSchedule/addOpenSchedule_09042018154319/TEST-ID-2.png]]]]></system-out>
         <system-err><![CDATA[2018-04-09 15:43:20 - [TEST_CASE][ERROR] - Test Cases/com/cct/serviceschedule/openschedule/add/FlightNumberFormatFail: Test Cases/com/cct/serviceschedule/openschedule/add/FlightNumberFormatFail FAILED because (of) Variable 'result' is not defined for test case.]]></system-err>
      </testcase>
      <testcase name="Test Cases/com/cct/serviceschedule/openschedule/add/FlightNumberFormatTrue" classname="Test Cases/com/cct/serviceschedule/openschedule/add/FlightNumberFormatTrue" status="ERROR">
         <error type="ERROR" message="Test Cases/com/cct/serviceschedule/openschedule/add/FlightNumberFormatTrue FAILED because (of) Variable 'result' is not defined for test case."/>
         <system-out><![CDATA[2018-04-09 15:43:40 - [TEST_CASE][ERROR] - Test Cases/com/cct/serviceschedule/openschedule/add/FlightNumberFormatTrue: Test Cases/com/cct/serviceschedule/openschedule/add/FlightNumberFormatTrue FAILED because (of) Variable 'result' is not defined for test case.

2018-04-09 15:43:40 - [TEST_STEP][PASSED] - Start listener action : sampleBeforeTestCase: Invoke 'com.kms.katalon.core.annotation.BeforeTestCase' method: 'CustimeListener.sampleBeforeTestCase(...)' completed.

2018-04-09 15:43:40 - [TEST_STEP][PASSED] - com.cct.common.security.login.Login.loginDefault: com.cct.common.security.login.Login.loginDefault is PASSED

2018-04-09 15:43:40 - [MESSAGE][WARNING] - A browser is already opened. Closing browser and opening a new one

2018-04-09 15:43:46 - [MESSAGE][PASSED] - Browser is opened with url: 'http://10.100.70.87:8080/cp_cambodia/jsp/security/initLogin.action'

2018-04-09 15:43:46 - [MESSAGE][PASSED] - Wait for page load successfully

2018-04-09 15:43:50 - [MESSAGE][PASSED] - Current window maximized

2018-04-09 15:43:50 - [MESSAGE][PASSED] - Text 'N01' is set on object 'Object Repository/com/cct/security/login/login/input_carrierCode'

2018-04-09 15:43:50 - [MESSAGE][PASSED] - Text 'N01001' is set on object 'Object Repository/com/cct/security/login/login/input_username'

2018-04-09 15:43:50 - [MESSAGE][PASSED] - Text 'Nn@1234' is set on object 'Object Repository/com/cct/security/login/login/input_password'

2018-04-09 15:43:52 - [MESSAGE][PASSED] - Object: 'Object Repository/com/cct/security/login/login/button_Log-in' is clicked on

2018-04-09 15:43:53 - [MESSAGE][PASSED] - Delayed 1 second(s)

2018-04-09 15:43:53 - [MESSAGE][PASSED] - com.cct.common.security.login.Login.loginDefault is PASSED

2018-04-09 15:43:53 - [TEST_STEP][PASSED] - com.cct.common.serviceschedule.addopenschedule.AddOpenSchedule.gotoPage: com.cct.common.serviceschedule.addopenschedule.AddOpenSchedule.gotoPage is PASSED

2018-04-09 15:43:54 - [MESSAGE][PASSED] - Object: 'Object Repository/com/cct/security/mainpage/main/input_btnSubmit Manage Schedule and Individual Check-Ins' is clicked on

2018-04-09 15:43:54 - [MESSAGE][PASSED] - Object: 'Object Repository/com/cct/serviceschedule/openschedule/search/button_open new schedule' is clicked on

2018-04-09 15:43:55 - [MESSAGE][PASSED] - Object: 'Object Repository/com/cct/serviceschedule/openschedule/search/button_Open schedule manually' is clicked on

2018-04-09 15:43:55 - [MESSAGE][PASSED] - com.cct.common.serviceschedule.addopenschedule.AddOpenSchedule.gotoPage is PASSED

2018-04-09 15:43:55 - [TEST_STEP][PASSED] - com.cct.common.serviceschedule.addopenschedule.AddOpenSchedule.setValueToInput: com.cct.common.serviceschedule.addopenschedule.AddOpenSchedule.setValueToInput is PASSED

2018-04-09 15:43:55 - [MESSAGE][PASSED] - Text 'A1234A' is set on object 'Object Repository/com/cct/serviceschedule/openschedule/add/input_openScManual.serviceNumb'

2018-04-09 15:43:55 - [MESSAGE][PASSED] - Text '' is set on object 'Object Repository/com/cct/serviceschedule/openschedule/add/input_autocompleteDepturePortN'

2018-04-09 15:43:56 - [MESSAGE][PASSED] - Delayed 1 second(s)

2018-04-09 15:43:56 - [MESSAGE][PASSED] - Text '' is set on object 'Object Repository/com/cct/serviceschedule/openschedule/add/input_autocompleteArrivalPortN'

2018-04-09 15:43:57 - [MESSAGE][PASSED] - Delayed 1 second(s)

2018-04-09 15:43:57 - [MESSAGE][PASSED] - Keys 'CONTROL + a' sent to object: 'Object Repository/com/cct/serviceschedule/openschedule/add/input_openScManual_depDate_dd_'

2018-04-09 15:43:57 - [MESSAGE][PASSED] - Keys 'CONTROL + a' sent to object: 'Object Repository/com/cct/serviceschedule/openschedule/add/input_openScManual_arrDate_dd_'

2018-04-09 15:43:57 - [MESSAGE][PASSED] - Keys 'CONTROL + a' sent to object: 'Object Repository/com/cct/serviceschedule/openschedule/add/input_openScManual_arrTime_hh_'

2018-04-09 15:43:57 - [MESSAGE][PASSED] - Keys 'CONTROL + a' sent to object: 'Object Repository/com/cct/serviceschedule/openschedule/add/input_openScManual_depTime_hh_'

2018-04-09 15:43:58 - [MESSAGE][PASSED] - Delayed 1 second(s)

2018-04-09 15:43:58 - [MESSAGE][PASSED] - com.cct.common.serviceschedule.addopenschedule.AddOpenSchedule.setValueToInput is PASSED

2018-04-09 15:43:58 - [TEST_STEP][PASSED] - click: Object: 'Object Repository/com/cct/serviceschedule/openschedule/add/button_Open' is clicked on

2018-04-09 15:43:59 - [MESSAGE][PASSED] - Object: 'Object Repository/com/cct/serviceschedule/openschedule/add/button_Open' is clicked on

2018-04-09 15:43:59 - [TEST_STEP][PASSED] - com.cct.util.Verify.notConTrainsText: Finding Test Object with id 'Object Repository/com/cct/serviceschedule/openschedule/add/alert message'

2018-04-09 15:43:59 - [TEST_STEP][PASSED] - Start listener action : sampleAfterTestCase: Taking screenshot successfully

2018-04-09 15:43:59 - [TEST_STEP][PASSED] - comment: Name: /xl/workbook.xml - Content Type: application/vnd.openxmlformats-officedocument.spreadsheetml.sheet.main+xml

2018-04-09 15:43:59 - [TEST_STEP][PASSED] - comment: null

2018-04-09 15:43:59 - [TEST_STEP][PASSED] - comment: 2

2018-04-09 15:43:59 - [TEST_STEP][PASSED] - comment: com.kms.katalon.core.context.internal.InternalTestCaseContext@5782d777

2018-04-09 15:43:59 - [TEST_STEP][PASSED] - Statement - rowIndex = com.cct.util.exportExcel.createRerportdetail(wb, rowIndex, testCaseContext): Taking screenshot successfully

2018-04-09 15:43:59 - [MESSAGE][PASSED] - Taking screenshot successfully
[[ATTACHMENT|D:\\Demo\\Katalon-Demo\\Reports\\addOpenSchedule\\20180409_154316\\D:/testreport/addOpenSchedule/addOpenSchedule_09042018154319/TEST-ID-3.png]]]]></system-out>
         <system-err><![CDATA[2018-04-09 15:43:40 - [TEST_CASE][ERROR] - Test Cases/com/cct/serviceschedule/openschedule/add/FlightNumberFormatTrue: Test Cases/com/cct/serviceschedule/openschedule/add/FlightNumberFormatTrue FAILED because (of) Variable 'result' is not defined for test case.]]></system-err>
      </testcase>
      <testcase name="Test Cases/com/cct/serviceschedule/openschedule/add/FlightNumberFormatTrue" classname="Test Cases/com/cct/serviceschedule/openschedule/add/FlightNumberFormatTrue" status="ERROR">
         <error type="ERROR" message="Test Cases/com/cct/serviceschedule/openschedule/add/FlightNumberFormatTrue FAILED because (of) Variable 'result' is not defined for test case."/>
         <system-out><![CDATA[2018-04-09 15:43:59 - [TEST_CASE][ERROR] - Test Cases/com/cct/serviceschedule/openschedule/add/FlightNumberFormatTrue: Test Cases/com/cct/serviceschedule/openschedule/add/FlightNumberFormatTrue FAILED because (of) Variable 'result' is not defined for test case.

2018-04-09 15:43:59 - [TEST_STEP][PASSED] - Start listener action : sampleBeforeTestCase: Invoke 'com.kms.katalon.core.annotation.BeforeTestCase' method: 'CustimeListener.sampleBeforeTestCase(...)' completed.

2018-04-09 15:43:59 - [TEST_STEP][PASSED] - com.cct.common.security.login.Login.loginDefault: com.cct.common.security.login.Login.loginDefault is PASSED

2018-04-09 15:43:59 - [MESSAGE][WARNING] - A browser is already opened. Closing browser and opening a new one

2018-04-09 15:44:05 - [MESSAGE][PASSED] - Browser is opened with url: 'http://10.100.70.87:8080/cp_cambodia/jsp/security/initLogin.action'

2018-04-09 15:44:05 - [MESSAGE][PASSED] - Wait for page load successfully

2018-04-09 15:44:08 - [MESSAGE][PASSED] - Current window maximized

2018-04-09 15:44:08 - [MESSAGE][PASSED] - Text 'N01' is set on object 'Object Repository/com/cct/security/login/login/input_carrierCode'

2018-04-09 15:44:08 - [MESSAGE][PASSED] - Text 'N01001' is set on object 'Object Repository/com/cct/security/login/login/input_username'

2018-04-09 15:44:08 - [MESSAGE][PASSED] - Text 'Nn@1234' is set on object 'Object Repository/com/cct/security/login/login/input_password'

2018-04-09 15:44:10 - [MESSAGE][PASSED] - Object: 'Object Repository/com/cct/security/login/login/button_Log-in' is clicked on

2018-04-09 15:44:11 - [MESSAGE][PASSED] - Delayed 1 second(s)

2018-04-09 15:44:11 - [MESSAGE][PASSED] - com.cct.common.security.login.Login.loginDefault is PASSED

2018-04-09 15:44:11 - [TEST_STEP][PASSED] - com.cct.common.serviceschedule.addopenschedule.AddOpenSchedule.gotoPage: com.cct.common.serviceschedule.addopenschedule.AddOpenSchedule.gotoPage is PASSED

2018-04-09 15:44:12 - [MESSAGE][PASSED] - Object: 'Object Repository/com/cct/security/mainpage/main/input_btnSubmit Manage Schedule and Individual Check-Ins' is clicked on

2018-04-09 15:44:12 - [MESSAGE][PASSED] - Object: 'Object Repository/com/cct/serviceschedule/openschedule/search/button_open new schedule' is clicked on

2018-04-09 15:44:13 - [MESSAGE][PASSED] - Object: 'Object Repository/com/cct/serviceschedule/openschedule/search/button_Open schedule manually' is clicked on

2018-04-09 15:44:13 - [MESSAGE][PASSED] - com.cct.common.serviceschedule.addopenschedule.AddOpenSchedule.gotoPage is PASSED

2018-04-09 15:44:13 - [TEST_STEP][PASSED] - com.cct.common.serviceschedule.addopenschedule.AddOpenSchedule.setValueToInput: com.cct.common.serviceschedule.addopenschedule.AddOpenSchedule.setValueToInput is PASSED

2018-04-09 15:44:13 - [MESSAGE][PASSED] - Text '1234' is set on object 'Object Repository/com/cct/serviceschedule/openschedule/add/input_openScManual.serviceNumb'

2018-04-09 15:44:13 - [MESSAGE][PASSED] - Text '' is set on object 'Object Repository/com/cct/serviceschedule/openschedule/add/input_autocompleteDepturePortN'

2018-04-09 15:44:14 - [MESSAGE][PASSED] - Delayed 1 second(s)

2018-04-09 15:44:14 - [MESSAGE][PASSED] - Text '' is set on object 'Object Repository/com/cct/serviceschedule/openschedule/add/input_autocompleteArrivalPortN'

2018-04-09 15:44:15 - [MESSAGE][PASSED] - Delayed 1 second(s)

2018-04-09 15:44:15 - [MESSAGE][PASSED] - Keys 'CONTROL + a' sent to object: 'Object Repository/com/cct/serviceschedule/openschedule/add/input_openScManual_depDate_dd_'

2018-04-09 15:44:15 - [MESSAGE][PASSED] - Keys 'CONTROL + a' sent to object: 'Object Repository/com/cct/serviceschedule/openschedule/add/input_openScManual_arrDate_dd_'

2018-04-09 15:44:15 - [MESSAGE][PASSED] - Keys 'CONTROL + a' sent to object: 'Object Repository/com/cct/serviceschedule/openschedule/add/input_openScManual_arrTime_hh_'

2018-04-09 15:44:15 - [MESSAGE][PASSED] - Keys 'CONTROL + a' sent to object: 'Object Repository/com/cct/serviceschedule/openschedule/add/input_openScManual_depTime_hh_'

2018-04-09 15:44:16 - [MESSAGE][PASSED] - Delayed 1 second(s)

2018-04-09 15:44:16 - [MESSAGE][PASSED] - com.cct.common.serviceschedule.addopenschedule.AddOpenSchedule.setValueToInput is PASSED

2018-04-09 15:44:16 - [TEST_STEP][PASSED] - click: Object: 'Object Repository/com/cct/serviceschedule/openschedule/add/button_Open' is clicked on

2018-04-09 15:44:16 - [MESSAGE][PASSED] - Object: 'Object Repository/com/cct/serviceschedule/openschedule/add/button_Open' is clicked on

2018-04-09 15:44:16 - [TEST_STEP][PASSED] - com.cct.util.Verify.notConTrainsText: Finding Test Object with id 'Object Repository/com/cct/serviceschedule/openschedule/add/alert message'

2018-04-09 15:44:16 - [TEST_STEP][PASSED] - Start listener action : sampleAfterTestCase: Taking screenshot successfully

2018-04-09 15:44:16 - [TEST_STEP][PASSED] - comment: Name: /xl/workbook.xml - Content Type: application/vnd.openxmlformats-officedocument.spreadsheetml.sheet.main+xml

2018-04-09 15:44:16 - [TEST_STEP][PASSED] - comment: null

2018-04-09 15:44:16 - [TEST_STEP][PASSED] - comment: 3

2018-04-09 15:44:16 - [TEST_STEP][PASSED] - comment: com.kms.katalon.core.context.internal.InternalTestCaseContext@342726f1

2018-04-09 15:44:16 - [TEST_STEP][PASSED] - Statement - rowIndex = com.cct.util.exportExcel.createRerportdetail(wb, rowIndex, testCaseContext): Taking screenshot successfully

2018-04-09 15:44:17 - [MESSAGE][PASSED] - Taking screenshot successfully
[[ATTACHMENT|D:\\Demo\\Katalon-Demo\\Reports\\addOpenSchedule\\20180409_154316\\D:/testreport/addOpenSchedule/addOpenSchedule_09042018154319/TEST-ID-4.png]]]]></system-out>
         <system-err><![CDATA[2018-04-09 15:43:59 - [TEST_CASE][ERROR] - Test Cases/com/cct/serviceschedule/openschedule/add/FlightNumberFormatTrue: Test Cases/com/cct/serviceschedule/openschedule/add/FlightNumberFormatTrue FAILED because (of) Variable 'result' is not defined for test case.]]></system-err>
      </testcase>
      <testcase name="Test Cases/com/cct/serviceschedule/openschedule/add/FlightNumberFormatTrue" classname="Test Cases/com/cct/serviceschedule/openschedule/add/FlightNumberFormatTrue" status="ERROR">
         <error type="ERROR" message="Test Cases/com/cct/serviceschedule/openschedule/add/FlightNumberFormatTrue FAILED because (of) Variable 'result' is not defined for test case."/>
         <system-out><![CDATA[2018-04-09 15:44:17 - [TEST_CASE][ERROR] - Test Cases/com/cct/serviceschedule/openschedule/add/FlightNumberFormatTrue: Test Cases/com/cct/serviceschedule/openschedule/add/FlightNumberFormatTrue FAILED because (of) Variable 'result' is not defined for test case.

2018-04-09 15:44:17 - [TEST_STEP][PASSED] - Start listener action : sampleBeforeTestCase: Invoke 'com.kms.katalon.core.annotation.BeforeTestCase' method: 'CustimeListener.sampleBeforeTestCase(...)' completed.

2018-04-09 15:44:17 - [TEST_STEP][PASSED] - com.cct.common.security.login.Login.loginDefault: com.cct.common.security.login.Login.loginDefault is PASSED

2018-04-09 15:44:17 - [MESSAGE][WARNING] - A browser is already opened. Closing browser and opening a new one

2018-04-09 15:44:23 - [MESSAGE][PASSED] - Browser is opened with url: 'http://10.100.70.87:8080/cp_cambodia/jsp/security/initLogin.action'

2018-04-09 15:44:23 - [MESSAGE][PASSED] - Wait for page load successfully

2018-04-09 15:44:27 - [MESSAGE][PASSED] - Current window maximized

2018-04-09 15:44:27 - [MESSAGE][PASSED] - Text 'N01' is set on object 'Object Repository/com/cct/security/login/login/input_carrierCode'

2018-04-09 15:44:27 - [MESSAGE][PASSED] - Text 'N01001' is set on object 'Object Repository/com/cct/security/login/login/input_username'

2018-04-09 15:44:27 - [MESSAGE][PASSED] - Text 'Nn@1234' is set on object 'Object Repository/com/cct/security/login/login/input_password'

2018-04-09 15:44:29 - [MESSAGE][PASSED] - Object: 'Object Repository/com/cct/security/login/login/button_Log-in' is clicked on

2018-04-09 15:44:30 - [MESSAGE][PASSED] - Delayed 1 second(s)

2018-04-09 15:44:30 - [MESSAGE][PASSED] - com.cct.common.security.login.Login.loginDefault is PASSED

2018-04-09 15:44:30 - [TEST_STEP][PASSED] - com.cct.common.serviceschedule.addopenschedule.AddOpenSchedule.gotoPage: com.cct.common.serviceschedule.addopenschedule.AddOpenSchedule.gotoPage is PASSED

2018-04-09 15:44:31 - [MESSAGE][PASSED] - Object: 'Object Repository/com/cct/security/mainpage/main/input_btnSubmit Manage Schedule and Individual Check-Ins' is clicked on

2018-04-09 15:44:31 - [MESSAGE][PASSED] - Object: 'Object Repository/com/cct/serviceschedule/openschedule/search/button_open new schedule' is clicked on

2018-04-09 15:44:32 - [MESSAGE][PASSED] - Object: 'Object Repository/com/cct/serviceschedule/openschedule/search/button_Open schedule manually' is clicked on

2018-04-09 15:44:32 - [MESSAGE][PASSED] - com.cct.common.serviceschedule.addopenschedule.AddOpenSchedule.gotoPage is PASSED

2018-04-09 15:44:32 - [TEST_STEP][PASSED] - com.cct.common.serviceschedule.addopenschedule.AddOpenSchedule.setValueToInput: com.cct.common.serviceschedule.addopenschedule.AddOpenSchedule.setValueToInput is PASSED

2018-04-09 15:44:32 - [MESSAGE][PASSED] - Text '1234A' is set on object 'Object Repository/com/cct/serviceschedule/openschedule/add/input_openScManual.serviceNumb'

2018-04-09 15:44:32 - [MESSAGE][PASSED] - Text '' is set on object 'Object Repository/com/cct/serviceschedule/openschedule/add/input_autocompleteDepturePortN'

2018-04-09 15:44:33 - [MESSAGE][PASSED] - Delayed 1 second(s)

2018-04-09 15:44:33 - [MESSAGE][PASSED] - Text '' is set on object 'Object Repository/com/cct/serviceschedule/openschedule/add/input_autocompleteArrivalPortN'

2018-04-09 15:44:34 - [MESSAGE][PASSED] - Delayed 1 second(s)

2018-04-09 15:44:34 - [MESSAGE][PASSED] - Keys 'CONTROL + a' sent to object: 'Object Repository/com/cct/serviceschedule/openschedule/add/input_openScManual_depDate_dd_'

2018-04-09 15:44:34 - [MESSAGE][PASSED] - Keys 'CONTROL + a' sent to object: 'Object Repository/com/cct/serviceschedule/openschedule/add/input_openScManual_arrDate_dd_'

2018-04-09 15:44:34 - [MESSAGE][PASSED] - Keys 'CONTROL + a' sent to object: 'Object Repository/com/cct/serviceschedule/openschedule/add/input_openScManual_arrTime_hh_'

2018-04-09 15:44:34 - [MESSAGE][PASSED] - Keys 'CONTROL + a' sent to object: 'Object Repository/com/cct/serviceschedule/openschedule/add/input_openScManual_depTime_hh_'

2018-04-09 15:44:35 - [MESSAGE][PASSED] - Delayed 1 second(s)

2018-04-09 15:44:35 - [MESSAGE][PASSED] - com.cct.common.serviceschedule.addopenschedule.AddOpenSchedule.setValueToInput is PASSED

2018-04-09 15:44:35 - [TEST_STEP][PASSED] - click: Object: 'Object Repository/com/cct/serviceschedule/openschedule/add/button_Open' is clicked on

2018-04-09 15:44:36 - [MESSAGE][PASSED] - Object: 'Object Repository/com/cct/serviceschedule/openschedule/add/button_Open' is clicked on

2018-04-09 15:44:36 - [TEST_STEP][PASSED] - com.cct.util.Verify.notConTrainsText: Finding Test Object with id 'Object Repository/com/cct/serviceschedule/openschedule/add/alert message'

2018-04-09 15:44:36 - [TEST_STEP][PASSED] - Start listener action : sampleAfterTestCase: Taking screenshot successfully

2018-04-09 15:44:36 - [TEST_STEP][PASSED] - comment: Name: /xl/workbook.xml - Content Type: application/vnd.openxmlformats-officedocument.spreadsheetml.sheet.main+xml

2018-04-09 15:44:36 - [TEST_STEP][PASSED] - comment: null

2018-04-09 15:44:36 - [TEST_STEP][PASSED] - comment: 4

2018-04-09 15:44:36 - [TEST_STEP][PASSED] - comment: com.kms.katalon.core.context.internal.InternalTestCaseContext@3730ab42

2018-04-09 15:44:36 - [TEST_STEP][PASSED] - Statement - rowIndex = com.cct.util.exportExcel.createRerportdetail(wb, rowIndex, testCaseContext): Taking screenshot successfully

2018-04-09 15:44:36 - [MESSAGE][PASSED] - Taking screenshot successfully
[[ATTACHMENT|D:\\Demo\\Katalon-Demo\\Reports\\addOpenSchedule\\20180409_154316\\D:/testreport/addOpenSchedule/addOpenSchedule_09042018154319/TEST-ID-5.png]]]]></system-out>
         <system-err><![CDATA[2018-04-09 15:44:17 - [TEST_CASE][ERROR] - Test Cases/com/cct/serviceschedule/openschedule/add/FlightNumberFormatTrue: Test Cases/com/cct/serviceschedule/openschedule/add/FlightNumberFormatTrue FAILED because (of) Variable 'result' is not defined for test case.]]></system-err>
      </testcase>
      <system-out><![CDATA[2018-04-09 15:43:18 - [TEST_SUITE][ERROR] - addOpenSchedule: Test Cases/com/cct/serviceschedule/openschedule/add/FlightNumberFormatFail FAILED because (of) Variable 'result' is not defined for test case.]]></system-out>
      <system-err><![CDATA[2018-04-09 15:43:18 - [TEST_SUITE][ERROR] - addOpenSchedule: Test Cases/com/cct/serviceschedule/openschedule/add/FlightNumberFormatFail FAILED because (of) Variable 'result' is not defined for test case.]]></system-err>
   </testsuite>
</testsuites>
