<?xml version="1.0" encoding="UTF-8"?>
<testsuites name="addOpenSchedule" time="146" tests="3" failures="15" errors="0">
   <testsuite name="addOpenSchedule" tests="3" failures="15" errors="0" time="146" timestamp="2018-04-11 13:22:41" hostname="PG-Adul - PG-Adul.mshome.net" id="Test Suites/serviceschdule/add/addOpenSchedule">
      <properties>
         <property name="deviceName" value=""/>
         <property name="devicePlatform" value=""/>
         <property name="logFolder" value="D:\\Demo\\Katalon-Demo\\Reports\\serviceschdule\\add\\addOpenSchedule\\20180411_132239"/>
         <property name="logFiles" value="D:\\Demo\\Katalon-Demo\\Reports\\serviceschdule\\add\\addOpenSchedule\\20180411_132239\\execution0.log"/>
         <property name="attachments" value="D:\\Demo\\Katalon-Demo\\Reports\\serviceschdule\\add\\addOpenSchedule\\20180411_132239\\D:/testreport/addOpenSchedule/addOpenSchedule_11042018132242/TEST-ID-2.png, D:\\Demo\\Katalon-Demo\\Reports\\serviceschdule\\add\\addOpenSchedule\\20180411_132239\\D:/testreport/addOpenSchedule/addOpenSchedule_11042018132242/TEST-ID-3.png, D:\\Demo\\Katalon-Demo\\Reports\\serviceschdule\\add\\addOpenSchedule\\20180411_132239\\D:/testreport/addOpenSchedule/addOpenSchedule_11042018132242/TEST-ID-4.png, D:\\Demo\\Katalon-Demo\\Reports\\serviceschdule\\add\\addOpenSchedule\\20180411_132239\\D:/testreport/addOpenSchedule/addOpenSchedule_11042018132242/TEST-ID-5.png, D:\\Demo\\Katalon-Demo\\Reports\\serviceschdule\\add\\addOpenSchedule\\20180411_132239\\D:/testreport/addOpenSchedule/addOpenSchedule_11042018132242/TEST-ID-6.png, D:\\Demo\\Katalon-Demo\\Reports\\serviceschdule\\add\\addOpenSchedule\\20180411_132239\\D:/testreport/addOpenSchedule/addOpenSchedule_11042018132242/TEST-ID-7.png, D:\\Demo\\Katalon-Demo\\Reports\\serviceschdule\\add\\addOpenSchedule\\20180411_132239\\D:/testreport/addOpenSchedule/addOpenSchedule_11042018132242/TEST-ID-8.png, D:\\Demo\\Katalon-Demo\\Reports\\serviceschdule\\add\\addOpenSchedule\\20180411_132239\\D:/testreport/addOpenSchedule/addOpenSchedule_11042018132242/TEST-ID-9.png, D:\\Demo\\Katalon-Demo\\Reports\\serviceschdule\\add\\addOpenSchedule\\20180411_132239\\D:/testreport/addOpenSchedule/addOpenSchedule_11042018132242/TEST-ID-10.png, D:\\Demo\\Katalon-Demo\\Reports\\serviceschdule\\add\\addOpenSchedule\\20180411_132239\\D:/testreport/addOpenSchedule/addOpenSchedule_11042018132242/TEST-ID-11.png, D:\\Demo\\Katalon-Demo\\Reports\\serviceschdule\\add\\addOpenSchedule\\20180411_132239\\D:/testreport/addOpenSchedule/addOpenSchedule_11042018132242/TEST-ID-12.png, D:\\Demo\\Katalon-Demo\\Reports\\serviceschdule\\add\\addOpenSchedule\\20180411_132239\\D:/testreport/addOpenSchedule/addOpenSchedule_11042018132242/TEST-ID-16.png, D:\\Demo\\Katalon-Demo\\Reports\\serviceschdule\\add\\addOpenSchedule\\20180411_132239\\D:/testreport/addOpenSchedule/addOpenSchedule_11042018132242/TEST-ID-17.png, D:\\Demo\\Katalon-Demo\\Reports\\serviceschdule\\add\\addOpenSchedule\\20180411_132239\\D:/testreport/addOpenSchedule/addOpenSchedule_11042018132242/TEST-ID-18.png, D:\\Demo\\Katalon-Demo\\Reports\\serviceschdule\\add\\addOpenSchedule\\20180411_132239\\D:/testreport/addOpenSchedule/addOpenSchedule_11042018132242/TEST-ID-19.png"/>
         <property name="hostName" value="PG-Adul - PG-Adul.mshome.net"/>
         <property name="os" value="Windows 10 64bit"/>
         <property name="katalonVersion" value="5.3.1.1"/>
         <property name="browser" value="Firefox 58.0"/>
         <property name="hostAddress" value="172.27.98.17"/>
         <property name="sessionId" value="6b74b4b0-016e-47dd-948c-cd52d25f6ff2"/>
         <property name="seleniumVersion" value="3.7.1"/>
         <property name="proxyInformation" value="ProxyInformation{proxyOption=NO_PROXY, proxyServerType=HTTP, password=, proxyServerAddress=, proxyServerPort=0}"/>
         <property name="platform" value="Windows 10"/>
      </properties>
      <testcase name="Test Cases/serviceschedule/openschedule/add/FlightNumberFormatFail" classname="Test Cases/serviceschedule/openschedule/add/FlightNumberFormatFail" status="FAILED">
         <failure type="FAILED" message="Unable to click on object 'Object Repository/serviceschedule/openschedule/add/button_Open' (Root cause: org.openqa.selenium.ElementClickInterceptedException: Element &lt;button id=&quot;btnOpen&quot; class=&quot;btnOpen ui-button ui-corner-all ui-widget&quot; type=&quot;button&quot;> is not clickable at point (529.2500152587891,307.8499984741211) because another element &lt;a class=&quot;ui-state-default&quot; href=&quot;#&quot;> obscures it
Build info: version: '3.7.1', revision: '8a0099a', time: '2017-11-06T21:07:36.161Z'
System info: host: 'PG-ADUL', ip: '172.27.98.17', os.name: 'Windows 10', os.arch: 'amd64', os.version: '10.0', java.version: '1.8.0_102'
Driver info: com.kms.katalon.core.webui.driver.firefox.CGeckoDriver
Capabilities {acceptInsecureCerts: true, browserName: firefox, browserVersion: 58.0.2, javascriptEnabled: true, moz:accessibilityChecks: false, moz:headless: false, moz:processID: 3116, moz:profile: C:\Users\Admin\AppData\Loca..., moz:webdriverClick: true, pageLoadStrategy: normal, platform: XP, platformName: XP, platformVersion: 10.0, proxy: Proxy(direct), rotatable: false, timeouts: {implicit: 0, pageLoad: 300000, script: 30000}}
Session ID: 6b74b4b0-016e-47dd-948c-cd52d25f6ff2)"/>
         <system-out><![CDATA[2018-04-11 13:22:56 - [TEST_CASE][FAILED] - Test Cases/serviceschedule/openschedule/add/FlightNumberFormatFail: Test Cases/serviceschedule/openschedule/add/FlightNumberFormatFail FAILED because (of) Unable to click on object 'Object Repository/serviceschedule/openschedule/add/button_Open' (Root cause: org.openqa.selenium.ElementClickInterceptedException: Element <button id="btnOpen" class="btnOpen ui-button ui-corner-all ui-widget" type="button"> is not clickable at point (529.2500152587891,307.8499984741211) because another element <a class="ui-state-default" href="#"> obscures it
Build info: version: '3.7.1', revision: '8a0099a', time: '2017-11-06T21:07:36.161Z'
System info: host: 'PG-ADUL', ip: '172.27.98.17', os.name: 'Windows 10', os.arch: 'amd64', os.version: '10.0', java.version: '1.8.0_102'
Driver info: com.kms.katalon.core.webui.driver.firefox.CGeckoDriver
Capabilities {acceptInsecureCerts: true, browserName: firefox, browserVersion: 58.0.2, javascriptEnabled: true, moz:accessibilityChecks: false, moz:headless: false, moz:processID: 3116, moz:profile: C:\Users\Admin\AppData\Loca..., moz:webdriverClick: true, pageLoadStrategy: normal, platform: XP, platformName: XP, platformVersion: 10.0, proxy: Proxy(direct), rotatable: false, timeouts: {implicit: 0, pageLoad: 300000, script: 30000}}
Session ID: 6b74b4b0-016e-47dd-948c-cd52d25f6ff2)

2018-04-11 13:22:56 - [TEST_STEP][PASSED] - Start listener action : sampleBeforeTestCase: Invoke 'com.kms.katalon.core.annotation.BeforeTestCase' method: 'CustimeListener.sampleBeforeTestCase(...)' completed.

2018-04-11 13:22:56 - [TEST_STEP][PASSED] - common.serviceschedule.addopenschedule.AddOpenSchedule.gotoPage: common.serviceschedule.addopenschedule.AddOpenSchedule.gotoPage is PASSED

2018-04-11 13:22:56 - [MESSAGE][PASSED] - Navigate to 'http://10.100.70.87:8080/cp_cambodia/jsp/serviceschedule/gotoAddOpenSchedule.action' successfully

2018-04-11 13:22:56 - [MESSAGE][PASSED] - common.serviceschedule.addopenschedule.AddOpenSchedule.gotoPage is PASSED

2018-04-11 13:22:56 - [TEST_STEP][PASSED] - common.serviceschedule.addopenschedule.AddOpenSchedule.setValueToInput: common.serviceschedule.addopenschedule.AddOpenSchedule.setValueToInput is PASSED

2018-04-11 13:22:56 - [MESSAGE][PASSED] - Text 'dsadsad' is set on object 'Object Repository/serviceschedule/openschedule/add/input_openScManual.serviceNumb'

2018-04-11 13:22:56 - [MESSAGE][PASSED] - Object 'Object Repository/serviceschedule/openschedule/add/span_Arrival' is visible

2018-04-11 13:22:56 - [MESSAGE][PASSED] - Object: 'Object Repository/serviceschedule/openschedule/add/span_Arrival' is clicked on

2018-04-11 13:22:57 - [MESSAGE][PASSED] - Object 'Object Repository/serviceschedule/openschedule/add/ul_ArrivalDeparture' is visible

2018-04-11 13:22:58 - [MESSAGE][PASSED] - Delayed 1 second(s)

2018-04-11 13:22:58 - [MESSAGE][PASSED] - Text 'BBK' is set on object 'Object Repository/serviceschedule/openschedule/add/input_autocompleteDepturePortN'

2018-04-11 13:22:59 - [MESSAGE][PASSED] - Delayed 1 second(s)

2018-04-11 13:22:59 - [MESSAGE][PASSED] - Text 'QAA' is set on object 'Object Repository/serviceschedule/openschedule/add/input_autocompleteArrivalPortN'

2018-04-11 13:23:00 - [MESSAGE][PASSED] - Delayed 1 second(s)

2018-04-11 13:23:00 - [MESSAGE][PASSED] - Keys 'CONTROL + a' sent to object: 'Object Repository/serviceschedule/openschedule/add/input_openScManual_depDate_dd_'

2018-04-11 13:23:01 - [MESSAGE][PASSED] - Keys 'CONTROL + a' sent to object: 'Object Repository/serviceschedule/openschedule/add/input_openScManual_arrDate_dd_'

2018-04-11 13:23:01 - [MESSAGE][PASSED] - Keys 'CONTROL + a' sent to object: 'Object Repository/serviceschedule/openschedule/add/input_openScManual_arrTime_hh_'

2018-04-11 13:23:01 - [MESSAGE][PASSED] - Keys 'CONTROL + a' sent to object: 'Object Repository/serviceschedule/openschedule/add/input_openScManual_depTime_hh_'

2018-04-11 13:23:02 - [MESSAGE][PASSED] - Delayed 1 second(s)

2018-04-11 13:23:02 - [MESSAGE][PASSED] - common.serviceschedule.addopenschedule.AddOpenSchedule.setValueToInput is PASSED

2018-04-11 13:23:02 - [TEST_STEP][FAILED] - click: Unable to click on object 'Object Repository/serviceschedule/openschedule/add/button_Open' (Root cause: org.openqa.selenium.ElementClickInterceptedException: Element <button id="btnOpen" class="btnOpen ui-button ui-corner-all ui-widget" type="button"> is not clickable at point (529.2500152587891,307.8499984741211) because another element <a class="ui-state-default" href="#"> obscures it
Build info: version: '3.7.1', revision: '8a0099a', time: '2017-11-06T21:07:36.161Z'
System info: host: 'PG-ADUL', ip: '172.27.98.17', os.name: 'Windows 10', os.arch: 'amd64', os.version: '10.0', java.version: '1.8.0_102'
Driver info: com.kms.katalon.core.webui.driver.firefox.CGeckoDriver
Capabilities {acceptInsecureCerts: true, browserName: firefox, browserVersion: 58.0.2, javascriptEnabled: true, moz:accessibilityChecks: false, moz:headless: false, moz:processID: 3116, moz:profile: C:\Users\Admin\AppData\Loca..., moz:webdriverClick: true, pageLoadStrategy: normal, platform: XP, platformName: XP, platformVersion: 10.0, proxy: Proxy(direct), rotatable: false, timeouts: {implicit: 0, pageLoad: 300000, script: 30000}}
Session ID: 6b74b4b0-016e-47dd-948c-cd52d25f6ff2)

2018-04-11 13:23:02 - [MESSAGE][FAILED] - Unable to click on object 'Object Repository/serviceschedule/openschedule/add/button_Open' (Root cause: org.openqa.selenium.ElementClickInterceptedException: Element <button id="btnOpen" class="btnOpen ui-button ui-corner-all ui-widget" type="button"> is not clickable at point (529.2500152587891,307.8499984741211) because another element <a class="ui-state-default" href="#"> obscures it
Build info: version: '3.7.1', revision: '8a0099a', time: '2017-11-06T21:07:36.161Z'
System info: host: 'PG-ADUL', ip: '172.27.98.17', os.name: 'Windows 10', os.arch: 'amd64', os.version: '10.0', java.version: '1.8.0_102'
Driver info: com.kms.katalon.core.webui.driver.firefox.CGeckoDriver
Capabilities {acceptInsecureCerts: true, browserName: firefox, browserVersion: 58.0.2, javascriptEnabled: true, moz:accessibilityChecks: false, moz:headless: false, moz:processID: 3116, moz:profile: C:\Users\Admin\AppData\Loca..., moz:webdriverClick: true, pageLoadStrategy: normal, platform: XP, platformName: XP, platformVersion: 10.0, proxy: Proxy(direct), rotatable: false, timeouts: {implicit: 0, pageLoad: 300000, script: 30000}}
Session ID: 6b74b4b0-016e-47dd-948c-cd52d25f6ff2)

2018-04-11 13:23:02 - [TEST_STEP][FAILED] - util.Verify.isConTrainsText: Fail, Object is not Contains Text.

2018-04-11 13:23:02 - [MESSAGE][PASSED] - Object 'Object Repository/serviceschedule/openschedule/add/alert message' is visible

2018-04-11 13:23:02 - [MESSAGE][PASSED] - Text of object 'Object Repository/serviceschedule/openschedule/add/alert message' is: ' '

2018-04-11 13:23:02 - [MESSAGE][FAILED] - Fail, Object is not Contains Text.

2018-04-11 13:23:02 - [TEST_STEP][PASSED] - Start listener action : sampleAfterTestCase: Taking screenshot successfully

2018-04-11 13:23:02 - [TEST_STEP][PASSED] - comment: Name: /xl/workbook.xml - Content Type: application/vnd.openxmlformats-officedocument.spreadsheetml.sheet.main+xml

2018-04-11 13:23:02 - [TEST_STEP][PASSED] - comment: null

2018-04-11 13:23:02 - [TEST_STEP][PASSED] - comment: 1

2018-04-11 13:23:02 - [TEST_STEP][PASSED] - comment: com.kms.katalon.core.context.internal.InternalTestCaseContext@38eb2c50

2018-04-11 13:23:02 - [TEST_STEP][PASSED] - Statement - rowIndex = util.exportExcel.createRerportdetail(wb, rowIndex, testCaseContext): Taking screenshot successfully

2018-04-11 13:23:03 - [MESSAGE][PASSED] - Delayed 1 second(s)

2018-04-11 13:23:03 - [MESSAGE][PASSED] - Taking screenshot successfully
[[ATTACHMENT|D:\\Demo\\Katalon-Demo\\Reports\\serviceschdule\\add\\addOpenSchedule\\20180411_132239\\D:/testreport/addOpenSchedule/addOpenSchedule_11042018132242/TEST-ID-2.png]]]]></system-out>
         <system-err><![CDATA[2018-04-11 13:22:56 - [TEST_CASE][FAILED] - Test Cases/serviceschedule/openschedule/add/FlightNumberFormatFail: Test Cases/serviceschedule/openschedule/add/FlightNumberFormatFail FAILED because (of) Unable to click on object 'Object Repository/serviceschedule/openschedule/add/button_Open' (Root cause: org.openqa.selenium.ElementClickInterceptedException: Element <button id="btnOpen" class="btnOpen ui-button ui-corner-all ui-widget" type="button"> is not clickable at point (529.2500152587891,307.8499984741211) because another element <a class="ui-state-default" href="#"> obscures it
Build info: version: '3.7.1', revision: '8a0099a', time: '2017-11-06T21:07:36.161Z'
System info: host: 'PG-ADUL', ip: '172.27.98.17', os.name: 'Windows 10', os.arch: 'amd64', os.version: '10.0', java.version: '1.8.0_102'
Driver info: com.kms.katalon.core.webui.driver.firefox.CGeckoDriver
Capabilities {acceptInsecureCerts: true, browserName: firefox, browserVersion: 58.0.2, javascriptEnabled: true, moz:accessibilityChecks: false, moz:headless: false, moz:processID: 3116, moz:profile: C:\Users\Admin\AppData\Loca..., moz:webdriverClick: true, pageLoadStrategy: normal, platform: XP, platformName: XP, platformVersion: 10.0, proxy: Proxy(direct), rotatable: false, timeouts: {implicit: 0, pageLoad: 300000, script: 30000}}
Session ID: 6b74b4b0-016e-47dd-948c-cd52d25f6ff2)]]></system-err>
      </testcase>
      <testcase name="Test Cases/serviceschedule/openschedule/add/FlightNumberFormatTrue" classname="Test Cases/serviceschedule/openschedule/add/FlightNumberFormatTrue" status="FAILED">
         <failure type="FAILED" message="Unable to click on object 'Object Repository/serviceschedule/openschedule/add/button_Open' (Root cause: org.openqa.selenium.ElementClickInterceptedException: Element &lt;button id=&quot;btnOpen&quot; class=&quot;btnOpen ui-button ui-corner-all ui-widget&quot; type=&quot;button&quot;> is not clickable at point (529.2500152587891,307.8499984741211) because another element &lt;a class=&quot;ui-state-default&quot; href=&quot;#&quot;> obscures it
Build info: version: '3.7.1', revision: '8a0099a', time: '2017-11-06T21:07:36.161Z'
System info: host: 'PG-ADUL', ip: '172.27.98.17', os.name: 'Windows 10', os.arch: 'amd64', os.version: '10.0', java.version: '1.8.0_102'
Driver info: com.kms.katalon.core.webui.driver.firefox.CGeckoDriver
Capabilities {acceptInsecureCerts: true, browserName: firefox, browserVersion: 58.0.2, javascriptEnabled: true, moz:accessibilityChecks: false, moz:headless: false, moz:processID: 3116, moz:profile: C:\Users\Admin\AppData\Loca..., moz:webdriverClick: true, pageLoadStrategy: normal, platform: XP, platformName: XP, platformVersion: 10.0, proxy: Proxy(direct), rotatable: false, timeouts: {implicit: 0, pageLoad: 300000, script: 30000}}
Session ID: 6b74b4b0-016e-47dd-948c-cd52d25f6ff2)"/>
         <system-out><![CDATA[2018-04-11 13:23:03 - [TEST_CASE][FAILED] - Test Cases/serviceschedule/openschedule/add/FlightNumberFormatTrue: Test Cases/serviceschedule/openschedule/add/FlightNumberFormatTrue FAILED because (of) Unable to click on object 'Object Repository/serviceschedule/openschedule/add/button_Open' (Root cause: org.openqa.selenium.ElementClickInterceptedException: Element <button id="btnOpen" class="btnOpen ui-button ui-corner-all ui-widget" type="button"> is not clickable at point (529.2500152587891,307.8499984741211) because another element <a class="ui-state-default" href="#"> obscures it
Build info: version: '3.7.1', revision: '8a0099a', time: '2017-11-06T21:07:36.161Z'
System info: host: 'PG-ADUL', ip: '172.27.98.17', os.name: 'Windows 10', os.arch: 'amd64', os.version: '10.0', java.version: '1.8.0_102'
Driver info: com.kms.katalon.core.webui.driver.firefox.CGeckoDriver
Capabilities {acceptInsecureCerts: true, browserName: firefox, browserVersion: 58.0.2, javascriptEnabled: true, moz:accessibilityChecks: false, moz:headless: false, moz:processID: 3116, moz:profile: C:\Users\Admin\AppData\Loca..., moz:webdriverClick: true, pageLoadStrategy: normal, platform: XP, platformName: XP, platformVersion: 10.0, proxy: Proxy(direct), rotatable: false, timeouts: {implicit: 0, pageLoad: 300000, script: 30000}}
Session ID: 6b74b4b0-016e-47dd-948c-cd52d25f6ff2)

2018-04-11 13:23:03 - [TEST_STEP][PASSED] - Start listener action : sampleBeforeTestCase: Invoke 'com.kms.katalon.core.annotation.BeforeTestCase' method: 'CustimeListener.sampleBeforeTestCase(...)' completed.

2018-04-11 13:23:03 - [TEST_STEP][PASSED] - common.serviceschedule.addopenschedule.AddOpenSchedule.gotoPage: common.serviceschedule.addopenschedule.AddOpenSchedule.gotoPage is PASSED

2018-04-11 13:23:04 - [MESSAGE][PASSED] - Navigate to 'http://10.100.70.87:8080/cp_cambodia/jsp/serviceschedule/gotoAddOpenSchedule.action' successfully

2018-04-11 13:23:04 - [MESSAGE][PASSED] - common.serviceschedule.addopenschedule.AddOpenSchedule.gotoPage is PASSED

2018-04-11 13:23:04 - [TEST_STEP][PASSED] - common.serviceschedule.addopenschedule.AddOpenSchedule.setValueToInput: common.serviceschedule.addopenschedule.AddOpenSchedule.setValueToInput is PASSED

2018-04-11 13:23:04 - [MESSAGE][PASSED] - Text 'A1234A' is set on object 'Object Repository/serviceschedule/openschedule/add/input_openScManual.serviceNumb'

2018-04-11 13:23:04 - [MESSAGE][PASSED] - Object 'Object Repository/serviceschedule/openschedule/add/span_Arrival' is visible

2018-04-11 13:23:04 - [MESSAGE][PASSED] - Object: 'Object Repository/serviceschedule/openschedule/add/span_Arrival' is clicked on

2018-04-11 13:23:04 - [MESSAGE][PASSED] - Object 'Object Repository/serviceschedule/openschedule/add/ul_ArrivalDeparture' is visible

2018-04-11 13:23:05 - [MESSAGE][PASSED] - Delayed 1 second(s)

2018-04-11 13:23:06 - [MESSAGE][PASSED] - Text '' is set on object 'Object Repository/serviceschedule/openschedule/add/input_autocompleteDepturePortN'

2018-04-11 13:23:07 - [MESSAGE][PASSED] - Delayed 1 second(s)

2018-04-11 13:23:07 - [MESSAGE][PASSED] - Text '' is set on object 'Object Repository/serviceschedule/openschedule/add/input_autocompleteArrivalPortN'

2018-04-11 13:23:08 - [MESSAGE][PASSED] - Delayed 1 second(s)

2018-04-11 13:23:08 - [MESSAGE][PASSED] - Keys 'CONTROL + a' sent to object: 'Object Repository/serviceschedule/openschedule/add/input_openScManual_depDate_dd_'

2018-04-11 13:23:08 - [MESSAGE][PASSED] - Keys 'CONTROL + a' sent to object: 'Object Repository/serviceschedule/openschedule/add/input_openScManual_arrDate_dd_'

2018-04-11 13:23:08 - [MESSAGE][PASSED] - Keys 'CONTROL + a' sent to object: 'Object Repository/serviceschedule/openschedule/add/input_openScManual_arrTime_hh_'

2018-04-11 13:23:08 - [MESSAGE][PASSED] - Keys 'CONTROL + a' sent to object: 'Object Repository/serviceschedule/openschedule/add/input_openScManual_depTime_hh_'

2018-04-11 13:23:09 - [MESSAGE][PASSED] - Delayed 1 second(s)

2018-04-11 13:23:09 - [MESSAGE][PASSED] - common.serviceschedule.addopenschedule.AddOpenSchedule.setValueToInput is PASSED

2018-04-11 13:23:09 - [TEST_STEP][FAILED] - click: Unable to click on object 'Object Repository/serviceschedule/openschedule/add/button_Open' (Root cause: org.openqa.selenium.ElementClickInterceptedException: Element <button id="btnOpen" class="btnOpen ui-button ui-corner-all ui-widget" type="button"> is not clickable at point (529.2500152587891,307.8499984741211) because another element <a class="ui-state-default" href="#"> obscures it
Build info: version: '3.7.1', revision: '8a0099a', time: '2017-11-06T21:07:36.161Z'
System info: host: 'PG-ADUL', ip: '172.27.98.17', os.name: 'Windows 10', os.arch: 'amd64', os.version: '10.0', java.version: '1.8.0_102'
Driver info: com.kms.katalon.core.webui.driver.firefox.CGeckoDriver
Capabilities {acceptInsecureCerts: true, browserName: firefox, browserVersion: 58.0.2, javascriptEnabled: true, moz:accessibilityChecks: false, moz:headless: false, moz:processID: 3116, moz:profile: C:\Users\Admin\AppData\Loca..., moz:webdriverClick: true, pageLoadStrategy: normal, platform: XP, platformName: XP, platformVersion: 10.0, proxy: Proxy(direct), rotatable: false, timeouts: {implicit: 0, pageLoad: 300000, script: 30000}}
Session ID: 6b74b4b0-016e-47dd-948c-cd52d25f6ff2)

2018-04-11 13:23:09 - [MESSAGE][FAILED] - Unable to click on object 'Object Repository/serviceschedule/openschedule/add/button_Open' (Root cause: org.openqa.selenium.ElementClickInterceptedException: Element <button id="btnOpen" class="btnOpen ui-button ui-corner-all ui-widget" type="button"> is not clickable at point (529.2500152587891,307.8499984741211) because another element <a class="ui-state-default" href="#"> obscures it
Build info: version: '3.7.1', revision: '8a0099a', time: '2017-11-06T21:07:36.161Z'
System info: host: 'PG-ADUL', ip: '172.27.98.17', os.name: 'Windows 10', os.arch: 'amd64', os.version: '10.0', java.version: '1.8.0_102'
Driver info: com.kms.katalon.core.webui.driver.firefox.CGeckoDriver
Capabilities {acceptInsecureCerts: true, browserName: firefox, browserVersion: 58.0.2, javascriptEnabled: true, moz:accessibilityChecks: false, moz:headless: false, moz:processID: 3116, moz:profile: C:\Users\Admin\AppData\Loca..., moz:webdriverClick: true, pageLoadStrategy: normal, platform: XP, platformName: XP, platformVersion: 10.0, proxy: Proxy(direct), rotatable: false, timeouts: {implicit: 0, pageLoad: 300000, script: 30000}}
Session ID: 6b74b4b0-016e-47dd-948c-cd52d25f6ff2)

2018-04-11 13:23:09 - [TEST_STEP][PASSED] - util.Verify.notConTrainsText: Pass, Object is not Contains Text.

2018-04-11 13:23:09 - [MESSAGE][PASSED] - Object 'Object Repository/serviceschedule/openschedule/add/alert message' is visible

2018-04-11 13:23:09 - [MESSAGE][PASSED] - Text of object 'Object Repository/serviceschedule/openschedule/add/alert message' is: ' '

2018-04-11 13:23:09 - [MESSAGE][PASSED] - Pass, Object is not Contains Text.

2018-04-11 13:23:09 - [TEST_STEP][PASSED] - Start listener action : sampleAfterTestCase: Taking screenshot successfully

2018-04-11 13:23:09 - [TEST_STEP][PASSED] - comment: Name: /xl/workbook.xml - Content Type: application/vnd.openxmlformats-officedocument.spreadsheetml.sheet.main+xml

2018-04-11 13:23:09 - [TEST_STEP][PASSED] - comment: null

2018-04-11 13:23:09 - [TEST_STEP][PASSED] - comment: 2

2018-04-11 13:23:09 - [TEST_STEP][PASSED] - comment: com.kms.katalon.core.context.internal.InternalTestCaseContext@65ec8b24

2018-04-11 13:23:09 - [TEST_STEP][PASSED] - Statement - rowIndex = util.exportExcel.createRerportdetail(wb, rowIndex, testCaseContext): Taking screenshot successfully

2018-04-11 13:23:10 - [MESSAGE][PASSED] - Delayed 1 second(s)

2018-04-11 13:23:10 - [MESSAGE][PASSED] - Taking screenshot successfully
[[ATTACHMENT|D:\\Demo\\Katalon-Demo\\Reports\\serviceschdule\\add\\addOpenSchedule\\20180411_132239\\D:/testreport/addOpenSchedule/addOpenSchedule_11042018132242/TEST-ID-3.png]]]]></system-out>
         <system-err><![CDATA[2018-04-11 13:23:03 - [TEST_CASE][FAILED] - Test Cases/serviceschedule/openschedule/add/FlightNumberFormatTrue: Test Cases/serviceschedule/openschedule/add/FlightNumberFormatTrue FAILED because (of) Unable to click on object 'Object Repository/serviceschedule/openschedule/add/button_Open' (Root cause: org.openqa.selenium.ElementClickInterceptedException: Element <button id="btnOpen" class="btnOpen ui-button ui-corner-all ui-widget" type="button"> is not clickable at point (529.2500152587891,307.8499984741211) because another element <a class="ui-state-default" href="#"> obscures it
Build info: version: '3.7.1', revision: '8a0099a', time: '2017-11-06T21:07:36.161Z'
System info: host: 'PG-ADUL', ip: '172.27.98.17', os.name: 'Windows 10', os.arch: 'amd64', os.version: '10.0', java.version: '1.8.0_102'
Driver info: com.kms.katalon.core.webui.driver.firefox.CGeckoDriver
Capabilities {acceptInsecureCerts: true, browserName: firefox, browserVersion: 58.0.2, javascriptEnabled: true, moz:accessibilityChecks: false, moz:headless: false, moz:processID: 3116, moz:profile: C:\Users\Admin\AppData\Loca..., moz:webdriverClick: true, pageLoadStrategy: normal, platform: XP, platformName: XP, platformVersion: 10.0, proxy: Proxy(direct), rotatable: false, timeouts: {implicit: 0, pageLoad: 300000, script: 30000}}
Session ID: 6b74b4b0-016e-47dd-948c-cd52d25f6ff2)]]></system-err>
      </testcase>
      <testcase name="Test Cases/serviceschedule/openschedule/add/FlightNumberFormatTrue" classname="Test Cases/serviceschedule/openschedule/add/FlightNumberFormatTrue" status="FAILED">
         <failure type="FAILED" message="Unable to click on object 'Object Repository/serviceschedule/openschedule/add/button_Open' (Root cause: org.openqa.selenium.ElementClickInterceptedException: Element &lt;button id=&quot;btnOpen&quot; class=&quot;btnOpen ui-button ui-corner-all ui-widget&quot; type=&quot;button&quot;> is not clickable at point (529.2500152587891,307.8499984741211) because another element &lt;a class=&quot;ui-state-default&quot; href=&quot;#&quot;> obscures it
Build info: version: '3.7.1', revision: '8a0099a', time: '2017-11-06T21:07:36.161Z'
System info: host: 'PG-ADUL', ip: '172.27.98.17', os.name: 'Windows 10', os.arch: 'amd64', os.version: '10.0', java.version: '1.8.0_102'
Driver info: com.kms.katalon.core.webui.driver.firefox.CGeckoDriver
Capabilities {acceptInsecureCerts: true, browserName: firefox, browserVersion: 58.0.2, javascriptEnabled: true, moz:accessibilityChecks: false, moz:headless: false, moz:processID: 3116, moz:profile: C:\Users\Admin\AppData\Loca..., moz:webdriverClick: true, pageLoadStrategy: normal, platform: XP, platformName: XP, platformVersion: 10.0, proxy: Proxy(direct), rotatable: false, timeouts: {implicit: 0, pageLoad: 300000, script: 30000}}
Session ID: 6b74b4b0-016e-47dd-948c-cd52d25f6ff2)"/>
         <system-out><![CDATA[2018-04-11 13:23:10 - [TEST_CASE][FAILED] - Test Cases/serviceschedule/openschedule/add/FlightNumberFormatTrue: Test Cases/serviceschedule/openschedule/add/FlightNumberFormatTrue FAILED because (of) Unable to click on object 'Object Repository/serviceschedule/openschedule/add/button_Open' (Root cause: org.openqa.selenium.ElementClickInterceptedException: Element <button id="btnOpen" class="btnOpen ui-button ui-corner-all ui-widget" type="button"> is not clickable at point (529.2500152587891,307.8499984741211) because another element <a class="ui-state-default" href="#"> obscures it
Build info: version: '3.7.1', revision: '8a0099a', time: '2017-11-06T21:07:36.161Z'
System info: host: 'PG-ADUL', ip: '172.27.98.17', os.name: 'Windows 10', os.arch: 'amd64', os.version: '10.0', java.version: '1.8.0_102'
Driver info: com.kms.katalon.core.webui.driver.firefox.CGeckoDriver
Capabilities {acceptInsecureCerts: true, browserName: firefox, browserVersion: 58.0.2, javascriptEnabled: true, moz:accessibilityChecks: false, moz:headless: false, moz:processID: 3116, moz:profile: C:\Users\Admin\AppData\Loca..., moz:webdriverClick: true, pageLoadStrategy: normal, platform: XP, platformName: XP, platformVersion: 10.0, proxy: Proxy(direct), rotatable: false, timeouts: {implicit: 0, pageLoad: 300000, script: 30000}}
Session ID: 6b74b4b0-016e-47dd-948c-cd52d25f6ff2)

2018-04-11 13:23:10 - [TEST_STEP][PASSED] - Start listener action : sampleBeforeTestCase: Invoke 'com.kms.katalon.core.annotation.BeforeTestCase' method: 'CustimeListener.sampleBeforeTestCase(...)' completed.

2018-04-11 13:23:10 - [TEST_STEP][PASSED] - common.serviceschedule.addopenschedule.AddOpenSchedule.gotoPage: common.serviceschedule.addopenschedule.AddOpenSchedule.gotoPage is PASSED

2018-04-11 13:23:11 - [MESSAGE][PASSED] - Navigate to 'http://10.100.70.87:8080/cp_cambodia/jsp/serviceschedule/gotoAddOpenSchedule.action' successfully

2018-04-11 13:23:11 - [MESSAGE][PASSED] - common.serviceschedule.addopenschedule.AddOpenSchedule.gotoPage is PASSED

2018-04-11 13:23:11 - [TEST_STEP][PASSED] - common.serviceschedule.addopenschedule.AddOpenSchedule.setValueToInput: common.serviceschedule.addopenschedule.AddOpenSchedule.setValueToInput is PASSED

2018-04-11 13:23:11 - [MESSAGE][PASSED] - Text '1234' is set on object 'Object Repository/serviceschedule/openschedule/add/input_openScManual.serviceNumb'

2018-04-11 13:23:11 - [MESSAGE][PASSED] - Object 'Object Repository/serviceschedule/openschedule/add/span_Arrival' is visible

2018-04-11 13:23:11 - [MESSAGE][PASSED] - Object: 'Object Repository/serviceschedule/openschedule/add/span_Arrival' is clicked on

2018-04-11 13:23:11 - [MESSAGE][PASSED] - Object 'Object Repository/serviceschedule/openschedule/add/ul_ArrivalDeparture' is visible

2018-04-11 13:23:12 - [MESSAGE][PASSED] - Delayed 1 second(s)

2018-04-11 13:23:13 - [MESSAGE][PASSED] - Text '' is set on object 'Object Repository/serviceschedule/openschedule/add/input_autocompleteDepturePortN'

2018-04-11 13:23:14 - [MESSAGE][PASSED] - Delayed 1 second(s)

2018-04-11 13:23:14 - [MESSAGE][PASSED] - Text '' is set on object 'Object Repository/serviceschedule/openschedule/add/input_autocompleteArrivalPortN'

2018-04-11 13:23:15 - [MESSAGE][PASSED] - Delayed 1 second(s)

2018-04-11 13:23:15 - [MESSAGE][PASSED] - Keys 'CONTROL + a' sent to object: 'Object Repository/serviceschedule/openschedule/add/input_openScManual_depDate_dd_'

2018-04-11 13:23:15 - [MESSAGE][PASSED] - Keys 'CONTROL + a' sent to object: 'Object Repository/serviceschedule/openschedule/add/input_openScManual_arrDate_dd_'

2018-04-11 13:23:15 - [MESSAGE][PASSED] - Keys 'CONTROL + a' sent to object: 'Object Repository/serviceschedule/openschedule/add/input_openScManual_arrTime_hh_'

2018-04-11 13:23:15 - [MESSAGE][PASSED] - Keys 'CONTROL + a' sent to object: 'Object Repository/serviceschedule/openschedule/add/input_openScManual_depTime_hh_'

2018-04-11 13:23:16 - [MESSAGE][PASSED] - Delayed 1 second(s)

2018-04-11 13:23:16 - [MESSAGE][PASSED] - common.serviceschedule.addopenschedule.AddOpenSchedule.setValueToInput is PASSED

2018-04-11 13:23:16 - [TEST_STEP][FAILED] - click: Unable to click on object 'Object Repository/serviceschedule/openschedule/add/button_Open' (Root cause: org.openqa.selenium.ElementClickInterceptedException: Element <button id="btnOpen" class="btnOpen ui-button ui-corner-all ui-widget" type="button"> is not clickable at point (529.2500152587891,307.8499984741211) because another element <a class="ui-state-default" href="#"> obscures it
Build info: version: '3.7.1', revision: '8a0099a', time: '2017-11-06T21:07:36.161Z'
System info: host: 'PG-ADUL', ip: '172.27.98.17', os.name: 'Windows 10', os.arch: 'amd64', os.version: '10.0', java.version: '1.8.0_102'
Driver info: com.kms.katalon.core.webui.driver.firefox.CGeckoDriver
Capabilities {acceptInsecureCerts: true, browserName: firefox, browserVersion: 58.0.2, javascriptEnabled: true, moz:accessibilityChecks: false, moz:headless: false, moz:processID: 3116, moz:profile: C:\Users\Admin\AppData\Loca..., moz:webdriverClick: true, pageLoadStrategy: normal, platform: XP, platformName: XP, platformVersion: 10.0, proxy: Proxy(direct), rotatable: false, timeouts: {implicit: 0, pageLoad: 300000, script: 30000}}
Session ID: 6b74b4b0-016e-47dd-948c-cd52d25f6ff2)

2018-04-11 13:23:16 - [MESSAGE][FAILED] - Unable to click on object 'Object Repository/serviceschedule/openschedule/add/button_Open' (Root cause: org.openqa.selenium.ElementClickInterceptedException: Element <button id="btnOpen" class="btnOpen ui-button ui-corner-all ui-widget" type="button"> is not clickable at point (529.2500152587891,307.8499984741211) because another element <a class="ui-state-default" href="#"> obscures it
Build info: version: '3.7.1', revision: '8a0099a', time: '2017-11-06T21:07:36.161Z'
System info: host: 'PG-ADUL', ip: '172.27.98.17', os.name: 'Windows 10', os.arch: 'amd64', os.version: '10.0', java.version: '1.8.0_102'
Driver info: com.kms.katalon.core.webui.driver.firefox.CGeckoDriver
Capabilities {acceptInsecureCerts: true, browserName: firefox, browserVersion: 58.0.2, javascriptEnabled: true, moz:accessibilityChecks: false, moz:headless: false, moz:processID: 3116, moz:profile: C:\Users\Admin\AppData\Loca..., moz:webdriverClick: true, pageLoadStrategy: normal, platform: XP, platformName: XP, platformVersion: 10.0, proxy: Proxy(direct), rotatable: false, timeouts: {implicit: 0, pageLoad: 300000, script: 30000}}
Session ID: 6b74b4b0-016e-47dd-948c-cd52d25f6ff2)

2018-04-11 13:23:16 - [TEST_STEP][PASSED] - util.Verify.notConTrainsText: Pass, Object is not Contains Text.

2018-04-11 13:23:16 - [MESSAGE][PASSED] - Object 'Object Repository/serviceschedule/openschedule/add/alert message' is visible

2018-04-11 13:23:16 - [MESSAGE][PASSED] - Text of object 'Object Repository/serviceschedule/openschedule/add/alert message' is: ' '

2018-04-11 13:23:16 - [MESSAGE][PASSED] - Pass, Object is not Contains Text.

2018-04-11 13:23:16 - [TEST_STEP][PASSED] - Start listener action : sampleAfterTestCase: Taking screenshot successfully

2018-04-11 13:23:16 - [TEST_STEP][PASSED] - comment: Name: /xl/workbook.xml - Content Type: application/vnd.openxmlformats-officedocument.spreadsheetml.sheet.main+xml

2018-04-11 13:23:16 - [TEST_STEP][PASSED] - comment: null

2018-04-11 13:23:16 - [TEST_STEP][PASSED] - comment: 3

2018-04-11 13:23:16 - [TEST_STEP][PASSED] - comment: com.kms.katalon.core.context.internal.InternalTestCaseContext@661c46bc

2018-04-11 13:23:16 - [TEST_STEP][PASSED] - Statement - rowIndex = util.exportExcel.createRerportdetail(wb, rowIndex, testCaseContext): Taking screenshot successfully

2018-04-11 13:23:17 - [MESSAGE][PASSED] - Delayed 1 second(s)

2018-04-11 13:23:17 - [MESSAGE][PASSED] - Taking screenshot successfully
[[ATTACHMENT|D:\\Demo\\Katalon-Demo\\Reports\\serviceschdule\\add\\addOpenSchedule\\20180411_132239\\D:/testreport/addOpenSchedule/addOpenSchedule_11042018132242/TEST-ID-4.png]]]]></system-out>
         <system-err><![CDATA[2018-04-11 13:23:10 - [TEST_CASE][FAILED] - Test Cases/serviceschedule/openschedule/add/FlightNumberFormatTrue: Test Cases/serviceschedule/openschedule/add/FlightNumberFormatTrue FAILED because (of) Unable to click on object 'Object Repository/serviceschedule/openschedule/add/button_Open' (Root cause: org.openqa.selenium.ElementClickInterceptedException: Element <button id="btnOpen" class="btnOpen ui-button ui-corner-all ui-widget" type="button"> is not clickable at point (529.2500152587891,307.8499984741211) because another element <a class="ui-state-default" href="#"> obscures it
Build info: version: '3.7.1', revision: '8a0099a', time: '2017-11-06T21:07:36.161Z'
System info: host: 'PG-ADUL', ip: '172.27.98.17', os.name: 'Windows 10', os.arch: 'amd64', os.version: '10.0', java.version: '1.8.0_102'
Driver info: com.kms.katalon.core.webui.driver.firefox.CGeckoDriver
Capabilities {acceptInsecureCerts: true, browserName: firefox, browserVersion: 58.0.2, javascriptEnabled: true, moz:accessibilityChecks: false, moz:headless: false, moz:processID: 3116, moz:profile: C:\Users\Admin\AppData\Loca..., moz:webdriverClick: true, pageLoadStrategy: normal, platform: XP, platformName: XP, platformVersion: 10.0, proxy: Proxy(direct), rotatable: false, timeouts: {implicit: 0, pageLoad: 300000, script: 30000}}
Session ID: 6b74b4b0-016e-47dd-948c-cd52d25f6ff2)]]></system-err>
      </testcase>
      <testcase name="Test Cases/serviceschedule/openschedule/add/FlightNumberFormatTrue" classname="Test Cases/serviceschedule/openschedule/add/FlightNumberFormatTrue" status="FAILED">
         <failure type="FAILED" message="Unable to click on object 'Object Repository/serviceschedule/openschedule/add/button_Open' (Root cause: org.openqa.selenium.ElementClickInterceptedException: Element &lt;button id=&quot;btnOpen&quot; class=&quot;btnOpen ui-button ui-corner-all ui-widget&quot; type=&quot;button&quot;> is not clickable at point (529.2500152587891,307.8499984741211) because another element &lt;a class=&quot;ui-state-default&quot; href=&quot;#&quot;> obscures it
Build info: version: '3.7.1', revision: '8a0099a', time: '2017-11-06T21:07:36.161Z'
System info: host: 'PG-ADUL', ip: '172.27.98.17', os.name: 'Windows 10', os.arch: 'amd64', os.version: '10.0', java.version: '1.8.0_102'
Driver info: com.kms.katalon.core.webui.driver.firefox.CGeckoDriver
Capabilities {acceptInsecureCerts: true, browserName: firefox, browserVersion: 58.0.2, javascriptEnabled: true, moz:accessibilityChecks: false, moz:headless: false, moz:processID: 3116, moz:profile: C:\Users\Admin\AppData\Loca..., moz:webdriverClick: true, pageLoadStrategy: normal, platform: XP, platformName: XP, platformVersion: 10.0, proxy: Proxy(direct), rotatable: false, timeouts: {implicit: 0, pageLoad: 300000, script: 30000}}
Session ID: 6b74b4b0-016e-47dd-948c-cd52d25f6ff2)"/>
         <system-out><![CDATA[2018-04-11 13:23:17 - [TEST_CASE][FAILED] - Test Cases/serviceschedule/openschedule/add/FlightNumberFormatTrue: Test Cases/serviceschedule/openschedule/add/FlightNumberFormatTrue FAILED because (of) Unable to click on object 'Object Repository/serviceschedule/openschedule/add/button_Open' (Root cause: org.openqa.selenium.ElementClickInterceptedException: Element <button id="btnOpen" class="btnOpen ui-button ui-corner-all ui-widget" type="button"> is not clickable at point (529.2500152587891,307.8499984741211) because another element <a class="ui-state-default" href="#"> obscures it
Build info: version: '3.7.1', revision: '8a0099a', time: '2017-11-06T21:07:36.161Z'
System info: host: 'PG-ADUL', ip: '172.27.98.17', os.name: 'Windows 10', os.arch: 'amd64', os.version: '10.0', java.version: '1.8.0_102'
Driver info: com.kms.katalon.core.webui.driver.firefox.CGeckoDriver
Capabilities {acceptInsecureCerts: true, browserName: firefox, browserVersion: 58.0.2, javascriptEnabled: true, moz:accessibilityChecks: false, moz:headless: false, moz:processID: 3116, moz:profile: C:\Users\Admin\AppData\Loca..., moz:webdriverClick: true, pageLoadStrategy: normal, platform: XP, platformName: XP, platformVersion: 10.0, proxy: Proxy(direct), rotatable: false, timeouts: {implicit: 0, pageLoad: 300000, script: 30000}}
Session ID: 6b74b4b0-016e-47dd-948c-cd52d25f6ff2)

2018-04-11 13:23:17 - [TEST_STEP][PASSED] - Start listener action : sampleBeforeTestCase: Invoke 'com.kms.katalon.core.annotation.BeforeTestCase' method: 'CustimeListener.sampleBeforeTestCase(...)' completed.

2018-04-11 13:23:17 - [TEST_STEP][PASSED] - common.serviceschedule.addopenschedule.AddOpenSchedule.gotoPage: common.serviceschedule.addopenschedule.AddOpenSchedule.gotoPage is PASSED

2018-04-11 13:23:18 - [MESSAGE][PASSED] - Navigate to 'http://10.100.70.87:8080/cp_cambodia/jsp/serviceschedule/gotoAddOpenSchedule.action' successfully

2018-04-11 13:23:18 - [MESSAGE][PASSED] - common.serviceschedule.addopenschedule.AddOpenSchedule.gotoPage is PASSED

2018-04-11 13:23:18 - [TEST_STEP][PASSED] - common.serviceschedule.addopenschedule.AddOpenSchedule.setValueToInput: common.serviceschedule.addopenschedule.AddOpenSchedule.setValueToInput is PASSED

2018-04-11 13:23:18 - [MESSAGE][PASSED] - Text '1234A' is set on object 'Object Repository/serviceschedule/openschedule/add/input_openScManual.serviceNumb'

2018-04-11 13:23:18 - [MESSAGE][PASSED] - Object 'Object Repository/serviceschedule/openschedule/add/span_Arrival' is visible

2018-04-11 13:23:18 - [MESSAGE][PASSED] - Object: 'Object Repository/serviceschedule/openschedule/add/span_Arrival' is clicked on

2018-04-11 13:23:18 - [MESSAGE][PASSED] - Object 'Object Repository/serviceschedule/openschedule/add/ul_ArrivalDeparture' is visible

2018-04-11 13:23:19 - [MESSAGE][PASSED] - Delayed 1 second(s)

2018-04-11 13:23:20 - [MESSAGE][PASSED] - Text '' is set on object 'Object Repository/serviceschedule/openschedule/add/input_autocompleteDepturePortN'

2018-04-11 13:23:21 - [MESSAGE][PASSED] - Delayed 1 second(s)

2018-04-11 13:23:21 - [MESSAGE][PASSED] - Text '' is set on object 'Object Repository/serviceschedule/openschedule/add/input_autocompleteArrivalPortN'

2018-04-11 13:23:22 - [MESSAGE][PASSED] - Delayed 1 second(s)

2018-04-11 13:23:22 - [MESSAGE][PASSED] - Keys 'CONTROL + a' sent to object: 'Object Repository/serviceschedule/openschedule/add/input_openScManual_depDate_dd_'

2018-04-11 13:23:22 - [MESSAGE][PASSED] - Keys 'CONTROL + a' sent to object: 'Object Repository/serviceschedule/openschedule/add/input_openScManual_arrDate_dd_'

2018-04-11 13:23:22 - [MESSAGE][PASSED] - Keys 'CONTROL + a' sent to object: 'Object Repository/serviceschedule/openschedule/add/input_openScManual_arrTime_hh_'

2018-04-11 13:23:22 - [MESSAGE][PASSED] - Keys 'CONTROL + a' sent to object: 'Object Repository/serviceschedule/openschedule/add/input_openScManual_depTime_hh_'

2018-04-11 13:23:23 - [MESSAGE][PASSED] - Delayed 1 second(s)

2018-04-11 13:23:23 - [MESSAGE][PASSED] - common.serviceschedule.addopenschedule.AddOpenSchedule.setValueToInput is PASSED

2018-04-11 13:23:23 - [TEST_STEP][FAILED] - click: Unable to click on object 'Object Repository/serviceschedule/openschedule/add/button_Open' (Root cause: org.openqa.selenium.ElementClickInterceptedException: Element <button id="btnOpen" class="btnOpen ui-button ui-corner-all ui-widget" type="button"> is not clickable at point (529.2500152587891,307.8499984741211) because another element <a class="ui-state-default" href="#"> obscures it
Build info: version: '3.7.1', revision: '8a0099a', time: '2017-11-06T21:07:36.161Z'
System info: host: 'PG-ADUL', ip: '172.27.98.17', os.name: 'Windows 10', os.arch: 'amd64', os.version: '10.0', java.version: '1.8.0_102'
Driver info: com.kms.katalon.core.webui.driver.firefox.CGeckoDriver
Capabilities {acceptInsecureCerts: true, browserName: firefox, browserVersion: 58.0.2, javascriptEnabled: true, moz:accessibilityChecks: false, moz:headless: false, moz:processID: 3116, moz:profile: C:\Users\Admin\AppData\Loca..., moz:webdriverClick: true, pageLoadStrategy: normal, platform: XP, platformName: XP, platformVersion: 10.0, proxy: Proxy(direct), rotatable: false, timeouts: {implicit: 0, pageLoad: 300000, script: 30000}}
Session ID: 6b74b4b0-016e-47dd-948c-cd52d25f6ff2)

2018-04-11 13:23:23 - [MESSAGE][FAILED] - Unable to click on object 'Object Repository/serviceschedule/openschedule/add/button_Open' (Root cause: org.openqa.selenium.ElementClickInterceptedException: Element <button id="btnOpen" class="btnOpen ui-button ui-corner-all ui-widget" type="button"> is not clickable at point (529.2500152587891,307.8499984741211) because another element <a class="ui-state-default" href="#"> obscures it
Build info: version: '3.7.1', revision: '8a0099a', time: '2017-11-06T21:07:36.161Z'
System info: host: 'PG-ADUL', ip: '172.27.98.17', os.name: 'Windows 10', os.arch: 'amd64', os.version: '10.0', java.version: '1.8.0_102'
Driver info: com.kms.katalon.core.webui.driver.firefox.CGeckoDriver
Capabilities {acceptInsecureCerts: true, browserName: firefox, browserVersion: 58.0.2, javascriptEnabled: true, moz:accessibilityChecks: false, moz:headless: false, moz:processID: 3116, moz:profile: C:\Users\Admin\AppData\Loca..., moz:webdriverClick: true, pageLoadStrategy: normal, platform: XP, platformName: XP, platformVersion: 10.0, proxy: Proxy(direct), rotatable: false, timeouts: {implicit: 0, pageLoad: 300000, script: 30000}}
Session ID: 6b74b4b0-016e-47dd-948c-cd52d25f6ff2)

2018-04-11 13:23:23 - [TEST_STEP][PASSED] - util.Verify.notConTrainsText: Pass, Object is not Contains Text.

2018-04-11 13:23:23 - [MESSAGE][PASSED] - Object 'Object Repository/serviceschedule/openschedule/add/alert message' is visible

2018-04-11 13:23:23 - [MESSAGE][PASSED] - Text of object 'Object Repository/serviceschedule/openschedule/add/alert message' is: ' '

2018-04-11 13:23:23 - [MESSAGE][PASSED] - Pass, Object is not Contains Text.

2018-04-11 13:23:23 - [TEST_STEP][PASSED] - Start listener action : sampleAfterTestCase: Taking screenshot successfully

2018-04-11 13:23:23 - [TEST_STEP][PASSED] - comment: Name: /xl/workbook.xml - Content Type: application/vnd.openxmlformats-officedocument.spreadsheetml.sheet.main+xml

2018-04-11 13:23:23 - [TEST_STEP][PASSED] - comment: null

2018-04-11 13:23:23 - [TEST_STEP][PASSED] - comment: 4

2018-04-11 13:23:23 - [TEST_STEP][PASSED] - comment: com.kms.katalon.core.context.internal.InternalTestCaseContext@7063686f

2018-04-11 13:23:23 - [TEST_STEP][PASSED] - Statement - rowIndex = util.exportExcel.createRerportdetail(wb, rowIndex, testCaseContext): Taking screenshot successfully

2018-04-11 13:23:24 - [MESSAGE][PASSED] - Delayed 1 second(s)

2018-04-11 13:23:24 - [MESSAGE][PASSED] - Taking screenshot successfully
[[ATTACHMENT|D:\\Demo\\Katalon-Demo\\Reports\\serviceschdule\\add\\addOpenSchedule\\20180411_132239\\D:/testreport/addOpenSchedule/addOpenSchedule_11042018132242/TEST-ID-5.png]]]]></system-out>
         <system-err><![CDATA[2018-04-11 13:23:17 - [TEST_CASE][FAILED] - Test Cases/serviceschedule/openschedule/add/FlightNumberFormatTrue: Test Cases/serviceschedule/openschedule/add/FlightNumberFormatTrue FAILED because (of) Unable to click on object 'Object Repository/serviceschedule/openschedule/add/button_Open' (Root cause: org.openqa.selenium.ElementClickInterceptedException: Element <button id="btnOpen" class="btnOpen ui-button ui-corner-all ui-widget" type="button"> is not clickable at point (529.2500152587891,307.8499984741211) because another element <a class="ui-state-default" href="#"> obscures it
Build info: version: '3.7.1', revision: '8a0099a', time: '2017-11-06T21:07:36.161Z'
System info: host: 'PG-ADUL', ip: '172.27.98.17', os.name: 'Windows 10', os.arch: 'amd64', os.version: '10.0', java.version: '1.8.0_102'
Driver info: com.kms.katalon.core.webui.driver.firefox.CGeckoDriver
Capabilities {acceptInsecureCerts: true, browserName: firefox, browserVersion: 58.0.2, javascriptEnabled: true, moz:accessibilityChecks: false, moz:headless: false, moz:processID: 3116, moz:profile: C:\Users\Admin\AppData\Loca..., moz:webdriverClick: true, pageLoadStrategy: normal, platform: XP, platformName: XP, platformVersion: 10.0, proxy: Proxy(direct), rotatable: false, timeouts: {implicit: 0, pageLoad: 300000, script: 30000}}
Session ID: 6b74b4b0-016e-47dd-948c-cd52d25f6ff2)]]></system-err>
      </testcase>
      <testcase name="Test Cases/serviceschedule/openschedule/add/blankValue" classname="Test Cases/serviceschedule/openschedule/add/blankValue" status="FAILED">
         <failure type="FAILED" message="Unable to click on object 'Object Repository/serviceschedule/openschedule/add/button_Open' (Root cause: org.openqa.selenium.ElementClickInterceptedException: Element &lt;button id=&quot;btnOpen&quot; class=&quot;btnOpen ui-button ui-corner-all ui-widget&quot; type=&quot;button&quot;> is not clickable at point (529.2500152587891,307.8499984741211) because another element &lt;a class=&quot;ui-state-default&quot; href=&quot;#&quot;> obscures it
Build info: version: '3.7.1', revision: '8a0099a', time: '2017-11-06T21:07:36.161Z'
System info: host: 'PG-ADUL', ip: '172.27.98.17', os.name: 'Windows 10', os.arch: 'amd64', os.version: '10.0', java.version: '1.8.0_102'
Driver info: com.kms.katalon.core.webui.driver.firefox.CGeckoDriver
Capabilities {acceptInsecureCerts: true, browserName: firefox, browserVersion: 58.0.2, javascriptEnabled: true, moz:accessibilityChecks: false, moz:headless: false, moz:processID: 3116, moz:profile: C:\Users\Admin\AppData\Loca..., moz:webdriverClick: true, pageLoadStrategy: normal, platform: XP, platformName: XP, platformVersion: 10.0, proxy: Proxy(direct), rotatable: false, timeouts: {implicit: 0, pageLoad: 300000, script: 30000}}
Session ID: 6b74b4b0-016e-47dd-948c-cd52d25f6ff2)"/>
         <system-out><![CDATA[2018-04-11 13:23:24 - [TEST_CASE][FAILED] - Test Cases/serviceschedule/openschedule/add/blankValue: Test Cases/serviceschedule/openschedule/add/blankValue FAILED because (of) Unable to click on object 'Object Repository/serviceschedule/openschedule/add/button_Open' (Root cause: org.openqa.selenium.ElementClickInterceptedException: Element <button id="btnOpen" class="btnOpen ui-button ui-corner-all ui-widget" type="button"> is not clickable at point (529.2500152587891,307.8499984741211) because another element <a class="ui-state-default" href="#"> obscures it
Build info: version: '3.7.1', revision: '8a0099a', time: '2017-11-06T21:07:36.161Z'
System info: host: 'PG-ADUL', ip: '172.27.98.17', os.name: 'Windows 10', os.arch: 'amd64', os.version: '10.0', java.version: '1.8.0_102'
Driver info: com.kms.katalon.core.webui.driver.firefox.CGeckoDriver
Capabilities {acceptInsecureCerts: true, browserName: firefox, browserVersion: 58.0.2, javascriptEnabled: true, moz:accessibilityChecks: false, moz:headless: false, moz:processID: 3116, moz:profile: C:\Users\Admin\AppData\Loca..., moz:webdriverClick: true, pageLoadStrategy: normal, platform: XP, platformName: XP, platformVersion: 10.0, proxy: Proxy(direct), rotatable: false, timeouts: {implicit: 0, pageLoad: 300000, script: 30000}}
Session ID: 6b74b4b0-016e-47dd-948c-cd52d25f6ff2)

2018-04-11 13:23:24 - [TEST_STEP][PASSED] - Start listener action : sampleBeforeTestCase: Invoke 'com.kms.katalon.core.annotation.BeforeTestCase' method: 'CustimeListener.sampleBeforeTestCase(...)' completed.

2018-04-11 13:23:25 - [TEST_STEP][PASSED] - common.serviceschedule.addopenschedule.AddOpenSchedule.gotoPage: common.serviceschedule.addopenschedule.AddOpenSchedule.gotoPage is PASSED

2018-04-11 13:23:26 - [MESSAGE][PASSED] - Navigate to 'http://10.100.70.87:8080/cp_cambodia/jsp/serviceschedule/gotoAddOpenSchedule.action' successfully

2018-04-11 13:23:26 - [MESSAGE][PASSED] - common.serviceschedule.addopenschedule.AddOpenSchedule.gotoPage is PASSED

2018-04-11 13:23:26 - [TEST_STEP][PASSED] - common.serviceschedule.addopenschedule.AddOpenSchedule.setValueToInput: common.serviceschedule.addopenschedule.AddOpenSchedule.setValueToInput is PASSED

2018-04-11 13:23:26 - [MESSAGE][PASSED] - Text '' is set on object 'Object Repository/serviceschedule/openschedule/add/input_openScManual.serviceNumb'

2018-04-11 13:23:26 - [MESSAGE][PASSED] - Object 'Object Repository/serviceschedule/openschedule/add/span_Arrival' is visible

2018-04-11 13:23:26 - [MESSAGE][PASSED] - Object: 'Object Repository/serviceschedule/openschedule/add/span_Arrival' is clicked on

2018-04-11 13:23:26 - [MESSAGE][PASSED] - Object 'Object Repository/serviceschedule/openschedule/add/ul_ArrivalDeparture' is visible

2018-04-11 13:23:28 - [MESSAGE][PASSED] - Delayed 1 second(s)

2018-04-11 13:23:28 - [MESSAGE][PASSED] - Text 'PQQ' is set on object 'Object Repository/serviceschedule/openschedule/add/input_autocompleteDepturePortN'

2018-04-11 13:23:29 - [MESSAGE][PASSED] - Delayed 1 second(s)

2018-04-11 13:23:29 - [MESSAGE][PASSED] - Text 'DMK' is set on object 'Object Repository/serviceschedule/openschedule/add/input_autocompleteArrivalPortN'

2018-04-11 13:23:30 - [MESSAGE][PASSED] - Delayed 1 second(s)

2018-04-11 13:23:30 - [MESSAGE][PASSED] - Keys 'CONTROL + a' sent to object: 'Object Repository/serviceschedule/openschedule/add/input_openScManual_depDate_dd_'

2018-04-11 13:23:30 - [MESSAGE][PASSED] - Keys 'CONTROL + a' sent to object: 'Object Repository/serviceschedule/openschedule/add/input_openScManual_arrDate_dd_'

2018-04-11 13:23:30 - [MESSAGE][PASSED] - Keys 'CONTROL + a' sent to object: 'Object Repository/serviceschedule/openschedule/add/input_openScManual_arrTime_hh_'

2018-04-11 13:23:31 - [MESSAGE][PASSED] - Keys 'CONTROL + a' sent to object: 'Object Repository/serviceschedule/openschedule/add/input_openScManual_depTime_hh_'

2018-04-11 13:23:32 - [MESSAGE][PASSED] - Delayed 1 second(s)

2018-04-11 13:23:32 - [MESSAGE][PASSED] - common.serviceschedule.addopenschedule.AddOpenSchedule.setValueToInput is PASSED

2018-04-11 13:23:32 - [TEST_STEP][FAILED] - click: Unable to click on object 'Object Repository/serviceschedule/openschedule/add/button_Open' (Root cause: org.openqa.selenium.ElementClickInterceptedException: Element <button id="btnOpen" class="btnOpen ui-button ui-corner-all ui-widget" type="button"> is not clickable at point (529.2500152587891,307.8499984741211) because another element <a class="ui-state-default" href="#"> obscures it
Build info: version: '3.7.1', revision: '8a0099a', time: '2017-11-06T21:07:36.161Z'
System info: host: 'PG-ADUL', ip: '172.27.98.17', os.name: 'Windows 10', os.arch: 'amd64', os.version: '10.0', java.version: '1.8.0_102'
Driver info: com.kms.katalon.core.webui.driver.firefox.CGeckoDriver
Capabilities {acceptInsecureCerts: true, browserName: firefox, browserVersion: 58.0.2, javascriptEnabled: true, moz:accessibilityChecks: false, moz:headless: false, moz:processID: 3116, moz:profile: C:\Users\Admin\AppData\Loca..., moz:webdriverClick: true, pageLoadStrategy: normal, platform: XP, platformName: XP, platformVersion: 10.0, proxy: Proxy(direct), rotatable: false, timeouts: {implicit: 0, pageLoad: 300000, script: 30000}}
Session ID: 6b74b4b0-016e-47dd-948c-cd52d25f6ff2)

2018-04-11 13:23:32 - [MESSAGE][FAILED] - Unable to click on object 'Object Repository/serviceschedule/openschedule/add/button_Open' (Root cause: org.openqa.selenium.ElementClickInterceptedException: Element <button id="btnOpen" class="btnOpen ui-button ui-corner-all ui-widget" type="button"> is not clickable at point (529.2500152587891,307.8499984741211) because another element <a class="ui-state-default" href="#"> obscures it
Build info: version: '3.7.1', revision: '8a0099a', time: '2017-11-06T21:07:36.161Z'
System info: host: 'PG-ADUL', ip: '172.27.98.17', os.name: 'Windows 10', os.arch: 'amd64', os.version: '10.0', java.version: '1.8.0_102'
Driver info: com.kms.katalon.core.webui.driver.firefox.CGeckoDriver
Capabilities {acceptInsecureCerts: true, browserName: firefox, browserVersion: 58.0.2, javascriptEnabled: true, moz:accessibilityChecks: false, moz:headless: false, moz:processID: 3116, moz:profile: C:\Users\Admin\AppData\Loca..., moz:webdriverClick: true, pageLoadStrategy: normal, platform: XP, platformName: XP, platformVersion: 10.0, proxy: Proxy(direct), rotatable: false, timeouts: {implicit: 0, pageLoad: 300000, script: 30000}}
Session ID: 6b74b4b0-016e-47dd-948c-cd52d25f6ff2)

2018-04-11 13:23:32 - [TEST_STEP][FAILED] - verifyElementText: Actual text ' ' and expected text 'Flight number cannot be blank.' of test object 'Object Repository/serviceschedule/openschedule/add/alert message' are NOT matched.

2018-04-11 13:23:32 - [MESSAGE][FAILED] - Actual text ' ' and expected text 'Flight number cannot be blank.' of test object 'Object Repository/serviceschedule/openschedule/add/alert message' are NOT matched.

2018-04-11 13:23:32 - [TEST_STEP][PASSED] - Start listener action : sampleAfterTestCase: Taking screenshot successfully

2018-04-11 13:23:32 - [TEST_STEP][PASSED] - comment: Name: /xl/workbook.xml - Content Type: application/vnd.openxmlformats-officedocument.spreadsheetml.sheet.main+xml

2018-04-11 13:23:32 - [TEST_STEP][PASSED] - comment: null

2018-04-11 13:23:32 - [TEST_STEP][PASSED] - comment: 5

2018-04-11 13:23:32 - [TEST_STEP][PASSED] - comment: com.kms.katalon.core.context.internal.InternalTestCaseContext@75769ab0

2018-04-11 13:23:32 - [TEST_STEP][PASSED] - Statement - rowIndex = util.exportExcel.createRerportdetail(wb, rowIndex, testCaseContext): Taking screenshot successfully

2018-04-11 13:23:33 - [MESSAGE][PASSED] - Delayed 1 second(s)

2018-04-11 13:23:33 - [MESSAGE][PASSED] - Taking screenshot successfully
[[ATTACHMENT|D:\\Demo\\Katalon-Demo\\Reports\\serviceschdule\\add\\addOpenSchedule\\20180411_132239\\D:/testreport/addOpenSchedule/addOpenSchedule_11042018132242/TEST-ID-6.png]]]]></system-out>
         <system-err><![CDATA[2018-04-11 13:23:24 - [TEST_CASE][FAILED] - Test Cases/serviceschedule/openschedule/add/blankValue: Test Cases/serviceschedule/openschedule/add/blankValue FAILED because (of) Unable to click on object 'Object Repository/serviceschedule/openschedule/add/button_Open' (Root cause: org.openqa.selenium.ElementClickInterceptedException: Element <button id="btnOpen" class="btnOpen ui-button ui-corner-all ui-widget" type="button"> is not clickable at point (529.2500152587891,307.8499984741211) because another element <a class="ui-state-default" href="#"> obscures it
Build info: version: '3.7.1', revision: '8a0099a', time: '2017-11-06T21:07:36.161Z'
System info: host: 'PG-ADUL', ip: '172.27.98.17', os.name: 'Windows 10', os.arch: 'amd64', os.version: '10.0', java.version: '1.8.0_102'
Driver info: com.kms.katalon.core.webui.driver.firefox.CGeckoDriver
Capabilities {acceptInsecureCerts: true, browserName: firefox, browserVersion: 58.0.2, javascriptEnabled: true, moz:accessibilityChecks: false, moz:headless: false, moz:processID: 3116, moz:profile: C:\Users\Admin\AppData\Loca..., moz:webdriverClick: true, pageLoadStrategy: normal, platform: XP, platformName: XP, platformVersion: 10.0, proxy: Proxy(direct), rotatable: false, timeouts: {implicit: 0, pageLoad: 300000, script: 30000}}
Session ID: 6b74b4b0-016e-47dd-948c-cd52d25f6ff2)]]></system-err>
      </testcase>
      <testcase name="Test Cases/serviceschedule/openschedule/add/blankValue" classname="Test Cases/serviceschedule/openschedule/add/blankValue" status="FAILED">
         <failure type="FAILED" message="Unable to click on object 'Object Repository/serviceschedule/openschedule/add/button_Open' (Root cause: org.openqa.selenium.ElementClickInterceptedException: Element &lt;button id=&quot;btnOpen&quot; class=&quot;btnOpen ui-button ui-corner-all ui-widget&quot; type=&quot;button&quot;> is not clickable at point (529.2500152587891,307.8499984741211) because another element &lt;a class=&quot;ui-state-default&quot; href=&quot;#&quot;> obscures it
Build info: version: '3.7.1', revision: '8a0099a', time: '2017-11-06T21:07:36.161Z'
System info: host: 'PG-ADUL', ip: '172.27.98.17', os.name: 'Windows 10', os.arch: 'amd64', os.version: '10.0', java.version: '1.8.0_102'
Driver info: com.kms.katalon.core.webui.driver.firefox.CGeckoDriver
Capabilities {acceptInsecureCerts: true, browserName: firefox, browserVersion: 58.0.2, javascriptEnabled: true, moz:accessibilityChecks: false, moz:headless: false, moz:processID: 3116, moz:profile: C:\Users\Admin\AppData\Loca..., moz:webdriverClick: true, pageLoadStrategy: normal, platform: XP, platformName: XP, platformVersion: 10.0, proxy: Proxy(direct), rotatable: false, timeouts: {implicit: 0, pageLoad: 300000, script: 30000}}
Session ID: 6b74b4b0-016e-47dd-948c-cd52d25f6ff2)"/>
         <system-out><![CDATA[2018-04-11 13:23:33 - [TEST_CASE][FAILED] - Test Cases/serviceschedule/openschedule/add/blankValue: Test Cases/serviceschedule/openschedule/add/blankValue FAILED because (of) Unable to click on object 'Object Repository/serviceschedule/openschedule/add/button_Open' (Root cause: org.openqa.selenium.ElementClickInterceptedException: Element <button id="btnOpen" class="btnOpen ui-button ui-corner-all ui-widget" type="button"> is not clickable at point (529.2500152587891,307.8499984741211) because another element <a class="ui-state-default" href="#"> obscures it
Build info: version: '3.7.1', revision: '8a0099a', time: '2017-11-06T21:07:36.161Z'
System info: host: 'PG-ADUL', ip: '172.27.98.17', os.name: 'Windows 10', os.arch: 'amd64', os.version: '10.0', java.version: '1.8.0_102'
Driver info: com.kms.katalon.core.webui.driver.firefox.CGeckoDriver
Capabilities {acceptInsecureCerts: true, browserName: firefox, browserVersion: 58.0.2, javascriptEnabled: true, moz:accessibilityChecks: false, moz:headless: false, moz:processID: 3116, moz:profile: C:\Users\Admin\AppData\Loca..., moz:webdriverClick: true, pageLoadStrategy: normal, platform: XP, platformName: XP, platformVersion: 10.0, proxy: Proxy(direct), rotatable: false, timeouts: {implicit: 0, pageLoad: 300000, script: 30000}}
Session ID: 6b74b4b0-016e-47dd-948c-cd52d25f6ff2)

2018-04-11 13:23:33 - [TEST_STEP][PASSED] - Start listener action : sampleBeforeTestCase: Invoke 'com.kms.katalon.core.annotation.BeforeTestCase' method: 'CustimeListener.sampleBeforeTestCase(...)' completed.

2018-04-11 13:23:33 - [TEST_STEP][PASSED] - common.serviceschedule.addopenschedule.AddOpenSchedule.gotoPage: common.serviceschedule.addopenschedule.AddOpenSchedule.gotoPage is PASSED

2018-04-11 13:23:33 - [MESSAGE][PASSED] - Navigate to 'http://10.100.70.87:8080/cp_cambodia/jsp/serviceschedule/gotoAddOpenSchedule.action' successfully

2018-04-11 13:23:33 - [MESSAGE][PASSED] - common.serviceschedule.addopenschedule.AddOpenSchedule.gotoPage is PASSED

2018-04-11 13:23:33 - [TEST_STEP][PASSED] - common.serviceschedule.addopenschedule.AddOpenSchedule.setValueToInput: common.serviceschedule.addopenschedule.AddOpenSchedule.setValueToInput is PASSED

2018-04-11 13:23:33 - [MESSAGE][PASSED] - Text 'A1234A' is set on object 'Object Repository/serviceschedule/openschedule/add/input_openScManual.serviceNumb'

2018-04-11 13:23:33 - [MESSAGE][PASSED] - Object 'Object Repository/serviceschedule/openschedule/add/span_Arrival' is visible

2018-04-11 13:23:34 - [MESSAGE][PASSED] - Object: 'Object Repository/serviceschedule/openschedule/add/span_Arrival' is clicked on

2018-04-11 13:23:34 - [MESSAGE][PASSED] - Object 'Object Repository/serviceschedule/openschedule/add/ul_ArrivalDeparture' is visible

2018-04-11 13:23:35 - [MESSAGE][PASSED] - Delayed 1 second(s)

2018-04-11 13:23:35 - [MESSAGE][PASSED] - Text '' is set on object 'Object Repository/serviceschedule/openschedule/add/input_autocompleteDepturePortN'

2018-04-11 13:23:36 - [MESSAGE][PASSED] - Delayed 1 second(s)

2018-04-11 13:23:36 - [MESSAGE][PASSED] - Text 'DMK' is set on object 'Object Repository/serviceschedule/openschedule/add/input_autocompleteArrivalPortN'

2018-04-11 13:23:37 - [MESSAGE][PASSED] - Delayed 1 second(s)

2018-04-11 13:23:37 - [MESSAGE][PASSED] - Keys 'CONTROL + a' sent to object: 'Object Repository/serviceschedule/openschedule/add/input_openScManual_depDate_dd_'

2018-04-11 13:23:37 - [MESSAGE][PASSED] - Keys 'CONTROL + a' sent to object: 'Object Repository/serviceschedule/openschedule/add/input_openScManual_arrDate_dd_'

2018-04-11 13:23:38 - [MESSAGE][PASSED] - Keys 'CONTROL + a' sent to object: 'Object Repository/serviceschedule/openschedule/add/input_openScManual_arrTime_hh_'

2018-04-11 13:23:38 - [MESSAGE][PASSED] - Keys 'CONTROL + a' sent to object: 'Object Repository/serviceschedule/openschedule/add/input_openScManual_depTime_hh_'

2018-04-11 13:23:39 - [MESSAGE][PASSED] - Delayed 1 second(s)

2018-04-11 13:23:39 - [MESSAGE][PASSED] - common.serviceschedule.addopenschedule.AddOpenSchedule.setValueToInput is PASSED

2018-04-11 13:23:39 - [TEST_STEP][FAILED] - click: Unable to click on object 'Object Repository/serviceschedule/openschedule/add/button_Open' (Root cause: org.openqa.selenium.ElementClickInterceptedException: Element <button id="btnOpen" class="btnOpen ui-button ui-corner-all ui-widget" type="button"> is not clickable at point (529.2500152587891,307.8499984741211) because another element <a class="ui-state-default" href="#"> obscures it
Build info: version: '3.7.1', revision: '8a0099a', time: '2017-11-06T21:07:36.161Z'
System info: host: 'PG-ADUL', ip: '172.27.98.17', os.name: 'Windows 10', os.arch: 'amd64', os.version: '10.0', java.version: '1.8.0_102'
Driver info: com.kms.katalon.core.webui.driver.firefox.CGeckoDriver
Capabilities {acceptInsecureCerts: true, browserName: firefox, browserVersion: 58.0.2, javascriptEnabled: true, moz:accessibilityChecks: false, moz:headless: false, moz:processID: 3116, moz:profile: C:\Users\Admin\AppData\Loca..., moz:webdriverClick: true, pageLoadStrategy: normal, platform: XP, platformName: XP, platformVersion: 10.0, proxy: Proxy(direct), rotatable: false, timeouts: {implicit: 0, pageLoad: 300000, script: 30000}}
Session ID: 6b74b4b0-016e-47dd-948c-cd52d25f6ff2)

2018-04-11 13:23:39 - [MESSAGE][FAILED] - Unable to click on object 'Object Repository/serviceschedule/openschedule/add/button_Open' (Root cause: org.openqa.selenium.ElementClickInterceptedException: Element <button id="btnOpen" class="btnOpen ui-button ui-corner-all ui-widget" type="button"> is not clickable at point (529.2500152587891,307.8499984741211) because another element <a class="ui-state-default" href="#"> obscures it
Build info: version: '3.7.1', revision: '8a0099a', time: '2017-11-06T21:07:36.161Z'
System info: host: 'PG-ADUL', ip: '172.27.98.17', os.name: 'Windows 10', os.arch: 'amd64', os.version: '10.0', java.version: '1.8.0_102'
Driver info: com.kms.katalon.core.webui.driver.firefox.CGeckoDriver
Capabilities {acceptInsecureCerts: true, browserName: firefox, browserVersion: 58.0.2, javascriptEnabled: true, moz:accessibilityChecks: false, moz:headless: false, moz:processID: 3116, moz:profile: C:\Users\Admin\AppData\Loca..., moz:webdriverClick: true, pageLoadStrategy: normal, platform: XP, platformName: XP, platformVersion: 10.0, proxy: Proxy(direct), rotatable: false, timeouts: {implicit: 0, pageLoad: 300000, script: 30000}}
Session ID: 6b74b4b0-016e-47dd-948c-cd52d25f6ff2)

2018-04-11 13:23:39 - [TEST_STEP][FAILED] - verifyElementText: Actual text ' ' and expected text 'Departure port cannot be blank.' of test object 'Object Repository/serviceschedule/openschedule/add/alert message' are NOT matched.

2018-04-11 13:23:39 - [MESSAGE][FAILED] - Actual text ' ' and expected text 'Departure port cannot be blank.' of test object 'Object Repository/serviceschedule/openschedule/add/alert message' are NOT matched.

2018-04-11 13:23:39 - [TEST_STEP][PASSED] - Start listener action : sampleAfterTestCase: Taking screenshot successfully

2018-04-11 13:23:39 - [TEST_STEP][PASSED] - comment: Name: /xl/workbook.xml - Content Type: application/vnd.openxmlformats-officedocument.spreadsheetml.sheet.main+xml

2018-04-11 13:23:39 - [TEST_STEP][PASSED] - comment: null

2018-04-11 13:23:39 - [TEST_STEP][PASSED] - comment: 6

2018-04-11 13:23:39 - [TEST_STEP][PASSED] - comment: com.kms.katalon.core.context.internal.InternalTestCaseContext@2015b2cd

2018-04-11 13:23:39 - [TEST_STEP][PASSED] - Statement - rowIndex = util.exportExcel.createRerportdetail(wb, rowIndex, testCaseContext): Taking screenshot successfully

2018-04-11 13:23:40 - [MESSAGE][PASSED] - Delayed 1 second(s)

2018-04-11 13:23:40 - [MESSAGE][PASSED] - Taking screenshot successfully
[[ATTACHMENT|D:\\Demo\\Katalon-Demo\\Reports\\serviceschdule\\add\\addOpenSchedule\\20180411_132239\\D:/testreport/addOpenSchedule/addOpenSchedule_11042018132242/TEST-ID-7.png]]]]></system-out>
         <system-err><![CDATA[2018-04-11 13:23:33 - [TEST_CASE][FAILED] - Test Cases/serviceschedule/openschedule/add/blankValue: Test Cases/serviceschedule/openschedule/add/blankValue FAILED because (of) Unable to click on object 'Object Repository/serviceschedule/openschedule/add/button_Open' (Root cause: org.openqa.selenium.ElementClickInterceptedException: Element <button id="btnOpen" class="btnOpen ui-button ui-corner-all ui-widget" type="button"> is not clickable at point (529.2500152587891,307.8499984741211) because another element <a class="ui-state-default" href="#"> obscures it
Build info: version: '3.7.1', revision: '8a0099a', time: '2017-11-06T21:07:36.161Z'
System info: host: 'PG-ADUL', ip: '172.27.98.17', os.name: 'Windows 10', os.arch: 'amd64', os.version: '10.0', java.version: '1.8.0_102'
Driver info: com.kms.katalon.core.webui.driver.firefox.CGeckoDriver
Capabilities {acceptInsecureCerts: true, browserName: firefox, browserVersion: 58.0.2, javascriptEnabled: true, moz:accessibilityChecks: false, moz:headless: false, moz:processID: 3116, moz:profile: C:\Users\Admin\AppData\Loca..., moz:webdriverClick: true, pageLoadStrategy: normal, platform: XP, platformName: XP, platformVersion: 10.0, proxy: Proxy(direct), rotatable: false, timeouts: {implicit: 0, pageLoad: 300000, script: 30000}}
Session ID: 6b74b4b0-016e-47dd-948c-cd52d25f6ff2)]]></system-err>
      </testcase>
      <testcase name="Test Cases/serviceschedule/openschedule/add/blankValue" classname="Test Cases/serviceschedule/openschedule/add/blankValue" status="FAILED">
         <failure type="FAILED" message="Unable to click on object 'Object Repository/serviceschedule/openschedule/add/button_Open' (Root cause: org.openqa.selenium.ElementClickInterceptedException: Element &lt;button id=&quot;btnOpen&quot; class=&quot;btnOpen ui-button ui-corner-all ui-widget&quot; type=&quot;button&quot;> is not clickable at point (529.2500152587891,307.8499984741211) because another element &lt;a class=&quot;ui-state-default&quot; href=&quot;#&quot;> obscures it
Build info: version: '3.7.1', revision: '8a0099a', time: '2017-11-06T21:07:36.161Z'
System info: host: 'PG-ADUL', ip: '172.27.98.17', os.name: 'Windows 10', os.arch: 'amd64', os.version: '10.0', java.version: '1.8.0_102'
Driver info: com.kms.katalon.core.webui.driver.firefox.CGeckoDriver
Capabilities {acceptInsecureCerts: true, browserName: firefox, browserVersion: 58.0.2, javascriptEnabled: true, moz:accessibilityChecks: false, moz:headless: false, moz:processID: 3116, moz:profile: C:\Users\Admin\AppData\Loca..., moz:webdriverClick: true, pageLoadStrategy: normal, platform: XP, platformName: XP, platformVersion: 10.0, proxy: Proxy(direct), rotatable: false, timeouts: {implicit: 0, pageLoad: 300000, script: 30000}}
Session ID: 6b74b4b0-016e-47dd-948c-cd52d25f6ff2)"/>
         <system-out><![CDATA[2018-04-11 13:23:40 - [TEST_CASE][FAILED] - Test Cases/serviceschedule/openschedule/add/blankValue: Test Cases/serviceschedule/openschedule/add/blankValue FAILED because (of) Unable to click on object 'Object Repository/serviceschedule/openschedule/add/button_Open' (Root cause: org.openqa.selenium.ElementClickInterceptedException: Element <button id="btnOpen" class="btnOpen ui-button ui-corner-all ui-widget" type="button"> is not clickable at point (529.2500152587891,307.8499984741211) because another element <a class="ui-state-default" href="#"> obscures it
Build info: version: '3.7.1', revision: '8a0099a', time: '2017-11-06T21:07:36.161Z'
System info: host: 'PG-ADUL', ip: '172.27.98.17', os.name: 'Windows 10', os.arch: 'amd64', os.version: '10.0', java.version: '1.8.0_102'
Driver info: com.kms.katalon.core.webui.driver.firefox.CGeckoDriver
Capabilities {acceptInsecureCerts: true, browserName: firefox, browserVersion: 58.0.2, javascriptEnabled: true, moz:accessibilityChecks: false, moz:headless: false, moz:processID: 3116, moz:profile: C:\Users\Admin\AppData\Loca..., moz:webdriverClick: true, pageLoadStrategy: normal, platform: XP, platformName: XP, platformVersion: 10.0, proxy: Proxy(direct), rotatable: false, timeouts: {implicit: 0, pageLoad: 300000, script: 30000}}
Session ID: 6b74b4b0-016e-47dd-948c-cd52d25f6ff2)

2018-04-11 13:23:40 - [TEST_STEP][PASSED] - Start listener action : sampleBeforeTestCase: Invoke 'com.kms.katalon.core.annotation.BeforeTestCase' method: 'CustimeListener.sampleBeforeTestCase(...)' completed.

2018-04-11 13:23:40 - [TEST_STEP][PASSED] - common.serviceschedule.addopenschedule.AddOpenSchedule.gotoPage: common.serviceschedule.addopenschedule.AddOpenSchedule.gotoPage is PASSED

2018-04-11 13:23:40 - [MESSAGE][PASSED] - Navigate to 'http://10.100.70.87:8080/cp_cambodia/jsp/serviceschedule/gotoAddOpenSchedule.action' successfully

2018-04-11 13:23:40 - [MESSAGE][PASSED] - common.serviceschedule.addopenschedule.AddOpenSchedule.gotoPage is PASSED

2018-04-11 13:23:40 - [TEST_STEP][PASSED] - common.serviceschedule.addopenschedule.AddOpenSchedule.setValueToInput: common.serviceschedule.addopenschedule.AddOpenSchedule.setValueToInput is PASSED

2018-04-11 13:23:40 - [MESSAGE][PASSED] - Text 'A1234A' is set on object 'Object Repository/serviceschedule/openschedule/add/input_openScManual.serviceNumb'

2018-04-11 13:23:40 - [MESSAGE][PASSED] - Object 'Object Repository/serviceschedule/openschedule/add/span_Arrival' is visible

2018-04-11 13:23:41 - [MESSAGE][PASSED] - Object: 'Object Repository/serviceschedule/openschedule/add/span_Arrival' is clicked on

2018-04-11 13:23:41 - [MESSAGE][PASSED] - Object 'Object Repository/serviceschedule/openschedule/add/ul_ArrivalDeparture' is visible

2018-04-11 13:23:42 - [MESSAGE][PASSED] - Delayed 1 second(s)

2018-04-11 13:23:42 - [MESSAGE][PASSED] - Text 'PQQ' is set on object 'Object Repository/serviceschedule/openschedule/add/input_autocompleteDepturePortN'

2018-04-11 13:23:43 - [MESSAGE][PASSED] - Delayed 1 second(s)

2018-04-11 13:23:43 - [MESSAGE][PASSED] - Text '' is set on object 'Object Repository/serviceschedule/openschedule/add/input_autocompleteArrivalPortN'

2018-04-11 13:23:44 - [MESSAGE][PASSED] - Delayed 1 second(s)

2018-04-11 13:23:44 - [MESSAGE][PASSED] - Keys 'CONTROL + a' sent to object: 'Object Repository/serviceschedule/openschedule/add/input_openScManual_depDate_dd_'

2018-04-11 13:23:45 - [MESSAGE][PASSED] - Keys 'CONTROL + a' sent to object: 'Object Repository/serviceschedule/openschedule/add/input_openScManual_arrDate_dd_'

2018-04-11 13:23:45 - [MESSAGE][PASSED] - Keys 'CONTROL + a' sent to object: 'Object Repository/serviceschedule/openschedule/add/input_openScManual_arrTime_hh_'

2018-04-11 13:23:45 - [MESSAGE][PASSED] - Keys 'CONTROL + a' sent to object: 'Object Repository/serviceschedule/openschedule/add/input_openScManual_depTime_hh_'

2018-04-11 13:23:46 - [MESSAGE][PASSED] - Delayed 1 second(s)

2018-04-11 13:23:46 - [MESSAGE][PASSED] - common.serviceschedule.addopenschedule.AddOpenSchedule.setValueToInput is PASSED

2018-04-11 13:23:46 - [TEST_STEP][FAILED] - click: Unable to click on object 'Object Repository/serviceschedule/openschedule/add/button_Open' (Root cause: org.openqa.selenium.ElementClickInterceptedException: Element <button id="btnOpen" class="btnOpen ui-button ui-corner-all ui-widget" type="button"> is not clickable at point (529.2500152587891,307.8499984741211) because another element <a class="ui-state-default" href="#"> obscures it
Build info: version: '3.7.1', revision: '8a0099a', time: '2017-11-06T21:07:36.161Z'
System info: host: 'PG-ADUL', ip: '172.27.98.17', os.name: 'Windows 10', os.arch: 'amd64', os.version: '10.0', java.version: '1.8.0_102'
Driver info: com.kms.katalon.core.webui.driver.firefox.CGeckoDriver
Capabilities {acceptInsecureCerts: true, browserName: firefox, browserVersion: 58.0.2, javascriptEnabled: true, moz:accessibilityChecks: false, moz:headless: false, moz:processID: 3116, moz:profile: C:\Users\Admin\AppData\Loca..., moz:webdriverClick: true, pageLoadStrategy: normal, platform: XP, platformName: XP, platformVersion: 10.0, proxy: Proxy(direct), rotatable: false, timeouts: {implicit: 0, pageLoad: 300000, script: 30000}}
Session ID: 6b74b4b0-016e-47dd-948c-cd52d25f6ff2)

2018-04-11 13:23:46 - [MESSAGE][FAILED] - Unable to click on object 'Object Repository/serviceschedule/openschedule/add/button_Open' (Root cause: org.openqa.selenium.ElementClickInterceptedException: Element <button id="btnOpen" class="btnOpen ui-button ui-corner-all ui-widget" type="button"> is not clickable at point (529.2500152587891,307.8499984741211) because another element <a class="ui-state-default" href="#"> obscures it
Build info: version: '3.7.1', revision: '8a0099a', time: '2017-11-06T21:07:36.161Z'
System info: host: 'PG-ADUL', ip: '172.27.98.17', os.name: 'Windows 10', os.arch: 'amd64', os.version: '10.0', java.version: '1.8.0_102'
Driver info: com.kms.katalon.core.webui.driver.firefox.CGeckoDriver
Capabilities {acceptInsecureCerts: true, browserName: firefox, browserVersion: 58.0.2, javascriptEnabled: true, moz:accessibilityChecks: false, moz:headless: false, moz:processID: 3116, moz:profile: C:\Users\Admin\AppData\Loca..., moz:webdriverClick: true, pageLoadStrategy: normal, platform: XP, platformName: XP, platformVersion: 10.0, proxy: Proxy(direct), rotatable: false, timeouts: {implicit: 0, pageLoad: 300000, script: 30000}}
Session ID: 6b74b4b0-016e-47dd-948c-cd52d25f6ff2)

2018-04-11 13:23:46 - [TEST_STEP][FAILED] - verifyElementText: Actual text ' ' and expected text 'Arrival port cannot be blank.' of test object 'Object Repository/serviceschedule/openschedule/add/alert message' are NOT matched.

2018-04-11 13:23:46 - [MESSAGE][FAILED] - Actual text ' ' and expected text 'Arrival port cannot be blank.' of test object 'Object Repository/serviceschedule/openschedule/add/alert message' are NOT matched.

2018-04-11 13:23:46 - [TEST_STEP][PASSED] - Start listener action : sampleAfterTestCase: Taking screenshot successfully

2018-04-11 13:23:46 - [TEST_STEP][PASSED] - comment: Name: /xl/workbook.xml - Content Type: application/vnd.openxmlformats-officedocument.spreadsheetml.sheet.main+xml

2018-04-11 13:23:46 - [TEST_STEP][PASSED] - comment: null

2018-04-11 13:23:46 - [TEST_STEP][PASSED] - comment: 7

2018-04-11 13:23:46 - [TEST_STEP][PASSED] - comment: com.kms.katalon.core.context.internal.InternalTestCaseContext@3d7b1f1c

2018-04-11 13:23:46 - [TEST_STEP][PASSED] - Statement - rowIndex = util.exportExcel.createRerportdetail(wb, rowIndex, testCaseContext): Taking screenshot successfully

2018-04-11 13:23:47 - [MESSAGE][PASSED] - Delayed 1 second(s)

2018-04-11 13:23:47 - [MESSAGE][PASSED] - Taking screenshot successfully
[[ATTACHMENT|D:\\Demo\\Katalon-Demo\\Reports\\serviceschdule\\add\\addOpenSchedule\\20180411_132239\\D:/testreport/addOpenSchedule/addOpenSchedule_11042018132242/TEST-ID-8.png]]]]></system-out>
         <system-err><![CDATA[2018-04-11 13:23:40 - [TEST_CASE][FAILED] - Test Cases/serviceschedule/openschedule/add/blankValue: Test Cases/serviceschedule/openschedule/add/blankValue FAILED because (of) Unable to click on object 'Object Repository/serviceschedule/openschedule/add/button_Open' (Root cause: org.openqa.selenium.ElementClickInterceptedException: Element <button id="btnOpen" class="btnOpen ui-button ui-corner-all ui-widget" type="button"> is not clickable at point (529.2500152587891,307.8499984741211) because another element <a class="ui-state-default" href="#"> obscures it
Build info: version: '3.7.1', revision: '8a0099a', time: '2017-11-06T21:07:36.161Z'
System info: host: 'PG-ADUL', ip: '172.27.98.17', os.name: 'Windows 10', os.arch: 'amd64', os.version: '10.0', java.version: '1.8.0_102'
Driver info: com.kms.katalon.core.webui.driver.firefox.CGeckoDriver
Capabilities {acceptInsecureCerts: true, browserName: firefox, browserVersion: 58.0.2, javascriptEnabled: true, moz:accessibilityChecks: false, moz:headless: false, moz:processID: 3116, moz:profile: C:\Users\Admin\AppData\Loca..., moz:webdriverClick: true, pageLoadStrategy: normal, platform: XP, platformName: XP, platformVersion: 10.0, proxy: Proxy(direct), rotatable: false, timeouts: {implicit: 0, pageLoad: 300000, script: 30000}}
Session ID: 6b74b4b0-016e-47dd-948c-cd52d25f6ff2)]]></system-err>
      </testcase>
      <testcase name="Test Cases/serviceschedule/openschedule/add/blankValue" classname="Test Cases/serviceschedule/openschedule/add/blankValue" status="FAILED">
         <failure type="FAILED" message="Unable to click on object 'Object Repository/serviceschedule/openschedule/add/button_Open' (Root cause: org.openqa.selenium.ElementClickInterceptedException: Element &lt;button id=&quot;btnOpen&quot; class=&quot;btnOpen ui-button ui-corner-all ui-widget&quot; type=&quot;button&quot;> is not clickable at point (529.2500152587891,307.8499984741211) because another element &lt;a class=&quot;ui-state-default&quot; href=&quot;#&quot;> obscures it
Build info: version: '3.7.1', revision: '8a0099a', time: '2017-11-06T21:07:36.161Z'
System info: host: 'PG-ADUL', ip: '172.27.98.17', os.name: 'Windows 10', os.arch: 'amd64', os.version: '10.0', java.version: '1.8.0_102'
Driver info: com.kms.katalon.core.webui.driver.firefox.CGeckoDriver
Capabilities {acceptInsecureCerts: true, browserName: firefox, browserVersion: 58.0.2, javascriptEnabled: true, moz:accessibilityChecks: false, moz:headless: false, moz:processID: 3116, moz:profile: C:\Users\Admin\AppData\Loca..., moz:webdriverClick: true, pageLoadStrategy: normal, platform: XP, platformName: XP, platformVersion: 10.0, proxy: Proxy(direct), rotatable: false, timeouts: {implicit: 0, pageLoad: 300000, script: 30000}}
Session ID: 6b74b4b0-016e-47dd-948c-cd52d25f6ff2)"/>
         <system-out><![CDATA[2018-04-11 13:23:47 - [TEST_CASE][FAILED] - Test Cases/serviceschedule/openschedule/add/blankValue: Test Cases/serviceschedule/openschedule/add/blankValue FAILED because (of) Unable to click on object 'Object Repository/serviceschedule/openschedule/add/button_Open' (Root cause: org.openqa.selenium.ElementClickInterceptedException: Element <button id="btnOpen" class="btnOpen ui-button ui-corner-all ui-widget" type="button"> is not clickable at point (529.2500152587891,307.8499984741211) because another element <a class="ui-state-default" href="#"> obscures it
Build info: version: '3.7.1', revision: '8a0099a', time: '2017-11-06T21:07:36.161Z'
System info: host: 'PG-ADUL', ip: '172.27.98.17', os.name: 'Windows 10', os.arch: 'amd64', os.version: '10.0', java.version: '1.8.0_102'
Driver info: com.kms.katalon.core.webui.driver.firefox.CGeckoDriver
Capabilities {acceptInsecureCerts: true, browserName: firefox, browserVersion: 58.0.2, javascriptEnabled: true, moz:accessibilityChecks: false, moz:headless: false, moz:processID: 3116, moz:profile: C:\Users\Admin\AppData\Loca..., moz:webdriverClick: true, pageLoadStrategy: normal, platform: XP, platformName: XP, platformVersion: 10.0, proxy: Proxy(direct), rotatable: false, timeouts: {implicit: 0, pageLoad: 300000, script: 30000}}
Session ID: 6b74b4b0-016e-47dd-948c-cd52d25f6ff2)

2018-04-11 13:23:47 - [TEST_STEP][PASSED] - Start listener action : sampleBeforeTestCase: Invoke 'com.kms.katalon.core.annotation.BeforeTestCase' method: 'CustimeListener.sampleBeforeTestCase(...)' completed.

2018-04-11 13:23:47 - [TEST_STEP][PASSED] - common.serviceschedule.addopenschedule.AddOpenSchedule.gotoPage: common.serviceschedule.addopenschedule.AddOpenSchedule.gotoPage is PASSED

2018-04-11 13:23:47 - [MESSAGE][PASSED] - Navigate to 'http://10.100.70.87:8080/cp_cambodia/jsp/serviceschedule/gotoAddOpenSchedule.action' successfully

2018-04-11 13:23:47 - [MESSAGE][PASSED] - common.serviceschedule.addopenschedule.AddOpenSchedule.gotoPage is PASSED

2018-04-11 13:23:47 - [TEST_STEP][PASSED] - common.serviceschedule.addopenschedule.AddOpenSchedule.setValueToInput: common.serviceschedule.addopenschedule.AddOpenSchedule.setValueToInput is PASSED

2018-04-11 13:23:47 - [MESSAGE][PASSED] - Text 'A1234A' is set on object 'Object Repository/serviceschedule/openschedule/add/input_openScManual.serviceNumb'

2018-04-11 13:23:47 - [MESSAGE][PASSED] - Object 'Object Repository/serviceschedule/openschedule/add/span_Arrival' is visible

2018-04-11 13:23:48 - [MESSAGE][PASSED] - Object: 'Object Repository/serviceschedule/openschedule/add/span_Arrival' is clicked on

2018-04-11 13:23:48 - [MESSAGE][PASSED] - Object 'Object Repository/serviceschedule/openschedule/add/ul_ArrivalDeparture' is visible

2018-04-11 13:23:49 - [MESSAGE][PASSED] - Delayed 1 second(s)

2018-04-11 13:23:49 - [MESSAGE][PASSED] - Text 'PQQ' is set on object 'Object Repository/serviceschedule/openschedule/add/input_autocompleteDepturePortN'

2018-04-11 13:23:50 - [MESSAGE][PASSED] - Delayed 1 second(s)

2018-04-11 13:23:50 - [MESSAGE][PASSED] - Text 'DMK' is set on object 'Object Repository/serviceschedule/openschedule/add/input_autocompleteArrivalPortN'

2018-04-11 13:23:51 - [MESSAGE][PASSED] - Delayed 1 second(s)

2018-04-11 13:23:51 - [MESSAGE][PASSED] - Keys 'CONTROL + a' sent to object: 'Object Repository/serviceschedule/openschedule/add/input_openScManual_depDate_dd_'

2018-04-11 13:23:52 - [MESSAGE][PASSED] - Keys 'CONTROL + a' sent to object: 'Object Repository/serviceschedule/openschedule/add/input_openScManual_arrDate_dd_'

2018-04-11 13:23:52 - [MESSAGE][PASSED] - Keys 'CONTROL + a' sent to object: 'Object Repository/serviceschedule/openschedule/add/input_openScManual_arrTime_hh_'

2018-04-11 13:23:52 - [MESSAGE][PASSED] - Keys 'CONTROL + a' sent to object: 'Object Repository/serviceschedule/openschedule/add/input_openScManual_depTime_hh_'

2018-04-11 13:23:53 - [MESSAGE][PASSED] - Delayed 1 second(s)

2018-04-11 13:23:53 - [MESSAGE][PASSED] - common.serviceschedule.addopenschedule.AddOpenSchedule.setValueToInput is PASSED

2018-04-11 13:23:53 - [TEST_STEP][FAILED] - click: Unable to click on object 'Object Repository/serviceschedule/openschedule/add/button_Open' (Root cause: org.openqa.selenium.ElementClickInterceptedException: Element <button id="btnOpen" class="btnOpen ui-button ui-corner-all ui-widget" type="button"> is not clickable at point (529.2500152587891,307.8499984741211) because another element <a class="ui-state-default" href="#"> obscures it
Build info: version: '3.7.1', revision: '8a0099a', time: '2017-11-06T21:07:36.161Z'
System info: host: 'PG-ADUL', ip: '172.27.98.17', os.name: 'Windows 10', os.arch: 'amd64', os.version: '10.0', java.version: '1.8.0_102'
Driver info: com.kms.katalon.core.webui.driver.firefox.CGeckoDriver
Capabilities {acceptInsecureCerts: true, browserName: firefox, browserVersion: 58.0.2, javascriptEnabled: true, moz:accessibilityChecks: false, moz:headless: false, moz:processID: 3116, moz:profile: C:\Users\Admin\AppData\Loca..., moz:webdriverClick: true, pageLoadStrategy: normal, platform: XP, platformName: XP, platformVersion: 10.0, proxy: Proxy(direct), rotatable: false, timeouts: {implicit: 0, pageLoad: 300000, script: 30000}}
Session ID: 6b74b4b0-016e-47dd-948c-cd52d25f6ff2)

2018-04-11 13:23:53 - [MESSAGE][FAILED] - Unable to click on object 'Object Repository/serviceschedule/openschedule/add/button_Open' (Root cause: org.openqa.selenium.ElementClickInterceptedException: Element <button id="btnOpen" class="btnOpen ui-button ui-corner-all ui-widget" type="button"> is not clickable at point (529.2500152587891,307.8499984741211) because another element <a class="ui-state-default" href="#"> obscures it
Build info: version: '3.7.1', revision: '8a0099a', time: '2017-11-06T21:07:36.161Z'
System info: host: 'PG-ADUL', ip: '172.27.98.17', os.name: 'Windows 10', os.arch: 'amd64', os.version: '10.0', java.version: '1.8.0_102'
Driver info: com.kms.katalon.core.webui.driver.firefox.CGeckoDriver
Capabilities {acceptInsecureCerts: true, browserName: firefox, browserVersion: 58.0.2, javascriptEnabled: true, moz:accessibilityChecks: false, moz:headless: false, moz:processID: 3116, moz:profile: C:\Users\Admin\AppData\Loca..., moz:webdriverClick: true, pageLoadStrategy: normal, platform: XP, platformName: XP, platformVersion: 10.0, proxy: Proxy(direct), rotatable: false, timeouts: {implicit: 0, pageLoad: 300000, script: 30000}}
Session ID: 6b74b4b0-016e-47dd-948c-cd52d25f6ff2)

2018-04-11 13:23:53 - [TEST_STEP][FAILED] - verifyElementText: Actual text ' ' and expected text 'Departure date cannot be blank.' of test object 'Object Repository/serviceschedule/openschedule/add/alert message' are NOT matched.

2018-04-11 13:23:53 - [MESSAGE][FAILED] - Actual text ' ' and expected text 'Departure date cannot be blank.' of test object 'Object Repository/serviceschedule/openschedule/add/alert message' are NOT matched.

2018-04-11 13:23:53 - [TEST_STEP][PASSED] - Start listener action : sampleAfterTestCase: Taking screenshot successfully

2018-04-11 13:23:53 - [TEST_STEP][PASSED] - comment: Name: /xl/workbook.xml - Content Type: application/vnd.openxmlformats-officedocument.spreadsheetml.sheet.main+xml

2018-04-11 13:23:53 - [TEST_STEP][PASSED] - comment: null

2018-04-11 13:23:53 - [TEST_STEP][PASSED] - comment: 8

2018-04-11 13:23:53 - [TEST_STEP][PASSED] - comment: com.kms.katalon.core.context.internal.InternalTestCaseContext@7a1f45ed

2018-04-11 13:23:53 - [TEST_STEP][PASSED] - Statement - rowIndex = util.exportExcel.createRerportdetail(wb, rowIndex, testCaseContext): Taking screenshot successfully

2018-04-11 13:23:54 - [MESSAGE][PASSED] - Delayed 1 second(s)

2018-04-11 13:23:54 - [MESSAGE][PASSED] - Taking screenshot successfully
[[ATTACHMENT|D:\\Demo\\Katalon-Demo\\Reports\\serviceschdule\\add\\addOpenSchedule\\20180411_132239\\D:/testreport/addOpenSchedule/addOpenSchedule_11042018132242/TEST-ID-9.png]]]]></system-out>
         <system-err><![CDATA[2018-04-11 13:23:47 - [TEST_CASE][FAILED] - Test Cases/serviceschedule/openschedule/add/blankValue: Test Cases/serviceschedule/openschedule/add/blankValue FAILED because (of) Unable to click on object 'Object Repository/serviceschedule/openschedule/add/button_Open' (Root cause: org.openqa.selenium.ElementClickInterceptedException: Element <button id="btnOpen" class="btnOpen ui-button ui-corner-all ui-widget" type="button"> is not clickable at point (529.2500152587891,307.8499984741211) because another element <a class="ui-state-default" href="#"> obscures it
Build info: version: '3.7.1', revision: '8a0099a', time: '2017-11-06T21:07:36.161Z'
System info: host: 'PG-ADUL', ip: '172.27.98.17', os.name: 'Windows 10', os.arch: 'amd64', os.version: '10.0', java.version: '1.8.0_102'
Driver info: com.kms.katalon.core.webui.driver.firefox.CGeckoDriver
Capabilities {acceptInsecureCerts: true, browserName: firefox, browserVersion: 58.0.2, javascriptEnabled: true, moz:accessibilityChecks: false, moz:headless: false, moz:processID: 3116, moz:profile: C:\Users\Admin\AppData\Loca..., moz:webdriverClick: true, pageLoadStrategy: normal, platform: XP, platformName: XP, platformVersion: 10.0, proxy: Proxy(direct), rotatable: false, timeouts: {implicit: 0, pageLoad: 300000, script: 30000}}
Session ID: 6b74b4b0-016e-47dd-948c-cd52d25f6ff2)]]></system-err>
      </testcase>
      <testcase name="Test Cases/serviceschedule/openschedule/add/blankValue" classname="Test Cases/serviceschedule/openschedule/add/blankValue" status="FAILED">
         <failure type="FAILED" message="Unable to click on object 'Object Repository/serviceschedule/openschedule/add/button_Open' (Root cause: org.openqa.selenium.ElementClickInterceptedException: Element &lt;button id=&quot;btnOpen&quot; class=&quot;btnOpen ui-button ui-corner-all ui-widget&quot; type=&quot;button&quot;> is not clickable at point (529.2500152587891,307.8499984741211) because another element &lt;a class=&quot;ui-state-default&quot; href=&quot;#&quot;> obscures it
Build info: version: '3.7.1', revision: '8a0099a', time: '2017-11-06T21:07:36.161Z'
System info: host: 'PG-ADUL', ip: '172.27.98.17', os.name: 'Windows 10', os.arch: 'amd64', os.version: '10.0', java.version: '1.8.0_102'
Driver info: com.kms.katalon.core.webui.driver.firefox.CGeckoDriver
Capabilities {acceptInsecureCerts: true, browserName: firefox, browserVersion: 58.0.2, javascriptEnabled: true, moz:accessibilityChecks: false, moz:headless: false, moz:processID: 3116, moz:profile: C:\Users\Admin\AppData\Loca..., moz:webdriverClick: true, pageLoadStrategy: normal, platform: XP, platformName: XP, platformVersion: 10.0, proxy: Proxy(direct), rotatable: false, timeouts: {implicit: 0, pageLoad: 300000, script: 30000}}
Session ID: 6b74b4b0-016e-47dd-948c-cd52d25f6ff2)"/>
         <system-out><![CDATA[2018-04-11 13:23:54 - [TEST_CASE][FAILED] - Test Cases/serviceschedule/openschedule/add/blankValue: Test Cases/serviceschedule/openschedule/add/blankValue FAILED because (of) Unable to click on object 'Object Repository/serviceschedule/openschedule/add/button_Open' (Root cause: org.openqa.selenium.ElementClickInterceptedException: Element <button id="btnOpen" class="btnOpen ui-button ui-corner-all ui-widget" type="button"> is not clickable at point (529.2500152587891,307.8499984741211) because another element <a class="ui-state-default" href="#"> obscures it
Build info: version: '3.7.1', revision: '8a0099a', time: '2017-11-06T21:07:36.161Z'
System info: host: 'PG-ADUL', ip: '172.27.98.17', os.name: 'Windows 10', os.arch: 'amd64', os.version: '10.0', java.version: '1.8.0_102'
Driver info: com.kms.katalon.core.webui.driver.firefox.CGeckoDriver
Capabilities {acceptInsecureCerts: true, browserName: firefox, browserVersion: 58.0.2, javascriptEnabled: true, moz:accessibilityChecks: false, moz:headless: false, moz:processID: 3116, moz:profile: C:\Users\Admin\AppData\Loca..., moz:webdriverClick: true, pageLoadStrategy: normal, platform: XP, platformName: XP, platformVersion: 10.0, proxy: Proxy(direct), rotatable: false, timeouts: {implicit: 0, pageLoad: 300000, script: 30000}}
Session ID: 6b74b4b0-016e-47dd-948c-cd52d25f6ff2)

2018-04-11 13:23:54 - [TEST_STEP][PASSED] - Start listener action : sampleBeforeTestCase: Invoke 'com.kms.katalon.core.annotation.BeforeTestCase' method: 'CustimeListener.sampleBeforeTestCase(...)' completed.

2018-04-11 13:23:54 - [TEST_STEP][PASSED] - common.serviceschedule.addopenschedule.AddOpenSchedule.gotoPage: common.serviceschedule.addopenschedule.AddOpenSchedule.gotoPage is PASSED

2018-04-11 13:23:54 - [MESSAGE][PASSED] - Navigate to 'http://10.100.70.87:8080/cp_cambodia/jsp/serviceschedule/gotoAddOpenSchedule.action' successfully

2018-04-11 13:23:54 - [MESSAGE][PASSED] - common.serviceschedule.addopenschedule.AddOpenSchedule.gotoPage is PASSED

2018-04-11 13:23:54 - [TEST_STEP][PASSED] - common.serviceschedule.addopenschedule.AddOpenSchedule.setValueToInput: common.serviceschedule.addopenschedule.AddOpenSchedule.setValueToInput is PASSED

2018-04-11 13:23:54 - [MESSAGE][PASSED] - Text 'A1234A' is set on object 'Object Repository/serviceschedule/openschedule/add/input_openScManual.serviceNumb'

2018-04-11 13:23:54 - [MESSAGE][PASSED] - Object 'Object Repository/serviceschedule/openschedule/add/span_Arrival' is visible

2018-04-11 13:23:55 - [MESSAGE][PASSED] - Object: 'Object Repository/serviceschedule/openschedule/add/span_Arrival' is clicked on

2018-04-11 13:23:55 - [MESSAGE][PASSED] - Object 'Object Repository/serviceschedule/openschedule/add/ul_ArrivalDeparture' is visible

2018-04-11 13:23:56 - [MESSAGE][PASSED] - Delayed 1 second(s)

2018-04-11 13:23:56 - [MESSAGE][PASSED] - Text 'PQQ' is set on object 'Object Repository/serviceschedule/openschedule/add/input_autocompleteDepturePortN'

2018-04-11 13:23:57 - [MESSAGE][PASSED] - Delayed 1 second(s)

2018-04-11 13:23:57 - [MESSAGE][PASSED] - Text 'DMK' is set on object 'Object Repository/serviceschedule/openschedule/add/input_autocompleteArrivalPortN'

2018-04-11 13:23:58 - [MESSAGE][PASSED] - Delayed 1 second(s)

2018-04-11 13:23:59 - [MESSAGE][PASSED] - Keys 'CONTROL + a' sent to object: 'Object Repository/serviceschedule/openschedule/add/input_openScManual_depDate_dd_'

2018-04-11 13:23:59 - [MESSAGE][PASSED] - Keys 'CONTROL + a' sent to object: 'Object Repository/serviceschedule/openschedule/add/input_openScManual_arrDate_dd_'

2018-04-11 13:23:59 - [MESSAGE][PASSED] - Keys 'CONTROL + a' sent to object: 'Object Repository/serviceschedule/openschedule/add/input_openScManual_arrTime_hh_'

2018-04-11 13:23:59 - [MESSAGE][PASSED] - Keys 'CONTROL + a' sent to object: 'Object Repository/serviceschedule/openschedule/add/input_openScManual_depTime_hh_'

2018-04-11 13:24:00 - [MESSAGE][PASSED] - Delayed 1 second(s)

2018-04-11 13:24:00 - [MESSAGE][PASSED] - common.serviceschedule.addopenschedule.AddOpenSchedule.setValueToInput is PASSED

2018-04-11 13:24:00 - [TEST_STEP][FAILED] - click: Unable to click on object 'Object Repository/serviceschedule/openschedule/add/button_Open' (Root cause: org.openqa.selenium.ElementClickInterceptedException: Element <button id="btnOpen" class="btnOpen ui-button ui-corner-all ui-widget" type="button"> is not clickable at point (529.2500152587891,307.8499984741211) because another element <a class="ui-state-default" href="#"> obscures it
Build info: version: '3.7.1', revision: '8a0099a', time: '2017-11-06T21:07:36.161Z'
System info: host: 'PG-ADUL', ip: '172.27.98.17', os.name: 'Windows 10', os.arch: 'amd64', os.version: '10.0', java.version: '1.8.0_102'
Driver info: com.kms.katalon.core.webui.driver.firefox.CGeckoDriver
Capabilities {acceptInsecureCerts: true, browserName: firefox, browserVersion: 58.0.2, javascriptEnabled: true, moz:accessibilityChecks: false, moz:headless: false, moz:processID: 3116, moz:profile: C:\Users\Admin\AppData\Loca..., moz:webdriverClick: true, pageLoadStrategy: normal, platform: XP, platformName: XP, platformVersion: 10.0, proxy: Proxy(direct), rotatable: false, timeouts: {implicit: 0, pageLoad: 300000, script: 30000}}
Session ID: 6b74b4b0-016e-47dd-948c-cd52d25f6ff2)

2018-04-11 13:24:00 - [MESSAGE][FAILED] - Unable to click on object 'Object Repository/serviceschedule/openschedule/add/button_Open' (Root cause: org.openqa.selenium.ElementClickInterceptedException: Element <button id="btnOpen" class="btnOpen ui-button ui-corner-all ui-widget" type="button"> is not clickable at point (529.2500152587891,307.8499984741211) because another element <a class="ui-state-default" href="#"> obscures it
Build info: version: '3.7.1', revision: '8a0099a', time: '2017-11-06T21:07:36.161Z'
System info: host: 'PG-ADUL', ip: '172.27.98.17', os.name: 'Windows 10', os.arch: 'amd64', os.version: '10.0', java.version: '1.8.0_102'
Driver info: com.kms.katalon.core.webui.driver.firefox.CGeckoDriver
Capabilities {acceptInsecureCerts: true, browserName: firefox, browserVersion: 58.0.2, javascriptEnabled: true, moz:accessibilityChecks: false, moz:headless: false, moz:processID: 3116, moz:profile: C:\Users\Admin\AppData\Loca..., moz:webdriverClick: true, pageLoadStrategy: normal, platform: XP, platformName: XP, platformVersion: 10.0, proxy: Proxy(direct), rotatable: false, timeouts: {implicit: 0, pageLoad: 300000, script: 30000}}
Session ID: 6b74b4b0-016e-47dd-948c-cd52d25f6ff2)

2018-04-11 13:24:00 - [TEST_STEP][FAILED] - verifyElementText: Actual text ' ' and expected text 'Departure time cannot be blank.' of test object 'Object Repository/serviceschedule/openschedule/add/alert message' are NOT matched.

2018-04-11 13:24:00 - [MESSAGE][FAILED] - Actual text ' ' and expected text 'Departure time cannot be blank.' of test object 'Object Repository/serviceschedule/openschedule/add/alert message' are NOT matched.

2018-04-11 13:24:00 - [TEST_STEP][PASSED] - Start listener action : sampleAfterTestCase: Taking screenshot successfully

2018-04-11 13:24:00 - [TEST_STEP][PASSED] - comment: Name: /xl/workbook.xml - Content Type: application/vnd.openxmlformats-officedocument.spreadsheetml.sheet.main+xml

2018-04-11 13:24:00 - [TEST_STEP][PASSED] - comment: null

2018-04-11 13:24:00 - [TEST_STEP][PASSED] - comment: 9

2018-04-11 13:24:00 - [TEST_STEP][PASSED] - comment: com.kms.katalon.core.context.internal.InternalTestCaseContext@4e17913b

2018-04-11 13:24:00 - [TEST_STEP][PASSED] - Statement - rowIndex = util.exportExcel.createRerportdetail(wb, rowIndex, testCaseContext): Taking screenshot successfully

2018-04-11 13:24:01 - [MESSAGE][PASSED] - Delayed 1 second(s)

2018-04-11 13:24:01 - [MESSAGE][PASSED] - Taking screenshot successfully
[[ATTACHMENT|D:\\Demo\\Katalon-Demo\\Reports\\serviceschdule\\add\\addOpenSchedule\\20180411_132239\\D:/testreport/addOpenSchedule/addOpenSchedule_11042018132242/TEST-ID-10.png]]]]></system-out>
         <system-err><![CDATA[2018-04-11 13:23:54 - [TEST_CASE][FAILED] - Test Cases/serviceschedule/openschedule/add/blankValue: Test Cases/serviceschedule/openschedule/add/blankValue FAILED because (of) Unable to click on object 'Object Repository/serviceschedule/openschedule/add/button_Open' (Root cause: org.openqa.selenium.ElementClickInterceptedException: Element <button id="btnOpen" class="btnOpen ui-button ui-corner-all ui-widget" type="button"> is not clickable at point (529.2500152587891,307.8499984741211) because another element <a class="ui-state-default" href="#"> obscures it
Build info: version: '3.7.1', revision: '8a0099a', time: '2017-11-06T21:07:36.161Z'
System info: host: 'PG-ADUL', ip: '172.27.98.17', os.name: 'Windows 10', os.arch: 'amd64', os.version: '10.0', java.version: '1.8.0_102'
Driver info: com.kms.katalon.core.webui.driver.firefox.CGeckoDriver
Capabilities {acceptInsecureCerts: true, browserName: firefox, browserVersion: 58.0.2, javascriptEnabled: true, moz:accessibilityChecks: false, moz:headless: false, moz:processID: 3116, moz:profile: C:\Users\Admin\AppData\Loca..., moz:webdriverClick: true, pageLoadStrategy: normal, platform: XP, platformName: XP, platformVersion: 10.0, proxy: Proxy(direct), rotatable: false, timeouts: {implicit: 0, pageLoad: 300000, script: 30000}}
Session ID: 6b74b4b0-016e-47dd-948c-cd52d25f6ff2)]]></system-err>
      </testcase>
      <testcase name="Test Cases/serviceschedule/openschedule/add/blankValue" classname="Test Cases/serviceschedule/openschedule/add/blankValue" status="FAILED">
         <failure type="FAILED" message="Unable to click on object 'Object Repository/serviceschedule/openschedule/add/button_Open' (Root cause: org.openqa.selenium.ElementClickInterceptedException: Element &lt;button id=&quot;btnOpen&quot; class=&quot;btnOpen ui-button ui-corner-all ui-widget&quot; type=&quot;button&quot;> is not clickable at point (529.2500152587891,307.8499984741211) because another element &lt;a class=&quot;ui-state-default&quot; href=&quot;#&quot;> obscures it
Build info: version: '3.7.1', revision: '8a0099a', time: '2017-11-06T21:07:36.161Z'
System info: host: 'PG-ADUL', ip: '172.27.98.17', os.name: 'Windows 10', os.arch: 'amd64', os.version: '10.0', java.version: '1.8.0_102'
Driver info: com.kms.katalon.core.webui.driver.firefox.CGeckoDriver
Capabilities {acceptInsecureCerts: true, browserName: firefox, browserVersion: 58.0.2, javascriptEnabled: true, moz:accessibilityChecks: false, moz:headless: false, moz:processID: 3116, moz:profile: C:\Users\Admin\AppData\Loca..., moz:webdriverClick: true, pageLoadStrategy: normal, platform: XP, platformName: XP, platformVersion: 10.0, proxy: Proxy(direct), rotatable: false, timeouts: {implicit: 0, pageLoad: 300000, script: 30000}}
Session ID: 6b74b4b0-016e-47dd-948c-cd52d25f6ff2)"/>
         <system-out><![CDATA[2018-04-11 13:24:01 - [TEST_CASE][FAILED] - Test Cases/serviceschedule/openschedule/add/blankValue: Test Cases/serviceschedule/openschedule/add/blankValue FAILED because (of) Unable to click on object 'Object Repository/serviceschedule/openschedule/add/button_Open' (Root cause: org.openqa.selenium.ElementClickInterceptedException: Element <button id="btnOpen" class="btnOpen ui-button ui-corner-all ui-widget" type="button"> is not clickable at point (529.2500152587891,307.8499984741211) because another element <a class="ui-state-default" href="#"> obscures it
Build info: version: '3.7.1', revision: '8a0099a', time: '2017-11-06T21:07:36.161Z'
System info: host: 'PG-ADUL', ip: '172.27.98.17', os.name: 'Windows 10', os.arch: 'amd64', os.version: '10.0', java.version: '1.8.0_102'
Driver info: com.kms.katalon.core.webui.driver.firefox.CGeckoDriver
Capabilities {acceptInsecureCerts: true, browserName: firefox, browserVersion: 58.0.2, javascriptEnabled: true, moz:accessibilityChecks: false, moz:headless: false, moz:processID: 3116, moz:profile: C:\Users\Admin\AppData\Loca..., moz:webdriverClick: true, pageLoadStrategy: normal, platform: XP, platformName: XP, platformVersion: 10.0, proxy: Proxy(direct), rotatable: false, timeouts: {implicit: 0, pageLoad: 300000, script: 30000}}
Session ID: 6b74b4b0-016e-47dd-948c-cd52d25f6ff2)

2018-04-11 13:24:01 - [TEST_STEP][PASSED] - Start listener action : sampleBeforeTestCase: Invoke 'com.kms.katalon.core.annotation.BeforeTestCase' method: 'CustimeListener.sampleBeforeTestCase(...)' completed.

2018-04-11 13:24:01 - [TEST_STEP][PASSED] - common.serviceschedule.addopenschedule.AddOpenSchedule.gotoPage: common.serviceschedule.addopenschedule.AddOpenSchedule.gotoPage is PASSED

2018-04-11 13:24:01 - [MESSAGE][PASSED] - Navigate to 'http://10.100.70.87:8080/cp_cambodia/jsp/serviceschedule/gotoAddOpenSchedule.action' successfully

2018-04-11 13:24:01 - [MESSAGE][PASSED] - common.serviceschedule.addopenschedule.AddOpenSchedule.gotoPage is PASSED

2018-04-11 13:24:01 - [TEST_STEP][PASSED] - common.serviceschedule.addopenschedule.AddOpenSchedule.setValueToInput: common.serviceschedule.addopenschedule.AddOpenSchedule.setValueToInput is PASSED

2018-04-11 13:24:02 - [MESSAGE][PASSED] - Text 'A1234A' is set on object 'Object Repository/serviceschedule/openschedule/add/input_openScManual.serviceNumb'

2018-04-11 13:24:02 - [MESSAGE][PASSED] - Object 'Object Repository/serviceschedule/openschedule/add/span_Arrival' is visible

2018-04-11 13:24:02 - [MESSAGE][PASSED] - Object: 'Object Repository/serviceschedule/openschedule/add/span_Arrival' is clicked on

2018-04-11 13:24:02 - [MESSAGE][PASSED] - Object 'Object Repository/serviceschedule/openschedule/add/ul_ArrivalDeparture' is visible

2018-04-11 13:24:03 - [MESSAGE][PASSED] - Delayed 1 second(s)

2018-04-11 13:24:03 - [MESSAGE][PASSED] - Text 'PQQ' is set on object 'Object Repository/serviceschedule/openschedule/add/input_autocompleteDepturePortN'

2018-04-11 13:24:04 - [MESSAGE][PASSED] - Delayed 1 second(s)

2018-04-11 13:24:04 - [MESSAGE][PASSED] - Text 'DMK' is set on object 'Object Repository/serviceschedule/openschedule/add/input_autocompleteArrivalPortN'

2018-04-11 13:24:05 - [MESSAGE][PASSED] - Delayed 1 second(s)

2018-04-11 13:24:06 - [MESSAGE][PASSED] - Keys 'CONTROL + a' sent to object: 'Object Repository/serviceschedule/openschedule/add/input_openScManual_depDate_dd_'

2018-04-11 13:24:06 - [MESSAGE][PASSED] - Keys 'CONTROL + a' sent to object: 'Object Repository/serviceschedule/openschedule/add/input_openScManual_arrDate_dd_'

2018-04-11 13:24:06 - [MESSAGE][PASSED] - Keys 'CONTROL + a' sent to object: 'Object Repository/serviceschedule/openschedule/add/input_openScManual_arrTime_hh_'

2018-04-11 13:24:06 - [MESSAGE][PASSED] - Keys 'CONTROL + a' sent to object: 'Object Repository/serviceschedule/openschedule/add/input_openScManual_depTime_hh_'

2018-04-11 13:24:07 - [MESSAGE][PASSED] - Delayed 1 second(s)

2018-04-11 13:24:07 - [MESSAGE][PASSED] - common.serviceschedule.addopenschedule.AddOpenSchedule.setValueToInput is PASSED

2018-04-11 13:24:07 - [TEST_STEP][FAILED] - click: Unable to click on object 'Object Repository/serviceschedule/openschedule/add/button_Open' (Root cause: org.openqa.selenium.ElementClickInterceptedException: Element <button id="btnOpen" class="btnOpen ui-button ui-corner-all ui-widget" type="button"> is not clickable at point (529.2500152587891,307.8499984741211) because another element <a class="ui-state-default" href="#"> obscures it
Build info: version: '3.7.1', revision: '8a0099a', time: '2017-11-06T21:07:36.161Z'
System info: host: 'PG-ADUL', ip: '172.27.98.17', os.name: 'Windows 10', os.arch: 'amd64', os.version: '10.0', java.version: '1.8.0_102'
Driver info: com.kms.katalon.core.webui.driver.firefox.CGeckoDriver
Capabilities {acceptInsecureCerts: true, browserName: firefox, browserVersion: 58.0.2, javascriptEnabled: true, moz:accessibilityChecks: false, moz:headless: false, moz:processID: 3116, moz:profile: C:\Users\Admin\AppData\Loca..., moz:webdriverClick: true, pageLoadStrategy: normal, platform: XP, platformName: XP, platformVersion: 10.0, proxy: Proxy(direct), rotatable: false, timeouts: {implicit: 0, pageLoad: 300000, script: 30000}}
Session ID: 6b74b4b0-016e-47dd-948c-cd52d25f6ff2)

2018-04-11 13:24:07 - [MESSAGE][FAILED] - Unable to click on object 'Object Repository/serviceschedule/openschedule/add/button_Open' (Root cause: org.openqa.selenium.ElementClickInterceptedException: Element <button id="btnOpen" class="btnOpen ui-button ui-corner-all ui-widget" type="button"> is not clickable at point (529.2500152587891,307.8499984741211) because another element <a class="ui-state-default" href="#"> obscures it
Build info: version: '3.7.1', revision: '8a0099a', time: '2017-11-06T21:07:36.161Z'
System info: host: 'PG-ADUL', ip: '172.27.98.17', os.name: 'Windows 10', os.arch: 'amd64', os.version: '10.0', java.version: '1.8.0_102'
Driver info: com.kms.katalon.core.webui.driver.firefox.CGeckoDriver
Capabilities {acceptInsecureCerts: true, browserName: firefox, browserVersion: 58.0.2, javascriptEnabled: true, moz:accessibilityChecks: false, moz:headless: false, moz:processID: 3116, moz:profile: C:\Users\Admin\AppData\Loca..., moz:webdriverClick: true, pageLoadStrategy: normal, platform: XP, platformName: XP, platformVersion: 10.0, proxy: Proxy(direct), rotatable: false, timeouts: {implicit: 0, pageLoad: 300000, script: 30000}}
Session ID: 6b74b4b0-016e-47dd-948c-cd52d25f6ff2)

2018-04-11 13:24:07 - [TEST_STEP][FAILED] - verifyElementText: Actual text ' ' and expected text 'Arrival date cannot be blank.' of test object 'Object Repository/serviceschedule/openschedule/add/alert message' are NOT matched.

2018-04-11 13:24:07 - [MESSAGE][FAILED] - Actual text ' ' and expected text 'Arrival date cannot be blank.' of test object 'Object Repository/serviceschedule/openschedule/add/alert message' are NOT matched.

2018-04-11 13:24:07 - [TEST_STEP][PASSED] - Start listener action : sampleAfterTestCase: Taking screenshot successfully

2018-04-11 13:24:07 - [TEST_STEP][PASSED] - comment: Name: /xl/workbook.xml - Content Type: application/vnd.openxmlformats-officedocument.spreadsheetml.sheet.main+xml

2018-04-11 13:24:07 - [TEST_STEP][PASSED] - comment: null

2018-04-11 13:24:07 - [TEST_STEP][PASSED] - comment: 10

2018-04-11 13:24:07 - [TEST_STEP][PASSED] - comment: com.kms.katalon.core.context.internal.InternalTestCaseContext@27b2faa6

2018-04-11 13:24:07 - [TEST_STEP][PASSED] - Statement - rowIndex = util.exportExcel.createRerportdetail(wb, rowIndex, testCaseContext): Taking screenshot successfully

2018-04-11 13:24:08 - [MESSAGE][PASSED] - Delayed 1 second(s)

2018-04-11 13:24:08 - [MESSAGE][PASSED] - Taking screenshot successfully
[[ATTACHMENT|D:\\Demo\\Katalon-Demo\\Reports\\serviceschdule\\add\\addOpenSchedule\\20180411_132239\\D:/testreport/addOpenSchedule/addOpenSchedule_11042018132242/TEST-ID-11.png]]]]></system-out>
         <system-err><![CDATA[2018-04-11 13:24:01 - [TEST_CASE][FAILED] - Test Cases/serviceschedule/openschedule/add/blankValue: Test Cases/serviceschedule/openschedule/add/blankValue FAILED because (of) Unable to click on object 'Object Repository/serviceschedule/openschedule/add/button_Open' (Root cause: org.openqa.selenium.ElementClickInterceptedException: Element <button id="btnOpen" class="btnOpen ui-button ui-corner-all ui-widget" type="button"> is not clickable at point (529.2500152587891,307.8499984741211) because another element <a class="ui-state-default" href="#"> obscures it
Build info: version: '3.7.1', revision: '8a0099a', time: '2017-11-06T21:07:36.161Z'
System info: host: 'PG-ADUL', ip: '172.27.98.17', os.name: 'Windows 10', os.arch: 'amd64', os.version: '10.0', java.version: '1.8.0_102'
Driver info: com.kms.katalon.core.webui.driver.firefox.CGeckoDriver
Capabilities {acceptInsecureCerts: true, browserName: firefox, browserVersion: 58.0.2, javascriptEnabled: true, moz:accessibilityChecks: false, moz:headless: false, moz:processID: 3116, moz:profile: C:\Users\Admin\AppData\Loca..., moz:webdriverClick: true, pageLoadStrategy: normal, platform: XP, platformName: XP, platformVersion: 10.0, proxy: Proxy(direct), rotatable: false, timeouts: {implicit: 0, pageLoad: 300000, script: 30000}}
Session ID: 6b74b4b0-016e-47dd-948c-cd52d25f6ff2)]]></system-err>
      </testcase>
      <testcase name="Test Cases/serviceschedule/openschedule/add/blankValue" classname="Test Cases/serviceschedule/openschedule/add/blankValue" status="FAILED">
         <failure type="FAILED" message="Unable to click on object 'Object Repository/serviceschedule/openschedule/add/button_Open' (Root cause: org.openqa.selenium.ElementClickInterceptedException: Element &lt;button id=&quot;btnOpen&quot; class=&quot;btnOpen ui-button ui-corner-all ui-widget&quot; type=&quot;button&quot;> is not clickable at point (529.2500152587891,307.8499984741211) because another element &lt;a class=&quot;ui-state-default&quot; href=&quot;#&quot;> obscures it
Build info: version: '3.7.1', revision: '8a0099a', time: '2017-11-06T21:07:36.161Z'
System info: host: 'PG-ADUL', ip: '172.27.98.17', os.name: 'Windows 10', os.arch: 'amd64', os.version: '10.0', java.version: '1.8.0_102'
Driver info: com.kms.katalon.core.webui.driver.firefox.CGeckoDriver
Capabilities {acceptInsecureCerts: true, browserName: firefox, browserVersion: 58.0.2, javascriptEnabled: true, moz:accessibilityChecks: false, moz:headless: false, moz:processID: 3116, moz:profile: C:\Users\Admin\AppData\Loca..., moz:webdriverClick: true, pageLoadStrategy: normal, platform: XP, platformName: XP, platformVersion: 10.0, proxy: Proxy(direct), rotatable: false, timeouts: {implicit: 0, pageLoad: 300000, script: 30000}}
Session ID: 6b74b4b0-016e-47dd-948c-cd52d25f6ff2)"/>
         <system-out><![CDATA[2018-04-11 13:24:08 - [TEST_CASE][FAILED] - Test Cases/serviceschedule/openschedule/add/blankValue: Test Cases/serviceschedule/openschedule/add/blankValue FAILED because (of) Unable to click on object 'Object Repository/serviceschedule/openschedule/add/button_Open' (Root cause: org.openqa.selenium.ElementClickInterceptedException: Element <button id="btnOpen" class="btnOpen ui-button ui-corner-all ui-widget" type="button"> is not clickable at point (529.2500152587891,307.8499984741211) because another element <a class="ui-state-default" href="#"> obscures it
Build info: version: '3.7.1', revision: '8a0099a', time: '2017-11-06T21:07:36.161Z'
System info: host: 'PG-ADUL', ip: '172.27.98.17', os.name: 'Windows 10', os.arch: 'amd64', os.version: '10.0', java.version: '1.8.0_102'
Driver info: com.kms.katalon.core.webui.driver.firefox.CGeckoDriver
Capabilities {acceptInsecureCerts: true, browserName: firefox, browserVersion: 58.0.2, javascriptEnabled: true, moz:accessibilityChecks: false, moz:headless: false, moz:processID: 3116, moz:profile: C:\Users\Admin\AppData\Loca..., moz:webdriverClick: true, pageLoadStrategy: normal, platform: XP, platformName: XP, platformVersion: 10.0, proxy: Proxy(direct), rotatable: false, timeouts: {implicit: 0, pageLoad: 300000, script: 30000}}
Session ID: 6b74b4b0-016e-47dd-948c-cd52d25f6ff2)

2018-04-11 13:24:08 - [TEST_STEP][PASSED] - Start listener action : sampleBeforeTestCase: Invoke 'com.kms.katalon.core.annotation.BeforeTestCase' method: 'CustimeListener.sampleBeforeTestCase(...)' completed.

2018-04-11 13:24:08 - [TEST_STEP][PASSED] - common.serviceschedule.addopenschedule.AddOpenSchedule.gotoPage: common.serviceschedule.addopenschedule.AddOpenSchedule.gotoPage is PASSED

2018-04-11 13:24:09 - [MESSAGE][PASSED] - Navigate to 'http://10.100.70.87:8080/cp_cambodia/jsp/serviceschedule/gotoAddOpenSchedule.action' successfully

2018-04-11 13:24:09 - [MESSAGE][PASSED] - common.serviceschedule.addopenschedule.AddOpenSchedule.gotoPage is PASSED

2018-04-11 13:24:09 - [TEST_STEP][PASSED] - common.serviceschedule.addopenschedule.AddOpenSchedule.setValueToInput: common.serviceschedule.addopenschedule.AddOpenSchedule.setValueToInput is PASSED

2018-04-11 13:24:09 - [MESSAGE][PASSED] - Text 'A1234A' is set on object 'Object Repository/serviceschedule/openschedule/add/input_openScManual.serviceNumb'

2018-04-11 13:24:09 - [MESSAGE][PASSED] - Object 'Object Repository/serviceschedule/openschedule/add/span_Arrival' is visible

2018-04-11 13:24:09 - [MESSAGE][PASSED] - Object: 'Object Repository/serviceschedule/openschedule/add/span_Arrival' is clicked on

2018-04-11 13:24:09 - [MESSAGE][PASSED] - Object 'Object Repository/serviceschedule/openschedule/add/ul_ArrivalDeparture' is visible

2018-04-11 13:24:10 - [MESSAGE][PASSED] - Delayed 1 second(s)

2018-04-11 13:24:10 - [MESSAGE][PASSED] - Text 'PQQ' is set on object 'Object Repository/serviceschedule/openschedule/add/input_autocompleteDepturePortN'

2018-04-11 13:24:11 - [MESSAGE][PASSED] - Delayed 1 second(s)

2018-04-11 13:24:12 - [MESSAGE][PASSED] - Text 'DMK' is set on object 'Object Repository/serviceschedule/openschedule/add/input_autocompleteArrivalPortN'

2018-04-11 13:24:13 - [MESSAGE][PASSED] - Delayed 1 second(s)

2018-04-11 13:24:13 - [MESSAGE][PASSED] - Keys 'CONTROL + a' sent to object: 'Object Repository/serviceschedule/openschedule/add/input_openScManual_depDate_dd_'

2018-04-11 13:24:13 - [MESSAGE][PASSED] - Keys 'CONTROL + a' sent to object: 'Object Repository/serviceschedule/openschedule/add/input_openScManual_arrDate_dd_'

2018-04-11 13:24:13 - [MESSAGE][PASSED] - Keys 'CONTROL + a' sent to object: 'Object Repository/serviceschedule/openschedule/add/input_openScManual_arrTime_hh_'

2018-04-11 13:24:13 - [MESSAGE][PASSED] - Keys 'CONTROL + a' sent to object: 'Object Repository/serviceschedule/openschedule/add/input_openScManual_depTime_hh_'

2018-04-11 13:24:14 - [MESSAGE][PASSED] - Delayed 1 second(s)

2018-04-11 13:24:14 - [MESSAGE][PASSED] - common.serviceschedule.addopenschedule.AddOpenSchedule.setValueToInput is PASSED

2018-04-11 13:24:14 - [TEST_STEP][FAILED] - click: Unable to click on object 'Object Repository/serviceschedule/openschedule/add/button_Open' (Root cause: org.openqa.selenium.ElementClickInterceptedException: Element <button id="btnOpen" class="btnOpen ui-button ui-corner-all ui-widget" type="button"> is not clickable at point (529.2500152587891,307.8499984741211) because another element <a class="ui-state-default" href="#"> obscures it
Build info: version: '3.7.1', revision: '8a0099a', time: '2017-11-06T21:07:36.161Z'
System info: host: 'PG-ADUL', ip: '172.27.98.17', os.name: 'Windows 10', os.arch: 'amd64', os.version: '10.0', java.version: '1.8.0_102'
Driver info: com.kms.katalon.core.webui.driver.firefox.CGeckoDriver
Capabilities {acceptInsecureCerts: true, browserName: firefox, browserVersion: 58.0.2, javascriptEnabled: true, moz:accessibilityChecks: false, moz:headless: false, moz:processID: 3116, moz:profile: C:\Users\Admin\AppData\Loca..., moz:webdriverClick: true, pageLoadStrategy: normal, platform: XP, platformName: XP, platformVersion: 10.0, proxy: Proxy(direct), rotatable: false, timeouts: {implicit: 0, pageLoad: 300000, script: 30000}}
Session ID: 6b74b4b0-016e-47dd-948c-cd52d25f6ff2)

2018-04-11 13:24:14 - [MESSAGE][FAILED] - Unable to click on object 'Object Repository/serviceschedule/openschedule/add/button_Open' (Root cause: org.openqa.selenium.ElementClickInterceptedException: Element <button id="btnOpen" class="btnOpen ui-button ui-corner-all ui-widget" type="button"> is not clickable at point (529.2500152587891,307.8499984741211) because another element <a class="ui-state-default" href="#"> obscures it
Build info: version: '3.7.1', revision: '8a0099a', time: '2017-11-06T21:07:36.161Z'
System info: host: 'PG-ADUL', ip: '172.27.98.17', os.name: 'Windows 10', os.arch: 'amd64', os.version: '10.0', java.version: '1.8.0_102'
Driver info: com.kms.katalon.core.webui.driver.firefox.CGeckoDriver
Capabilities {acceptInsecureCerts: true, browserName: firefox, browserVersion: 58.0.2, javascriptEnabled: true, moz:accessibilityChecks: false, moz:headless: false, moz:processID: 3116, moz:profile: C:\Users\Admin\AppData\Loca..., moz:webdriverClick: true, pageLoadStrategy: normal, platform: XP, platformName: XP, platformVersion: 10.0, proxy: Proxy(direct), rotatable: false, timeouts: {implicit: 0, pageLoad: 300000, script: 30000}}
Session ID: 6b74b4b0-016e-47dd-948c-cd52d25f6ff2)

2018-04-11 13:24:14 - [TEST_STEP][FAILED] - verifyElementText: Actual text ' ' and expected text 'Arrival time cannot be blank.' of test object 'Object Repository/serviceschedule/openschedule/add/alert message' are NOT matched.

2018-04-11 13:24:14 - [MESSAGE][FAILED] - Actual text ' ' and expected text 'Arrival time cannot be blank.' of test object 'Object Repository/serviceschedule/openschedule/add/alert message' are NOT matched.

2018-04-11 13:24:14 - [TEST_STEP][PASSED] - Start listener action : sampleAfterTestCase: Taking screenshot successfully

2018-04-11 13:24:14 - [TEST_STEP][PASSED] - comment: Name: /xl/workbook.xml - Content Type: application/vnd.openxmlformats-officedocument.spreadsheetml.sheet.main+xml

2018-04-11 13:24:14 - [TEST_STEP][PASSED] - comment: null

2018-04-11 13:24:14 - [TEST_STEP][PASSED] - comment: 11

2018-04-11 13:24:14 - [TEST_STEP][PASSED] - comment: com.kms.katalon.core.context.internal.InternalTestCaseContext@2cfa2c4f

2018-04-11 13:24:14 - [TEST_STEP][PASSED] - Statement - rowIndex = util.exportExcel.createRerportdetail(wb, rowIndex, testCaseContext): Taking screenshot successfully

2018-04-11 13:24:15 - [MESSAGE][PASSED] - Delayed 1 second(s)

2018-04-11 13:24:15 - [MESSAGE][PASSED] - Taking screenshot successfully
[[ATTACHMENT|D:\\Demo\\Katalon-Demo\\Reports\\serviceschdule\\add\\addOpenSchedule\\20180411_132239\\D:/testreport/addOpenSchedule/addOpenSchedule_11042018132242/TEST-ID-12.png]]]]></system-out>
         <system-err><![CDATA[2018-04-11 13:24:08 - [TEST_CASE][FAILED] - Test Cases/serviceschedule/openschedule/add/blankValue: Test Cases/serviceschedule/openschedule/add/blankValue FAILED because (of) Unable to click on object 'Object Repository/serviceschedule/openschedule/add/button_Open' (Root cause: org.openqa.selenium.ElementClickInterceptedException: Element <button id="btnOpen" class="btnOpen ui-button ui-corner-all ui-widget" type="button"> is not clickable at point (529.2500152587891,307.8499984741211) because another element <a class="ui-state-default" href="#"> obscures it
Build info: version: '3.7.1', revision: '8a0099a', time: '2017-11-06T21:07:36.161Z'
System info: host: 'PG-ADUL', ip: '172.27.98.17', os.name: 'Windows 10', os.arch: 'amd64', os.version: '10.0', java.version: '1.8.0_102'
Driver info: com.kms.katalon.core.webui.driver.firefox.CGeckoDriver
Capabilities {acceptInsecureCerts: true, browserName: firefox, browserVersion: 58.0.2, javascriptEnabled: true, moz:accessibilityChecks: false, moz:headless: false, moz:processID: 3116, moz:profile: C:\Users\Admin\AppData\Loca..., moz:webdriverClick: true, pageLoadStrategy: normal, platform: XP, platformName: XP, platformVersion: 10.0, proxy: Proxy(direct), rotatable: false, timeouts: {implicit: 0, pageLoad: 300000, script: 30000}}
Session ID: 6b74b4b0-016e-47dd-948c-cd52d25f6ff2)]]></system-err>
      </testcase>
      <testcase name="Test Cases/serviceschedule/openschedule/add/FlightNumberLength" classname="Test Cases/serviceschedule/openschedule/add/FlightNumberLength" status="PASSED">
         <system-out><![CDATA[2018-04-11 13:24:15 - [TEST_CASE][PASSED] - Test Cases/serviceschedule/openschedule/add/FlightNumberLength: Invoke 'com.kms.katalon.core.annotation.AfterTestCase' method: 'CustimeListener.sampleAfterTestCase(...)' completed.

2018-04-11 13:24:15 - [TEST_STEP][PASSED] - Start listener action : sampleBeforeTestCase: Invoke 'com.kms.katalon.core.annotation.BeforeTestCase' method: 'CustimeListener.sampleBeforeTestCase(...)' completed.

2018-04-11 13:24:15 - [TEST_STEP][PASSED] - common.serviceschedule.addopenschedule.AddOpenSchedule.gotoPage: common.serviceschedule.addopenschedule.AddOpenSchedule.gotoPage is PASSED

2018-04-11 13:24:17 - [MESSAGE][PASSED] - Navigate to 'http://10.100.70.87:8080/cp_cambodia/jsp/serviceschedule/gotoAddOpenSchedule.action' successfully

2018-04-11 13:24:17 - [MESSAGE][PASSED] - common.serviceschedule.addopenschedule.AddOpenSchedule.gotoPage is PASSED

2018-04-11 13:24:17 - [TEST_STEP][PASSED] - common.serviceschedule.addopenschedule.AddOpenSchedule.setValueToInput: common.serviceschedule.addopenschedule.AddOpenSchedule.setValueToInput is PASSED

2018-04-11 13:24:17 - [MESSAGE][PASSED] - Text 'A1234Aaa' is set on object 'Object Repository/serviceschedule/openschedule/add/input_openScManual.serviceNumb'

2018-04-11 13:24:17 - [MESSAGE][PASSED] - Object 'Object Repository/serviceschedule/openschedule/add/span_Arrival' is visible

2018-04-11 13:24:18 - [MESSAGE][PASSED] - Object: 'Object Repository/serviceschedule/openschedule/add/span_Arrival' is clicked on

2018-04-11 13:24:18 - [MESSAGE][PASSED] - Object 'Object Repository/serviceschedule/openschedule/add/ul_ArrivalDeparture' is visible

2018-04-11 13:24:19 - [MESSAGE][PASSED] - Delayed 1 second(s)

2018-04-11 13:24:19 - [MESSAGE][PASSED] - Text '' is set on object 'Object Repository/serviceschedule/openschedule/add/input_autocompleteDepturePortN'

2018-04-11 13:24:20 - [MESSAGE][PASSED] - Delayed 1 second(s)

2018-04-11 13:24:20 - [MESSAGE][PASSED] - Text '' is set on object 'Object Repository/serviceschedule/openschedule/add/input_autocompleteArrivalPortN'

2018-04-11 13:24:21 - [MESSAGE][PASSED] - Delayed 1 second(s)

2018-04-11 13:24:21 - [MESSAGE][PASSED] - Keys 'CONTROL + a' sent to object: 'Object Repository/serviceschedule/openschedule/add/input_openScManual_depDate_dd_'

2018-04-11 13:24:22 - [MESSAGE][PASSED] - Keys 'CONTROL + a' sent to object: 'Object Repository/serviceschedule/openschedule/add/input_openScManual_arrDate_dd_'

2018-04-11 13:24:22 - [MESSAGE][PASSED] - Keys 'CONTROL + a' sent to object: 'Object Repository/serviceschedule/openschedule/add/input_openScManual_arrTime_hh_'

2018-04-11 13:24:22 - [MESSAGE][PASSED] - Keys 'CONTROL + a' sent to object: 'Object Repository/serviceschedule/openschedule/add/input_openScManual_depTime_hh_'

2018-04-11 13:24:23 - [MESSAGE][PASSED] - Delayed 1 second(s)

2018-04-11 13:24:23 - [MESSAGE][PASSED] - common.serviceschedule.addopenschedule.AddOpenSchedule.setValueToInput is PASSED

2018-04-11 13:24:23 - [TEST_STEP][PASSED] - util.Verify.verifyValueLenght: util.Verify.verifyValueLenght is PASSED

2018-04-11 13:24:23 - [MESSAGE][PASSED] - Attribute 'value' of object 'Object Repository/serviceschedule/openschedule/add/input_openScManual.serviceNumb' is: 'A1234A'

2018-04-11 13:24:23 - [MESSAGE][PASSED] - Actual number '6' is less than or equal to expected number '6'

2018-04-11 13:24:23 - [MESSAGE][PASSED] - util.Verify.verifyValueLenght is PASSED

2018-04-11 13:24:23 - [TEST_STEP][PASSED] - Start listener action : sampleAfterTestCase: Invoke 'com.kms.katalon.core.annotation.AfterTestCase' method: 'CustimeListener.sampleAfterTestCase(...)' completed.

2018-04-11 13:24:23 - [TEST_STEP][PASSED] - comment: Name: /xl/workbook.xml - Content Type: application/vnd.openxmlformats-officedocument.spreadsheetml.sheet.main+xml

2018-04-11 13:24:23 - [TEST_STEP][PASSED] - comment: null

2018-04-11 13:24:23 - [TEST_STEP][PASSED] - comment: 12

2018-04-11 13:24:23 - [TEST_STEP][PASSED] - comment: com.kms.katalon.core.context.internal.InternalTestCaseContext@58860997

2018-04-11 13:24:23 - [TEST_STEP][PASSED] - Statement - rowIndex = util.exportExcel.createRerportdetail(wb, rowIndex, testCaseContext): Invoke 'com.kms.katalon.core.annotation.AfterTestCase' method: 'CustimeListener.sampleAfterTestCase(...)' completed.]]></system-out>
         <system-err><![CDATA[]]></system-err>
      </testcase>
      <testcase name="Test Cases/serviceschedule/openschedule/add/arrDate_depDate" classname="Test Cases/serviceschedule/openschedule/add/arrDate_depDate" status="FAILED">
         <failure type="FAILED" message="Unable to click on object 'Object Repository/serviceschedule/openschedule/add/button_Open' (Root cause: org.openqa.selenium.ElementClickInterceptedException: Element &lt;button id=&quot;btnOpen&quot; class=&quot;btnOpen ui-button ui-corner-all ui-widget&quot; type=&quot;button&quot;> is not clickable at point (529.2500152587891,307.8499984741211) because another element &lt;a class=&quot;ui-state-default&quot; href=&quot;#&quot;> obscures it
Build info: version: '3.7.1', revision: '8a0099a', time: '2017-11-06T21:07:36.161Z'
System info: host: 'PG-ADUL', ip: '172.27.98.17', os.name: 'Windows 10', os.arch: 'amd64', os.version: '10.0', java.version: '1.8.0_102'
Driver info: com.kms.katalon.core.webui.driver.firefox.CGeckoDriver
Capabilities {acceptInsecureCerts: true, browserName: firefox, browserVersion: 58.0.2, javascriptEnabled: true, moz:accessibilityChecks: false, moz:headless: false, moz:processID: 3116, moz:profile: C:\Users\Admin\AppData\Loca..., moz:webdriverClick: true, pageLoadStrategy: normal, platform: XP, platformName: XP, platformVersion: 10.0, proxy: Proxy(direct), rotatable: false, timeouts: {implicit: 0, pageLoad: 300000, script: 30000}}
Session ID: 6b74b4b0-016e-47dd-948c-cd52d25f6ff2)"/>
         <system-out><![CDATA[2018-04-11 13:24:23 - [TEST_CASE][FAILED] - Test Cases/serviceschedule/openschedule/add/arrDate_depDate: Test Cases/serviceschedule/openschedule/add/arrDate_depDate FAILED because (of) Unable to click on object 'Object Repository/serviceschedule/openschedule/add/button_Open' (Root cause: org.openqa.selenium.ElementClickInterceptedException: Element <button id="btnOpen" class="btnOpen ui-button ui-corner-all ui-widget" type="button"> is not clickable at point (529.2500152587891,307.8499984741211) because another element <a class="ui-state-default" href="#"> obscures it
Build info: version: '3.7.1', revision: '8a0099a', time: '2017-11-06T21:07:36.161Z'
System info: host: 'PG-ADUL', ip: '172.27.98.17', os.name: 'Windows 10', os.arch: 'amd64', os.version: '10.0', java.version: '1.8.0_102'
Driver info: com.kms.katalon.core.webui.driver.firefox.CGeckoDriver
Capabilities {acceptInsecureCerts: true, browserName: firefox, browserVersion: 58.0.2, javascriptEnabled: true, moz:accessibilityChecks: false, moz:headless: false, moz:processID: 3116, moz:profile: C:\Users\Admin\AppData\Loca..., moz:webdriverClick: true, pageLoadStrategy: normal, platform: XP, platformName: XP, platformVersion: 10.0, proxy: Proxy(direct), rotatable: false, timeouts: {implicit: 0, pageLoad: 300000, script: 30000}}
Session ID: 6b74b4b0-016e-47dd-948c-cd52d25f6ff2)

2018-04-11 13:24:23 - [TEST_STEP][PASSED] - Start listener action : sampleBeforeTestCase: Invoke 'com.kms.katalon.core.annotation.BeforeTestCase' method: 'CustimeListener.sampleBeforeTestCase(...)' completed.

2018-04-11 13:24:23 - [TEST_STEP][PASSED] - common.serviceschedule.addopenschedule.AddOpenSchedule.gotoPage: common.serviceschedule.addopenschedule.AddOpenSchedule.gotoPage is PASSED

2018-04-11 13:24:23 - [MESSAGE][PASSED] - Navigate to 'http://10.100.70.87:8080/cp_cambodia/jsp/serviceschedule/gotoAddOpenSchedule.action' successfully

2018-04-11 13:24:23 - [MESSAGE][PASSED] - common.serviceschedule.addopenschedule.AddOpenSchedule.gotoPage is PASSED

2018-04-11 13:24:23 - [TEST_STEP][PASSED] - common.serviceschedule.addopenschedule.AddOpenSchedule.setValueToInput: common.serviceschedule.addopenschedule.AddOpenSchedule.setValueToInput is PASSED

2018-04-11 13:24:23 - [MESSAGE][PASSED] - Text 'A123' is set on object 'Object Repository/serviceschedule/openschedule/add/input_openScManual.serviceNumb'

2018-04-11 13:24:23 - [MESSAGE][PASSED] - Object 'Object Repository/serviceschedule/openschedule/add/span_Arrival' is visible

2018-04-11 13:24:24 - [MESSAGE][PASSED] - Object: 'Object Repository/serviceschedule/openschedule/add/span_Arrival' is clicked on

2018-04-11 13:24:24 - [MESSAGE][PASSED] - Object 'Object Repository/serviceschedule/openschedule/add/ul_ArrivalDeparture' is visible

2018-04-11 13:24:25 - [MESSAGE][PASSED] - Delayed 1 second(s)

2018-04-11 13:24:25 - [MESSAGE][PASSED] - Text 'PQQ' is set on object 'Object Repository/serviceschedule/openschedule/add/input_autocompleteDepturePortN'

2018-04-11 13:24:26 - [MESSAGE][PASSED] - Delayed 1 second(s)

2018-04-11 13:24:26 - [MESSAGE][PASSED] - Text 'DMK' is set on object 'Object Repository/serviceschedule/openschedule/add/input_autocompleteArrivalPortN'

2018-04-11 13:24:27 - [MESSAGE][PASSED] - Delayed 1 second(s)

2018-04-11 13:24:27 - [MESSAGE][PASSED] - Keys 'CONTROL + a' sent to object: 'Object Repository/serviceschedule/openschedule/add/input_openScManual_depDate_dd_'

2018-04-11 13:24:28 - [MESSAGE][PASSED] - Keys 'CONTROL + a' sent to object: 'Object Repository/serviceschedule/openschedule/add/input_openScManual_arrDate_dd_'

2018-04-11 13:24:28 - [MESSAGE][PASSED] - Keys 'CONTROL + a' sent to object: 'Object Repository/serviceschedule/openschedule/add/input_openScManual_arrTime_hh_'

2018-04-11 13:24:28 - [MESSAGE][PASSED] - Keys 'CONTROL + a' sent to object: 'Object Repository/serviceschedule/openschedule/add/input_openScManual_depTime_hh_'

2018-04-11 13:24:29 - [MESSAGE][PASSED] - Delayed 1 second(s)

2018-04-11 13:24:29 - [MESSAGE][PASSED] - common.serviceschedule.addopenschedule.AddOpenSchedule.setValueToInput is PASSED

2018-04-11 13:24:29 - [TEST_STEP][FAILED] - click: Unable to click on object 'Object Repository/serviceschedule/openschedule/add/button_Open' (Root cause: org.openqa.selenium.ElementClickInterceptedException: Element <button id="btnOpen" class="btnOpen ui-button ui-corner-all ui-widget" type="button"> is not clickable at point (529.2500152587891,307.8499984741211) because another element <a class="ui-state-default" href="#"> obscures it
Build info: version: '3.7.1', revision: '8a0099a', time: '2017-11-06T21:07:36.161Z'
System info: host: 'PG-ADUL', ip: '172.27.98.17', os.name: 'Windows 10', os.arch: 'amd64', os.version: '10.0', java.version: '1.8.0_102'
Driver info: com.kms.katalon.core.webui.driver.firefox.CGeckoDriver
Capabilities {acceptInsecureCerts: true, browserName: firefox, browserVersion: 58.0.2, javascriptEnabled: true, moz:accessibilityChecks: false, moz:headless: false, moz:processID: 3116, moz:profile: C:\Users\Admin\AppData\Loca..., moz:webdriverClick: true, pageLoadStrategy: normal, platform: XP, platformName: XP, platformVersion: 10.0, proxy: Proxy(direct), rotatable: false, timeouts: {implicit: 0, pageLoad: 300000, script: 30000}}
Session ID: 6b74b4b0-016e-47dd-948c-cd52d25f6ff2)

2018-04-11 13:24:29 - [MESSAGE][FAILED] - Unable to click on object 'Object Repository/serviceschedule/openschedule/add/button_Open' (Root cause: org.openqa.selenium.ElementClickInterceptedException: Element <button id="btnOpen" class="btnOpen ui-button ui-corner-all ui-widget" type="button"> is not clickable at point (529.2500152587891,307.8499984741211) because another element <a class="ui-state-default" href="#"> obscures it
Build info: version: '3.7.1', revision: '8a0099a', time: '2017-11-06T21:07:36.161Z'
System info: host: 'PG-ADUL', ip: '172.27.98.17', os.name: 'Windows 10', os.arch: 'amd64', os.version: '10.0', java.version: '1.8.0_102'
Driver info: com.kms.katalon.core.webui.driver.firefox.CGeckoDriver
Capabilities {acceptInsecureCerts: true, browserName: firefox, browserVersion: 58.0.2, javascriptEnabled: true, moz:accessibilityChecks: false, moz:headless: false, moz:processID: 3116, moz:profile: C:\Users\Admin\AppData\Loca..., moz:webdriverClick: true, pageLoadStrategy: normal, platform: XP, platformName: XP, platformVersion: 10.0, proxy: Proxy(direct), rotatable: false, timeouts: {implicit: 0, pageLoad: 300000, script: 30000}}
Session ID: 6b74b4b0-016e-47dd-948c-cd52d25f6ff2)

2018-04-11 13:24:29 - [TEST_STEP][PASSED] - waitForElementVisible: Object 'Object Repository/serviceschedule/openschedule/add/alert message' is visible

2018-04-11 13:24:29 - [MESSAGE][PASSED] - Object 'Object Repository/serviceschedule/openschedule/add/alert message' is visible

2018-04-11 13:24:29 - [TEST_STEP][FAILED] - verifyElementText: Actual text ' ' and expected text 'Arrival date/time shall not be before departure date more than defined.' of test object 'Object Repository/serviceschedule/openschedule/add/alert message' are NOT matched.

2018-04-11 13:24:29 - [MESSAGE][FAILED] - Actual text ' ' and expected text 'Arrival date/time shall not be before departure date more than defined.' of test object 'Object Repository/serviceschedule/openschedule/add/alert message' are NOT matched.

2018-04-11 13:24:29 - [TEST_STEP][PASSED] - Start listener action : sampleAfterTestCase: Taking screenshot successfully

2018-04-11 13:24:29 - [TEST_STEP][PASSED] - comment: Name: /xl/workbook.xml - Content Type: application/vnd.openxmlformats-officedocument.spreadsheetml.sheet.main+xml

2018-04-11 13:24:29 - [TEST_STEP][PASSED] - comment: null

2018-04-11 13:24:29 - [TEST_STEP][PASSED] - comment: 13

2018-04-11 13:24:29 - [TEST_STEP][PASSED] - comment: com.kms.katalon.core.context.internal.InternalTestCaseContext@10bea4

2018-04-11 13:24:29 - [TEST_STEP][PASSED] - Statement - rowIndex = util.exportExcel.createRerportdetail(wb, rowIndex, testCaseContext): Taking screenshot successfully

2018-04-11 13:24:30 - [MESSAGE][PASSED] - Delayed 1 second(s)

2018-04-11 13:24:30 - [MESSAGE][PASSED] - Taking screenshot successfully
[[ATTACHMENT|D:\\Demo\\Katalon-Demo\\Reports\\serviceschdule\\add\\addOpenSchedule\\20180411_132239\\D:/testreport/addOpenSchedule/addOpenSchedule_11042018132242/TEST-ID-16.png]]]]></system-out>
         <system-err><![CDATA[2018-04-11 13:24:23 - [TEST_CASE][FAILED] - Test Cases/serviceschedule/openschedule/add/arrDate_depDate: Test Cases/serviceschedule/openschedule/add/arrDate_depDate FAILED because (of) Unable to click on object 'Object Repository/serviceschedule/openschedule/add/button_Open' (Root cause: org.openqa.selenium.ElementClickInterceptedException: Element <button id="btnOpen" class="btnOpen ui-button ui-corner-all ui-widget" type="button"> is not clickable at point (529.2500152587891,307.8499984741211) because another element <a class="ui-state-default" href="#"> obscures it
Build info: version: '3.7.1', revision: '8a0099a', time: '2017-11-06T21:07:36.161Z'
System info: host: 'PG-ADUL', ip: '172.27.98.17', os.name: 'Windows 10', os.arch: 'amd64', os.version: '10.0', java.version: '1.8.0_102'
Driver info: com.kms.katalon.core.webui.driver.firefox.CGeckoDriver
Capabilities {acceptInsecureCerts: true, browserName: firefox, browserVersion: 58.0.2, javascriptEnabled: true, moz:accessibilityChecks: false, moz:headless: false, moz:processID: 3116, moz:profile: C:\Users\Admin\AppData\Loca..., moz:webdriverClick: true, pageLoadStrategy: normal, platform: XP, platformName: XP, platformVersion: 10.0, proxy: Proxy(direct), rotatable: false, timeouts: {implicit: 0, pageLoad: 300000, script: 30000}}
Session ID: 6b74b4b0-016e-47dd-948c-cd52d25f6ff2)]]></system-err>
      </testcase>
      <testcase name="Test Cases/serviceschedule/openschedule/add/arrDate_depDate" classname="Test Cases/serviceschedule/openschedule/add/arrDate_depDate" status="FAILED">
         <failure type="FAILED" message="Unable to click on object 'Object Repository/serviceschedule/openschedule/add/button_Open' (Root cause: org.openqa.selenium.ElementClickInterceptedException: Element &lt;button id=&quot;btnOpen&quot; class=&quot;btnOpen ui-button ui-corner-all ui-widget&quot; type=&quot;button&quot;> is not clickable at point (529.2500152587891,307.8499984741211) because another element &lt;a class=&quot;ui-state-default&quot; href=&quot;#&quot;> obscures it
Build info: version: '3.7.1', revision: '8a0099a', time: '2017-11-06T21:07:36.161Z'
System info: host: 'PG-ADUL', ip: '172.27.98.17', os.name: 'Windows 10', os.arch: 'amd64', os.version: '10.0', java.version: '1.8.0_102'
Driver info: com.kms.katalon.core.webui.driver.firefox.CGeckoDriver
Capabilities {acceptInsecureCerts: true, browserName: firefox, browserVersion: 58.0.2, javascriptEnabled: true, moz:accessibilityChecks: false, moz:headless: false, moz:processID: 3116, moz:profile: C:\Users\Admin\AppData\Loca..., moz:webdriverClick: true, pageLoadStrategy: normal, platform: XP, platformName: XP, platformVersion: 10.0, proxy: Proxy(direct), rotatable: false, timeouts: {implicit: 0, pageLoad: 300000, script: 30000}}
Session ID: 6b74b4b0-016e-47dd-948c-cd52d25f6ff2)"/>
         <system-out><![CDATA[2018-04-11 13:24:30 - [TEST_CASE][FAILED] - Test Cases/serviceschedule/openschedule/add/arrDate_depDate: Test Cases/serviceschedule/openschedule/add/arrDate_depDate FAILED because (of) Unable to click on object 'Object Repository/serviceschedule/openschedule/add/button_Open' (Root cause: org.openqa.selenium.ElementClickInterceptedException: Element <button id="btnOpen" class="btnOpen ui-button ui-corner-all ui-widget" type="button"> is not clickable at point (529.2500152587891,307.8499984741211) because another element <a class="ui-state-default" href="#"> obscures it
Build info: version: '3.7.1', revision: '8a0099a', time: '2017-11-06T21:07:36.161Z'
System info: host: 'PG-ADUL', ip: '172.27.98.17', os.name: 'Windows 10', os.arch: 'amd64', os.version: '10.0', java.version: '1.8.0_102'
Driver info: com.kms.katalon.core.webui.driver.firefox.CGeckoDriver
Capabilities {acceptInsecureCerts: true, browserName: firefox, browserVersion: 58.0.2, javascriptEnabled: true, moz:accessibilityChecks: false, moz:headless: false, moz:processID: 3116, moz:profile: C:\Users\Admin\AppData\Loca..., moz:webdriverClick: true, pageLoadStrategy: normal, platform: XP, platformName: XP, platformVersion: 10.0, proxy: Proxy(direct), rotatable: false, timeouts: {implicit: 0, pageLoad: 300000, script: 30000}}
Session ID: 6b74b4b0-016e-47dd-948c-cd52d25f6ff2)

2018-04-11 13:24:30 - [TEST_STEP][PASSED] - Start listener action : sampleBeforeTestCase: Invoke 'com.kms.katalon.core.annotation.BeforeTestCase' method: 'CustimeListener.sampleBeforeTestCase(...)' completed.

2018-04-11 13:24:30 - [TEST_STEP][PASSED] - common.serviceschedule.addopenschedule.AddOpenSchedule.gotoPage: common.serviceschedule.addopenschedule.AddOpenSchedule.gotoPage is PASSED

2018-04-11 13:24:31 - [MESSAGE][PASSED] - Navigate to 'http://10.100.70.87:8080/cp_cambodia/jsp/serviceschedule/gotoAddOpenSchedule.action' successfully

2018-04-11 13:24:31 - [MESSAGE][PASSED] - common.serviceschedule.addopenschedule.AddOpenSchedule.gotoPage is PASSED

2018-04-11 13:24:31 - [TEST_STEP][PASSED] - common.serviceschedule.addopenschedule.AddOpenSchedule.setValueToInput: common.serviceschedule.addopenschedule.AddOpenSchedule.setValueToInput is PASSED

2018-04-11 13:24:31 - [MESSAGE][PASSED] - Text 'A123' is set on object 'Object Repository/serviceschedule/openschedule/add/input_openScManual.serviceNumb'

2018-04-11 13:24:31 - [MESSAGE][PASSED] - Object 'Object Repository/serviceschedule/openschedule/add/span_Arrival' is visible

2018-04-11 13:24:31 - [MESSAGE][PASSED] - Object: 'Object Repository/serviceschedule/openschedule/add/span_Arrival' is clicked on

2018-04-11 13:24:31 - [MESSAGE][PASSED] - Object 'Object Repository/serviceschedule/openschedule/add/ul_ArrivalDeparture' is visible

2018-04-11 13:24:33 - [MESSAGE][PASSED] - Delayed 1 second(s)

2018-04-11 13:24:33 - [MESSAGE][PASSED] - Text 'PQQ' is set on object 'Object Repository/serviceschedule/openschedule/add/input_autocompleteDepturePortN'

2018-04-11 13:24:34 - [MESSAGE][PASSED] - Delayed 1 second(s)

2018-04-11 13:24:34 - [MESSAGE][PASSED] - Text 'DMK' is set on object 'Object Repository/serviceschedule/openschedule/add/input_autocompleteArrivalPortN'

2018-04-11 13:24:35 - [MESSAGE][PASSED] - Delayed 1 second(s)

2018-04-11 13:24:35 - [MESSAGE][PASSED] - Keys 'CONTROL + a' sent to object: 'Object Repository/serviceschedule/openschedule/add/input_openScManual_depDate_dd_'

2018-04-11 13:24:35 - [MESSAGE][PASSED] - Keys 'CONTROL + a' sent to object: 'Object Repository/serviceschedule/openschedule/add/input_openScManual_arrDate_dd_'

2018-04-11 13:24:36 - [MESSAGE][PASSED] - Keys 'CONTROL + a' sent to object: 'Object Repository/serviceschedule/openschedule/add/input_openScManual_arrTime_hh_'

2018-04-11 13:24:36 - [MESSAGE][PASSED] - Keys 'CONTROL + a' sent to object: 'Object Repository/serviceschedule/openschedule/add/input_openScManual_depTime_hh_'

2018-04-11 13:24:37 - [MESSAGE][PASSED] - Delayed 1 second(s)

2018-04-11 13:24:37 - [MESSAGE][PASSED] - common.serviceschedule.addopenschedule.AddOpenSchedule.setValueToInput is PASSED

2018-04-11 13:24:37 - [TEST_STEP][FAILED] - click: Unable to click on object 'Object Repository/serviceschedule/openschedule/add/button_Open' (Root cause: org.openqa.selenium.ElementClickInterceptedException: Element <button id="btnOpen" class="btnOpen ui-button ui-corner-all ui-widget" type="button"> is not clickable at point (529.2500152587891,307.8499984741211) because another element <a class="ui-state-default" href="#"> obscures it
Build info: version: '3.7.1', revision: '8a0099a', time: '2017-11-06T21:07:36.161Z'
System info: host: 'PG-ADUL', ip: '172.27.98.17', os.name: 'Windows 10', os.arch: 'amd64', os.version: '10.0', java.version: '1.8.0_102'
Driver info: com.kms.katalon.core.webui.driver.firefox.CGeckoDriver
Capabilities {acceptInsecureCerts: true, browserName: firefox, browserVersion: 58.0.2, javascriptEnabled: true, moz:accessibilityChecks: false, moz:headless: false, moz:processID: 3116, moz:profile: C:\Users\Admin\AppData\Loca..., moz:webdriverClick: true, pageLoadStrategy: normal, platform: XP, platformName: XP, platformVersion: 10.0, proxy: Proxy(direct), rotatable: false, timeouts: {implicit: 0, pageLoad: 300000, script: 30000}}
Session ID: 6b74b4b0-016e-47dd-948c-cd52d25f6ff2)

2018-04-11 13:24:37 - [MESSAGE][FAILED] - Unable to click on object 'Object Repository/serviceschedule/openschedule/add/button_Open' (Root cause: org.openqa.selenium.ElementClickInterceptedException: Element <button id="btnOpen" class="btnOpen ui-button ui-corner-all ui-widget" type="button"> is not clickable at point (529.2500152587891,307.8499984741211) because another element <a class="ui-state-default" href="#"> obscures it
Build info: version: '3.7.1', revision: '8a0099a', time: '2017-11-06T21:07:36.161Z'
System info: host: 'PG-ADUL', ip: '172.27.98.17', os.name: 'Windows 10', os.arch: 'amd64', os.version: '10.0', java.version: '1.8.0_102'
Driver info: com.kms.katalon.core.webui.driver.firefox.CGeckoDriver
Capabilities {acceptInsecureCerts: true, browserName: firefox, browserVersion: 58.0.2, javascriptEnabled: true, moz:accessibilityChecks: false, moz:headless: false, moz:processID: 3116, moz:profile: C:\Users\Admin\AppData\Loca..., moz:webdriverClick: true, pageLoadStrategy: normal, platform: XP, platformName: XP, platformVersion: 10.0, proxy: Proxy(direct), rotatable: false, timeouts: {implicit: 0, pageLoad: 300000, script: 30000}}
Session ID: 6b74b4b0-016e-47dd-948c-cd52d25f6ff2)

2018-04-11 13:24:37 - [TEST_STEP][PASSED] - waitForElementVisible: Object 'Object Repository/serviceschedule/openschedule/add/alert message' is visible

2018-04-11 13:24:37 - [MESSAGE][PASSED] - Object 'Object Repository/serviceschedule/openschedule/add/alert message' is visible

2018-04-11 13:24:37 - [TEST_STEP][FAILED] - verifyElementText: Actual text ' ' and expected text 'Departure date/time out of range.
Arrival date/time out of range.' of test object 'Object Repository/serviceschedule/openschedule/add/alert message' are NOT matched.

2018-04-11 13:24:37 - [MESSAGE][FAILED] - Actual text ' ' and expected text 'Departure date/time out of range.
Arrival date/time out of range.' of test object 'Object Repository/serviceschedule/openschedule/add/alert message' are NOT matched.

2018-04-11 13:24:37 - [TEST_STEP][PASSED] - Start listener action : sampleAfterTestCase: Taking screenshot successfully

2018-04-11 13:24:37 - [TEST_STEP][PASSED] - comment: Name: /xl/workbook.xml - Content Type: application/vnd.openxmlformats-officedocument.spreadsheetml.sheet.main+xml

2018-04-11 13:24:37 - [TEST_STEP][PASSED] - comment: null

2018-04-11 13:24:37 - [TEST_STEP][PASSED] - comment: 14

2018-04-11 13:24:37 - [TEST_STEP][PASSED] - comment: com.kms.katalon.core.context.internal.InternalTestCaseContext@20de05e5

2018-04-11 13:24:37 - [TEST_STEP][PASSED] - Statement - rowIndex = util.exportExcel.createRerportdetail(wb, rowIndex, testCaseContext): Taking screenshot successfully

2018-04-11 13:24:38 - [MESSAGE][PASSED] - Delayed 1 second(s)

2018-04-11 13:24:38 - [MESSAGE][PASSED] - Taking screenshot successfully
[[ATTACHMENT|D:\\Demo\\Katalon-Demo\\Reports\\serviceschdule\\add\\addOpenSchedule\\20180411_132239\\D:/testreport/addOpenSchedule/addOpenSchedule_11042018132242/TEST-ID-17.png]]]]></system-out>
         <system-err><![CDATA[2018-04-11 13:24:30 - [TEST_CASE][FAILED] - Test Cases/serviceschedule/openschedule/add/arrDate_depDate: Test Cases/serviceschedule/openschedule/add/arrDate_depDate FAILED because (of) Unable to click on object 'Object Repository/serviceschedule/openschedule/add/button_Open' (Root cause: org.openqa.selenium.ElementClickInterceptedException: Element <button id="btnOpen" class="btnOpen ui-button ui-corner-all ui-widget" type="button"> is not clickable at point (529.2500152587891,307.8499984741211) because another element <a class="ui-state-default" href="#"> obscures it
Build info: version: '3.7.1', revision: '8a0099a', time: '2017-11-06T21:07:36.161Z'
System info: host: 'PG-ADUL', ip: '172.27.98.17', os.name: 'Windows 10', os.arch: 'amd64', os.version: '10.0', java.version: '1.8.0_102'
Driver info: com.kms.katalon.core.webui.driver.firefox.CGeckoDriver
Capabilities {acceptInsecureCerts: true, browserName: firefox, browserVersion: 58.0.2, javascriptEnabled: true, moz:accessibilityChecks: false, moz:headless: false, moz:processID: 3116, moz:profile: C:\Users\Admin\AppData\Loca..., moz:webdriverClick: true, pageLoadStrategy: normal, platform: XP, platformName: XP, platformVersion: 10.0, proxy: Proxy(direct), rotatable: false, timeouts: {implicit: 0, pageLoad: 300000, script: 30000}}
Session ID: 6b74b4b0-016e-47dd-948c-cd52d25f6ff2)]]></system-err>
      </testcase>
      <testcase name="Test Cases/serviceschedule/openschedule/add/arrDate_depDate" classname="Test Cases/serviceschedule/openschedule/add/arrDate_depDate" status="FAILED">
         <failure type="FAILED" message="Unable to click on object 'Object Repository/serviceschedule/openschedule/add/button_Open' (Root cause: org.openqa.selenium.ElementClickInterceptedException: Element &lt;button id=&quot;btnOpen&quot; class=&quot;btnOpen ui-button ui-corner-all ui-widget&quot; type=&quot;button&quot;> is not clickable at point (529.2500152587891,307.8499984741211) because another element &lt;a class=&quot;ui-state-default&quot; href=&quot;#&quot;> obscures it
Build info: version: '3.7.1', revision: '8a0099a', time: '2017-11-06T21:07:36.161Z'
System info: host: 'PG-ADUL', ip: '172.27.98.17', os.name: 'Windows 10', os.arch: 'amd64', os.version: '10.0', java.version: '1.8.0_102'
Driver info: com.kms.katalon.core.webui.driver.firefox.CGeckoDriver
Capabilities {acceptInsecureCerts: true, browserName: firefox, browserVersion: 58.0.2, javascriptEnabled: true, moz:accessibilityChecks: false, moz:headless: false, moz:processID: 3116, moz:profile: C:\Users\Admin\AppData\Loca..., moz:webdriverClick: true, pageLoadStrategy: normal, platform: XP, platformName: XP, platformVersion: 10.0, proxy: Proxy(direct), rotatable: false, timeouts: {implicit: 0, pageLoad: 300000, script: 30000}}
Session ID: 6b74b4b0-016e-47dd-948c-cd52d25f6ff2)"/>
         <system-out><![CDATA[2018-04-11 13:24:38 - [TEST_CASE][FAILED] - Test Cases/serviceschedule/openschedule/add/arrDate_depDate: Test Cases/serviceschedule/openschedule/add/arrDate_depDate FAILED because (of) Unable to click on object 'Object Repository/serviceschedule/openschedule/add/button_Open' (Root cause: org.openqa.selenium.ElementClickInterceptedException: Element <button id="btnOpen" class="btnOpen ui-button ui-corner-all ui-widget" type="button"> is not clickable at point (529.2500152587891,307.8499984741211) because another element <a class="ui-state-default" href="#"> obscures it
Build info: version: '3.7.1', revision: '8a0099a', time: '2017-11-06T21:07:36.161Z'
System info: host: 'PG-ADUL', ip: '172.27.98.17', os.name: 'Windows 10', os.arch: 'amd64', os.version: '10.0', java.version: '1.8.0_102'
Driver info: com.kms.katalon.core.webui.driver.firefox.CGeckoDriver
Capabilities {acceptInsecureCerts: true, browserName: firefox, browserVersion: 58.0.2, javascriptEnabled: true, moz:accessibilityChecks: false, moz:headless: false, moz:processID: 3116, moz:profile: C:\Users\Admin\AppData\Loca..., moz:webdriverClick: true, pageLoadStrategy: normal, platform: XP, platformName: XP, platformVersion: 10.0, proxy: Proxy(direct), rotatable: false, timeouts: {implicit: 0, pageLoad: 300000, script: 30000}}
Session ID: 6b74b4b0-016e-47dd-948c-cd52d25f6ff2)

2018-04-11 13:24:38 - [TEST_STEP][PASSED] - Start listener action : sampleBeforeTestCase: Invoke 'com.kms.katalon.core.annotation.BeforeTestCase' method: 'CustimeListener.sampleBeforeTestCase(...)' completed.

2018-04-11 13:24:38 - [TEST_STEP][PASSED] - common.serviceschedule.addopenschedule.AddOpenSchedule.gotoPage: common.serviceschedule.addopenschedule.AddOpenSchedule.gotoPage is PASSED

2018-04-11 13:24:41 - [MESSAGE][PASSED] - Navigate to 'http://10.100.70.87:8080/cp_cambodia/jsp/serviceschedule/gotoAddOpenSchedule.action' successfully

2018-04-11 13:24:41 - [MESSAGE][PASSED] - common.serviceschedule.addopenschedule.AddOpenSchedule.gotoPage is PASSED

2018-04-11 13:24:41 - [TEST_STEP][PASSED] - common.serviceschedule.addopenschedule.AddOpenSchedule.setValueToInput: common.serviceschedule.addopenschedule.AddOpenSchedule.setValueToInput is PASSED

2018-04-11 13:24:42 - [MESSAGE][PASSED] - Text 'A123' is set on object 'Object Repository/serviceschedule/openschedule/add/input_openScManual.serviceNumb'

2018-04-11 13:24:42 - [MESSAGE][PASSED] - Object 'Object Repository/serviceschedule/openschedule/add/span_Arrival' is visible

2018-04-11 13:24:42 - [MESSAGE][PASSED] - Object: 'Object Repository/serviceschedule/openschedule/add/span_Arrival' is clicked on

2018-04-11 13:24:42 - [MESSAGE][PASSED] - Object 'Object Repository/serviceschedule/openschedule/add/ul_ArrivalDeparture' is visible

2018-04-11 13:24:43 - [MESSAGE][PASSED] - Delayed 1 second(s)

2018-04-11 13:24:43 - [MESSAGE][PASSED] - Text 'PQQ' is set on object 'Object Repository/serviceschedule/openschedule/add/input_autocompleteDepturePortN'

2018-04-11 13:24:44 - [MESSAGE][PASSED] - Delayed 1 second(s)

2018-04-11 13:24:44 - [MESSAGE][PASSED] - Text 'DMK' is set on object 'Object Repository/serviceschedule/openschedule/add/input_autocompleteArrivalPortN'

2018-04-11 13:24:45 - [MESSAGE][PASSED] - Delayed 1 second(s)

2018-04-11 13:24:46 - [MESSAGE][PASSED] - Keys 'CONTROL + a' sent to object: 'Object Repository/serviceschedule/openschedule/add/input_openScManual_depDate_dd_'

2018-04-11 13:24:46 - [MESSAGE][PASSED] - Keys 'CONTROL + a' sent to object: 'Object Repository/serviceschedule/openschedule/add/input_openScManual_arrDate_dd_'

2018-04-11 13:24:46 - [MESSAGE][PASSED] - Keys 'CONTROL + a' sent to object: 'Object Repository/serviceschedule/openschedule/add/input_openScManual_arrTime_hh_'

2018-04-11 13:24:46 - [MESSAGE][PASSED] - Keys 'CONTROL + a' sent to object: 'Object Repository/serviceschedule/openschedule/add/input_openScManual_depTime_hh_'

2018-04-11 13:24:47 - [MESSAGE][PASSED] - Delayed 1 second(s)

2018-04-11 13:24:47 - [MESSAGE][PASSED] - common.serviceschedule.addopenschedule.AddOpenSchedule.setValueToInput is PASSED

2018-04-11 13:24:47 - [TEST_STEP][FAILED] - click: Unable to click on object 'Object Repository/serviceschedule/openschedule/add/button_Open' (Root cause: org.openqa.selenium.ElementClickInterceptedException: Element <button id="btnOpen" class="btnOpen ui-button ui-corner-all ui-widget" type="button"> is not clickable at point (529.2500152587891,307.8499984741211) because another element <a class="ui-state-default" href="#"> obscures it
Build info: version: '3.7.1', revision: '8a0099a', time: '2017-11-06T21:07:36.161Z'
System info: host: 'PG-ADUL', ip: '172.27.98.17', os.name: 'Windows 10', os.arch: 'amd64', os.version: '10.0', java.version: '1.8.0_102'
Driver info: com.kms.katalon.core.webui.driver.firefox.CGeckoDriver
Capabilities {acceptInsecureCerts: true, browserName: firefox, browserVersion: 58.0.2, javascriptEnabled: true, moz:accessibilityChecks: false, moz:headless: false, moz:processID: 3116, moz:profile: C:\Users\Admin\AppData\Loca..., moz:webdriverClick: true, pageLoadStrategy: normal, platform: XP, platformName: XP, platformVersion: 10.0, proxy: Proxy(direct), rotatable: false, timeouts: {implicit: 0, pageLoad: 300000, script: 30000}}
Session ID: 6b74b4b0-016e-47dd-948c-cd52d25f6ff2)

2018-04-11 13:24:47 - [MESSAGE][FAILED] - Unable to click on object 'Object Repository/serviceschedule/openschedule/add/button_Open' (Root cause: org.openqa.selenium.ElementClickInterceptedException: Element <button id="btnOpen" class="btnOpen ui-button ui-corner-all ui-widget" type="button"> is not clickable at point (529.2500152587891,307.8499984741211) because another element <a class="ui-state-default" href="#"> obscures it
Build info: version: '3.7.1', revision: '8a0099a', time: '2017-11-06T21:07:36.161Z'
System info: host: 'PG-ADUL', ip: '172.27.98.17', os.name: 'Windows 10', os.arch: 'amd64', os.version: '10.0', java.version: '1.8.0_102'
Driver info: com.kms.katalon.core.webui.driver.firefox.CGeckoDriver
Capabilities {acceptInsecureCerts: true, browserName: firefox, browserVersion: 58.0.2, javascriptEnabled: true, moz:accessibilityChecks: false, moz:headless: false, moz:processID: 3116, moz:profile: C:\Users\Admin\AppData\Loca..., moz:webdriverClick: true, pageLoadStrategy: normal, platform: XP, platformName: XP, platformVersion: 10.0, proxy: Proxy(direct), rotatable: false, timeouts: {implicit: 0, pageLoad: 300000, script: 30000}}
Session ID: 6b74b4b0-016e-47dd-948c-cd52d25f6ff2)

2018-04-11 13:24:47 - [TEST_STEP][PASSED] - waitForElementVisible: Object 'Object Repository/serviceschedule/openschedule/add/alert message' is visible

2018-04-11 13:24:47 - [MESSAGE][PASSED] - Object 'Object Repository/serviceschedule/openschedule/add/alert message' is visible

2018-04-11 13:24:47 - [TEST_STEP][FAILED] - verifyElementText: Actual text ' ' and expected text 'Departure date/time out of range.' of test object 'Object Repository/serviceschedule/openschedule/add/alert message' are NOT matched.

2018-04-11 13:24:47 - [MESSAGE][FAILED] - Actual text ' ' and expected text 'Departure date/time out of range.' of test object 'Object Repository/serviceschedule/openschedule/add/alert message' are NOT matched.

2018-04-11 13:24:47 - [TEST_STEP][PASSED] - Start listener action : sampleAfterTestCase: Taking screenshot successfully

2018-04-11 13:24:47 - [TEST_STEP][PASSED] - comment: Name: /xl/workbook.xml - Content Type: application/vnd.openxmlformats-officedocument.spreadsheetml.sheet.main+xml

2018-04-11 13:24:47 - [TEST_STEP][PASSED] - comment: null

2018-04-11 13:24:47 - [TEST_STEP][PASSED] - comment: 15

2018-04-11 13:24:47 - [TEST_STEP][PASSED] - comment: com.kms.katalon.core.context.internal.InternalTestCaseContext@63b3ee82

2018-04-11 13:24:47 - [TEST_STEP][PASSED] - Statement - rowIndex = util.exportExcel.createRerportdetail(wb, rowIndex, testCaseContext): Taking screenshot successfully

2018-04-11 13:24:48 - [MESSAGE][PASSED] - Delayed 1 second(s)

2018-04-11 13:24:48 - [MESSAGE][PASSED] - Taking screenshot successfully
[[ATTACHMENT|D:\\Demo\\Katalon-Demo\\Reports\\serviceschdule\\add\\addOpenSchedule\\20180411_132239\\D:/testreport/addOpenSchedule/addOpenSchedule_11042018132242/TEST-ID-18.png]]]]></system-out>
         <system-err><![CDATA[2018-04-11 13:24:38 - [TEST_CASE][FAILED] - Test Cases/serviceschedule/openschedule/add/arrDate_depDate: Test Cases/serviceschedule/openschedule/add/arrDate_depDate FAILED because (of) Unable to click on object 'Object Repository/serviceschedule/openschedule/add/button_Open' (Root cause: org.openqa.selenium.ElementClickInterceptedException: Element <button id="btnOpen" class="btnOpen ui-button ui-corner-all ui-widget" type="button"> is not clickable at point (529.2500152587891,307.8499984741211) because another element <a class="ui-state-default" href="#"> obscures it
Build info: version: '3.7.1', revision: '8a0099a', time: '2017-11-06T21:07:36.161Z'
System info: host: 'PG-ADUL', ip: '172.27.98.17', os.name: 'Windows 10', os.arch: 'amd64', os.version: '10.0', java.version: '1.8.0_102'
Driver info: com.kms.katalon.core.webui.driver.firefox.CGeckoDriver
Capabilities {acceptInsecureCerts: true, browserName: firefox, browserVersion: 58.0.2, javascriptEnabled: true, moz:accessibilityChecks: false, moz:headless: false, moz:processID: 3116, moz:profile: C:\Users\Admin\AppData\Loca..., moz:webdriverClick: true, pageLoadStrategy: normal, platform: XP, platformName: XP, platformVersion: 10.0, proxy: Proxy(direct), rotatable: false, timeouts: {implicit: 0, pageLoad: 300000, script: 30000}}
Session ID: 6b74b4b0-016e-47dd-948c-cd52d25f6ff2)]]></system-err>
      </testcase>
      <testcase name="Test Cases/serviceschedule/openschedule/add/arrDate_depDate" classname="Test Cases/serviceschedule/openschedule/add/arrDate_depDate" status="FAILED">
         <failure type="FAILED" message="Unable to click on object 'Object Repository/serviceschedule/openschedule/add/button_Open' (Root cause: org.openqa.selenium.ElementClickInterceptedException: Element &lt;button id=&quot;btnOpen&quot; class=&quot;btnOpen ui-button ui-corner-all ui-widget&quot; type=&quot;button&quot;> is not clickable at point (529.2500152587891,307.8499984741211) because another element &lt;a class=&quot;ui-state-default&quot; href=&quot;#&quot;> obscures it
Build info: version: '3.7.1', revision: '8a0099a', time: '2017-11-06T21:07:36.161Z'
System info: host: 'PG-ADUL', ip: '172.27.98.17', os.name: 'Windows 10', os.arch: 'amd64', os.version: '10.0', java.version: '1.8.0_102'
Driver info: com.kms.katalon.core.webui.driver.firefox.CGeckoDriver
Capabilities {acceptInsecureCerts: true, browserName: firefox, browserVersion: 58.0.2, javascriptEnabled: true, moz:accessibilityChecks: false, moz:headless: false, moz:processID: 3116, moz:profile: C:\Users\Admin\AppData\Loca..., moz:webdriverClick: true, pageLoadStrategy: normal, platform: XP, platformName: XP, platformVersion: 10.0, proxy: Proxy(direct), rotatable: false, timeouts: {implicit: 0, pageLoad: 300000, script: 30000}}
Session ID: 6b74b4b0-016e-47dd-948c-cd52d25f6ff2)"/>
         <system-out><![CDATA[2018-04-11 13:24:48 - [TEST_CASE][FAILED] - Test Cases/serviceschedule/openschedule/add/arrDate_depDate: Test Cases/serviceschedule/openschedule/add/arrDate_depDate FAILED because (of) Unable to click on object 'Object Repository/serviceschedule/openschedule/add/button_Open' (Root cause: org.openqa.selenium.ElementClickInterceptedException: Element <button id="btnOpen" class="btnOpen ui-button ui-corner-all ui-widget" type="button"> is not clickable at point (529.2500152587891,307.8499984741211) because another element <a class="ui-state-default" href="#"> obscures it
Build info: version: '3.7.1', revision: '8a0099a', time: '2017-11-06T21:07:36.161Z'
System info: host: 'PG-ADUL', ip: '172.27.98.17', os.name: 'Windows 10', os.arch: 'amd64', os.version: '10.0', java.version: '1.8.0_102'
Driver info: com.kms.katalon.core.webui.driver.firefox.CGeckoDriver
Capabilities {acceptInsecureCerts: true, browserName: firefox, browserVersion: 58.0.2, javascriptEnabled: true, moz:accessibilityChecks: false, moz:headless: false, moz:processID: 3116, moz:profile: C:\Users\Admin\AppData\Loca..., moz:webdriverClick: true, pageLoadStrategy: normal, platform: XP, platformName: XP, platformVersion: 10.0, proxy: Proxy(direct), rotatable: false, timeouts: {implicit: 0, pageLoad: 300000, script: 30000}}
Session ID: 6b74b4b0-016e-47dd-948c-cd52d25f6ff2)

2018-04-11 13:24:48 - [TEST_STEP][PASSED] - Start listener action : sampleBeforeTestCase: Invoke 'com.kms.katalon.core.annotation.BeforeTestCase' method: 'CustimeListener.sampleBeforeTestCase(...)' completed.

2018-04-11 13:24:48 - [TEST_STEP][PASSED] - common.serviceschedule.addopenschedule.AddOpenSchedule.gotoPage: common.serviceschedule.addopenschedule.AddOpenSchedule.gotoPage is PASSED

2018-04-11 13:24:48 - [MESSAGE][PASSED] - Navigate to 'http://10.100.70.87:8080/cp_cambodia/jsp/serviceschedule/gotoAddOpenSchedule.action' successfully

2018-04-11 13:24:48 - [MESSAGE][PASSED] - common.serviceschedule.addopenschedule.AddOpenSchedule.gotoPage is PASSED

2018-04-11 13:24:48 - [TEST_STEP][PASSED] - common.serviceschedule.addopenschedule.AddOpenSchedule.setValueToInput: common.serviceschedule.addopenschedule.AddOpenSchedule.setValueToInput is PASSED

2018-04-11 13:24:49 - [MESSAGE][PASSED] - Text 'A123' is set on object 'Object Repository/serviceschedule/openschedule/add/input_openScManual.serviceNumb'

2018-04-11 13:24:49 - [MESSAGE][PASSED] - Object 'Object Repository/serviceschedule/openschedule/add/span_Arrival' is visible

2018-04-11 13:24:49 - [MESSAGE][PASSED] - Object: 'Object Repository/serviceschedule/openschedule/add/span_Arrival' is clicked on

2018-04-11 13:24:49 - [MESSAGE][PASSED] - Object 'Object Repository/serviceschedule/openschedule/add/ul_ArrivalDeparture' is visible

2018-04-11 13:24:50 - [MESSAGE][PASSED] - Delayed 1 second(s)

2018-04-11 13:24:50 - [MESSAGE][PASSED] - Text 'PQQ' is set on object 'Object Repository/serviceschedule/openschedule/add/input_autocompleteDepturePortN'

2018-04-11 13:24:51 - [MESSAGE][PASSED] - Delayed 1 second(s)

2018-04-11 13:24:51 - [MESSAGE][PASSED] - Text 'DMK' is set on object 'Object Repository/serviceschedule/openschedule/add/input_autocompleteArrivalPortN'

2018-04-11 13:24:52 - [MESSAGE][PASSED] - Delayed 1 second(s)

2018-04-11 13:24:53 - [MESSAGE][PASSED] - Keys 'CONTROL + a' sent to object: 'Object Repository/serviceschedule/openschedule/add/input_openScManual_depDate_dd_'

2018-04-11 13:24:53 - [MESSAGE][PASSED] - Keys 'CONTROL + a' sent to object: 'Object Repository/serviceschedule/openschedule/add/input_openScManual_arrDate_dd_'

2018-04-11 13:24:53 - [MESSAGE][PASSED] - Keys 'CONTROL + a' sent to object: 'Object Repository/serviceschedule/openschedule/add/input_openScManual_arrTime_hh_'

2018-04-11 13:24:53 - [MESSAGE][PASSED] - Keys 'CONTROL + a' sent to object: 'Object Repository/serviceschedule/openschedule/add/input_openScManual_depTime_hh_'

2018-04-11 13:24:54 - [MESSAGE][PASSED] - Delayed 1 second(s)

2018-04-11 13:24:54 - [MESSAGE][PASSED] - common.serviceschedule.addopenschedule.AddOpenSchedule.setValueToInput is PASSED

2018-04-11 13:24:54 - [TEST_STEP][FAILED] - click: Unable to click on object 'Object Repository/serviceschedule/openschedule/add/button_Open' (Root cause: org.openqa.selenium.ElementClickInterceptedException: Element <button id="btnOpen" class="btnOpen ui-button ui-corner-all ui-widget" type="button"> is not clickable at point (529.2500152587891,307.8499984741211) because another element <a class="ui-state-default" href="#"> obscures it
Build info: version: '3.7.1', revision: '8a0099a', time: '2017-11-06T21:07:36.161Z'
System info: host: 'PG-ADUL', ip: '172.27.98.17', os.name: 'Windows 10', os.arch: 'amd64', os.version: '10.0', java.version: '1.8.0_102'
Driver info: com.kms.katalon.core.webui.driver.firefox.CGeckoDriver
Capabilities {acceptInsecureCerts: true, browserName: firefox, browserVersion: 58.0.2, javascriptEnabled: true, moz:accessibilityChecks: false, moz:headless: false, moz:processID: 3116, moz:profile: C:\Users\Admin\AppData\Loca..., moz:webdriverClick: true, pageLoadStrategy: normal, platform: XP, platformName: XP, platformVersion: 10.0, proxy: Proxy(direct), rotatable: false, timeouts: {implicit: 0, pageLoad: 300000, script: 30000}}
Session ID: 6b74b4b0-016e-47dd-948c-cd52d25f6ff2)

2018-04-11 13:24:54 - [MESSAGE][FAILED] - Unable to click on object 'Object Repository/serviceschedule/openschedule/add/button_Open' (Root cause: org.openqa.selenium.ElementClickInterceptedException: Element <button id="btnOpen" class="btnOpen ui-button ui-corner-all ui-widget" type="button"> is not clickable at point (529.2500152587891,307.8499984741211) because another element <a class="ui-state-default" href="#"> obscures it
Build info: version: '3.7.1', revision: '8a0099a', time: '2017-11-06T21:07:36.161Z'
System info: host: 'PG-ADUL', ip: '172.27.98.17', os.name: 'Windows 10', os.arch: 'amd64', os.version: '10.0', java.version: '1.8.0_102'
Driver info: com.kms.katalon.core.webui.driver.firefox.CGeckoDriver
Capabilities {acceptInsecureCerts: true, browserName: firefox, browserVersion: 58.0.2, javascriptEnabled: true, moz:accessibilityChecks: false, moz:headless: false, moz:processID: 3116, moz:profile: C:\Users\Admin\AppData\Loca..., moz:webdriverClick: true, pageLoadStrategy: normal, platform: XP, platformName: XP, platformVersion: 10.0, proxy: Proxy(direct), rotatable: false, timeouts: {implicit: 0, pageLoad: 300000, script: 30000}}
Session ID: 6b74b4b0-016e-47dd-948c-cd52d25f6ff2)

2018-04-11 13:24:54 - [TEST_STEP][PASSED] - waitForElementVisible: Object 'Object Repository/serviceschedule/openschedule/add/alert message' is visible

2018-04-11 13:24:54 - [MESSAGE][PASSED] - Object 'Object Repository/serviceschedule/openschedule/add/alert message' is visible

2018-04-11 13:24:54 - [TEST_STEP][FAILED] - verifyElementText: Actual text ' ' and expected text 'Arrival date/time out of range.' of test object 'Object Repository/serviceschedule/openschedule/add/alert message' are NOT matched.

2018-04-11 13:24:54 - [MESSAGE][FAILED] - Actual text ' ' and expected text 'Arrival date/time out of range.' of test object 'Object Repository/serviceschedule/openschedule/add/alert message' are NOT matched.

2018-04-11 13:24:54 - [TEST_STEP][PASSED] - Start listener action : sampleAfterTestCase: Taking screenshot successfully

2018-04-11 13:24:54 - [TEST_STEP][PASSED] - comment: Name: /xl/workbook.xml - Content Type: application/vnd.openxmlformats-officedocument.spreadsheetml.sheet.main+xml

2018-04-11 13:24:54 - [TEST_STEP][PASSED] - comment: null

2018-04-11 13:24:54 - [TEST_STEP][PASSED] - comment: 16

2018-04-11 13:24:54 - [TEST_STEP][PASSED] - comment: com.kms.katalon.core.context.internal.InternalTestCaseContext@51841ac6

2018-04-11 13:24:54 - [TEST_STEP][PASSED] - Statement - rowIndex = util.exportExcel.createRerportdetail(wb, rowIndex, testCaseContext): Taking screenshot successfully

2018-04-11 13:24:55 - [MESSAGE][PASSED] - Delayed 1 second(s)

2018-04-11 13:24:55 - [MESSAGE][PASSED] - Taking screenshot successfully
[[ATTACHMENT|D:\\Demo\\Katalon-Demo\\Reports\\serviceschdule\\add\\addOpenSchedule\\20180411_132239\\D:/testreport/addOpenSchedule/addOpenSchedule_11042018132242/TEST-ID-19.png]]]]></system-out>
         <system-err><![CDATA[2018-04-11 13:24:48 - [TEST_CASE][FAILED] - Test Cases/serviceschedule/openschedule/add/arrDate_depDate: Test Cases/serviceschedule/openschedule/add/arrDate_depDate FAILED because (of) Unable to click on object 'Object Repository/serviceschedule/openschedule/add/button_Open' (Root cause: org.openqa.selenium.ElementClickInterceptedException: Element <button id="btnOpen" class="btnOpen ui-button ui-corner-all ui-widget" type="button"> is not clickable at point (529.2500152587891,307.8499984741211) because another element <a class="ui-state-default" href="#"> obscures it
Build info: version: '3.7.1', revision: '8a0099a', time: '2017-11-06T21:07:36.161Z'
System info: host: 'PG-ADUL', ip: '172.27.98.17', os.name: 'Windows 10', os.arch: 'amd64', os.version: '10.0', java.version: '1.8.0_102'
Driver info: com.kms.katalon.core.webui.driver.firefox.CGeckoDriver
Capabilities {acceptInsecureCerts: true, browserName: firefox, browserVersion: 58.0.2, javascriptEnabled: true, moz:accessibilityChecks: false, moz:headless: false, moz:processID: 3116, moz:profile: C:\Users\Admin\AppData\Loca..., moz:webdriverClick: true, pageLoadStrategy: normal, platform: XP, platformName: XP, platformVersion: 10.0, proxy: Proxy(direct), rotatable: false, timeouts: {implicit: 0, pageLoad: 300000, script: 30000}}
Session ID: 6b74b4b0-016e-47dd-948c-cd52d25f6ff2)]]></system-err>
      </testcase>
      <testcase name="Test Cases/serviceschedule/openschedule/add/ArrDepPort" classname="Test Cases/serviceschedule/openschedule/add/ArrDepPort" status="PASSED">
         <system-out><![CDATA[2018-04-11 13:24:55 - [TEST_CASE][PASSED] - Test Cases/serviceschedule/openschedule/add/ArrDepPort: Invoke 'com.kms.katalon.core.annotation.AfterTestCase' method: 'CustimeListener.sampleAfterTestCase(...)' completed.

2018-04-11 13:24:55 - [TEST_STEP][PASSED] - Start listener action : sampleBeforeTestCase: Invoke 'com.kms.katalon.core.annotation.BeforeTestCase' method: 'CustimeListener.sampleBeforeTestCase(...)' completed.

2018-04-11 13:24:55 - [TEST_STEP][PASSED] - common.serviceschedule.addopenschedule.AddOpenSchedule.gotoPage: common.serviceschedule.addopenschedule.AddOpenSchedule.gotoPage is PASSED

2018-04-11 13:24:56 - [MESSAGE][PASSED] - Navigate to 'http://10.100.70.87:8080/cp_cambodia/jsp/serviceschedule/gotoAddOpenSchedule.action' successfully

2018-04-11 13:24:56 - [MESSAGE][PASSED] - common.serviceschedule.addopenschedule.AddOpenSchedule.gotoPage is PASSED

2018-04-11 13:24:56 - [TEST_STEP][PASSED] - common.serviceschedule.addopenschedule.AddOpenSchedule.setValueToInput: common.serviceschedule.addopenschedule.AddOpenSchedule.setValueToInput is PASSED

2018-04-11 13:24:56 - [MESSAGE][PASSED] - Text '' is set on object 'Object Repository/serviceschedule/openschedule/add/input_openScManual.serviceNumb'

2018-04-11 13:24:56 - [MESSAGE][PASSED] - Object 'Object Repository/serviceschedule/openschedule/add/span_Arrival' is visible

2018-04-11 13:24:56 - [MESSAGE][PASSED] - Object: 'Object Repository/serviceschedule/openschedule/add/span_Arrival' is clicked on

2018-04-11 13:24:56 - [MESSAGE][PASSED] - Object 'Object Repository/serviceschedule/openschedule/add/ul_ArrivalDeparture' is visible

2018-04-11 13:24:57 - [MESSAGE][PASSED] - Delayed 1 second(s)

2018-04-11 13:24:57 - [MESSAGE][PASSED] - Text 'DMK' is set on object 'Object Repository/serviceschedule/openschedule/add/input_autocompleteDepturePortN'

2018-04-11 13:24:58 - [MESSAGE][PASSED] - Delayed 1 second(s)

2018-04-11 13:24:58 - [MESSAGE][PASSED] - Text '' is set on object 'Object Repository/serviceschedule/openschedule/add/input_autocompleteArrivalPortN'

2018-04-11 13:24:59 - [MESSAGE][PASSED] - Delayed 1 second(s)

2018-04-11 13:25:00 - [MESSAGE][PASSED] - Keys 'CONTROL + a' sent to object: 'Object Repository/serviceschedule/openschedule/add/input_openScManual_depDate_dd_'

2018-04-11 13:25:00 - [MESSAGE][PASSED] - Keys 'CONTROL + a' sent to object: 'Object Repository/serviceschedule/openschedule/add/input_openScManual_arrDate_dd_'

2018-04-11 13:25:00 - [MESSAGE][PASSED] - Keys 'CONTROL + a' sent to object: 'Object Repository/serviceschedule/openschedule/add/input_openScManual_arrTime_hh_'

2018-04-11 13:25:00 - [MESSAGE][PASSED] - Keys 'CONTROL + a' sent to object: 'Object Repository/serviceschedule/openschedule/add/input_openScManual_depTime_hh_'

2018-04-11 13:25:01 - [MESSAGE][PASSED] - Delayed 1 second(s)

2018-04-11 13:25:01 - [MESSAGE][PASSED] - common.serviceschedule.addopenschedule.AddOpenSchedule.setValueToInput is PASSED

2018-04-11 13:25:01 - [TEST_STEP][PASSED] - verifyElementText: Actual text and expected text of test object 'Object Repository/serviceschedule/openschedule/add/input_autocompleteArrivalPortN' are matched.

2018-04-11 13:25:01 - [MESSAGE][PASSED] - Actual text and expected text of test object 'Object Repository/serviceschedule/openschedule/add/input_autocompleteArrivalPortN' are matched.

2018-04-11 13:25:01 - [TEST_STEP][PASSED] - Start listener action : sampleAfterTestCase: Invoke 'com.kms.katalon.core.annotation.AfterTestCase' method: 'CustimeListener.sampleAfterTestCase(...)' completed.

2018-04-11 13:25:01 - [TEST_STEP][PASSED] - comment: Name: /xl/workbook.xml - Content Type: application/vnd.openxmlformats-officedocument.spreadsheetml.sheet.main+xml

2018-04-11 13:25:01 - [TEST_STEP][PASSED] - comment: null

2018-04-11 13:25:01 - [TEST_STEP][PASSED] - comment: 17

2018-04-11 13:25:01 - [TEST_STEP][PASSED] - comment: com.kms.katalon.core.context.internal.InternalTestCaseContext@3414a8c3

2018-04-11 13:25:01 - [TEST_STEP][PASSED] - Statement - rowIndex = util.exportExcel.createRerportdetail(wb, rowIndex, testCaseContext): Invoke 'com.kms.katalon.core.annotation.AfterTestCase' method: 'CustimeListener.sampleAfterTestCase(...)' completed.]]></system-out>
         <system-err><![CDATA[]]></system-err>
      </testcase>
      <testcase name="Test Cases/serviceschedule/openschedule/add/ArrDepPort" classname="Test Cases/serviceschedule/openschedule/add/ArrDepPort" status="PASSED">
         <system-out><![CDATA[2018-04-11 13:25:01 - [TEST_CASE][PASSED] - Test Cases/serviceschedule/openschedule/add/ArrDepPort: Invoke 'com.kms.katalon.core.annotation.AfterTestCase' method: 'CustimeListener.sampleAfterTestCase(...)' completed.

2018-04-11 13:25:01 - [TEST_STEP][PASSED] - Start listener action : sampleBeforeTestCase: Invoke 'com.kms.katalon.core.annotation.BeforeTestCase' method: 'CustimeListener.sampleBeforeTestCase(...)' completed.

2018-04-11 13:25:01 - [TEST_STEP][PASSED] - common.serviceschedule.addopenschedule.AddOpenSchedule.gotoPage: common.serviceschedule.addopenschedule.AddOpenSchedule.gotoPage is PASSED

2018-04-11 13:25:01 - [MESSAGE][PASSED] - Navigate to 'http://10.100.70.87:8080/cp_cambodia/jsp/serviceschedule/gotoAddOpenSchedule.action' successfully

2018-04-11 13:25:01 - [MESSAGE][PASSED] - common.serviceschedule.addopenschedule.AddOpenSchedule.gotoPage is PASSED

2018-04-11 13:25:01 - [TEST_STEP][PASSED] - common.serviceschedule.addopenschedule.AddOpenSchedule.setValueToInput: common.serviceschedule.addopenschedule.AddOpenSchedule.setValueToInput is PASSED

2018-04-11 13:25:01 - [MESSAGE][PASSED] - Text '' is set on object 'Object Repository/serviceschedule/openschedule/add/input_openScManual.serviceNumb'

2018-04-11 13:25:01 - [MESSAGE][PASSED] - Object 'Object Repository/serviceschedule/openschedule/add/span_Arrival' is visible

2018-04-11 13:25:02 - [MESSAGE][PASSED] - Object: 'Object Repository/serviceschedule/openschedule/add/span_Arrival' is clicked on

2018-04-11 13:25:02 - [MESSAGE][PASSED] - Object 'Object Repository/serviceschedule/openschedule/add/ul_ArrivalDeparture' is visible

2018-04-11 13:25:03 - [MESSAGE][PASSED] - Delayed 1 second(s)

2018-04-11 13:25:03 - [MESSAGE][PASSED] - Text '' is set on object 'Object Repository/serviceschedule/openschedule/add/input_autocompleteDepturePortN'

2018-04-11 13:25:04 - [MESSAGE][PASSED] - Delayed 1 second(s)

2018-04-11 13:25:04 - [MESSAGE][PASSED] - Text 'Dmk' is set on object 'Object Repository/serviceschedule/openschedule/add/input_autocompleteArrivalPortN'

2018-04-11 13:25:05 - [MESSAGE][PASSED] - Delayed 1 second(s)

2018-04-11 13:25:05 - [MESSAGE][PASSED] - Keys 'CONTROL + a' sent to object: 'Object Repository/serviceschedule/openschedule/add/input_openScManual_depDate_dd_'

2018-04-11 13:25:05 - [MESSAGE][PASSED] - Keys 'CONTROL + a' sent to object: 'Object Repository/serviceschedule/openschedule/add/input_openScManual_arrDate_dd_'

2018-04-11 13:25:05 - [MESSAGE][PASSED] - Keys 'CONTROL + a' sent to object: 'Object Repository/serviceschedule/openschedule/add/input_openScManual_arrTime_hh_'

2018-04-11 13:25:05 - [MESSAGE][PASSED] - Keys 'CONTROL + a' sent to object: 'Object Repository/serviceschedule/openschedule/add/input_openScManual_depTime_hh_'

2018-04-11 13:25:06 - [MESSAGE][PASSED] - Delayed 1 second(s)

2018-04-11 13:25:06 - [MESSAGE][PASSED] - common.serviceschedule.addopenschedule.AddOpenSchedule.setValueToInput is PASSED

2018-04-11 13:25:06 - [TEST_STEP][PASSED] - verifyElementText: Actual text and expected text of test object 'Object Repository/serviceschedule/openschedule/add/input_autocompleteArrivalPortN' are matched.

2018-04-11 13:25:06 - [MESSAGE][PASSED] - Actual text and expected text of test object 'Object Repository/serviceschedule/openschedule/add/input_autocompleteArrivalPortN' are matched.

2018-04-11 13:25:06 - [TEST_STEP][PASSED] - Start listener action : sampleAfterTestCase: Invoke 'com.kms.katalon.core.annotation.AfterTestCase' method: 'CustimeListener.sampleAfterTestCase(...)' completed.

2018-04-11 13:25:06 - [TEST_STEP][PASSED] - comment: Name: /xl/workbook.xml - Content Type: application/vnd.openxmlformats-officedocument.spreadsheetml.sheet.main+xml

2018-04-11 13:25:06 - [TEST_STEP][PASSED] - comment: null

2018-04-11 13:25:06 - [TEST_STEP][PASSED] - comment: 18

2018-04-11 13:25:06 - [TEST_STEP][PASSED] - comment: com.kms.katalon.core.context.internal.InternalTestCaseContext@fcc6023

2018-04-11 13:25:06 - [TEST_STEP][PASSED] - Statement - rowIndex = util.exportExcel.createRerportdetail(wb, rowIndex, testCaseContext): Invoke 'com.kms.katalon.core.annotation.AfterTestCase' method: 'CustimeListener.sampleAfterTestCase(...)' completed.]]></system-out>
         <system-err><![CDATA[]]></system-err>
      </testcase>
      <system-out><![CDATA[2018-04-11 13:22:41 - [TEST_SUITE][FAILED] - addOpenSchedule: Test Cases/serviceschedule/openschedule/add/FlightNumberFormatFail FAILED because (of) Unable to click on object 'Object Repository/serviceschedule/openschedule/add/button_Open' (Root cause: org.openqa.selenium.ElementClickInterceptedException: Element <button id="btnOpen" class="btnOpen ui-button ui-corner-all ui-widget" type="button"> is not clickable at point (529.2500152587891,307.8499984741211) because another element <a class="ui-state-default" href="#"> obscures it
Build info: version: '3.7.1', revision: '8a0099a', time: '2017-11-06T21:07:36.161Z'
System info: host: 'PG-ADUL', ip: '172.27.98.17', os.name: 'Windows 10', os.arch: 'amd64', os.version: '10.0', java.version: '1.8.0_102'
Driver info: com.kms.katalon.core.webui.driver.firefox.CGeckoDriver
Capabilities {acceptInsecureCerts: true, browserName: firefox, browserVersion: 58.0.2, javascriptEnabled: true, moz:accessibilityChecks: false, moz:headless: false, moz:processID: 3116, moz:profile: C:\Users\Admin\AppData\Loca..., moz:webdriverClick: true, pageLoadStrategy: normal, platform: XP, platformName: XP, platformVersion: 10.0, proxy: Proxy(direct), rotatable: false, timeouts: {implicit: 0, pageLoad: 300000, script: 30000}}
Session ID: 6b74b4b0-016e-47dd-948c-cd52d25f6ff2)]]></system-out>
      <system-err><![CDATA[2018-04-11 13:22:41 - [TEST_SUITE][FAILED] - addOpenSchedule: Test Cases/serviceschedule/openschedule/add/FlightNumberFormatFail FAILED because (of) Unable to click on object 'Object Repository/serviceschedule/openschedule/add/button_Open' (Root cause: org.openqa.selenium.ElementClickInterceptedException: Element <button id="btnOpen" class="btnOpen ui-button ui-corner-all ui-widget" type="button"> is not clickable at point (529.2500152587891,307.8499984741211) because another element <a class="ui-state-default" href="#"> obscures it
Build info: version: '3.7.1', revision: '8a0099a', time: '2017-11-06T21:07:36.161Z'
System info: host: 'PG-ADUL', ip: '172.27.98.17', os.name: 'Windows 10', os.arch: 'amd64', os.version: '10.0', java.version: '1.8.0_102'
Driver info: com.kms.katalon.core.webui.driver.firefox.CGeckoDriver
Capabilities {acceptInsecureCerts: true, browserName: firefox, browserVersion: 58.0.2, javascriptEnabled: true, moz:accessibilityChecks: false, moz:headless: false, moz:processID: 3116, moz:profile: C:\Users\Admin\AppData\Loca..., moz:webdriverClick: true, pageLoadStrategy: normal, platform: XP, platformName: XP, platformVersion: 10.0, proxy: Proxy(direct), rotatable: false, timeouts: {implicit: 0, pageLoad: 300000, script: 30000}}
Session ID: 6b74b4b0-016e-47dd-948c-cd52d25f6ff2)]]></system-err>
   </testsuite>
</testsuites>
